#
# There is insufficient memory for the Java Runtime Environment to continue.
# Native memory allocation (malloc) failed to allocate 1810736 bytes for Chunk::new
# Possible reasons:
#   The system is out of physical RAM or swap space
#   The process is running with CompressedOops enabled, and the Java Heap may be blocking the growth of the native heap
# Possible solutions:
#   Reduce memory load on the system
#   Increase physical memory or swap space
#   Check if swap backing store is full
#   Decrease Java heap size (-Xmx/-Xms)
#   Decrease number of Java threads
#   Decrease Java thread stack sizes (-Xss)
#   Set larger code cache with -XX:ReservedCodeCacheSize=
#   JVM is running with Unscaled Compressed Oops mode in which the Java heap is
#     placed in the first 4GB address space. The Java Heap base address is the
#     maximum limit for the native heap growth. Please use -XX:HeapBaseMinAddress
#     to set the Java Heap base and to place the Java Heap above 4GB virtual address.
# This output file may be truncated or incomplete.
#
#  Out of Memory Error (arena.cpp:189), pid=30928, tid=28524
#
# JRE version: Java(TM) SE Runtime Environment (17.0.5+9) (build 17.0.5+9-LTS-191)
# Java VM: Java HotSpot(TM) 64-Bit Server VM (17.0.5+9-LTS-191, mixed mode, sharing, tiered, compressed oops, compressed class ptrs, parallel gc, windows-amd64)
# No core dump will be written. Minidumps are not enabled by default on client versions of Windows
#

---------------  S U M M A R Y ------------

Command Line: --add-modules=ALL-SYSTEM --add-opens=java.base/java.util=ALL-UNNAMED --add-opens=java.base/java.lang=ALL-UNNAMED --add-opens=java.base/sun.nio.fs=ALL-UNNAMED -Declipse.application=org.eclipse.jdt.ls.core.id1 -Dosgi.bundles.defaultStartLevel=4 -Declipse.product=org.eclipse.jdt.ls.core.product -Djava.import.generatesMetadataFilesAtProjectRoot=false -Dfile.encoding=utf8 -XX:+UseParallelGC -XX:GCTimeRatio=4 -XX:AdaptiveSizePolicyWeight=90 -Dsun.zip.disableMemoryMapping=true -Xmx1G -Xms100m -Xlog:disable -javaagent:c:\Users\tomok\.vscode\extensions\redhat.java-1.12.0-win32-x64\lombok\lombok-1.18.24.jar -XX:+HeapDumpOnOutOfMemoryError -XX:HeapDumpPath=c:\Users\tomok\AppData\Roaming\Code\User\workspaceStorage\4dffa79ef8fdc86acc30123db513b158\redhat.java c:\Users\tomok\.vscode\extensions\redhat.java-1.12.0-win32-x64\server\plugins\org.eclipse.equinox.launcher_1.6.400.v20210924-0641.jar -configuration c:\Users\tomok\AppData\Roaming\Code\User\globalStorage\redhat.java\1.12.0\config_win -data c:\Users\tomok\AppData\Roaming\Code\User\workspaceStorage\4dffa79ef8fdc86acc30123db513b158\redhat.java\jdt_ws

Host: Intel(R) Core(TM) i7-9700K CPU @ 3.60GHz, 8 cores, 31G,  Windows 11 , 64 bit Build 22621 (10.0.22621.891)
Time: Tue Nov 22 12:58:41 2022  Windows 11 , 64 bit Build 22621 (10.0.22621.891) elapsed time: 1187.970010 seconds (0d 0h 19m 47s)

---------------  T H R E A D  ---------------

Current thread (0x00000148fc2170c0):  JavaThread "C2 CompilerThread0" daemon [_thread_in_native, id=28524, stack(0x0000000470600000,0x0000000470700000)]


Current CompileTask:
C2:1187970 16421 % !   4       org.eclipse.jdt.internal.core.NameLookup::<init> @ 373 (845 bytes)

Stack: [0x0000000470600000,0x0000000470700000]
Native frames: (J=compiled Java code, j=interpreted, Vv=VM code, C=native code)
V  [jvm.dll+0x672eea]
V  [jvm.dll+0x7d2a04]
V  [jvm.dll+0x7d41ae]
V  [jvm.dll+0x7d4813]
V  [jvm.dll+0x242c15]
V  [jvm.dll+0xaa57b]
V  [jvm.dll+0xaab0c]
V  [jvm.dll+0x35ff42]
V  [jvm.dll+0x32a631]
V  [jvm.dll+0x329ada]
V  [jvm.dll+0x215cc1]
V  [jvm.dll+0x2150e1]
V  [jvm.dll+0x1a18ed]
V  [jvm.dll+0x22493a]
V  [jvm.dll+0x222aa5]
V  [jvm.dll+0x7885db]
V  [jvm.dll+0x782b4a]
V  [jvm.dll+0x671d75]
C  [ucrtbase.dll+0x29363]
C  [KERNEL32.DLL+0x1244d]
C  [ntdll.dll+0x5dfb8]


---------------  P R O C E S S  ---------------

Threads class SMR info:
_java_thread_list=0x000001489c2bc150, length=38, elements={
0x00000148f9f74a80, 0x00000148fc1f2c70, 0x00000148fc1f5ee0, 0x00000148fc2126b0,
0x00000148fc215080, 0x00000148fc215a30, 0x00000148fc2163e0, 0x00000148fc2170c0,
0x00000148fc23ea90, 0x00000148fe843c10, 0x00000148fa031b90, 0x00000148feaa9a20,
0x00000148ff201130, 0x0000014896b4f6a0, 0x0000014896883f10, 0x0000014896a10c60,
0x0000014896b97680, 0x0000014896d1af60, 0x0000014896d1c770, 0x0000014896d1a5c0,
0x0000014896d1aa90, 0x0000014896d1b430, 0x0000014896e7afd0, 0x0000014896e79c90,
0x0000014896e7e4c0, 0x0000014896e7b4a0, 0x0000014896e7a160, 0x0000014896e7a630,
0x0000014896e7e990, 0x0000014896e7b970, 0x0000014896e7be40, 0x0000014896d1b900,
0x0000014896d1cc40, 0x0000014896d1bdd0, 0x000001489a4eb690, 0x000001489a4ec030,
0x000001489a4e8670, 0x000001489a4ea820
}

Java Threads: ( => current thread )
  0x00000148f9f74a80 JavaThread "main" [_thread_blocked, id=14736, stack(0x000000046fd00000,0x000000046fe00000)]
  0x00000148fc1f2c70 JavaThread "Reference Handler" daemon [_thread_blocked, id=17436, stack(0x0000000470000000,0x0000000470100000)]
  0x00000148fc1f5ee0 JavaThread "Finalizer" daemon [_thread_blocked, id=4416, stack(0x0000000470100000,0x0000000470200000)]
  0x00000148fc2126b0 JavaThread "Signal Dispatcher" daemon [_thread_blocked, id=17924, stack(0x0000000470200000,0x0000000470300000)]
  0x00000148fc215080 JavaThread "Attach Listener" daemon [_thread_blocked, id=6648, stack(0x0000000470300000,0x0000000470400000)]
  0x00000148fc215a30 JavaThread "Service Thread" daemon [_thread_blocked, id=15956, stack(0x0000000470400000,0x0000000470500000)]
  0x00000148fc2163e0 JavaThread "Monitor Deflation Thread" daemon [_thread_blocked, id=9408, stack(0x0000000470500000,0x0000000470600000)]
=>0x00000148fc2170c0 JavaThread "C2 CompilerThread0" daemon [_thread_in_native, id=28524, stack(0x0000000470600000,0x0000000470700000)]
  0x00000148fc23ea90 JavaThread "C1 CompilerThread0" daemon [_thread_blocked, id=13248, stack(0x0000000470700000,0x0000000470800000)]
  0x00000148fe843c10 JavaThread "Sweeper thread" daemon [_thread_blocked, id=25556, stack(0x0000000470800000,0x0000000470900000)]
  0x00000148fa031b90 JavaThread "Common-Cleaner" daemon [_thread_blocked, id=22664, stack(0x0000000470900000,0x0000000470a00000)]
  0x00000148feaa9a20 JavaThread "Notification Thread" daemon [_thread_blocked, id=27132, stack(0x0000000470a00000,0x0000000470b00000)]
  0x00000148ff201130 JavaThread "Active Thread: Equinox Container: 71acd8ec-61a4-4c77-96f3-3998259234b3" [_thread_blocked, id=33072, stack(0x0000000471400000,0x0000000471500000)]
  0x0000014896b4f6a0 JavaThread "Framework Event Dispatcher: Equinox Container: 71acd8ec-61a4-4c77-96f3-3998259234b3" daemon [_thread_blocked, id=17340, stack(0x0000000471500000,0x0000000471600000)]
  0x0000014896883f10 JavaThread "Start Level: Equinox Container: 71acd8ec-61a4-4c77-96f3-3998259234b3" daemon [_thread_blocked, id=14844, stack(0x0000000471600000,0x0000000471700000)]
  0x0000014896a10c60 JavaThread "SCR Component Actor" daemon [_thread_blocked, id=36224, stack(0x0000000471700000,0x0000000471800000)]
  0x0000014896b97680 JavaThread "Worker-JM" [_thread_blocked, id=21012, stack(0x0000000471800000,0x0000000471900000)]
  0x0000014896d1af60 JavaThread "Worker-1" [_thread_blocked, id=14592, stack(0x0000000471b00000,0x0000000471c00000)]
  0x0000014896d1c770 JavaThread "Java indexing" daemon [_thread_blocked, id=38396, stack(0x0000000471d00000,0x0000000471e00000)]
  0x0000014896d1a5c0 JavaThread "JNA Cleaner" daemon [_thread_blocked, id=22360, stack(0x0000000472000000,0x0000000472100000)]
  0x0000014896d1aa90 JavaThread "pool-2-thread-1" [_thread_blocked, id=9708, stack(0x0000000472100000,0x0000000472200000)]
  0x0000014896d1b430 JavaThread "pool-1-thread-1" [_thread_in_native, id=23036, stack(0x0000000472200000,0x0000000472300000)]
  0x0000014896e7afd0 JavaThread "Bundle File Closer" daemon [_thread_blocked, id=4520, stack(0x0000000472900000,0x0000000472a00000)]
  0x0000014896e79c90 JavaThread "Worker-7" [_thread_blocked, id=27796, stack(0x000000046fc00000,0x000000046fd00000)]
  0x0000014896e7e4c0 JavaThread "ForkJoinPool.commonPool-worker-8" daemon [_thread_blocked, id=31416, stack(0x000000046fb00000,0x000000046fc00000)]
  0x0000014896e7b4a0 JavaThread "ForkJoinPool.commonPool-worker-9" daemon [_thread_blocked, id=27540, stack(0x0000000470d00000,0x0000000470e00000)]
  0x0000014896e7a160 JavaThread "ForkJoinPool.commonPool-worker-10" daemon [_thread_blocked, id=15828, stack(0x0000000471900000,0x0000000471a00000)]
  0x0000014896e7a630 JavaThread "ForkJoinPool.commonPool-worker-11" daemon [_thread_blocked, id=3716, stack(0x0000000471a00000,0x0000000471b00000)]
  0x0000014896e7e990 JavaThread "ForkJoinPool.commonPool-worker-12" daemon [_thread_blocked, id=35576, stack(0x0000000471c00000,0x0000000471d00000)]
  0x0000014896e7b970 JavaThread "ForkJoinPool.commonPool-worker-13" daemon [_thread_blocked, id=30072, stack(0x0000000471e00000,0x0000000471f00000)]
  0x0000014896e7be40 JavaThread "ForkJoinPool.commonPool-worker-14" daemon [_thread_blocked, id=34708, stack(0x0000000471f00000,0x0000000472000000)]
  0x0000014896d1b900 JavaThread "Worker-8" [_thread_blocked, id=37304, stack(0x0000000472300000,0x0000000472400000)]
  0x0000014896d1cc40 JavaThread "Worker-9" [_thread_blocked, id=36684, stack(0x0000000472400000,0x0000000472500000)]
  0x0000014896d1bdd0 JavaThread "Worker-10" [_thread_blocked, id=37880, stack(0x0000000472500000,0x0000000472600000)]
  0x000001489a4eb690 JavaThread "Worker-11" [_thread_blocked, id=22340, stack(0x0000000472700000,0x0000000472800000)]
  0x000001489a4ec030 JavaThread "Worker-12" [_thread_blocked, id=8764, stack(0x0000000472800000,0x0000000472900000)]
  0x000001489a4e8670 JavaThread "Worker-13" [_thread_blocked, id=32476, stack(0x0000000472600000,0x0000000472700000)]
  0x000001489a4ea820 JavaThread "pool-1-thread-6" [_thread_blocked, id=3180, stack(0x0000000472a00000,0x0000000472b00000)]

Other Threads:
  0x00000148fc1efb30 VMThread "VM Thread" [stack: 0x000000046ff00000,0x0000000470000000] [id=14952]
  0x00000148fea50230 WatcherThread [stack: 0x0000000470b00000,0x0000000470c00000] [id=23440]
  0x00000148f9f8a510 GCTaskThread "GC Thread#0" [stack: 0x000000046fe00000,0x000000046ff00000] [id=36844]
  0x00000148ff2f6360 GCTaskThread "GC Thread#1" [stack: 0x0000000470e00000,0x0000000470f00000] [id=24912]
  0x00000148ff2f6a20 GCTaskThread "GC Thread#2" [stack: 0x0000000470f00000,0x0000000471000000] [id=2192]
  0x00000148ff2f6cd0 GCTaskThread "GC Thread#3" [stack: 0x0000000471000000,0x0000000471100000] [id=26052]
  0x00000148ff2f6f80 GCTaskThread "GC Thread#4" [stack: 0x0000000471100000,0x0000000471200000] [id=14180]
  0x00000148ff2f7230 GCTaskThread "GC Thread#5" [stack: 0x0000000471200000,0x0000000471300000] [id=19792]
  0x00000148ff2f74e0 GCTaskThread "GC Thread#6" [stack: 0x0000000471300000,0x0000000471400000] [id=6896]
  0x00000148ff025d00 GCTaskThread "GC Thread#7" [stack: 0x0000000470c00000,0x0000000470d00000] [id=32064]

Threads with active compile tasks:
C2 CompilerThread0  1187987 16421 % !   4       org.eclipse.jdt.internal.core.NameLookup::<init> @ 373 (845 bytes)

VM state: not at safepoint (normal execution)

VM Mutex/Monitor currently owned by a thread: None

Heap address: 0x00000000c0000000, size: 1024 MB, Compressed Oops mode: 32-bit

CDS archive(s) mapped at: [0x0000000800000000-0x0000000800bd0000-0x0000000800bd0000), size 12386304, SharedBaseAddress: 0x0000000800000000, ArchiveRelocationMode: 0.
Compressed class space mapped at: 0x0000000800c00000-0x0000000840c00000, reserved size: 1073741824
Narrow klass base: 0x0000000800000000, Narrow klass shift: 0, Narrow klass range: 0x100000000

GC Precious Log:
 CPUs: 8 total, 8 available
 Memory: 32709M
 Large Page Support: Disabled
 NUMA Support: Disabled
 Compressed Oops: Enabled (32-bit)
 Alignments: Space 512K, Generation 512K, Heap 2M
 Heap Min Capacity: 100M
 Heap Initial Capacity: 100M
 Heap Max Capacity: 1G
 Pre-touch: Disabled
 Parallel Workers: 8

Heap:
 PSYoungGen      total 3584K, used 1249K [0x00000000eab00000, 0x00000000eb000000, 0x0000000100000000)
  eden space 3072K, 24% used [0x00000000eab00000,0x00000000eabbc478,0x00000000eae00000)
  from space 512K, 96% used [0x00000000eaf80000,0x00000000eaffc010,0x00000000eb000000)
  to   space 1024K, 0% used [0x00000000eae00000,0x00000000eae00000,0x00000000eaf00000)
 ParOldGen       total 157696K, used 112219K [0x00000000c0000000, 0x00000000c9a00000, 0x00000000eab00000)
  object space 157696K, 71% used [0x00000000c0000000,0x00000000c6d96d78,0x00000000c9a00000)
 Metaspace       used 68931K, committed 70016K, reserved 1114112K
  class space    used 6770K, committed 7232K, reserved 1048576K

Card table byte_map: [0x00000148f9950000,0x00000148f9b60000] _byte_map_base: 0x00000148f9350000

Marking Bits: (ParMarkBitMap*) 0x00007ffe59195550
 Begin Bits: [0x00000148fa040000, 0x00000148fb040000)
 End Bits:   [0x00000148fb040000, 0x00000148fc040000)

Polling page: 0x00000148f9740000

Metaspace:

Usage:
  Non-class:     60.70 MB used.
      Class:      6.61 MB used.
       Both:     67.32 MB used.

Virtual space:
  Non-class space:       64.00 MB reserved,      61.31 MB ( 96%) committed,  8 nodes.
      Class space:        1.00 GB reserved,       7.06 MB ( <1%) committed,  1 nodes.
             Both:        1.06 GB reserved,      68.38 MB (  6%) committed. 

Chunk freelists:
   Non-Class:  2.33 MB
       Class:  928.00 KB
        Both:  3.23 MB

MaxMetaspaceSize: unlimited
CompressedClassSpaceSize: 1.00 GB
Initial GC threshold: 21.00 MB
Current GC threshold: 113.44 MB
CDS: on
MetaspaceReclaimPolicy: balanced
 - commit_granule_bytes: 65536.
 - commit_granule_words: 8192.
 - virtual_space_node_default_size: 1048576.
 - enlarge_chunks_in_place: 1.
 - new_chunks_are_fully_committed: 0.
 - uncommit_free_chunks: 1.
 - use_allocation_guard: 0.
 - handle_deallocations: 1.


Internal statistics:

num_allocs_failed_limit: 6.
num_arena_births: 552.
num_arena_deaths: 76.
num_vsnodes_births: 9.
num_vsnodes_deaths: 0.
num_space_committed: 1094.
num_space_uncommitted: 0.
num_chunks_returned_to_freelist: 90.
num_chunks_taken_from_freelist: 3580.
num_chunk_merges: 26.
num_chunk_splits: 2301.
num_chunks_enlarged: 1481.
num_purges: 6.
num_inconsistent_stats: 0.

CodeHeap 'non-profiled nmethods': size=120000Kb used=12997Kb max_used=13701Kb free=107002Kb
 bounds [0x000001488f270000, 0x000001488ffe0000, 0x00000148967a0000]
CodeHeap 'profiled nmethods': size=120000Kb used=27884Kb max_used=28092Kb free=92115Kb
 bounds [0x0000014887d40000, 0x0000014889900000, 0x000001488f270000]
CodeHeap 'non-nmethods': size=5760Kb used=1387Kb max_used=1550Kb free=4372Kb
 bounds [0x00000148877a0000, 0x0000014887a10000, 0x0000014887d40000]
 total_blobs=13192 nmethods=12460 adapters=644
 compilation: enabled
              stopped_count=0, restarted_count=0
 full_count=0

Compilation events (20 events):
Event: 1187.722 Thread 0x00000148fc2170c0 nmethod 16411 0x000001488fddb410 code [0x000001488fddb580, 0x000001488fddb638]
Event: 1187.723 Thread 0x00000148fc2170c0 16412       4       org.eclipse.jdt.internal.compiler.ast.FieldReference::analyseAssignment (411 bytes)
Event: 1187.723 Thread 0x00000148fc23ea90 16413       3       org.eclipse.jdt.internal.compiler.ast.FieldReference::analyseCode (157 bytes)
Event: 1187.724 Thread 0x00000148fc23ea90 nmethod 16413 0x000001488903f590 code [0x000001488903f820, 0x00000148890405d8]
Event: 1187.729 Thread 0x00000148fc23ea90 16415       3       org.eclipse.jdt.apt.core.internal.AptCompilationParticipant::isActive (5 bytes)
Event: 1187.729 Thread 0x00000148fc23ea90 nmethod 16415 0x000001488966ab90 code [0x000001488966ad60, 0x000001488966afc8]
Event: 1187.732 Thread 0x00000148fc23ea90 16417       3       org.eclipse.jdt.ls.core.internal.handlers.BaseDiagnosticsHandler::convertSeverity (42 bytes)
Event: 1187.732 Thread 0x00000148fc23ea90 nmethod 16417 0x0000014888891290 code [0x0000014888891460, 0x0000014888891a58]
Event: 1187.732 Thread 0x00000148fc23ea90 16418   !   3       org.eclipse.jdt.ls.core.internal.handlers.BaseDiagnosticsHandler::convertRange (206 bytes)
Event: 1187.733 Thread 0x00000148fc23ea90 nmethod 16418 0x000001488914e910 code [0x000001488914ec40, 0x00000148891502e8]
Event: 1187.733 Thread 0x00000148fc23ea90 16419       3       org.eclipse.lsp4j.Diagnostic::setRange (14 bytes)
Event: 1187.733 Thread 0x00000148fc23ea90 nmethod 16419 0x0000014888e2d310 code [0x0000014888e2d4c0, 0x0000014888e2d728]
Event: 1187.733 Thread 0x00000148fc23ea90 16420       3       org.eclipse.jdt.ls.core.internal.handlers.BaseDiagnosticsHandler::getDiagnosticTag (458 bytes)
Event: 1187.733 Thread 0x00000148fc23ea90 nmethod 16420 0x0000014888b99810 code [0x0000014888b99a40, 0x0000014888b9ac18]
Event: 1187.735 Thread 0x00000148fc23ea90 16422   !   3       org.eclipse.jdt.internal.compiler.lookup.SourceTypeBinding::resolveTypeFor (767 bytes)
Event: 1187.737 Thread 0x00000148fc23ea90 nmethod 16422 0x0000014888f48890 code [0x0000014888f48da0, 0x0000014888f4c588]
Event: 1187.737 Thread 0x00000148fc23ea90 16423       3       org.eclipse.jdt.internal.compiler.ClassFile::resizeContents (36 bytes)
Event: 1187.737 Thread 0x00000148fc23ea90 nmethod 16423 0x0000014888c02890 code [0x0000014888c02a40, 0x0000014888c02ce8]
Event: 1187.740 Thread 0x00000148fc2170c0 nmethod 16412 0x000001488f645390 code [0x000001488f645680, 0x000001488f646528]
Event: 1187.740 Thread 0x00000148fc2170c0 16421 % !   4       org.eclipse.jdt.internal.core.NameLookup::<init> @ 373 (845 bytes)

GC Heap History (20 events):
Event: 1185.543 GC heap before
{Heap before GC invocations=1731 (full 25):
 PSYoungGen      total 3584K, used 3584K [0x00000000eab00000, 0x00000000eb100000, 0x0000000100000000)
  eden space 3072K, 100% used [0x00000000eab00000,0x00000000eae00000,0x00000000eae00000)
  from space 512K, 100% used [0x00000000eb080000,0x00000000eb100000,0x00000000eb100000)
  to   space 1024K, 0% used [0x00000000eaf00000,0x00000000eaf00000,0x00000000eb000000)
 ParOldGen       total 157696K, used 107850K [0x00000000c0000000, 0x00000000c9a00000, 0x00000000eab00000)
  object space 157696K, 68% used [0x00000000c0000000,0x00000000c6952868,0x00000000c9a00000)
 Metaspace       used 68888K, committed 69952K, reserved 1114112K
  class space    used 6770K, committed 7232K, reserved 1048576K
}
Event: 1185.544 GC heap after
{Heap after GC invocations=1731 (full 25):
 PSYoungGen      total 4096K, used 640K [0x00000000eab00000, 0x00000000eb100000, 0x0000000100000000)
  eden space 3072K, 0% used [0x00000000eab00000,0x00000000eab00000,0x00000000eae00000)
  from space 1024K, 62% used [0x00000000eaf00000,0x00000000eafa0020,0x00000000eb000000)
  to   space 1024K, 0% used [0x00000000eb000000,0x00000000eb000000,0x00000000eb100000)
 ParOldGen       total 157696K, used 108319K [0x00000000c0000000, 0x00000000c9a00000, 0x00000000eab00000)
  object space 157696K, 68% used [0x00000000c0000000,0x00000000c69c7cf8,0x00000000c9a00000)
 Metaspace       used 68888K, committed 69952K, reserved 1114112K
  class space    used 6770K, committed 7232K, reserved 1048576K
}
Event: 1185.793 GC heap before
{Heap before GC invocations=1732 (full 25):
 PSYoungGen      total 4096K, used 3712K [0x00000000eab00000, 0x00000000eb100000, 0x0000000100000000)
  eden space 3072K, 100% used [0x00000000eab00000,0x00000000eae00000,0x00000000eae00000)
  from space 1024K, 62% used [0x00000000eaf00000,0x00000000eafa0020,0x00000000eb000000)
  to   space 1024K, 0% used [0x00000000eb000000,0x00000000eb000000,0x00000000eb100000)
 ParOldGen       total 157696K, used 108319K [0x00000000c0000000, 0x00000000c9a00000, 0x00000000eab00000)
  object space 157696K, 68% used [0x00000000c0000000,0x00000000c69c7cf8,0x00000000c9a00000)
 Metaspace       used 68891K, committed 69952K, reserved 1114112K
  class space    used 6770K, committed 7232K, reserved 1048576K
}
Event: 1185.794 GC heap after
{Heap after GC invocations=1732 (full 25):
 PSYoungGen      total 3584K, used 416K [0x00000000eab00000, 0x00000000eb080000, 0x0000000100000000)
  eden space 3072K, 0% used [0x00000000eab00000,0x00000000eab00000,0x00000000eae00000)
  from space 512K, 81% used [0x00000000eb000000,0x00000000eb068000,0x00000000eb080000)
  to   space 512K, 0% used [0x00000000eaf80000,0x00000000eaf80000,0x00000000eb000000)
 ParOldGen       total 157696K, used 108833K [0x00000000c0000000, 0x00000000c9a00000, 0x00000000eab00000)
  object space 157696K, 69% used [0x00000000c0000000,0x00000000c6a48638,0x00000000c9a00000)
 Metaspace       used 68891K, committed 69952K, reserved 1114112K
  class space    used 6770K, committed 7232K, reserved 1048576K
}
Event: 1186.627 GC heap before
{Heap before GC invocations=1733 (full 25):
 PSYoungGen      total 3584K, used 3488K [0x00000000eab00000, 0x00000000eb080000, 0x0000000100000000)
  eden space 3072K, 100% used [0x00000000eab00000,0x00000000eae00000,0x00000000eae00000)
  from space 512K, 81% used [0x00000000eb000000,0x00000000eb068000,0x00000000eb080000)
  to   space 512K, 0% used [0x00000000eaf80000,0x00000000eaf80000,0x00000000eb000000)
 ParOldGen       total 157696K, used 108833K [0x00000000c0000000, 0x00000000c9a00000, 0x00000000eab00000)
  object space 157696K, 69% used [0x00000000c0000000,0x00000000c6a48638,0x00000000c9a00000)
 Metaspace       used 68892K, committed 70016K, reserved 1114112K
  class space    used 6770K, committed 7232K, reserved 1048576K
}
Event: 1186.627 GC heap after
{Heap after GC invocations=1733 (full 25):
 PSYoungGen      total 3584K, used 384K [0x00000000eab00000, 0x00000000eb080000, 0x0000000100000000)
  eden space 3072K, 0% used [0x00000000eab00000,0x00000000eab00000,0x00000000eae00000)
  from space 512K, 75% used [0x00000000eaf80000,0x00000000eafe0000,0x00000000eb000000)
  to   space 512K, 0% used [0x00000000eb000000,0x00000000eb000000,0x00000000eb080000)
 ParOldGen       total 157696K, used 109145K [0x00000000c0000000, 0x00000000c9a00000, 0x00000000eab00000)
  object space 157696K, 69% used [0x00000000c0000000,0x00000000c6a96638,0x00000000c9a00000)
 Metaspace       used 68892K, committed 70016K, reserved 1114112K
  class space    used 6770K, committed 7232K, reserved 1048576K
}
Event: 1186.962 GC heap before
{Heap before GC invocations=1734 (full 25):
 PSYoungGen      total 3584K, used 3456K [0x00000000eab00000, 0x00000000eb080000, 0x0000000100000000)
  eden space 3072K, 100% used [0x00000000eab00000,0x00000000eae00000,0x00000000eae00000)
  from space 512K, 75% used [0x00000000eaf80000,0x00000000eafe0000,0x00000000eb000000)
  to   space 512K, 0% used [0x00000000eb000000,0x00000000eb000000,0x00000000eb080000)
 ParOldGen       total 157696K, used 109145K [0x00000000c0000000, 0x00000000c9a00000, 0x00000000eab00000)
  object space 157696K, 69% used [0x00000000c0000000,0x00000000c6a96638,0x00000000c9a00000)
 Metaspace       used 68916K, committed 70016K, reserved 1114112K
  class space    used 6770K, committed 7232K, reserved 1048576K
}
Event: 1186.963 GC heap after
{Heap after GC invocations=1734 (full 25):
 PSYoungGen      total 3584K, used 256K [0x00000000eab00000, 0x00000000eb080000, 0x0000000100000000)
  eden space 3072K, 0% used [0x00000000eab00000,0x00000000eab00000,0x00000000eae00000)
  from space 512K, 50% used [0x00000000eb000000,0x00000000eb040000,0x00000000eb080000)
  to   space 512K, 0% used [0x00000000eaf80000,0x00000000eaf80000,0x00000000eb000000)
 ParOldGen       total 157696K, used 109409K [0x00000000c0000000, 0x00000000c9a00000, 0x00000000eab00000)
  object space 157696K, 69% used [0x00000000c0000000,0x00000000c6ad8638,0x00000000c9a00000)
 Metaspace       used 68916K, committed 70016K, reserved 1114112K
  class space    used 6770K, committed 7232K, reserved 1048576K
}
Event: 1187.249 GC heap before
{Heap before GC invocations=1735 (full 25):
 PSYoungGen      total 3584K, used 3328K [0x00000000eab00000, 0x00000000eb080000, 0x0000000100000000)
  eden space 3072K, 100% used [0x00000000eab00000,0x00000000eae00000,0x00000000eae00000)
  from space 512K, 50% used [0x00000000eb000000,0x00000000eb040000,0x00000000eb080000)
  to   space 512K, 0% used [0x00000000eaf80000,0x00000000eaf80000,0x00000000eb000000)
 ParOldGen       total 157696K, used 109409K [0x00000000c0000000, 0x00000000c9a00000, 0x00000000eab00000)
  object space 157696K, 69% used [0x00000000c0000000,0x00000000c6ad8638,0x00000000c9a00000)
 Metaspace       used 68925K, committed 70016K, reserved 1114112K
  class space    used 6770K, committed 7232K, reserved 1048576K
}
Event: 1187.250 GC heap after
{Heap after GC invocations=1735 (full 25):
 PSYoungGen      total 3584K, used 320K [0x00000000eab00000, 0x00000000eb080000, 0x0000000100000000)
  eden space 3072K, 0% used [0x00000000eab00000,0x00000000eab00000,0x00000000eae00000)
  from space 512K, 62% used [0x00000000eaf80000,0x00000000eafd0000,0x00000000eb000000)
  to   space 512K, 0% used [0x00000000eb000000,0x00000000eb000000,0x00000000eb080000)
 ParOldGen       total 157696K, used 109449K [0x00000000c0000000, 0x00000000c9a00000, 0x00000000eab00000)
  object space 157696K, 69% used [0x00000000c0000000,0x00000000c6ae2638,0x00000000c9a00000)
 Metaspace       used 68925K, committed 70016K, reserved 1114112K
  class space    used 6770K, committed 7232K, reserved 1048576K
}
Event: 1187.597 GC heap before
{Heap before GC invocations=1736 (full 25):
 PSYoungGen      total 3584K, used 3392K [0x00000000eab00000, 0x00000000eb080000, 0x0000000100000000)
  eden space 3072K, 100% used [0x00000000eab00000,0x00000000eae00000,0x00000000eae00000)
  from space 512K, 62% used [0x00000000eaf80000,0x00000000eafd0000,0x00000000eb000000)
  to   space 512K, 0% used [0x00000000eb000000,0x00000000eb000000,0x00000000eb080000)
 ParOldGen       total 157696K, used 109449K [0x00000000c0000000, 0x00000000c9a00000, 0x00000000eab00000)
  object space 157696K, 69% used [0x00000000c0000000,0x00000000c6ae2638,0x00000000c9a00000)
 Metaspace       used 68925K, committed 70016K, reserved 1114112K
  class space    used 6770K, committed 7232K, reserved 1048576K
}
Event: 1187.597 GC heap after
{Heap after GC invocations=1736 (full 25):
 PSYoungGen      total 3584K, used 512K [0x00000000eab00000, 0x00000000eb100000, 0x0000000100000000)
  eden space 3072K, 0% used [0x00000000eab00000,0x00000000eab00000,0x00000000eae00000)
  from space 512K, 100% used [0x00000000eb000000,0x00000000eb080000,0x00000000eb080000)
  to   space 1536K, 0% used [0x00000000eae00000,0x00000000eae00000,0x00000000eaf80000)
 ParOldGen       total 157696K, used 109902K [0x00000000c0000000, 0x00000000c9a00000, 0x00000000eab00000)
  object space 157696K, 69% used [0x00000000c0000000,0x00000000c6b53af8,0x00000000c9a00000)
 Metaspace       used 68925K, committed 70016K, reserved 1114112K
  class space    used 6770K, committed 7232K, reserved 1048576K
}
Event: 1187.721 GC heap before
{Heap before GC invocations=1737 (full 25):
 PSYoungGen      total 3584K, used 3584K [0x00000000eab00000, 0x00000000eb100000, 0x0000000100000000)
  eden space 3072K, 100% used [0x00000000eab00000,0x00000000eae00000,0x00000000eae00000)
  from space 512K, 100% used [0x00000000eb000000,0x00000000eb080000,0x00000000eb080000)
  to   space 1536K, 0% used [0x00000000eae00000,0x00000000eae00000,0x00000000eaf80000)
 ParOldGen       total 157696K, used 109902K [0x00000000c0000000, 0x00000000c9a00000, 0x00000000eab00000)
  object space 157696K, 69% used [0x00000000c0000000,0x00000000c6b53af8,0x00000000c9a00000)
 Metaspace       used 68925K, committed 70016K, reserved 1114112K
  class space    used 6770K, committed 7232K, reserved 1048576K
}
Event: 1187.722 GC heap after
{Heap after GC invocations=1737 (full 25):
 PSYoungGen      total 4608K, used 672K [0x00000000eab00000, 0x00000000eb080000, 0x0000000100000000)
  eden space 3072K, 0% used [0x00000000eab00000,0x00000000eab00000,0x00000000eae00000)
  from space 1536K, 43% used [0x00000000eae00000,0x00000000eaea8000,0x00000000eaf80000)
  to   space 1024K, 0% used [0x00000000eaf80000,0x00000000eaf80000,0x00000000eb080000)
 ParOldGen       total 157696K, used 110413K [0x00000000c0000000, 0x00000000c9a00000, 0x00000000eab00000)
  object space 157696K, 70% used [0x00000000c0000000,0x00000000c6bd3538,0x00000000c9a00000)
 Metaspace       used 68925K, committed 70016K, reserved 1114112K
  class space    used 6770K, committed 7232K, reserved 1048576K
}
Event: 1187.730 GC heap before
{Heap before GC invocations=1738 (full 25):
 PSYoungGen      total 4608K, used 3744K [0x00000000eab00000, 0x00000000eb080000, 0x0000000100000000)
  eden space 3072K, 100% used [0x00000000eab00000,0x00000000eae00000,0x00000000eae00000)
  from space 1536K, 43% used [0x00000000eae00000,0x00000000eaea8000,0x00000000eaf80000)
  to   space 1024K, 0% used [0x00000000eaf80000,0x00000000eaf80000,0x00000000eb080000)
 ParOldGen       total 157696K, used 110413K [0x00000000c0000000, 0x00000000c9a00000, 0x00000000eab00000)
  object space 157696K, 70% used [0x00000000c0000000,0x00000000c6bd3538,0x00000000c9a00000)
 Metaspace       used 68926K, committed 70016K, reserved 1114112K
  class space    used 6770K, committed 7232K, reserved 1048576K
}
Event: 1187.731 GC heap after
{Heap after GC invocations=1738 (full 25):
 PSYoungGen      total 4096K, used 896K [0x00000000eab00000, 0x00000000eb080000, 0x0000000100000000)
  eden space 3072K, 0% used [0x00000000eab00000,0x00000000eab00000,0x00000000eae00000)
  from space 1024K, 87% used [0x00000000eaf80000,0x00000000eb060020,0x00000000eb080000)
  to   space 1024K, 0% used [0x00000000eae80000,0x00000000eae80000,0x00000000eaf80000)
 ParOldGen       total 157696K, used 110986K [0x00000000c0000000, 0x00000000c9a00000, 0x00000000eab00000)
  object space 157696K, 70% used [0x00000000c0000000,0x00000000c6c629d8,0x00000000c9a00000)
 Metaspace       used 68926K, committed 70016K, reserved 1114112K
  class space    used 6770K, committed 7232K, reserved 1048576K
}
Event: 1187.739 GC heap before
{Heap before GC invocations=1739 (full 25):
 PSYoungGen      total 4096K, used 3968K [0x00000000eab00000, 0x00000000eb080000, 0x0000000100000000)
  eden space 3072K, 100% used [0x00000000eab00000,0x00000000eae00000,0x00000000eae00000)
  from space 1024K, 87% used [0x00000000eaf80000,0x00000000eb060020,0x00000000eb080000)
  to   space 1024K, 0% used [0x00000000eae80000,0x00000000eae80000,0x00000000eaf80000)
 ParOldGen       total 157696K, used 110986K [0x00000000c0000000, 0x00000000c9a00000, 0x00000000eab00000)
  object space 157696K, 70% used [0x00000000c0000000,0x00000000c6c629d8,0x00000000c9a00000)
 Metaspace       used 68931K, committed 70016K, reserved 1114112K
  class space    used 6770K, committed 7232K, reserved 1048576K
}
Event: 1187.740 GC heap after
{Heap after GC invocations=1739 (full 25):
 PSYoungGen      total 4096K, used 608K [0x00000000eab00000, 0x00000000eb000000, 0x0000000100000000)
  eden space 3072K, 0% used [0x00000000eab00000,0x00000000eab00000,0x00000000eae00000)
  from space 1024K, 59% used [0x00000000eae80000,0x00000000eaf18020,0x00000000eaf80000)
  to   space 512K, 0% used [0x00000000eaf80000,0x00000000eaf80000,0x00000000eb000000)
 ParOldGen       total 157696K, used 111782K [0x00000000c0000000, 0x00000000c9a00000, 0x00000000eab00000)
  object space 157696K, 70% used [0x00000000c0000000,0x00000000c6d298d8,0x00000000c9a00000)
 Metaspace       used 68931K, committed 70016K, reserved 1114112K
  class space    used 6770K, committed 7232K, reserved 1048576K
}
Event: 1187.747 GC heap before
{Heap before GC invocations=1740 (full 25):
 PSYoungGen      total 4096K, used 3680K [0x00000000eab00000, 0x00000000eb000000, 0x0000000100000000)
  eden space 3072K, 100% used [0x00000000eab00000,0x00000000eae00000,0x00000000eae00000)
  from space 1024K, 59% used [0x00000000eae80000,0x00000000eaf18020,0x00000000eaf80000)
  to   space 512K, 0% used [0x00000000eaf80000,0x00000000eaf80000,0x00000000eb000000)
 ParOldGen       total 157696K, used 111782K [0x00000000c0000000, 0x00000000c9a00000, 0x00000000eab00000)
  object space 157696K, 70% used [0x00000000c0000000,0x00000000c6d298d8,0x00000000c9a00000)
 Metaspace       used 68931K, committed 70016K, reserved 1114112K
  class space    used 6770K, committed 7232K, reserved 1048576K
}
Event: 1187.748 GC heap after
{Heap after GC invocations=1740 (full 25):
 PSYoungGen      total 3584K, used 496K [0x00000000eab00000, 0x00000000eb000000, 0x0000000100000000)
  eden space 3072K, 0% used [0x00000000eab00000,0x00000000eab00000,0x00000000eae00000)
  from space 512K, 96% used [0x00000000eaf80000,0x00000000eaffc010,0x00000000eb000000)
  to   space 1024K, 0% used [0x00000000eae00000,0x00000000eae00000,0x00000000eaf00000)
 ParOldGen       total 157696K, used 112219K [0x00000000c0000000, 0x00000000c9a00000, 0x00000000eab00000)
  object space 157696K, 71% used [0x00000000c0000000,0x00000000c6d96d78,0x00000000c9a00000)
 Metaspace       used 68931K, committed 70016K, reserved 1114112K
  class space    used 6770K, committed 7232K, reserved 1048576K
}

Deoptimization events (20 events):
Event: 1182.714 Thread 0x0000014896e7a630 DEOPT PACKING pc=0x000001488fb1487c sp=0x0000000471afe8b0
Event: 1182.714 Thread 0x0000014896e7a630 DEOPT UNPACKING pc=0x00000148877f20a3 sp=0x0000000471afe898 mode 2
Event: 1182.735 Thread 0x0000014896e7a630 Uncommon trap: trap_request=0xfffffff4 fr.pc=0x000001488ff7c578 relative=0x0000000000000b18
Event: 1182.735 Thread 0x0000014896e7a630 Uncommon trap: reason=null_check action=make_not_entrant pc=0x000001488ff7c578 method=org.eclipse.jdt.ls.core.internal.text.correction.CodeActionComparator.compare(Lorg/eclipse/lsp4j/jsonrpc/messages/Either;Lorg/eclipse/lsp4j/jsonrpc/messages/Either;)I @ 
Event: 1182.735 Thread 0x0000014896e7a630 DEOPT PACKING pc=0x000001488ff7c578 sp=0x0000000471afeed0
Event: 1182.736 Thread 0x0000014896e7a630 DEOPT UNPACKING pc=0x00000148877f20a3 sp=0x0000000471afee30 mode 2
Event: 1185.344 Thread 0x0000014896e7a630 DEOPT PACKING pc=0x0000014889037c3f sp=0x0000000471afe410
Event: 1185.344 Thread 0x0000014896e7a630 DEOPT UNPACKING pc=0x00000148877f2843 sp=0x0000000471afd938 mode 0
Event: 1185.795 Thread 0x0000014896e7a630 Uncommon trap: trap_request=0xffffff45 fr.pc=0x000001488f50b17c relative=0x000000000000013c
Event: 1185.795 Thread 0x0000014896e7a630 Uncommon trap: reason=unstable_if action=reinterpret pc=0x000001488f50b17c method=org.eclipse.jdt.core.dom.TypeBinding.isAnonymous()Z @ 18 c2
Event: 1185.795 Thread 0x0000014896e7a630 DEOPT PACKING pc=0x000001488f50b17c sp=0x0000000471afea70
Event: 1185.795 Thread 0x0000014896e7a630 DEOPT UNPACKING pc=0x00000148877f20a3 sp=0x0000000471afea08 mode 2
Event: 1185.795 Thread 0x0000014896e7a630 Uncommon trap: trap_request=0xffffff45 fr.pc=0x000001488f9a14e4 relative=0x0000000000000184
Event: 1185.795 Thread 0x0000014896e7a630 Uncommon trap: reason=unstable_if action=reinterpret pc=0x000001488f9a14e4 method=org.eclipse.jdt.core.dom.TypeBinding.isAnonymous()Z @ 18 c2
Event: 1185.795 Thread 0x0000014896e7a630 DEOPT PACKING pc=0x000001488f9a14e4 sp=0x0000000471afea00
Event: 1185.795 Thread 0x0000014896e7a630 DEOPT UNPACKING pc=0x00000148877f20a3 sp=0x0000000471afe958 mode 2
Event: 1185.795 Thread 0x0000014896e7a630 Uncommon trap: trap_request=0xffffff45 fr.pc=0x000001488fc626ac relative=0x00000000000035cc
Event: 1185.795 Thread 0x0000014896e7a630 Uncommon trap: reason=unstable_if action=reinterpret pc=0x000001488fc626ac method=org.eclipse.jdt.core.dom.TypeBinding.getDeclaredMethods()[Lorg/eclipse/jdt/core/dom/IMethodBinding; @ 31 c2
Event: 1185.795 Thread 0x0000014896e7a630 DEOPT PACKING pc=0x000001488fc626ac sp=0x0000000471afeac0
Event: 1185.795 Thread 0x0000014896e7a630 DEOPT UNPACKING pc=0x00000148877f20a3 sp=0x0000000471afeab0 mode 2

Classes unloaded (20 events):
Event: 1015.210 Thread 0x00000148fc1efb30 Unloading class 0x0000000800d60400 'java/lang/invoke/LambdaForm$MH+0x0000000800d60400'
Event: 1015.210 Thread 0x00000148fc1efb30 Unloading class 0x0000000800d63c00 'java/lang/invoke/LambdaForm$MH+0x0000000800d63c00'
Event: 1015.210 Thread 0x00000148fc1efb30 Unloading class 0x0000000800d64800 'java/lang/invoke/LambdaForm$MH+0x0000000800d64800'
Event: 1015.210 Thread 0x00000148fc1efb30 Unloading class 0x0000000800d61c00 'java/lang/invoke/LambdaForm$MH+0x0000000800d61c00'
Event: 1015.210 Thread 0x00000148fc1efb30 Unloading class 0x0000000800d3b000 'jdk/internal/reflect/GeneratedConstructorAccessor4'
Event: 1015.210 Thread 0x00000148fc1efb30 Unloading class 0x0000000800d0e800 'java/lang/invoke/LambdaForm$MH+0x0000000800d0e800'
Event: 1015.210 Thread 0x00000148fc1efb30 Unloading class 0x0000000800d0e000 'java/lang/invoke/LambdaForm$MH+0x0000000800d0e000'
Event: 1015.210 Thread 0x00000148fc1efb30 Unloading class 0x0000000800d0dc00 'java/lang/invoke/LambdaForm$MH+0x0000000800d0dc00'
Event: 1015.210 Thread 0x00000148fc1efb30 Unloading class 0x0000000800d0d800 'java/lang/invoke/LambdaForm$MH+0x0000000800d0d800'
Event: 1015.210 Thread 0x00000148fc1efb30 Unloading class 0x0000000800d0d000 'java/lang/invoke/LambdaForm$MH+0x0000000800d0d000'
Event: 1015.210 Thread 0x00000148fc1efb30 Unloading class 0x0000000800d0cc00 'java/lang/invoke/LambdaForm$MH+0x0000000800d0cc00'
Event: 1015.210 Thread 0x00000148fc1efb30 Unloading class 0x0000000800d0c800 'java/lang/invoke/LambdaForm$MH+0x0000000800d0c800'
Event: 1015.210 Thread 0x00000148fc1efb30 Unloading class 0x0000000800d0c000 'java/lang/invoke/LambdaForm$MH+0x0000000800d0c000'
Event: 1015.210 Thread 0x00000148fc1efb30 Unloading class 0x0000000800c99000 'jdk/internal/reflect/GeneratedMethodAccessor5'
Event: 1015.210 Thread 0x00000148fc1efb30 Unloading class 0x0000000800c98c00 'jdk/internal/reflect/GeneratedMethodAccessor4'
Event: 1015.210 Thread 0x00000148fc1efb30 Unloading class 0x0000000800c98800 'jdk/internal/reflect/GeneratedMethodAccessor3'
Event: 1015.210 Thread 0x00000148fc1efb30 Unloading class 0x0000000800c98400 'jdk/internal/reflect/GeneratedMethodAccessor2'
Event: 1015.210 Thread 0x00000148fc1efb30 Unloading class 0x0000000800c98000 'jdk/internal/reflect/GeneratedMethodAccessor1'
Event: 1127.697 Thread 0x00000148fc1efb30 Unloading class 0x00000008012b8400 'java/lang/invoke/LambdaForm$DMH+0x00000008012b8400'
Event: 1127.697 Thread 0x00000148fc1efb30 Unloading class 0x00000008011a5000 'jdk/internal/reflect/GeneratedConstructorAccessor30'

Classes redefined (0 events):
No events

Internal exceptions (20 events):
Event: 1131.031 Thread 0x0000014896e7e4c0 Exception <a 'java/lang/ArrayIndexOutOfBoundsException'{0x00000000eac9fbf8}> (0x00000000eac9fbf8) 
thrown [s\open\src\hotspot\share\runtime\sharedRuntime.cpp, line 628]
Event: 1131.049 Thread 0x0000014896e7e4c0 Exception <a 'java/lang/ArrayIndexOutOfBoundsException'{0x00000000eac76848}> (0x00000000eac76848) 
thrown [s\open\src\hotspot\share\runtime\sharedRuntime.cpp, line 628]
Event: 1132.418 Thread 0x0000014896e7e4c0 Exception <a 'java/lang/ArrayIndexOutOfBoundsException'{0x00000000eabb9be0}> (0x00000000eabb9be0) 
thrown [s\open\src\hotspot\share\runtime\sharedRuntime.cpp, line 628]
Event: 1132.420 Thread 0x0000014896e7e4c0 Exception <a 'java/lang/ArrayIndexOutOfBoundsException'{0x00000000eac219a8}> (0x00000000eac219a8) 
thrown [s\open\src\hotspot\share\runtime\sharedRuntime.cpp, line 628]
Event: 1132.455 Thread 0x000001489a4ea820 Exception <a 'java/lang/ClassNotFoundException'{0x00000000eab85028}: sun/net/www/protocol/jdt/Handler> (0x00000000eab85028) 
thrown [s\open\src\hotspot\share\classfile\systemDictionary.cpp, line 256]
Event: 1133.273 Thread 0x0000014896e7e4c0 Exception <a 'java/lang/ArrayIndexOutOfBoundsException'{0x00000000eaba7f50}> (0x00000000eaba7f50) 
thrown [s\open\src\hotspot\share\runtime\sharedRuntime.cpp, line 628]
Event: 1134.887 Thread 0x0000014896d1c770 Exception <a 'sun/nio/fs/WindowsException'{0x00000000eab15fe8}> (0x00000000eab15fe8) 
thrown [s\open\src\hotspot\share\prims\jni.cpp, line 516]
Event: 1134.968 Thread 0x0000014896d1c770 Exception <a 'sun/nio/fs/WindowsException'{0x00000000eade6a88}> (0x00000000eade6a88) 
thrown [s\open\src\hotspot\share\prims\jni.cpp, line 516]
Event: 1135.401 Thread 0x000001489a4ec030 Exception <a 'sun/nio/fs/WindowsException'{0x00000000eab48080}> (0x00000000eab48080) 
thrown [s\open\src\hotspot\share\prims\jni.cpp, line 516]
Event: 1182.449 Thread 0x0000014896e7a630 Implicit null exception at 0x000001488fb912a4 to 0x000001488fb92d4c
Event: 1182.463 Thread 0x0000014896e7a630 Implicit null exception at 0x000001488ff245af to 0x000001488ff24bf4
Event: 1182.463 Thread 0x0000014896e7a630 Implicit null exception at 0x000001488fcbdd20 to 0x000001488fcbf538
Event: 1182.464 Thread 0x0000014896e7a630 Implicit null exception at 0x000001488fa93420 to 0x000001488fa9344c
Event: 1182.511 Thread 0x0000014896e7a630 Exception <a 'java/lang/NoSuchMethodError'{0x00000000eab6a658}: 'java.lang.Object java.lang.invoke.DirectMethodHandle$Holder.newInvokeSpecial(java.lang.Object, java.lang.Object, java.lang.Object, int)'> (0x00000000eab6a658) 
thrown [s\open\src\hotspot\share\interpreter\linkResolver.cpp, line 759]
Event: 1182.511 Thread 0x0000014896e7a630 Exception <a 'java/lang/NoSuchMethodError'{0x00000000eab6ea30}: 'java.lang.Object java.lang.invoke.DirectMethodHandle$Holder.invokeSpecial(java.lang.Object, java.lang.Object, java.lang.Object, java.lang.Object, int)'> (0x00000000eab6ea30) 
thrown [s\open\src\hotspot\share\interpreter\linkResolver.cpp, line 759]
Event: 1182.511 Thread 0x0000014896e7a630 Exception <a 'java/lang/NoSuchMethodError'{0x00000000eab72138}: 'java.lang.Object java.lang.invoke.Invokers$Holder.linkToTargetMethod(java.lang.Object, java.lang.Object, int, java.lang.Object)'> (0x00000000eab72138) 
thrown [s\open\src\hotspot\share\interpreter\linkResolver.cpp, line 759]
Event: 1182.534 Thread 0x0000014896e7a630 Implicit null exception at 0x000001488fad83cf to 0x000001488fad843c
Event: 1182.553 Thread 0x0000014896e7a630 Implicit null exception at 0x000001488fc15961 to 0x000001488fc1a134
Event: 1182.561 Thread 0x0000014896e7a630 Implicit null exception at 0x000001488ff17050 to 0x000001488ff1710c
Event: 1182.735 Thread 0x0000014896e7a630 Implicit null exception at 0x000001488ff7c2e0 to 0x000001488ff7c568

VM Operations (20 events):
Event: 1185.543 Executing VM operation: ParallelGCFailedAllocation
Event: 1185.544 Executing VM operation: ParallelGCFailedAllocation done
Event: 1185.793 Executing VM operation: ParallelGCFailedAllocation
Event: 1185.794 Executing VM operation: ParallelGCFailedAllocation done
Event: 1186.626 Executing VM operation: ParallelGCFailedAllocation
Event: 1186.627 Executing VM operation: ParallelGCFailedAllocation done
Event: 1186.962 Executing VM operation: ParallelGCFailedAllocation
Event: 1186.963 Executing VM operation: ParallelGCFailedAllocation done
Event: 1187.249 Executing VM operation: ParallelGCFailedAllocation
Event: 1187.250 Executing VM operation: ParallelGCFailedAllocation done
Event: 1187.597 Executing VM operation: ParallelGCFailedAllocation
Event: 1187.597 Executing VM operation: ParallelGCFailedAllocation done
Event: 1187.721 Executing VM operation: ParallelGCFailedAllocation
Event: 1187.722 Executing VM operation: ParallelGCFailedAllocation done
Event: 1187.730 Executing VM operation: ParallelGCFailedAllocation
Event: 1187.731 Executing VM operation: ParallelGCFailedAllocation done
Event: 1187.739 Executing VM operation: ParallelGCFailedAllocation
Event: 1187.740 Executing VM operation: ParallelGCFailedAllocation done
Event: 1187.747 Executing VM operation: ParallelGCFailedAllocation
Event: 1187.748 Executing VM operation: ParallelGCFailedAllocation done

Events (20 events):
Event: 1185.136 Thread 0x00000148fe843c10 flushing nmethod 0x0000014887ea5890
Event: 1185.140 Thread 0x00000148fe843c10 flushing nmethod 0x00000148886b4d90
Event: 1185.141 Thread 0x00000148fe843c10 flushing nmethod 0x000001488894ce10
Event: 1185.142 Thread 0x00000148fe843c10 flushing nmethod 0x0000014888c02890
Event: 1185.142 Thread 0x00000148fe843c10 flushing nmethod 0x0000014888c6ea10
Event: 1185.142 Thread 0x00000148fe843c10 flushing nmethod 0x0000014888c72c90
Event: 1185.143 Thread 0x00000148fe843c10 flushing nmethod 0x0000014888e77e10
Event: 1185.143 Thread 0x00000148fe843c10 flushing nmethod 0x0000014888e78890
Event: 1185.143 Thread 0x00000148fe843c10 flushing nmethod 0x0000014888e79310
Event: 1185.143 Thread 0x00000148fe843c10 flushing nmethod 0x0000014888e89f90
Event: 1185.144 Thread 0x00000148fe843c10 flushing nmethod 0x0000014888ff2d90
Event: 1185.144 Thread 0x00000148fe843c10 flushing nmethod 0x000001488903f590
Event: 1185.144 Thread 0x00000148fe843c10 flushing nmethod 0x00000148891b3e90
Event: 1185.145 Thread 0x00000148fe843c10 flushing nmethod 0x00000148894a7290
Event: 1185.145 Thread 0x00000148fe843c10 flushing nmethod 0x00000148894c6710
Event: 1185.146 Thread 0x00000148fe843c10 flushing nmethod 0x00000148895dde10
Event: 1185.146 Thread 0x00000148fe843c10 flushing nmethod 0x00000148896a1610
Event: 1185.147 Thread 0x00000148fe843c10 flushing nmethod 0x0000014889815d90
Event: 1185.519 Thread 0x000001489adfce90 Thread added: 0x000001489adfce90
Event: 1185.795 Thread 0x000001489adfce90 Thread exited: 0x000001489adfce90


Dynamic libraries:
0x00007ff7e7b50000 - 0x00007ff7e7b60000 	C:\Program Files\Java\jdk-17.0.5\bin\java.exe
0x00007fff0eb50000 - 0x00007fff0ed64000 	C:\WINDOWS\SYSTEM32\ntdll.dll
0x00007fff0de60000 - 0x00007fff0df22000 	C:\WINDOWS\System32\KERNEL32.DLL
0x00007fff0c490000 - 0x00007fff0c82d000 	C:\WINDOWS\System32\KERNELBASE.dll
0x00007fff0bf80000 - 0x00007fff0c091000 	C:\WINDOWS\System32\ucrtbase.dll
0x00007ffeffc00000 - 0x00007ffeffc18000 	C:\Program Files\Java\jdk-17.0.5\bin\jli.dll
0x00007fff0df40000 - 0x00007fff0dfee000 	C:\WINDOWS\System32\ADVAPI32.dll
0x00007fff0e260000 - 0x00007fff0e307000 	C:\WINDOWS\System32\msvcrt.dll
0x00007fff0d580000 - 0x00007fff0d624000 	C:\WINDOWS\System32\sechost.dll
0x00007fff0e010000 - 0x00007fff0e125000 	C:\WINDOWS\System32\RPCRT4.dll
0x00007fff0dba0000 - 0x00007fff0dd4d000 	C:\WINDOWS\System32\USER32.dll
0x00007fff0c8b0000 - 0x00007fff0c8d6000 	C:\WINDOWS\System32\win32u.dll
0x00007fff0cc70000 - 0x00007fff0cc99000 	C:\WINDOWS\System32\GDI32.dll
0x00007fff0c0a0000 - 0x00007fff0c1b2000 	C:\WINDOWS\System32\gdi32full.dll
0x00007fff0c1c0000 - 0x00007fff0c25a000 	C:\WINDOWS\System32\msvcp_win.dll
0x00007ffeff9b0000 - 0x00007ffeff9ca000 	C:\Program Files\Java\jdk-17.0.5\bin\VCRUNTIME140.dll
0x00007ffef1590000 - 0x00007ffef181e000 	C:\WINDOWS\WinSxS\amd64_microsoft.windows.common-controls_6595b64144ccf1df_6.0.22621.436_none_a94247dbc10d8414\COMCTL32.dll
0x00007fff04800000 - 0x00007fff0480a000 	C:\WINDOWS\SYSTEM32\VERSION.dll
0x00007fff0e210000 - 0x00007fff0e242000 	C:\WINDOWS\System32\IMM32.DLL
0x00007ffeff040000 - 0x00007ffeff04c000 	C:\Program Files\Java\jdk-17.0.5\bin\vcruntime140_1.dll
0x00007ffecdf00000 - 0x00007ffecdf8d000 	C:\Program Files\Java\jdk-17.0.5\bin\msvcp140.dll
0x00007ffe58690000 - 0x00007ffe59252000 	C:\Program Files\Java\jdk-17.0.5\bin\server\jvm.dll
0x00007fff0e250000 - 0x00007fff0e258000 	C:\WINDOWS\System32\PSAPI.DLL
0x00007ffee6490000 - 0x00007ffee6499000 	C:\WINDOWS\SYSTEM32\WSOCK32.dll
0x00007fff0e310000 - 0x00007fff0e381000 	C:\WINDOWS\System32\WS2_32.dll
0x00007fff05820000 - 0x00007fff05854000 	C:\WINDOWS\SYSTEM32\WINMM.dll
0x00007fff0b0a0000 - 0x00007fff0b0b8000 	C:\WINDOWS\SYSTEM32\kernel.appcore.dll
0x00007ffefe0d0000 - 0x00007ffefe0da000 	C:\Program Files\Java\jdk-17.0.5\bin\jimage.dll
0x00007ffef6320000 - 0x00007ffef654e000 	C:\WINDOWS\SYSTEM32\DBGHELP.DLL
0x00007fff0e5c0000 - 0x00007fff0e94a000 	C:\WINDOWS\System32\combase.dll
0x00007fff0e130000 - 0x00007fff0e207000 	C:\WINDOWS\System32\OLEAUT32.dll
0x00007ffef5820000 - 0x00007ffef5852000 	C:\WINDOWS\SYSTEM32\dbgcore.DLL
0x00007fff0c830000 - 0x00007fff0c8ab000 	C:\WINDOWS\System32\bcryptPrimitives.dll
0x00007ffefdea0000 - 0x00007ffefdeae000 	C:\Program Files\Java\jdk-17.0.5\bin\instrument.dll
0x00007ffee3e20000 - 0x00007ffee3e45000 	C:\Program Files\Java\jdk-17.0.5\bin\java.dll
0x00007ffec7160000 - 0x00007ffec7236000 	C:\Program Files\Java\jdk-17.0.5\bin\jsvml.dll
0x00007fff0cda0000 - 0x00007fff0d580000 	C:\WINDOWS\System32\SHELL32.dll
0x00007fff09f80000 - 0x00007fff0a848000 	C:\WINDOWS\SYSTEM32\windows.storage.dll
0x00007fff09e40000 - 0x00007fff09f7e000 	C:\WINDOWS\SYSTEM32\wintypes.dll
0x00007fff0cca0000 - 0x00007fff0cd91000 	C:\WINDOWS\System32\SHCORE.dll
0x00007fff0e560000 - 0x00007fff0e5be000 	C:\WINDOWS\System32\shlwapi.dll
0x00007fff0beb0000 - 0x00007fff0bed1000 	C:\WINDOWS\SYSTEM32\profapi.dll
0x00007ffee0400000 - 0x00007ffee0418000 	C:\Program Files\Java\jdk-17.0.5\bin\zip.dll
0x00007ffedfc20000 - 0x00007ffedfc39000 	C:\Program Files\Java\jdk-17.0.5\bin\net.dll
0x00007fff05430000 - 0x00007fff0555f000 	C:\WINDOWS\SYSTEM32\WINHTTP.dll
0x00007fff0b4f0000 - 0x00007fff0b559000 	C:\WINDOWS\system32\mswsock.dll
0x00007ffedec60000 - 0x00007ffedec76000 	C:\Program Files\Java\jdk-17.0.5\bin\nio.dll
0x00007ffeebec0000 - 0x00007ffeebed0000 	C:\Program Files\Java\jdk-17.0.5\bin\verify.dll
0x00007ffecb0e0000 - 0x00007ffecb11e000 	C:\Users\tomok\AppData\Roaming\Code\User\globalStorage\redhat.java\1.12.0\config_win\org.eclipse.equinox.launcher\org.eclipse.equinox.launcher.win32.win32.x86_64_1.2.600.v20220720-1916\eclipse_11700.dll
0x00007fff0e3a0000 - 0x00007fff0e53c000 	C:\WINDOWS\System32\ole32.dll
0x00007fff0b730000 - 0x00007fff0b74b000 	C:\WINDOWS\SYSTEM32\CRYPTSP.dll
0x00007fff0b010000 - 0x00007fff0b045000 	C:\WINDOWS\system32\rsaenh.dll
0x00007fff0b590000 - 0x00007fff0b5b8000 	C:\WINDOWS\SYSTEM32\USERENV.dll
0x00007fff0b920000 - 0x00007fff0b948000 	C:\WINDOWS\SYSTEM32\bcrypt.dll
0x00007fff0b6f0000 - 0x00007fff0b6fc000 	C:\WINDOWS\SYSTEM32\CRYPTBASE.dll
0x00007fff0ab10000 - 0x00007fff0ab3d000 	C:\WINDOWS\SYSTEM32\IPHLPAPI.DLL
0x00007fff0e390000 - 0x00007fff0e399000 	C:\WINDOWS\System32\NSI.dll
0x00007fff05300000 - 0x00007fff05319000 	C:\WINDOWS\SYSTEM32\dhcpcsvc6.DLL
0x00007fff052e0000 - 0x00007fff052ff000 	C:\WINDOWS\SYSTEM32\dhcpcsvc.DLL
0x00007fff0ab80000 - 0x00007fff0ac72000 	C:\WINDOWS\SYSTEM32\DNSAPI.dll
0x00007ffed5ba0000 - 0x00007ffed5be0000 	C:\Users\tomok\AppData\Local\Temp\jna-110543534\jna15314496729027730383.dll
0x00007ffee8510000 - 0x00007ffee851e000 	C:\Program Files\Java\jdk-17.0.5\bin\sunmscapi.dll
0x00007fff0c260000 - 0x00007fff0c3c6000 	C:\WINDOWS\System32\CRYPT32.dll
0x00007fff0b8f0000 - 0x00007fff0b91d000 	C:\WINDOWS\SYSTEM32\ncrypt.dll
0x00007fff0b8b0000 - 0x00007fff0b8e7000 	C:\WINDOWS\SYSTEM32\NTASN1.dll

dbghelp: loaded successfully - version: 4.0.5 - missing functions: none
symbol engine: initialized successfully - sym options: 0x614 - pdb path: .;C:\Program Files\Java\jdk-17.0.5\bin;C:\WINDOWS\SYSTEM32;C:\WINDOWS\WinSxS\amd64_microsoft.windows.common-controls_6595b64144ccf1df_6.0.22621.436_none_a94247dbc10d8414;C:\Program Files\Java\jdk-17.0.5\bin\server;C:\Users\tomok\AppData\Roaming\Code\User\globalStorage\redhat.java\1.12.0\config_win\org.eclipse.equinox.launcher\org.eclipse.equinox.launcher.win32.win32.x86_64_1.2.600.v20220720-1916;C:\Users\tomok\AppData\Local\Temp\jna-110543534

VM Arguments:
jvm_args: --add-modules=ALL-SYSTEM --add-opens=java.base/java.util=ALL-UNNAMED --add-opens=java.base/java.lang=ALL-UNNAMED --add-opens=java.base/sun.nio.fs=ALL-UNNAMED -Declipse.application=org.eclipse.jdt.ls.core.id1 -Dosgi.bundles.defaultStartLevel=4 -Declipse.product=org.eclipse.jdt.ls.core.product -Djava.import.generatesMetadataFilesAtProjectRoot=false -Dfile.encoding=utf8 -XX:+UseParallelGC -XX:GCTimeRatio=4 -XX:AdaptiveSizePolicyWeight=90 -Dsun.zip.disableMemoryMapping=true -Xmx1G -Xms100m -Xlog:disable -javaagent:c:\Users\tomok\.vscode\extensions\redhat.java-1.12.0-win32-x64\lombok\lombok-1.18.24.jar -XX:+HeapDumpOnOutOfMemoryError -XX:HeapDumpPath=c:\Users\tomok\AppData\Roaming\Code\User\workspaceStorage\4dffa79ef8fdc86acc30123db513b158\redhat.java 
java_command: c:\Users\tomok\.vscode\extensions\redhat.java-1.12.0-win32-x64\server\plugins\org.eclipse.equinox.launcher_1.6.400.v20210924-0641.jar -configuration c:\Users\tomok\AppData\Roaming\Code\User\globalStorage\redhat.java\1.12.0\config_win -data c:\Users\tomok\AppData\Roaming\Code\User\workspaceStorage\4dffa79ef8fdc86acc30123db513b158\redhat.java\jdt_ws
java_class_path (initial): c:\Users\tomok\.vscode\extensions\redhat.java-1.12.0-win32-x64\server\plugins\org.eclipse.equinox.launcher_1.6.400.v20210924-0641.jar
Launcher Type: SUN_STANDARD

[Global flags]
    uintx AdaptiveSizePolicyWeight                 = 90                                        {product} {command line}
     intx CICompilerCount                          = 4                                         {product} {ergonomic}
    uintx GCTimeRatio                              = 4                                         {product} {command line}
     bool HeapDumpOnOutOfMemoryError               = true                                   {manageable} {command line}
    ccstr HeapDumpPath                             = c:\Users\tomok\AppData\Roaming\Code\User\workspaceStorage\4dffa79ef8fdc86acc30123db513b158\redhat.java         {manageable} {command line}
   size_t InitialHeapSize                          = 104857600                                 {product} {command line}
   size_t MaxHeapSize                              = 1073741824                                {product} {command line}
   size_t MaxNewSize                               = 357564416                                 {product} {ergonomic}
   size_t MinHeapDeltaBytes                        = 524288                                    {product} {ergonomic}
   size_t MinHeapSize                              = 104857600                                 {product} {command line}
   size_t NewSize                                  = 34603008                                  {product} {ergonomic}
    uintx NonNMethodCodeHeapSize                   = 5839372                                {pd product} {ergonomic}
    uintx NonProfiledCodeHeapSize                  = 122909434                              {pd product} {ergonomic}
   size_t OldSize                                  = 70254592                                  {product} {ergonomic}
    uintx ProfiledCodeHeapSize                     = 122909434                              {pd product} {ergonomic}
    uintx ReservedCodeCacheSize                    = 251658240                              {pd product} {ergonomic}
     bool SegmentedCodeCache                       = true                                      {product} {ergonomic}
   size_t SoftMaxHeapSize                          = 1073741824                             {manageable} {ergonomic}
     bool UseCompressedClassPointers               = true                           {product lp64_product} {ergonomic}
     bool UseCompressedOops                        = true                           {product lp64_product} {ergonomic}
     bool UseLargePagesIndividualAllocation        = false                                  {pd product} {ergonomic}
     bool UseParallelGC                            = true                                      {product} {command line}

Logging:
Log output configuration:
 #0: stdout all=off uptime,level,tags
 #1: stderr all=off uptime,level,tags

Environment Variables:
JAVA_HOME=C:\Program Files\AdoptOpenJDK\jdk-11.0.10.9-hotspot
PATH=C:\Users\tomok\AppData\Local\cloud-code\installer\google-cloud-sdk\bin;C:\Program Files\Common Files\Oracle\Java\javapath;C:\Program Files\NVIDIA GPU Computing Toolkit\CUDA\v11.2\bin;C:\Program Files\NVIDIA GPU Computing Toolkit\CUDA\v11.2\libnvvp;C:\Program Files\AdoptOpenJDK\jdk-11.0.10.9-hotspot\bin;C:\Program Files (x86)\Common Files\Oracle\Java\javapath;C:\Windows\system32;C:\Windows;C:\Windows\System32\Wbem;C:\Users\tomok\AppData\Local\Programs\Python\Python310;C:\Windows\System32\WindowsPowerShell\v1.0\;C:\Windows\System32\OpenSSH\;C:\Program Files (x86)\Intel\Intel(R) Management Engine Components\DAL;C:\Program Files\Intel\Intel(R) Management Engine Components\DAL;C:\Program Files (x86)\NVIDIA Corporation\PhysX\Common;C:\Program Files\Microsoft SQL Server\130\Tools\Binn\;C:\xampp\mysql\bin;C:\Program Files (x86)\sbt\bin;C:\Program Files (x86)\scala\bin;C:\WINDOWS\system32;C:\WINDOWS;C:\WINDOWS\System32\Wbem;C:\WINDOWS\System32\WindowsPowerShell\v1.0\;C:\WINDOWS\System32\OpenSSH\;C:\Program Files\Calibre2\;C:\Program Files\MongoDB\Server\4.4\bin;C:\apache-maven-3.6.3-bin\apache-maven-3.6.3\bin;C:\xampp\php;C:\Program Files\Graphviz\bin;C:\Anaconda3;C:\Anaconda3\Library\bin;C:\Anaconda3\Scripts;C:\Program Files\NVIDIA Corporation\NVIDIA NvDLISR;C:\Program Files\NVIDIA Corporation\Nsight Compute 2020.3.0\;C:\Program Files\dotnet\;C:\Program Files\Microsoft SQL Server\Client SDK\ODBC\170\Tools\Binn\;C:\composer;C:\WINDOWS\system32;C:\WINDOWS;C:\WINDOWS\System32\Wbem;C:\WINDOWS\System32\WindowsPowerShell\v1.0\;C:\WINDOWS\System32\OpenSSH\;C:\ProgramData\ComposerSetup\bin;C:\Program Files\nodejs\;C:\ProgramData\chocolatey\bin;D:\Applications\chromedriver_win32;C:\Program Files\Docker\Docker\resources\bin;C:\ProgramData\DockerDesktop\version-bin;C:\Program Files\PowerShell\7\;C:\Users\tomok\AppData\Local\Microsoft\WindowsApps;C:\Program Files\JetBrains\IntelliJ IDEA Community Edition 2019.3\bin;C:\Users\tomok\.dotnet\tools;C:\Users\tomok\AppData\Local\Microsoft\W
USERNAME=tomok
OS=Windows_NT
PROCESSOR_IDENTIFIER=Intel64 Family 6 Model 158 Stepping 13, GenuineIntel



---------------  S Y S T E M  ---------------

OS:
 Windows 11 , 64 bit Build 22621 (10.0.22621.891)
OS uptime: 7 days 3:35 hours
Hyper-V role detected

CPU: total 8 (initial active 8) (8 cores per cpu, 1 threads per core) family 6 model 158 stepping 13 microcode 0xde, cx8, cmov, fxsr, mmx, 3dnowpref, sse, sse2, sse3, ssse3, sse4.1, sse4.2, popcnt, lzcnt, tsc, tscinvbit, avx, avx2, aes, erms, clmul, bmi1, bmi2, adx, fma, vzeroupper, clflush, clflushopt, hv

Memory: 4k page, system-wide physical 32709M (9900M free)
TotalPageFile size 131013M (AvailPageFile size 6M)
current process WorkingSet (physical memory assigned to process): 416M, peak: 437M
current process commit charge ("private bytes"): 443M, peak: 461M

vm_info: Java HotSpot(TM) 64-Bit Server VM (17.0.5+9-LTS-191) for windows-amd64 JRE (17.0.5+9-LTS-191), built on Sep 13 2022 17:31:43 by "mach5one" with MS VC++ 16.8 / 16.9 (VS2019)

END.
