#
# There is insufficient memory for the Java Runtime Environment to continue.
# Native memory allocation (mmap) failed to map 759169024 bytes for G1 virtual space
# Possible reasons:
#   The system is out of physical RAM or swap space
#   The process is running with CompressedOops enabled, and the Java Heap may be blocking the growth of the native heap
# Possible solutions:
#   Reduce memory load on the system
#   Increase physical memory or swap space
#   Check if swap backing store is full
#   Decrease Java heap size (-Xmx/-Xms)
#   Decrease number of Java threads
#   Decrease Java thread stack sizes (-Xss)
#   Set larger code cache with -XX:ReservedCodeCacheSize=
#   JVM is running with Zero Based Compressed Oops mode in which the Java heap is
#     placed in the first 32GB address space. The Java Heap base address is the
#     maximum limit for the native heap growth. Please use -XX:HeapBaseMinAddress
#     to set the Java Heap base and to place the Java Heap above 32GB virtual address.
# This output file may be truncated or incomplete.
#
#  Out of Memory Error (os_windows.cpp:3541), pid=34156, tid=9012
#
# JRE version: OpenJDK Runtime Environment Temurin-17.0.4.1+1 (17.0.4.1+1) (build 17.0.4.1+1)
# Java VM: OpenJDK 64-Bit Server VM Temurin-17.0.4.1+1 (17.0.4.1+1, mixed mode, emulated-client, tiered, compressed oops, compressed class ptrs, g1 gc, windows-amd64)
# No core dump will be written. Minidumps are not enabled by default on client versions of Windows
#

---------------  S U M M A R Y ------------

Command Line: -Dsts.lsp.client=vscode -Dsts.log.file=/dev/null -XX:TieredStopAtLevel=1 -Xlog:jni+resolve=off -Dspring.config.location=file:c:\Users\tomok\.vscode\extensions\pivotal.vscode-spring-boot-1.40.0\language-server\BOOT-INF\classes\application.properties org.springframework.ide.vscode.boot.app.BootLanguageServerBootApp

Host: Intel(R) Core(TM) i7-9700K CPU @ 3.60GHz, 8 cores, 31G,  Windows 11 , 64 bit Build 22621 (10.0.22621.891)
Time: Tue Nov 22 12:39:39 2022  Windows 11 , 64 bit Build 22621 (10.0.22621.891) elapsed time: 4.252267 seconds (0d 0h 0m 4s)

---------------  T H R E A D  ---------------

Current thread (0x000002e0fd043340):  VMThread "VM Thread" [stack: 0x000000f9fa000000,0x000000f9fa100000] [id=9012]

Stack: [0x000000f9fa000000,0x000000f9fa100000]
Native frames: (J=compiled Java code, j=interpreted, Vv=VM code, C=native code)
V  [jvm.dll+0x67731a]
V  [jvm.dll+0x832284]
V  [jvm.dll+0x833a2e]
V  [jvm.dll+0x834093]
V  [jvm.dll+0x245775]
V  [jvm.dll+0x674209]
V  [jvm.dll+0x668a92]
V  [jvm.dll+0x30471b]
V  [jvm.dll+0x30bc66]
V  [jvm.dll+0x35ba9e]
V  [jvm.dll+0x35bccf]
V  [jvm.dll+0x2db5b8]
V  [jvm.dll+0x2d986c]
V  [jvm.dll+0x2d8e3c]
V  [jvm.dll+0x31cd9b]
V  [jvm.dll+0x83853b]
V  [jvm.dll+0x839274]
V  [jvm.dll+0x83978c]
V  [jvm.dll+0x839b64]
V  [jvm.dll+0x839c30]
V  [jvm.dll+0x7e240a]
V  [jvm.dll+0x6761a5]
C  [ucrtbase.dll+0x29363]
C  [KERNEL32.DLL+0x1244d]
C  [ntdll.dll+0x5dfb8]

VM_Operation (0x000000f9fd2fe9f0): G1CollectForAllocation, mode: safepoint, requested by thread 0x000002e0ff8760a0


---------------  P R O C E S S  ---------------

Threads class SMR info:
_java_thread_list=0x000002e08a474b30, length=50, elements={
0x000002e0fd755390, 0x000002e0fd7565f0, 0x000002e0fd057e50, 0x000002e0fd058710,
0x000002e0fd058fd0, 0x000002e0fd059890, 0x000002e0fd7936f0, 0x000002e0fd05c160,
0x000002e0fd99b990, 0x000002e0fd99f670, 0x000002e0fd9a92c0, 0x000002e0fd9b6060,
0x000002e0febb6640, 0x000002e0ff4678e0, 0x000002e0ff47da20, 0x000002e0ff70bfe0,
0x000002e0e7eaa0a0, 0x000002e0ff5b95a0, 0x000002e0ff7546b0, 0x000002e0ff755150,
0x000002e0ff772030, 0x000002e0ff798620, 0x000002e0ff798af0, 0x000002e0ff79a7f0,
0x000002e0ff7cdde0, 0x000002e0ff7cc5d0, 0x000002e0ff7cd910, 0x000002e0ff7ccaa0,
0x000002e0ff7cd440, 0x000002e0ff7ccf70, 0x000002e0ff87a8d0, 0x000002e0ff87b270,
0x000002e0ff87a400, 0x000002e0ff879f30, 0x000002e0ff874890, 0x000002e0ff8790c0,
0x000002e0ff87ada0, 0x000002e0ff873a20, 0x000002e0ff875700, 0x000002e0ff879590,
0x000002e0ff875bd0, 0x000002e0ff8760a0, 0x000002e0ff879a60, 0x000002e0ff873ef0,
0x000002e0ff876a40, 0x000002e0ff8773e0, 0x000002e0ff8743c0, 0x000002e0ff878720,
0x000002e0ff874d60, 0x000002e0ff875230
}

Java Threads: ( => current thread )
  0x000002e0fd755390 JavaThread "Reference Handler" daemon [_thread_blocked, id=37404, stack(0x000000f9fa100000,0x000000f9fa200000)]
  0x000002e0fd7565f0 JavaThread "Finalizer" daemon [_thread_blocked, id=20772, stack(0x000000f9fa200000,0x000000f9fa300000)]
  0x000002e0fd057e50 JavaThread "Signal Dispatcher" daemon [_thread_blocked, id=31648, stack(0x000000f9fa300000,0x000000f9fa400000)]
  0x000002e0fd058710 JavaThread "Attach Listener" daemon [_thread_blocked, id=24176, stack(0x000000f9fa400000,0x000000f9fa500000)]
  0x000002e0fd058fd0 JavaThread "Service Thread" daemon [_thread_blocked, id=13976, stack(0x000000f9fa500000,0x000000f9fa600000)]
  0x000002e0fd059890 JavaThread "Monitor Deflation Thread" daemon [_thread_blocked, id=24792, stack(0x000000f9fa600000,0x000000f9fa700000)]
  0x000002e0fd7936f0 JavaThread "C1 CompilerThread0" daemon [_thread_blocked, id=7724, stack(0x000000f9fa700000,0x000000f9fa800000)]
  0x000002e0fd05c160 JavaThread "Sweeper thread" daemon [_thread_blocked, id=31180, stack(0x000000f9fa800000,0x000000f9fa900000)]
  0x000002e0fd99b990 JavaThread "C1 CompilerThread1" daemon [_thread_blocked, id=20312, stack(0x000000f9fa900000,0x000000f9faa00000)]
  0x000002e0fd99f670 JavaThread "C1 CompilerThread2" daemon [_thread_blocked, id=29244, stack(0x000000f9faa00000,0x000000f9fab00000)]
  0x000002e0fd9a92c0 JavaThread "Notification Thread" daemon [_thread_blocked, id=32108, stack(0x000000f9fab00000,0x000000f9fac00000)]
  0x000002e0fd9b6060 JavaThread "Common-Cleaner" daemon [_thread_blocked, id=38900, stack(0x000000f9fad00000,0x000000f9fae00000)]
  0x000002e0febb6640 JavaThread "C1 CompilerThread3" daemon [_thread_blocked, id=36448, stack(0x000000f9fae00000,0x000000f9faf00000)]
  0x000002e0ff4678e0 JavaThread "boundedElastic-evictor-1" daemon [_thread_blocked, id=34224, stack(0x000000f9fb600000,0x000000f9fb700000)]
  0x000002e0ff47da20 JavaThread "pool-9-thread-1" [_thread_blocked, id=25700, stack(0x000000f9fb800000,0x000000f9fb900000)]
  0x000002e0ff70bfe0 JavaThread "LanguageServerApp-lifecycle" [_thread_blocked, id=36088, stack(0x000000f9fb900000,0x000000f9fba00000)]
  0x000002e0e7eaa0a0 JavaThread "DestroyJavaVM" [_thread_blocked, id=14680, stack(0x000000f9f9a00000,0x000000f9f9b00000)]
  0x000002e0ff5b95a0 JavaThread "pool-10-thread-1" [_thread_in_native, id=35424, stack(0x000000f9fba00000,0x000000f9fbb00000)]
  0x000002e0ff7546b0 JavaThread "Simple-Language-Server main thread" daemon [_thread_blocked, id=31164, stack(0x000000f9fbb00000,0x000000f9fbc00000)]
  0x000002e0ff755150 JavaThread "ForkJoinPool.commonPool-worker-1" daemon [_thread_blocked, id=32140, stack(0x000000f9fbc00000,0x000000f9fbd00000)]
  0x000002e0ff772030 JavaThread "pool-7-thread-1" [_thread_blocked, id=27020, stack(0x000000f9fbd00000,0x000000f9fbe00000)]
  0x000002e0ff798620 JavaThread "parallel-1" daemon [_thread_blocked, id=32796, stack(0x000000f9fbe00000,0x000000f9fbf00000)]
  0x000002e0ff798af0 JavaThread "parallel-2" daemon [_thread_blocked, id=18512, stack(0x000000f9fbf00000,0x000000f9fc000000)]
  0x000002e0ff79a7f0 JavaThread "pool-4-thread-1" [_thread_blocked, id=30636, stack(0x000000f9fc000000,0x000000f9fc100000)]
  0x000002e0ff7cdde0 JavaThread "ForkJoinPool.commonPool-worker-2" daemon [_thread_blocked, id=33480, stack(0x000000f9fc100000,0x000000f9fc200000)]
  0x000002e0ff7cc5d0 JavaThread "pool-4-thread-2" [_thread_blocked, id=25792, stack(0x000000f9fc200000,0x000000f9fc300000)]
  0x000002e0ff7cd910 JavaThread "pool-4-thread-3" [_thread_blocked, id=7516, stack(0x000000f9fc300000,0x000000f9fc400000)]
  0x000002e0ff7ccaa0 JavaThread "pool-4-thread-4" [_thread_blocked, id=16284, stack(0x000000f9fc400000,0x000000f9fc500000)]
  0x000002e0ff7cd440 JavaThread "pool-4-thread-5" [_thread_blocked, id=26388, stack(0x000000f9fc500000,0x000000f9fc600000)]
  0x000002e0ff7ccf70 JavaThread "ClassGraph-worker-0" daemon [_thread_blocked, id=38688, stack(0x000000f9fc600000,0x000000f9fc700000)]
  0x000002e0ff87a8d0 JavaThread "ClassGraph-worker-1" daemon [_thread_blocked, id=23796, stack(0x000000f9fc700000,0x000000f9fc800000)]
  0x000002e0ff87b270 JavaThread "ClassGraph-worker-2" daemon [_thread_blocked, id=9924, stack(0x000000f9fc800000,0x000000f9fc900000)]
  0x000002e0ff87a400 JavaThread "ClassGraph-worker-3" daemon [_thread_blocked, id=11968, stack(0x000000f9fc900000,0x000000f9fca00000)]
  0x000002e0ff879f30 JavaThread "ClassGraph-worker-4" daemon [_thread_blocked, id=12952, stack(0x000000f9fca00000,0x000000f9fcb00000)]
  0x000002e0ff874890 JavaThread "ClassGraph-worker-5" daemon [_thread_blocked, id=31124, stack(0x000000f9fcb00000,0x000000f9fcc00000)]
  0x000002e0ff8790c0 JavaThread "ClassGraph-worker-6" daemon [_thread_blocked, id=12016, stack(0x000000f9fcc00000,0x000000f9fcd00000)]
  0x000002e0ff87ada0 JavaThread "ClassGraph-worker-7" daemon [_thread_blocked, id=8764, stack(0x000000f9fcd00000,0x000000f9fce00000)]
  0x000002e0ff873a20 JavaThread "ClassGraph-worker-8" daemon [_thread_blocked, id=2392, stack(0x000000f9fce00000,0x000000f9fcf00000)]
  0x000002e0ff875700 JavaThread "ClassGraph-worker-9" daemon [_thread_blocked, id=24988, stack(0x000000f9fcf00000,0x000000f9fd000000)]
  0x000002e0ff879590 JavaThread "ClassGraph-worker-10" daemon [_thread_blocked, id=23856, stack(0x000000f9fd000000,0x000000f9fd100000)]
  0x000002e0ff875bd0 JavaThread "ClassGraph-worker-11" daemon [_thread_blocked, id=20752, stack(0x000000f9fd100000,0x000000f9fd200000)]
  0x000002e0ff8760a0 JavaThread "ClassGraph-worker-12" daemon [_thread_blocked, id=21428, stack(0x000000f9fd200000,0x000000f9fd300000)]
  0x000002e0ff879a60 JavaThread "parallel-3" daemon [_thread_blocked, id=27940, stack(0x000000f9fd300000,0x000000f9fd400000)]
  0x000002e0ff873ef0 JavaThread "ClassGraph-worker-13" daemon [_thread_blocked, id=18312, stack(0x000000f9fd400000,0x000000f9fd500000)]
  0x000002e0ff876a40 JavaThread "Reconciler-1" daemon [_thread_blocked, id=11748, stack(0x000000f9fd500000,0x000000f9fd600000)]
  0x000002e0ff8773e0 JavaThread "pool-5-thread-1" [_thread_blocked, id=1996, stack(0x000000f9fd700000,0x000000f9fd800000)]
  0x000002e0ff8743c0 JavaThread "parallel-4" daemon [_thread_blocked, id=3828, stack(0x000000f9fd800000,0x000000f9fd900000)]
  0x000002e0ff878720 JavaThread "parallel-5" daemon [_thread_blocked, id=11716, stack(0x000000f9fd900000,0x000000f9fda00000)]
  0x000002e0ff874d60 JavaThread "Project-Reconciler-1" daemon [_thread_blocked, id=15420, stack(0x000000f9fda00000,0x000000f9fdb00000)]
  0x000002e0ff875230 JavaThread "Project-Reconciler-2" daemon [_thread_blocked, id=32396, stack(0x000000f9fdb00000,0x000000f9fdc00000)]

Other Threads:
=>0x000002e0fd043340 VMThread "VM Thread" [stack: 0x000000f9fa000000,0x000000f9fa100000] [id=9012]
  0x000002e0fd9a9790 WatcherThread [stack: 0x000000f9fac00000,0x000000f9fad00000] [id=31620]
  0x000002e0e7f57660 GCTaskThread "GC Thread#0" [stack: 0x000000f9f9b00000,0x000000f9f9c00000] [id=28704]
  0x000002e0fed4aef0 GCTaskThread "GC Thread#1" [stack: 0x000000f9faf00000,0x000000f9fb000000] [id=28152]
  0x000002e0fed3ae60 GCTaskThread "GC Thread#2" [stack: 0x000000f9fb000000,0x000000f9fb100000] [id=18416]
  0x000002e0fed3b110 GCTaskThread "GC Thread#3" [stack: 0x000000f9fb100000,0x000000f9fb200000] [id=13156]
  0x000002e0fed3b3c0 GCTaskThread "GC Thread#4" [stack: 0x000000f9fb200000,0x000000f9fb300000] [id=29196]
  0x000002e0fed3b670 GCTaskThread "GC Thread#5" [stack: 0x000000f9fb300000,0x000000f9fb400000] [id=26312]
  0x000002e0fed3b920 GCTaskThread "GC Thread#6" [stack: 0x000000f9fb400000,0x000000f9fb500000] [id=38720]
  0x000002e0fed3bbd0 GCTaskThread "GC Thread#7" [stack: 0x000000f9fb500000,0x000000f9fb600000] [id=23352]
  0x000002e0e7f68440 ConcurrentGCThread "G1 Main Marker" [stack: 0x000000f9f9c00000,0x000000f9f9d00000] [id=38792]
  0x000002e0e7f68d60 ConcurrentGCThread "G1 Conc#0" [stack: 0x000000f9f9d00000,0x000000f9f9e00000] [id=33024]
  0x000002e0ff196830 ConcurrentGCThread "G1 Conc#1" [stack: 0x000000f9fb700000,0x000000f9fb800000] [id=37884]
  0x000002e0fcf31310 ConcurrentGCThread "G1 Refine#0" [stack: 0x000000f9f9e00000,0x000000f9f9f00000] [id=37340]
  0x000002e08a091aa0 ConcurrentGCThread "G1 Refine#1" [stack: 0x000000f9fd600000,0x000000f9fd700000] [id=25108]
  0x000002e08a60c900 ConcurrentGCThread "G1 Refine#2" [stack: 0x000000f9fdc00000,0x000000f9fdd00000] [id=20740]
  0x000002e0fcf31b40 ConcurrentGCThread "G1 Service" [stack: 0x000000f9f9f00000,0x000000f9fa000000] [id=26368]

Threads with active compile tasks:

VM state: at safepoint (normal execution)

VM Mutex/Monitor currently owned by a thread:  ([mutex/lock_event])
[0x000002e0e7c0f870] Threads_lock - owner thread: 0x000002e0fd043340
[0x000002e0e7ea6a70] Heap_lock - owner thread: 0x000002e0ff8760a0

Heap address: 0x0000000600c00000, size: 8180 MB, Compressed Oops mode: Zero based, Oop shift amount: 3

CDS archive(s) not mapped
Compressed class space mapped at: 0x0000000800000000-0x0000000840000000, reserved size: 1073741824
Narrow klass base: 0x0000000800000000, Narrow klass shift: 0, Narrow klass range: 0x40000000

GC Precious Log:
 CPUs: 8 total, 8 available
 Memory: 32709M
 Large Page Support: Disabled
 NUMA Support: Disabled
 Compressed Oops: Enabled (Zero based)
 Heap Region Size: 4M
 Heap Min Capacity: 8M
 Heap Initial Capacity: 512M
 Heap Max Capacity: 8180M
 Pre-touch: Disabled
 Parallel Workers: 8
 Concurrent Workers: 2
 Concurrent Refinement Workers: 8
 Periodic GC: Disabled

Heap:
 garbage-first heap   total 741376K, used 176439K [0x0000000600c00000, 0x0000000800000000)
  region size 4096K, 10 young (40960K), 10 survivors (40960K)
 Metaspace       used 39272K, committed 39680K, reserved 1089536K
  class space    used 4979K, committed 5184K, reserved 1048576K

Heap Regions: E=young(eden), S=young(survivor), O=old, HS=humongous(starts), HC=humongous(continues), CS=collection set, F=free, OA=open archive, CA=closed archive, TAMS=top-at-mark-start (previous, next)
|   0|0x0000000600c00000, 0x0000000601000000, 0x0000000601000000|100%| O|  |TAMS 0x0000000601000000, 0x0000000600c00000| Untracked 
|   1|0x0000000601000000, 0x00000006013dae00, 0x0000000601400000| 96%| O|  |TAMS 0x00000006013dae00, 0x0000000601000000| Untracked 
|   2|0x0000000601400000, 0x0000000601800000, 0x0000000601800000|100%| O|  |TAMS 0x0000000601800000, 0x0000000601400000| Untracked 
|   3|0x0000000601800000, 0x0000000601c00000, 0x0000000601c00000|100%| O|  |TAMS 0x0000000601c00000, 0x0000000601800000| Untracked 
|   4|0x0000000601c00000, 0x0000000602000000, 0x0000000602000000|100%| O|  |TAMS 0x0000000602000000, 0x0000000601c00000| Untracked 
|   5|0x0000000602000000, 0x0000000602400000, 0x0000000602400000|100%| O|  |TAMS 0x0000000602400000, 0x0000000602000000| Untracked 
|   6|0x0000000602400000, 0x0000000602471200, 0x0000000602800000| 11%| O|  |TAMS 0x0000000602471200, 0x0000000602400000| Untracked 
|   7|0x0000000602800000, 0x0000000602c00000, 0x0000000602c00000|100%| O|  |TAMS 0x0000000602800000, 0x0000000602800000| Untracked 
|   8|0x0000000602c00000, 0x0000000603000000, 0x0000000603000000|100%| O|  |TAMS 0x0000000602c00000, 0x0000000602c00000| Untracked 
|   9|0x0000000603000000, 0x0000000603400000, 0x0000000603400000|100%| O|  |TAMS 0x0000000603000000, 0x0000000603000000| Untracked 
|  10|0x0000000603400000, 0x0000000603800000, 0x0000000603800000|100%| O|  |TAMS 0x0000000603400000, 0x0000000603400000| Untracked 
|  11|0x0000000603800000, 0x0000000603c00000, 0x0000000603c00000|100%| O|  |TAMS 0x0000000603800000, 0x0000000603800000| Untracked 
|  12|0x0000000603c00000, 0x0000000604000000, 0x0000000604000000|100%| O|  |TAMS 0x0000000603c00000, 0x0000000603c00000| Untracked 
|  13|0x0000000604000000, 0x0000000604400000, 0x0000000604400000|100%| O|  |TAMS 0x0000000604000000, 0x0000000604000000| Untracked 
|  14|0x0000000604400000, 0x0000000604800000, 0x0000000604800000|100%| O|  |TAMS 0x0000000604400000, 0x0000000604400000| Untracked 
|  15|0x0000000604800000, 0x0000000604c00000, 0x0000000604c00000|100%| O|  |TAMS 0x0000000604800000, 0x0000000604800000| Untracked 
|  16|0x0000000604c00000, 0x0000000605000000, 0x0000000605000000|100%| O|  |TAMS 0x0000000604c00000, 0x0000000604c00000| Untracked 
|  17|0x0000000605000000, 0x0000000605400000, 0x0000000605400000|100%| O|  |TAMS 0x0000000605000000, 0x0000000605000000| Untracked 
|  18|0x0000000605400000, 0x0000000605800000, 0x0000000605800000|100%| O|  |TAMS 0x0000000605400000, 0x0000000605400000| Untracked 
|  19|0x0000000605800000, 0x0000000605c00000, 0x0000000605c00000|100%| O|  |TAMS 0x0000000605800000, 0x0000000605800000| Untracked 
|  20|0x0000000605c00000, 0x0000000606000000, 0x0000000606000000|100%| O|  |TAMS 0x0000000605c00000, 0x0000000605c00000| Untracked 
|  21|0x0000000606000000, 0x0000000606400000, 0x0000000606400000|100%| O|  |TAMS 0x0000000606000000, 0x0000000606000000| Untracked 
|  22|0x0000000606400000, 0x0000000606800000, 0x0000000606800000|100%| O|  |TAMS 0x0000000606400000, 0x0000000606400000| Untracked 
|  23|0x0000000606800000, 0x0000000606c00000, 0x0000000606c00000|100%| O|  |TAMS 0x0000000606800000, 0x0000000606800000| Untracked 
|  24|0x0000000606c00000, 0x0000000607000000, 0x0000000607000000|100%| O|  |TAMS 0x0000000606c00000, 0x0000000606c00000| Untracked 
|  25|0x0000000607000000, 0x0000000607400000, 0x0000000607400000|100%| O|  |TAMS 0x0000000607000000, 0x0000000607000000| Untracked 
|  26|0x0000000607400000, 0x0000000607800000, 0x0000000607800000|100%| O|  |TAMS 0x0000000607400000, 0x0000000607400000| Untracked 
|  27|0x0000000607800000, 0x0000000607c00000, 0x0000000607c00000|100%| O|  |TAMS 0x0000000607800000, 0x0000000607800000| Untracked 
|  28|0x0000000607c00000, 0x0000000608000000, 0x0000000608000000|100%| O|  |TAMS 0x0000000607c00000, 0x0000000607c00000| Untracked 
|  29|0x0000000608000000, 0x0000000608400000, 0x0000000608400000|100%| O|  |TAMS 0x0000000608000000, 0x0000000608000000| Untracked 
|  30|0x0000000608400000, 0x0000000608800000, 0x0000000608800000|100%| O|  |TAMS 0x0000000608400000, 0x0000000608400000| Untracked 
|  31|0x0000000608800000, 0x0000000608c00000, 0x0000000608c00000|100%| O|  |TAMS 0x0000000608800000, 0x0000000608800000| Untracked 
|  32|0x0000000608c00000, 0x0000000609000000, 0x0000000609000000|100%| O|  |TAMS 0x0000000608c00000, 0x0000000608c00000| Untracked 
|  33|0x0000000609000000, 0x0000000609400000, 0x0000000609400000|100%| O|  |TAMS 0x0000000609000000, 0x0000000609000000| Untracked 
|  34|0x0000000609400000, 0x00000006094e2000, 0x0000000609800000| 22%| O|  |TAMS 0x0000000609400000, 0x0000000609400000| Untracked 
|  35|0x0000000609800000, 0x0000000609800000, 0x0000000609c00000|  0%| F|  |TAMS 0x0000000609800000, 0x0000000609800000| Untracked 
|  36|0x0000000609c00000, 0x0000000609c00000, 0x000000060a000000|  0%| F|  |TAMS 0x0000000609c00000, 0x0000000609c00000| Untracked 
|  37|0x000000060a000000, 0x000000060a000000, 0x000000060a400000|  0%| F|  |TAMS 0x000000060a000000, 0x000000060a000000| Untracked 
|  38|0x000000060a400000, 0x000000060a400000, 0x000000060a800000|  0%| F|  |TAMS 0x000000060a400000, 0x000000060a400000| Untracked 
|  39|0x000000060a800000, 0x000000060a800000, 0x000000060ac00000|  0%| F|  |TAMS 0x000000060a800000, 0x000000060a800000| Untracked 
|  40|0x000000060ac00000, 0x000000060ac00000, 0x000000060b000000|  0%| F|  |TAMS 0x000000060ac00000, 0x000000060ac00000| Untracked 
|  41|0x000000060b000000, 0x000000060b000000, 0x000000060b400000|  0%| F|  |TAMS 0x000000060b000000, 0x000000060b000000| Untracked 
|  42|0x000000060b400000, 0x000000060b400000, 0x000000060b800000|  0%| F|  |TAMS 0x000000060b400000, 0x000000060b400000| Untracked 
|  43|0x000000060b800000, 0x000000060b800000, 0x000000060bc00000|  0%| F|  |TAMS 0x000000060b800000, 0x000000060b800000| Untracked 
|  44|0x000000060bc00000, 0x000000060bc00000, 0x000000060c000000|  0%| F|  |TAMS 0x000000060bc00000, 0x000000060bc00000| Untracked 
|  45|0x000000060c000000, 0x000000060c000000, 0x000000060c400000|  0%| F|  |TAMS 0x000000060c000000, 0x000000060c000000| Untracked 
|  46|0x000000060c400000, 0x000000060c400000, 0x000000060c800000|  0%| F|  |TAMS 0x000000060c400000, 0x000000060c400000| Untracked 
|  47|0x000000060c800000, 0x000000060c800000, 0x000000060cc00000|  0%| F|  |TAMS 0x000000060c800000, 0x000000060c800000| Untracked 
|  48|0x000000060cc00000, 0x000000060cc00000, 0x000000060d000000|  0%| F|  |TAMS 0x000000060cc00000, 0x000000060cc00000| Untracked 
|  49|0x000000060d000000, 0x000000060d000000, 0x000000060d400000|  0%| F|  |TAMS 0x000000060d000000, 0x000000060d000000| Untracked 
|  50|0x000000060d400000, 0x000000060d400000, 0x000000060d800000|  0%| F|  |TAMS 0x000000060d400000, 0x000000060d400000| Untracked 
|  51|0x000000060d800000, 0x000000060d800000, 0x000000060dc00000|  0%| F|  |TAMS 0x000000060d800000, 0x000000060d800000| Untracked 
|  52|0x000000060dc00000, 0x000000060dc00000, 0x000000060e000000|  0%| F|  |TAMS 0x000000060dc00000, 0x000000060dc00000| Untracked 
|  53|0x000000060e000000, 0x000000060e000000, 0x000000060e400000|  0%| F|  |TAMS 0x000000060e000000, 0x000000060e000000| Untracked 
|  54|0x000000060e400000, 0x000000060e400000, 0x000000060e800000|  0%| F|  |TAMS 0x000000060e400000, 0x000000060e400000| Untracked 
|  55|0x000000060e800000, 0x000000060e800000, 0x000000060ec00000|  0%| F|  |TAMS 0x000000060e800000, 0x000000060e800000| Untracked 
|  56|0x000000060ec00000, 0x000000060ec00000, 0x000000060f000000|  0%| F|  |TAMS 0x000000060ec00000, 0x000000060ec00000| Untracked 
|  57|0x000000060f000000, 0x000000060f000000, 0x000000060f400000|  0%| F|  |TAMS 0x000000060f000000, 0x000000060f000000| Untracked 
|  58|0x000000060f400000, 0x000000060f400000, 0x000000060f800000|  0%| F|  |TAMS 0x000000060f400000, 0x000000060f400000| Untracked 
|  59|0x000000060f800000, 0x000000060f800000, 0x000000060fc00000|  0%| F|  |TAMS 0x000000060f800000, 0x000000060f800000| Untracked 
|  60|0x000000060fc00000, 0x000000060fc00000, 0x0000000610000000|  0%| F|  |TAMS 0x000000060fc00000, 0x000000060fc00000| Untracked 
|  61|0x0000000610000000, 0x0000000610000000, 0x0000000610400000|  0%| F|  |TAMS 0x0000000610000000, 0x0000000610000000| Untracked 
|  62|0x0000000610400000, 0x0000000610400000, 0x0000000610800000|  0%| F|  |TAMS 0x0000000610400000, 0x0000000610400000| Untracked 
|  63|0x0000000610800000, 0x0000000610b1ff08, 0x0000000610c00000| 78%| S|CS|TAMS 0x0000000610800000, 0x0000000610800000| Complete 
|  64|0x0000000610c00000, 0x0000000611000000, 0x0000000611000000|100%| S|CS|TAMS 0x0000000610c00000, 0x0000000610c00000| Complete 
|  65|0x0000000611000000, 0x0000000611400000, 0x0000000611400000|100%| S|CS|TAMS 0x0000000611000000, 0x0000000611000000| Complete 
|  66|0x0000000611400000, 0x0000000611800000, 0x0000000611800000|100%| S|CS|TAMS 0x0000000611400000, 0x0000000611400000| Complete 
|  67|0x0000000611800000, 0x0000000611c00000, 0x0000000611c00000|100%| S|CS|TAMS 0x0000000611800000, 0x0000000611800000| Complete 
|  68|0x0000000611c00000, 0x0000000612000000, 0x0000000612000000|100%| S|CS|TAMS 0x0000000611c00000, 0x0000000611c00000| Complete 
|  69|0x0000000612000000, 0x0000000612000000, 0x0000000612400000|  0%| F|  |TAMS 0x0000000612000000, 0x0000000612000000| Untracked 
|  70|0x0000000612400000, 0x0000000612400000, 0x0000000612800000|  0%| F|  |TAMS 0x0000000612400000, 0x0000000612400000| Untracked 
|  71|0x0000000612800000, 0x0000000612800000, 0x0000000612c00000|  0%| F|  |TAMS 0x0000000612800000, 0x0000000612800000| Untracked 
|  72|0x0000000612c00000, 0x0000000612c00000, 0x0000000613000000|  0%| F|  |TAMS 0x0000000612c00000, 0x0000000612c00000| Untracked 
|  73|0x0000000613000000, 0x0000000613000000, 0x0000000613400000|  0%| F|  |TAMS 0x0000000613000000, 0x0000000613000000| Untracked 
|  74|0x0000000613400000, 0x0000000613400000, 0x0000000613800000|  0%| F|  |TAMS 0x0000000613400000, 0x0000000613400000| Untracked 
|  75|0x0000000613800000, 0x0000000613800000, 0x0000000613c00000|  0%| F|  |TAMS 0x0000000613800000, 0x0000000613800000| Untracked 
|  76|0x0000000613c00000, 0x0000000613c00000, 0x0000000614000000|  0%| F|  |TAMS 0x0000000613c00000, 0x0000000613c00000| Untracked 
|  77|0x0000000614000000, 0x0000000614400000, 0x0000000614400000|100%| S|CS|TAMS 0x0000000614000000, 0x0000000614000000| Complete 
|  78|0x0000000614400000, 0x0000000614800000, 0x0000000614800000|100%| S|CS|TAMS 0x0000000614400000, 0x0000000614400000| Complete 
|  79|0x0000000614800000, 0x0000000614c00000, 0x0000000614c00000|100%| S|CS|TAMS 0x0000000614800000, 0x0000000614800000| Complete 
|  80|0x0000000614c00000, 0x0000000615000000, 0x0000000615000000|100%| S|CS|TAMS 0x0000000614c00000, 0x0000000614c00000| Complete 
|  81|0x0000000615000000, 0x0000000615000000, 0x0000000615400000|  0%| F|  |TAMS 0x0000000615000000, 0x0000000615000000| Untracked 
|  82|0x0000000615400000, 0x0000000615400000, 0x0000000615800000|  0%| F|  |TAMS 0x0000000615400000, 0x0000000615400000| Untracked 
|  83|0x0000000615800000, 0x0000000615800000, 0x0000000615c00000|  0%| F|  |TAMS 0x0000000615800000, 0x0000000615800000| Untracked 
|  84|0x0000000615c00000, 0x0000000615c00000, 0x0000000616000000|  0%| F|  |TAMS 0x0000000615c00000, 0x0000000615c00000| Untracked 
|  85|0x0000000616000000, 0x0000000616000000, 0x0000000616400000|  0%| F|  |TAMS 0x0000000616000000, 0x0000000616000000| Untracked 
|  86|0x0000000616400000, 0x0000000616400000, 0x0000000616800000|  0%| F|  |TAMS 0x0000000616400000, 0x0000000616400000| Untracked 
|  87|0x0000000616800000, 0x0000000616800000, 0x0000000616c00000|  0%| F|  |TAMS 0x0000000616800000, 0x0000000616800000| Untracked 
|  88|0x0000000616c00000, 0x0000000616c00000, 0x0000000617000000|  0%| F|  |TAMS 0x0000000616c00000, 0x0000000616c00000| Untracked 
|  89|0x0000000617000000, 0x0000000617000000, 0x0000000617400000|  0%| F|  |TAMS 0x0000000617000000, 0x0000000617000000| Untracked 
|  90|0x0000000617400000, 0x0000000617400000, 0x0000000617800000|  0%| F|  |TAMS 0x0000000617400000, 0x0000000617400000| Untracked 
|  91|0x0000000617800000, 0x0000000617800000, 0x0000000617c00000|  0%| F|  |TAMS 0x0000000617800000, 0x0000000617800000| Untracked 
|  92|0x0000000617c00000, 0x0000000617c00000, 0x0000000618000000|  0%| F|  |TAMS 0x0000000617c00000, 0x0000000617c00000| Untracked 
|  93|0x0000000618000000, 0x0000000618000000, 0x0000000618400000|  0%| F|  |TAMS 0x0000000618000000, 0x0000000618000000| Untracked 
|  94|0x0000000618400000, 0x0000000618400000, 0x0000000618800000|  0%| F|  |TAMS 0x0000000618400000, 0x0000000618400000| Untracked 
|  95|0x0000000618800000, 0x0000000618800000, 0x0000000618c00000|  0%| F|  |TAMS 0x0000000618800000, 0x0000000618800000| Untracked 
|  96|0x0000000618c00000, 0x0000000618c00000, 0x0000000619000000|  0%| F|  |TAMS 0x0000000618c00000, 0x0000000618c00000| Untracked 
|  97|0x0000000619000000, 0x0000000619000000, 0x0000000619400000|  0%| F|  |TAMS 0x0000000619000000, 0x0000000619000000| Untracked 
|  98|0x0000000619400000, 0x0000000619400000, 0x0000000619800000|  0%| F|  |TAMS 0x0000000619400000, 0x0000000619400000| Untracked 
|  99|0x0000000619800000, 0x0000000619800000, 0x0000000619c00000|  0%| F|  |TAMS 0x0000000619800000, 0x0000000619800000| Untracked 
| 100|0x0000000619c00000, 0x0000000619c00000, 0x000000061a000000|  0%| F|  |TAMS 0x0000000619c00000, 0x0000000619c00000| Untracked 
| 101|0x000000061a000000, 0x000000061a000000, 0x000000061a400000|  0%| F|  |TAMS 0x000000061a000000, 0x000000061a000000| Untracked 
| 102|0x000000061a400000, 0x000000061a400000, 0x000000061a800000|  0%| F|  |TAMS 0x000000061a400000, 0x000000061a400000| Untracked 
| 103|0x000000061a800000, 0x000000061a800000, 0x000000061ac00000|  0%| F|  |TAMS 0x000000061a800000, 0x000000061a800000| Untracked 
| 104|0x000000061ac00000, 0x000000061ac00000, 0x000000061b000000|  0%| F|  |TAMS 0x000000061ac00000, 0x000000061ac00000| Untracked 
| 105|0x000000061b000000, 0x000000061b000000, 0x000000061b400000|  0%| F|  |TAMS 0x000000061b000000, 0x000000061b000000| Untracked 
| 106|0x000000061b400000, 0x000000061b400000, 0x000000061b800000|  0%| F|  |TAMS 0x000000061b400000, 0x000000061b400000| Untracked 
| 107|0x000000061b800000, 0x000000061b800000, 0x000000061bc00000|  0%| F|  |TAMS 0x000000061b800000, 0x000000061b800000| Untracked 
| 108|0x000000061bc00000, 0x000000061bc00000, 0x000000061c000000|  0%| F|  |TAMS 0x000000061bc00000, 0x000000061bc00000| Untracked 
| 109|0x000000061c000000, 0x000000061c000000, 0x000000061c400000|  0%| F|  |TAMS 0x000000061c000000, 0x000000061c000000| Untracked 
| 110|0x000000061c400000, 0x000000061c400000, 0x000000061c800000|  0%| F|  |TAMS 0x000000061c400000, 0x000000061c400000| Untracked 
| 111|0x000000061c800000, 0x000000061c800000, 0x000000061cc00000|  0%| F|  |TAMS 0x000000061c800000, 0x000000061c800000| Untracked 
| 112|0x000000061cc00000, 0x000000061cc00000, 0x000000061d000000|  0%| F|  |TAMS 0x000000061cc00000, 0x000000061cc00000| Untracked 
| 113|0x000000061d000000, 0x000000061d000000, 0x000000061d400000|  0%| F|  |TAMS 0x000000061d000000, 0x000000061d000000| Untracked 
| 114|0x000000061d400000, 0x000000061d400000, 0x000000061d800000|  0%| F|  |TAMS 0x000000061d400000, 0x000000061d400000| Untracked 
| 115|0x000000061d800000, 0x000000061d800000, 0x000000061dc00000|  0%| F|  |TAMS 0x000000061d800000, 0x000000061d800000| Untracked 
| 116|0x000000061dc00000, 0x000000061dc00000, 0x000000061e000000|  0%| F|  |TAMS 0x000000061dc00000, 0x000000061dc00000| Untracked 
| 117|0x000000061e000000, 0x000000061e000000, 0x000000061e400000|  0%| F|  |TAMS 0x000000061e000000, 0x000000061e000000| Untracked 
| 118|0x000000061e400000, 0x000000061e400000, 0x000000061e800000|  0%| F|  |TAMS 0x000000061e400000, 0x000000061e400000| Untracked 
| 119|0x000000061e800000, 0x000000061e800000, 0x000000061ec00000|  0%| F|  |TAMS 0x000000061e800000, 0x000000061e800000| Untracked 
| 120|0x000000061ec00000, 0x000000061ec00000, 0x000000061f000000|  0%| F|  |TAMS 0x000000061ec00000, 0x000000061ec00000| Untracked 
| 121|0x000000061f000000, 0x000000061f000000, 0x000000061f400000|  0%| F|  |TAMS 0x000000061f000000, 0x000000061f000000| Untracked 
| 122|0x000000061f400000, 0x000000061f400000, 0x000000061f800000|  0%| F|  |TAMS 0x000000061f400000, 0x000000061f400000| Untracked 
| 123|0x000000061f800000, 0x000000061f800000, 0x000000061fc00000|  0%| F|  |TAMS 0x000000061f800000, 0x000000061f800000| Untracked 
| 124|0x000000061fc00000, 0x000000061fc00000, 0x0000000620000000|  0%| F|  |TAMS 0x000000061fc00000, 0x000000061fc00000| Untracked 
| 125|0x0000000620000000, 0x0000000620000000, 0x0000000620400000|  0%| F|  |TAMS 0x0000000620000000, 0x0000000620000000| Untracked 
| 126|0x0000000620400000, 0x0000000620400000, 0x0000000620800000|  0%| F|  |TAMS 0x0000000620400000, 0x0000000620400000| Untracked 
| 127|0x0000000620800000, 0x0000000620800000, 0x0000000620c00000|  0%| F|  |TAMS 0x0000000620800000, 0x0000000620800000| Untracked 
| 128|0x0000000620c00000, 0x0000000620c00000, 0x0000000621000000|  0%| F|  |TAMS 0x0000000620c00000, 0x0000000620c00000| Untracked 
| 129|0x0000000621000000, 0x0000000621000000, 0x0000000621400000|  0%| F|  |TAMS 0x0000000621000000, 0x0000000621000000| Untracked 
| 130|0x0000000621400000, 0x0000000621400000, 0x0000000621800000|  0%| F|  |TAMS 0x0000000621400000, 0x0000000621400000| Untracked 
| 131|0x0000000621800000, 0x0000000621800000, 0x0000000621c00000|  0%| F|  |TAMS 0x0000000621800000, 0x0000000621800000| Untracked 
| 132|0x0000000621c00000, 0x0000000621c00000, 0x0000000622000000|  0%| F|  |TAMS 0x0000000621c00000, 0x0000000621c00000| Untracked 
| 133|0x0000000622000000, 0x0000000622000000, 0x0000000622400000|  0%| F|  |TAMS 0x0000000622000000, 0x0000000622000000| Untracked 
| 134|0x0000000622400000, 0x0000000622400000, 0x0000000622800000|  0%| F|  |TAMS 0x0000000622400000, 0x0000000622400000| Untracked 
| 135|0x0000000622800000, 0x0000000622800000, 0x0000000622c00000|  0%| F|  |TAMS 0x0000000622800000, 0x0000000622800000| Untracked 
| 136|0x0000000622c00000, 0x0000000622c00000, 0x0000000623000000|  0%| F|  |TAMS 0x0000000622c00000, 0x0000000622c00000| Untracked 
| 137|0x0000000623000000, 0x0000000623000000, 0x0000000623400000|  0%| F|  |TAMS 0x0000000623000000, 0x0000000623000000| Untracked 
| 138|0x0000000623400000, 0x0000000623400000, 0x0000000623800000|  0%| F|  |TAMS 0x0000000623400000, 0x0000000623400000| Untracked 
| 139|0x0000000623800000, 0x0000000623800000, 0x0000000623c00000|  0%| F|  |TAMS 0x0000000623800000, 0x0000000623800000| Untracked 
| 140|0x0000000623c00000, 0x0000000623c00000, 0x0000000624000000|  0%| F|  |TAMS 0x0000000623c00000, 0x0000000623c00000| Untracked 
| 141|0x0000000624000000, 0x0000000624000000, 0x0000000624400000|  0%| F|  |TAMS 0x0000000624000000, 0x0000000624000000| Untracked 
| 142|0x0000000624400000, 0x0000000624400000, 0x0000000624800000|  0%| F|  |TAMS 0x0000000624400000, 0x0000000624400000| Untracked 
| 143|0x0000000624800000, 0x0000000624800000, 0x0000000624c00000|  0%| F|  |TAMS 0x0000000624800000, 0x0000000624800000| Untracked 
| 144|0x0000000624c00000, 0x0000000624c00000, 0x0000000625000000|  0%| F|  |TAMS 0x0000000624c00000, 0x0000000624c00000| Untracked 
| 145|0x0000000625000000, 0x0000000625000000, 0x0000000625400000|  0%| F|  |TAMS 0x0000000625000000, 0x0000000625000000| Untracked 
| 146|0x0000000625400000, 0x0000000625400000, 0x0000000625800000|  0%| F|  |TAMS 0x0000000625400000, 0x0000000625400000| Untracked 
| 147|0x0000000625800000, 0x0000000625800000, 0x0000000625c00000|  0%| F|  |TAMS 0x0000000625800000, 0x0000000625800000| Untracked 
| 148|0x0000000625c00000, 0x0000000625c00000, 0x0000000626000000|  0%| F|  |TAMS 0x0000000625c00000, 0x0000000625c00000| Untracked 
| 149|0x0000000626000000, 0x0000000626000000, 0x0000000626400000|  0%| F|  |TAMS 0x0000000626000000, 0x0000000626000000| Untracked 
| 150|0x0000000626400000, 0x0000000626400000, 0x0000000626800000|  0%| F|  |TAMS 0x0000000626400000, 0x0000000626400000| Untracked 
| 151|0x0000000626800000, 0x0000000626800000, 0x0000000626c00000|  0%| F|  |TAMS 0x0000000626800000, 0x0000000626800000| Untracked 
| 152|0x0000000626c00000, 0x0000000626c00000, 0x0000000627000000|  0%| F|  |TAMS 0x0000000626c00000, 0x0000000626c00000| Untracked 
| 153|0x0000000627000000, 0x0000000627000000, 0x0000000627400000|  0%| F|  |TAMS 0x0000000627000000, 0x0000000627000000| Untracked 
| 154|0x0000000627400000, 0x0000000627400000, 0x0000000627800000|  0%| F|  |TAMS 0x0000000627400000, 0x0000000627400000| Untracked 
| 155|0x0000000627800000, 0x0000000627800000, 0x0000000627c00000|  0%| F|  |TAMS 0x0000000627800000, 0x0000000627800000| Untracked 
| 156|0x0000000627c00000, 0x0000000627c00000, 0x0000000628000000|  0%| F|  |TAMS 0x0000000627c00000, 0x0000000627c00000| Untracked 
| 157|0x0000000628000000, 0x0000000628000000, 0x0000000628400000|  0%| F|  |TAMS 0x0000000628000000, 0x0000000628000000| Untracked 
| 158|0x0000000628400000, 0x0000000628400000, 0x0000000628800000|  0%| F|  |TAMS 0x0000000628400000, 0x0000000628400000| Untracked 
| 159|0x0000000628800000, 0x0000000628800000, 0x0000000628c00000|  0%| F|  |TAMS 0x0000000628800000, 0x0000000628800000| Untracked 
| 160|0x0000000628c00000, 0x0000000628c00000, 0x0000000629000000|  0%| F|  |TAMS 0x0000000628c00000, 0x0000000628c00000| Untracked 
| 161|0x0000000629000000, 0x0000000629000000, 0x0000000629400000|  0%| F|  |TAMS 0x0000000629000000, 0x0000000629000000| Untracked 
| 162|0x0000000629400000, 0x0000000629400000, 0x0000000629800000|  0%| F|  |TAMS 0x0000000629400000, 0x0000000629400000| Untracked 
| 163|0x0000000629800000, 0x0000000629800000, 0x0000000629c00000|  0%| F|  |TAMS 0x0000000629800000, 0x0000000629800000| Untracked 
| 164|0x0000000629c00000, 0x0000000629c00000, 0x000000062a000000|  0%| F|  |TAMS 0x0000000629c00000, 0x0000000629c00000| Untracked 
| 165|0x000000062a000000, 0x000000062a000000, 0x000000062a400000|  0%| F|  |TAMS 0x000000062a000000, 0x000000062a000000| Untracked 
| 166|0x000000062a400000, 0x000000062a400000, 0x000000062a800000|  0%| F|  |TAMS 0x000000062a400000, 0x000000062a400000| Untracked 
| 167|0x000000062a800000, 0x000000062a800000, 0x000000062ac00000|  0%| F|  |TAMS 0x000000062a800000, 0x000000062a800000| Untracked 
| 168|0x000000062ac00000, 0x000000062ac00000, 0x000000062b000000|  0%| F|  |TAMS 0x000000062ac00000, 0x000000062ac00000| Untracked 
| 169|0x000000062b000000, 0x000000062b000000, 0x000000062b400000|  0%| F|  |TAMS 0x000000062b000000, 0x000000062b000000| Untracked 
| 170|0x000000062b400000, 0x000000062b400000, 0x000000062b800000|  0%| F|  |TAMS 0x000000062b400000, 0x000000062b400000| Untracked 
| 171|0x000000062b800000, 0x000000062b800000, 0x000000062bc00000|  0%| F|  |TAMS 0x000000062b800000, 0x000000062b800000| Untracked 
| 172|0x000000062bc00000, 0x000000062bc00000, 0x000000062c000000|  0%| F|  |TAMS 0x000000062bc00000, 0x000000062bc00000| Untracked 
| 173|0x000000062c000000, 0x000000062c000000, 0x000000062c400000|  0%| F|  |TAMS 0x000000062c000000, 0x000000062c000000| Untracked 
| 174|0x000000062c400000, 0x000000062c400000, 0x000000062c800000|  0%| F|  |TAMS 0x000000062c400000, 0x000000062c400000| Untracked 
| 175|0x000000062c800000, 0x000000062c800000, 0x000000062cc00000|  0%| F|  |TAMS 0x000000062c800000, 0x000000062c800000| Untracked 
| 176|0x000000062cc00000, 0x000000062cc00000, 0x000000062d000000|  0%| F|  |TAMS 0x000000062cc00000, 0x000000062cc00000| Untracked 
| 177|0x000000062d000000, 0x000000062d000000, 0x000000062d400000|  0%| F|  |TAMS 0x000000062d000000, 0x000000062d000000| Untracked 
| 178|0x000000062d400000, 0x000000062d400000, 0x000000062d800000|  0%| F|  |TAMS 0x000000062d400000, 0x000000062d400000| Untracked 
| 179|0x000000062d800000, 0x000000062d800000, 0x000000062dc00000|  0%| F|  |TAMS 0x000000062d800000, 0x000000062d800000| Untracked 
| 180|0x000000062dc00000, 0x000000062dc00000, 0x000000062e000000|  0%| F|  |TAMS 0x000000062dc00000, 0x000000062dc00000| Untracked 

Card table byte_map: [0x000002e0f0be0000,0x000002e0f1be0000] _byte_map_base: 0x000002e0edbda000

Marking Bits (Prev, Next): (CMBitMap*) 0x000002e0e7f57b80, (CMBitMap*) 0x000002e0e7f57bc0
 Prev Bits: [0x000002e0f2be0000, 0x000002e0fabb0000)
 Next Bits: [0x000002e080000000, 0x000002e087fd0000)

Polling page: 0x000002e0e7f70000

Metaspace:

Usage:
  Non-class:     33.49 MB used.
      Class:      4.86 MB used.
       Both:     38.35 MB used.

Virtual space:
  Non-class space:       40.00 MB reserved,      33.69 MB ( 84%) committed,  5 nodes.
      Class space:        1.00 GB reserved,       5.06 MB ( <1%) committed,  1 nodes.
             Both:        1.04 GB reserved,      38.75 MB (  4%) committed. 

Chunk freelists:
   Non-Class:  1.92 MB
       Class:  2.98 MB
        Both:  4.91 MB

MaxMetaspaceSize: unlimited
CompressedClassSpaceSize: 1.00 GB
Initial GC threshold: 21.00 MB
Current GC threshold: 59.19 MB
CDS: off
MetaspaceReclaimPolicy: balanced
 - commit_granule_bytes: 65536.
 - commit_granule_words: 8192.
 - virtual_space_node_default_size: 1048576.
 - enlarge_chunks_in_place: 1.
 - new_chunks_are_fully_committed: 0.
 - uncommit_free_chunks: 1.
 - use_allocation_guard: 0.
 - handle_deallocations: 1.


Internal statistics:

num_allocs_failed_limit: 6.
num_arena_births: 398.
num_arena_deaths: 0.
num_vsnodes_births: 6.
num_vsnodes_deaths: 0.
num_space_committed: 620.
num_space_uncommitted: 0.
num_chunks_returned_to_freelist: 6.
num_chunks_taken_from_freelist: 1560.
num_chunk_merges: 6.
num_chunk_splits: 1069.
num_chunks_enlarged: 822.
num_purges: 0.
num_inconsistent_stats: 0.

CodeCache: size=49152Kb used=9942Kb max_used=9942Kb free=39209Kb
 bounds [0x000002e0ec300000, 0x000002e0eccc0000, 0x000002e0ef300000]
 total_blobs=4750 nmethods=4210 adapters=464
 compilation: enabled
              stopped_count=0, restarted_count=0
 full_count=0

Compilation events (20 events):
Event: 3.988 Thread 0x000002e0fd99f670 4202       1       io.github.classgraph.ObjectTypedValueWrapper::instantiateOrGet (416 bytes)
Event: 3.988 Thread 0x000002e0fd99b990 4203       1       io.github.classgraph.Classfile::extendScanningUpwardsFromAnnotationParameterValues (166 bytes)
Event: 3.989 Thread 0x000002e0fd99b990 nmethod 4203 0x000002e0eccad310 code [0x000002e0eccad5a0, 0x000002e0eccaddc8]
Event: 3.989 Thread 0x000002e0fd99f670 nmethod 4202 0x000002e0eccae310 code [0x000002e0eccae5e0, 0x000002e0eccaef68]
Event: 3.989 Thread 0x000002e0fd99b990 4204       1       io.github.classgraph.AnnotationParameterValue::<init> (22 bytes)
Event: 3.989 Thread 0x000002e0fd99f670 4205       1       io.github.classgraph.AnnotationParameterValue::getValue (19 bytes)
Event: 3.989 Thread 0x000002e0fd99f670 nmethod 4205 0x000002e0eccaf210 code [0x000002e0eccaf3a0, 0x000002e0eccaf4c8]
Event: 3.989 Thread 0x000002e0fd99f670 4206       1       io.github.classgraph.ObjectTypedValueWrapper::get (7 bytes)
Event: 3.989 Thread 0x000002e0fd99b990 nmethod 4204 0x000002e0eccaf590 code [0x000002e0eccaf740, 0x000002e0eccaf968]
Event: 3.989 Thread 0x000002e0febb6640 nmethod 4201 0x000002e0eccafa10 code [0x000002e0eccafe00, 0x000002e0eccb1ba8]
Event: 3.989 Thread 0x000002e0fd99f670 nmethod 4206 0x000002e0eccb2190 code [0x000002e0eccb2320, 0x000002e0eccb2408]
Event: 3.989 Thread 0x000002e0fd7936f0 nmethod 4200 0x000002e0eccb2490 code [0x000002e0eccb2900, 0x000002e0eccb3d18]
Event: 4.167 Thread 0x000002e0febb6640 4207       1       io.github.classgraph.ClasspathElementZip::getResource (12 bytes)
Event: 4.167 Thread 0x000002e0febb6640 nmethod 4207 0x000002e0eccb4790 code [0x000002e0eccb4920, 0x000002e0eccb4a48]
Event: 4.179 Thread 0x000002e0febb6640 4208       1       io.github.classgraph.ClasspathElementModule::getResource (23 bytes)
Event: 4.180 Thread 0x000002e0febb6640 nmethod 4208 0x000002e0eccb4b10 code [0x000002e0eccb4cc0, 0x000002e0eccb5068]
Event: 4.180 Thread 0x000002e0fd99b990 4209       1       sun.nio.fs.WindowsException::lastError (5 bytes)
Event: 4.180 Thread 0x000002e0fd99b990 nmethod 4209 0x000002e0eccb5190 code [0x000002e0eccb5320, 0x000002e0eccb53f8]
Event: 4.195 Thread 0x000002e0febb6640 4210       1       java.lang.Exception::<init> (6 bytes)
Event: 4.195 Thread 0x000002e0febb6640 nmethod 4210 0x000002e0eccb5490 code [0x000002e0eccb5640, 0x000002e0eccb58e8]

GC Heap History (20 events):
Event: 3.004 GC heap after
{Heap after GC invocations=15 (full 0):
 garbage-first heap   total 163840K, used 63060K [0x0000000600c00000, 0x0000000800000000)
  region size 4096K, 3 young (12288K), 3 survivors (12288K)
 Metaspace       used 38978K, committed 39360K, reserved 1089536K
  class space    used 4942K, committed 5120K, reserved 1048576K
}
Event: 3.013 GC heap before
{Heap before GC invocations=15 (full 0):
 garbage-first heap   total 163840K, used 104020K [0x0000000600c00000, 0x0000000800000000)
  region size 4096K, 14 young (57344K), 3 survivors (12288K)
 Metaspace       used 38996K, committed 39360K, reserved 1089536K
  class space    used 4943K, committed 5120K, reserved 1048576K
}
Event: 3.017 GC heap after
{Heap after GC invocations=16 (full 0):
 garbage-first heap   total 163840K, used 67824K [0x0000000600c00000, 0x0000000800000000)
  region size 4096K, 1 young (4096K), 1 survivors (4096K)
 Metaspace       used 38996K, committed 39360K, reserved 1089536K
  class space    used 4943K, committed 5120K, reserved 1048576K
}
Event: 3.025 GC heap before
{Heap before GC invocations=16 (full 0):
 garbage-first heap   total 163840K, used 108784K [0x0000000600c00000, 0x0000000800000000)
  region size 4096K, 12 young (49152K), 1 survivors (4096K)
 Metaspace       used 38996K, committed 39360K, reserved 1089536K
  class space    used 4943K, committed 5120K, reserved 1048576K
}
Event: 3.026 GC heap after
{Heap after GC invocations=17 (full 0):
 garbage-first heap   total 327680K, used 68295K [0x0000000600c00000, 0x0000000800000000)
  region size 4096K, 1 young (4096K), 1 survivors (4096K)
 Metaspace       used 38996K, committed 39360K, reserved 1089536K
  class space    used 4943K, committed 5120K, reserved 1048576K
}
Event: 3.063 GC heap before
{Heap before GC invocations=17 (full 0):
 garbage-first heap   total 327680K, used 232135K [0x0000000600c00000, 0x0000000800000000)
  region size 4096K, 42 young (172032K), 1 survivors (4096K)
 Metaspace       used 39068K, committed 39424K, reserved 1089536K
  class space    used 4958K, committed 5120K, reserved 1048576K
}
Event: 3.067 GC heap after
{Heap after GC invocations=18 (full 0):
 garbage-first heap   total 327680K, used 74448K [0x0000000600c00000, 0x0000000800000000)
  region size 4096K, 3 young (12288K), 3 survivors (12288K)
 Metaspace       used 39068K, committed 39424K, reserved 1089536K
  class space    used 4958K, committed 5120K, reserved 1048576K
}
Event: 3.090 GC heap before
{Heap before GC invocations=18 (full 0):
 garbage-first heap   total 327680K, used 238288K [0x0000000600c00000, 0x0000000800000000)
  region size 4096K, 44 young (180224K), 3 survivors (12288K)
 Metaspace       used 39141K, committed 39552K, reserved 1089536K
  class space    used 4970K, committed 5184K, reserved 1048576K
}
Event: 3.094 GC heap after
{Heap after GC invocations=19 (full 0):
 garbage-first heap   total 327680K, used 81609K [0x0000000600c00000, 0x0000000800000000)
  region size 4096K, 5 young (20480K), 5 survivors (20480K)
 Metaspace       used 39141K, committed 39552K, reserved 1089536K
  class space    used 4970K, committed 5184K, reserved 1048576K
}
Event: 3.114 GC heap before
{Heap before GC invocations=19 (full 0):
 garbage-first heap   total 327680K, used 245449K [0x0000000600c00000, 0x0000000800000000)
  region size 4096K, 46 young (188416K), 5 survivors (20480K)
 Metaspace       used 39141K, committed 39552K, reserved 1089536K
  class space    used 4971K, committed 5184K, reserved 1048576K
}
Event: 3.120 GC heap after
{Heap after GC invocations=20 (full 0):
 garbage-first heap   total 327680K, used 88876K [0x0000000600c00000, 0x0000000800000000)
  region size 4096K, 4 young (16384K), 4 survivors (16384K)
 Metaspace       used 39141K, committed 39552K, reserved 1089536K
  class space    used 4971K, committed 5184K, reserved 1048576K
}
Event: 3.143 GC heap before
{Heap before GC invocations=20 (full 0):
 garbage-first heap   total 327680K, used 252716K [0x0000000600c00000, 0x0000000800000000)
  region size 4096K, 45 young (184320K), 4 survivors (16384K)
 Metaspace       used 39141K, committed 39552K, reserved 1089536K
  class space    used 4971K, committed 5184K, reserved 1048576K
}
Event: 3.150 GC heap after
{Heap after GC invocations=21 (full 0):
 garbage-first heap   total 741376K, used 96128K [0x0000000600c00000, 0x0000000800000000)
  region size 4096K, 4 young (16384K), 4 survivors (16384K)
 Metaspace       used 39141K, committed 39552K, reserved 1089536K
  class space    used 4971K, committed 5184K, reserved 1048576K
}
Event: 3.226 GC heap before
{Heap before GC invocations=21 (full 0):
 garbage-first heap   total 741376K, used 518016K [0x0000000600c00000, 0x0000000800000000)
  region size 4096K, 108 young (442368K), 4 survivors (16384K)
 Metaspace       used 39141K, committed 39552K, reserved 1089536K
  class space    used 4971K, committed 5184K, reserved 1048576K
}
Event: 3.235 GC heap after
{Heap after GC invocations=22 (full 0):
 garbage-first heap   total 741376K, used 111440K [0x0000000600c00000, 0x0000000800000000)
  region size 4096K, 8 young (32768K), 8 survivors (32768K)
 Metaspace       used 39141K, committed 39552K, reserved 1089536K
  class space    used 4971K, committed 5184K, reserved 1048576K
}
Event: 3.389 GC heap before
{Heap before GC invocations=22 (full 0):
 garbage-first heap   total 741376K, used 516944K [0x0000000600c00000, 0x0000000800000000)
  region size 4096K, 108 young (442368K), 8 survivors (32768K)
 Metaspace       used 39272K, committed 39680K, reserved 1089536K
  class space    used 4979K, committed 5184K, reserved 1048576K
}
Event: 3.399 GC heap after
{Heap after GC invocations=23 (full 0):
 garbage-first heap   total 741376K, used 136987K [0x0000000600c00000, 0x0000000800000000)
  region size 4096K, 12 young (49152K), 12 survivors (49152K)
 Metaspace       used 39272K, committed 39680K, reserved 1089536K
  class space    used 4979K, committed 5184K, reserved 1048576K
}
Event: 3.825 GC heap before
{Heap before GC invocations=23 (full 0):
 garbage-first heap   total 741376K, used 526107K [0x0000000600c00000, 0x0000000800000000)
  region size 4096K, 108 young (442368K), 12 survivors (49152K)
 Metaspace       used 39272K, committed 39680K, reserved 1089536K
  class space    used 4979K, committed 5184K, reserved 1048576K
}
Event: 3.838 GC heap after
{Heap after GC invocations=24 (full 0):
 garbage-first heap   total 741376K, used 158917K [0x0000000600c00000, 0x0000000800000000)
  region size 4096K, 12 young (49152K), 12 survivors (49152K)
 Metaspace       used 39272K, committed 39680K, reserved 1089536K
  class space    used 4979K, committed 5184K, reserved 1048576K
}
Event: 4.237 GC heap before
{Heap before GC invocations=24 (full 0):
 garbage-first heap   total 741376K, used 548037K [0x0000000600c00000, 0x0000000800000000)
  region size 4096K, 108 young (442368K), 12 survivors (49152K)
 Metaspace       used 39272K, committed 39680K, reserved 1089536K
  class space    used 4979K, committed 5184K, reserved 1048576K
}

Deoptimization events (14 events):
Event: 1.309 Thread 0x000002e0e7eaa0a0 DEOPT PACKING pc=0x000002e0ec86d979 sp=0x000000f9f9afd310
Event: 1.309 Thread 0x000002e0e7eaa0a0 DEOPT UNPACKING pc=0x000002e0ec352b43 sp=0x000000f9f9afc7f0 mode 3
Event: 1.753 Thread 0x000002e0e7eaa0a0 DEOPT PACKING pc=0x000002e0ec9878d5 sp=0x000000f9f9afb200
Event: 1.753 Thread 0x000002e0e7eaa0a0 DEOPT UNPACKING pc=0x000002e0ec352b43 sp=0x000000f9f9afa718 mode 3
Event: 2.104 Thread 0x000002e0e7eaa0a0 DEOPT PACKING pc=0x000002e0ec9fcf79 sp=0x000000f9f9afc6f0
Event: 2.104 Thread 0x000002e0e7eaa0a0 DEOPT UNPACKING pc=0x000002e0ec352b43 sp=0x000000f9f9afbbd0 mode 3
Event: 2.314 Thread 0x000002e0ff7546b0 DEOPT PACKING pc=0x000002e0ecab46ed sp=0x000000f9fbbfd260
Event: 2.314 Thread 0x000002e0ff7546b0 DEOPT UNPACKING pc=0x000002e0ec352b43 sp=0x000000f9fbbfc788 mode 3
Event: 2.328 Thread 0x000002e0ff5b95a0 DEOPT PACKING pc=0x000002e0ec86bc89 sp=0x000000f9fbafde70
Event: 2.328 Thread 0x000002e0ff5b95a0 DEOPT UNPACKING pc=0x000002e0ec352b43 sp=0x000000f9fbafd300 mode 3
Event: 2.328 Thread 0x000002e0ff772030 DEOPT PACKING pc=0x000002e0ec86901f sp=0x000000f9fbdff090
Event: 2.328 Thread 0x000002e0ff772030 DEOPT UNPACKING pc=0x000002e0ec352b43 sp=0x000000f9fbdfe4e8 mode 3
Event: 2.379 Thread 0x000002e0ff755150 DEOPT PACKING pc=0x000002e0ecad8893 sp=0x000000f9fbcfe350
Event: 2.379 Thread 0x000002e0ff755150 DEOPT UNPACKING pc=0x000002e0ec352b43 sp=0x000000f9fbcfd898 mode 3

Classes unloaded (0 events):
No events

Classes redefined (0 events):
No events

Internal exceptions (20 events):
Event: 4.193 Thread 0x000002e0ff87b270 Exception <a 'sun/nio/fs/WindowsException'{0x0000000619647ec8}> (0x0000000619647ec8) 
thrown [s\src\hotspot\share\prims\jni.cpp, line 516]
Event: 4.193 Thread 0x000002e0ff87b270 Exception <a 'sun/nio/fs/WindowsException'{0x0000000619648390}> (0x0000000619648390) 
thrown [s\src\hotspot\share\prims\jni.cpp, line 516]
Event: 4.194 Thread 0x000002e0ff7ccf70 Exception <a 'sun/nio/fs/WindowsException'{0x0000000619794d40}> (0x0000000619794d40) 
thrown [s\src\hotspot\share\prims\jni.cpp, line 516]
Event: 4.194 Thread 0x000002e0ff7ccf70 Exception <a 'sun/nio/fs/WindowsException'{0x0000000619795270}> (0x0000000619795270) 
thrown [s\src\hotspot\share\prims\jni.cpp, line 516]
Event: 4.194 Thread 0x000002e0ff87b270 Exception <a 'sun/nio/fs/WindowsException'{0x00000006196544e0}> (0x00000006196544e0) 
thrown [s\src\hotspot\share\prims\jni.cpp, line 516]
Event: 4.194 Thread 0x000002e0ff87b270 Exception <a 'sun/nio/fs/WindowsException'{0x00000006196549c0}> (0x00000006196549c0) 
thrown [s\src\hotspot\share\prims\jni.cpp, line 516]
Event: 4.194 Thread 0x000002e0ff8790c0 Exception <a 'sun/nio/fs/WindowsException'{0x00000006195c1d60}> (0x00000006195c1d60) 
thrown [s\src\hotspot\share\prims\jni.cpp, line 516]
Event: 4.194 Thread 0x000002e0ff8790c0 Exception <a 'sun/nio/fs/WindowsException'{0x00000006195c21e0}> (0x00000006195c21e0) 
thrown [s\src\hotspot\share\prims\jni.cpp, line 516]
Event: 4.195 Thread 0x000002e0ff879f30 Exception <a 'sun/nio/fs/WindowsException'{0x0000000618ffa388}> (0x0000000618ffa388) 
thrown [s\src\hotspot\share\prims\jni.cpp, line 516]
Event: 4.195 Thread 0x000002e0ff879f30 Exception <a 'sun/nio/fs/WindowsException'{0x0000000618ffa830}> (0x0000000618ffa830) 
thrown [s\src\hotspot\share\prims\jni.cpp, line 516]
Event: 4.195 Thread 0x000002e0ff879590 Exception <a 'sun/nio/fs/WindowsException'{0x00000006191ebcc8}> (0x00000006191ebcc8) 
thrown [s\src\hotspot\share\prims\jni.cpp, line 516]
Event: 4.195 Thread 0x000002e0ff879590 Exception <a 'sun/nio/fs/WindowsException'{0x00000006191ec100}> (0x00000006191ec100) 
thrown [s\src\hotspot\share\prims\jni.cpp, line 516]
Event: 4.200 Thread 0x000002e0ff875700 Exception <a 'sun/nio/fs/WindowsException'{0x0000000618a47d18}> (0x0000000618a47d18) 
thrown [s\src\hotspot\share\prims\jni.cpp, line 516]
Event: 4.200 Thread 0x000002e0ff875700 Exception <a 'sun/nio/fs/WindowsException'{0x0000000618a48168}> (0x0000000618a48168) 
thrown [s\src\hotspot\share\prims\jni.cpp, line 516]
Event: 4.200 Thread 0x000002e0ff879f30 Exception <a 'sun/nio/fs/WindowsException'{0x0000000618b602e8}> (0x0000000618b602e8) 
thrown [s\src\hotspot\share\prims\jni.cpp, line 516]
Event: 4.200 Thread 0x000002e0ff879f30 Exception <a 'sun/nio/fs/WindowsException'{0x0000000618b60750}> (0x0000000618b60750) 
thrown [s\src\hotspot\share\prims\jni.cpp, line 516]
Event: 4.200 Thread 0x000002e0ff873ef0 Exception <a 'sun/nio/fs/WindowsException'{0x000000061866eea0}> (0x000000061866eea0) 
thrown [s\src\hotspot\share\prims\jni.cpp, line 516]
Event: 4.200 Thread 0x000002e0ff873ef0 Exception <a 'sun/nio/fs/WindowsException'{0x000000061866f2f0}> (0x000000061866f2f0) 
thrown [s\src\hotspot\share\prims\jni.cpp, line 516]
Event: 4.200 Thread 0x000002e0ff879590 Exception <a 'sun/nio/fs/WindowsException'{0x00000006185ee310}> (0x00000006185ee310) 
thrown [s\src\hotspot\share\prims\jni.cpp, line 516]
Event: 4.200 Thread 0x000002e0ff879590 Exception <a 'sun/nio/fs/WindowsException'{0x00000006185ee760}> (0x00000006185ee760) 
thrown [s\src\hotspot\share\prims\jni.cpp, line 516]

VM Operations (20 events):
Event: 3.094 Executing VM operation: G1CollectForAllocation done
Event: 3.113 Executing VM operation: G1CollectForAllocation
Event: 3.114 Executing VM operation: G1CollectForAllocation done
Event: 3.114 Executing VM operation: G1CollectForAllocation
Event: 3.120 Executing VM operation: G1CollectForAllocation done
Event: 3.143 Executing VM operation: G1CollectForAllocation
Event: 3.143 Executing VM operation: G1CollectForAllocation done
Event: 3.143 Executing VM operation: G1CollectForAllocation
Event: 3.150 Executing VM operation: G1CollectForAllocation done
Event: 3.226 Executing VM operation: G1CollectForAllocation
Event: 3.226 Executing VM operation: G1CollectForAllocation done
Event: 3.226 Executing VM operation: G1CollectForAllocation
Event: 3.235 Executing VM operation: G1CollectForAllocation done
Event: 3.389 Executing VM operation: G1CollectForAllocation
Event: 3.400 Executing VM operation: G1CollectForAllocation done
Event: 3.825 Executing VM operation: G1CollectForAllocation
Event: 3.839 Executing VM operation: G1CollectForAllocation done
Event: 4.237 Executing VM operation: G1CollectForAllocation
Event: 4.237 Executing VM operation: G1CollectForAllocation done
Event: 4.237 Executing VM operation: G1CollectForAllocation

Events (20 events):
Event: 2.896 loading class java/util/WeakHashMap$EntrySet done
Event: 2.896 loading class java/util/WeakHashMap$EntryIterator
Event: 2.896 loading class java/util/WeakHashMap$HashIterator
Event: 2.896 loading class java/util/WeakHashMap$HashIterator done
Event: 2.896 loading class java/util/WeakHashMap$EntryIterator done
Event: 2.899 Thread 0x000002e0ff8773e0 Thread added: 0x000002e0ff8773e0
Event: 2.901 Thread 0x000002e0ff8743c0 Thread added: 0x000002e0ff8743c0
Event: 2.902 loading class java/security/NoSuchAlgorithmException
Event: 2.902 loading class java/security/NoSuchAlgorithmException done
Event: 2.903 loading class sun/security/provider/MD5
Event: 2.903 loading class sun/security/provider/MD5 done
Event: 2.903 loading class sun/security/provider/ByteArrayAccess$LE
Event: 2.903 loading class sun/security/provider/ByteArrayAccess$LE done
Event: 2.907 Thread 0x000002e0ff878720 Thread added: 0x000002e0ff878720
Event: 3.027 Thread 0x000002e0ff874d60 Thread added: 0x000002e0ff874d60
Event: 3.050 Thread 0x000002e0ff875230 Thread added: 0x000002e0ff875230
Event: 3.063 loading class java/nio/file/FileTreeIterator
Event: 3.063 loading class java/nio/file/FileTreeIterator done
Event: 3.079 loading class java/util/stream/ForEachOps$ForEachOp$OfRef
Event: 3.079 loading class java/util/stream/ForEachOps$ForEachOp$OfRef done


Dynamic libraries:
0x00007ff786a10000 - 0x00007ff786a1e000 	c:\Users\tomok\.vscode\extensions\redhat.java-1.12.0-win32-x64\jre\17.0.4.1-win32-x86_64\bin\java.exe
0x00007fff0eb50000 - 0x00007fff0ed64000 	C:\WINDOWS\SYSTEM32\ntdll.dll
0x00007fff0de60000 - 0x00007fff0df22000 	C:\WINDOWS\System32\KERNEL32.DLL
0x00007fff0c490000 - 0x00007fff0c82d000 	C:\WINDOWS\System32\KERNELBASE.dll
0x00007fff0bf80000 - 0x00007fff0c091000 	C:\WINDOWS\System32\ucrtbase.dll
0x00007ffede870000 - 0x00007ffede888000 	c:\Users\tomok\.vscode\extensions\redhat.java-1.12.0-win32-x64\jre\17.0.4.1-win32-x86_64\bin\jli.dll
0x00007ffede0a0000 - 0x00007ffede0b9000 	c:\Users\tomok\.vscode\extensions\redhat.java-1.12.0-win32-x64\jre\17.0.4.1-win32-x86_64\bin\VCRUNTIME140.dll
0x00007fff0dba0000 - 0x00007fff0dd4d000 	C:\WINDOWS\System32\USER32.dll
0x00007ffef1590000 - 0x00007ffef181e000 	C:\WINDOWS\WinSxS\amd64_microsoft.windows.common-controls_6595b64144ccf1df_6.0.22621.436_none_a94247dbc10d8414\COMCTL32.dll
0x00007fff0e260000 - 0x00007fff0e307000 	C:\WINDOWS\System32\msvcrt.dll
0x00007fff0c8b0000 - 0x00007fff0c8d6000 	C:\WINDOWS\System32\win32u.dll
0x00007fff0cc70000 - 0x00007fff0cc99000 	C:\WINDOWS\System32\GDI32.dll
0x00007fff0c0a0000 - 0x00007fff0c1b2000 	C:\WINDOWS\System32\gdi32full.dll
0x00007fff0c1c0000 - 0x00007fff0c25a000 	C:\WINDOWS\System32\msvcp_win.dll
0x00007fff0e210000 - 0x00007fff0e242000 	C:\WINDOWS\System32\IMM32.DLL
0x00007ffee8b10000 - 0x00007ffee8b1c000 	c:\Users\tomok\.vscode\extensions\redhat.java-1.12.0-win32-x64\jre\17.0.4.1-win32-x86_64\bin\vcruntime140_1.dll
0x00007ffec5d10000 - 0x00007ffec5da1000 	c:\Users\tomok\.vscode\extensions\redhat.java-1.12.0-win32-x64\jre\17.0.4.1-win32-x86_64\bin\msvcp140.dll
0x00007ffe52510000 - 0x00007ffe53156000 	c:\Users\tomok\.vscode\extensions\redhat.java-1.12.0-win32-x64\jre\17.0.4.1-win32-x86_64\bin\server\jvm.dll
0x00007fff0df40000 - 0x00007fff0dfee000 	C:\WINDOWS\System32\ADVAPI32.dll
0x00007fff0d580000 - 0x00007fff0d624000 	C:\WINDOWS\System32\sechost.dll
0x00007fff0e010000 - 0x00007fff0e125000 	C:\WINDOWS\System32\RPCRT4.dll
0x00007fff0e250000 - 0x00007fff0e258000 	C:\WINDOWS\System32\PSAPI.DLL
0x00007ffee6490000 - 0x00007ffee6499000 	C:\WINDOWS\SYSTEM32\WSOCK32.dll
0x00007fff0e310000 - 0x00007fff0e381000 	C:\WINDOWS\System32\WS2_32.dll
0x00007fff05820000 - 0x00007fff05854000 	C:\WINDOWS\SYSTEM32\WINMM.dll
0x00007fff04800000 - 0x00007fff0480a000 	C:\WINDOWS\SYSTEM32\VERSION.dll
0x00007fff0b0a0000 - 0x00007fff0b0b8000 	C:\WINDOWS\SYSTEM32\kernel.appcore.dll
0x00007ffee8ad0000 - 0x00007ffee8ada000 	c:\Users\tomok\.vscode\extensions\redhat.java-1.12.0-win32-x64\jre\17.0.4.1-win32-x86_64\bin\jimage.dll
0x00007ffef6320000 - 0x00007ffef654e000 	C:\WINDOWS\SYSTEM32\DBGHELP.DLL
0x00007fff0e5c0000 - 0x00007fff0e94a000 	C:\WINDOWS\System32\combase.dll
0x00007fff0e130000 - 0x00007fff0e207000 	C:\WINDOWS\System32\OLEAUT32.dll
0x00007ffef5820000 - 0x00007ffef5852000 	C:\WINDOWS\SYSTEM32\dbgcore.DLL
0x00007fff0c830000 - 0x00007fff0c8ab000 	C:\WINDOWS\System32\bcryptPrimitives.dll
0x00007ffedb6d0000 - 0x00007ffedb6f5000 	c:\Users\tomok\.vscode\extensions\redhat.java-1.12.0-win32-x64\jre\17.0.4.1-win32-x86_64\bin\java.dll
0x00007ffedd320000 - 0x00007ffedd338000 	c:\Users\tomok\.vscode\extensions\redhat.java-1.12.0-win32-x64\jre\17.0.4.1-win32-x86_64\bin\zip.dll
0x00007fff0cda0000 - 0x00007fff0d580000 	C:\WINDOWS\System32\SHELL32.dll
0x00007fff09f80000 - 0x00007fff0a848000 	C:\WINDOWS\SYSTEM32\windows.storage.dll
0x00007fff09e40000 - 0x00007fff09f7e000 	C:\WINDOWS\SYSTEM32\wintypes.dll
0x00007fff0cca0000 - 0x00007fff0cd91000 	C:\WINDOWS\System32\SHCORE.dll
0x00007fff0e560000 - 0x00007fff0e5be000 	C:\WINDOWS\System32\shlwapi.dll
0x00007fff0beb0000 - 0x00007fff0bed1000 	C:\WINDOWS\SYSTEM32\profapi.dll
0x00007ffedbfb0000 - 0x00007ffedbfc9000 	C:\Users\tomok\.vscode\extensions\redhat.java-1.12.0-win32-x64\jre\17.0.4.1-win32-x86_64\bin\net.dll
0x00007fff05430000 - 0x00007fff0555f000 	C:\WINDOWS\SYSTEM32\WINHTTP.dll
0x00007fff0b4f0000 - 0x00007fff0b559000 	C:\WINDOWS\system32\mswsock.dll
0x00007ffedb300000 - 0x00007ffedb315000 	C:\Users\tomok\.vscode\extensions\redhat.java-1.12.0-win32-x64\jre\17.0.4.1-win32-x86_64\bin\nio.dll
0x00007ffee78c0000 - 0x00007ffee78d0000 	c:\Users\tomok\.vscode\extensions\redhat.java-1.12.0-win32-x64\jre\17.0.4.1-win32-x86_64\bin\verify.dll
0x00007ffee3e10000 - 0x00007ffee3e19000 	C:\Users\tomok\.vscode\extensions\redhat.java-1.12.0-win32-x64\jre\17.0.4.1-win32-x86_64\bin\management.dll
0x00007ffee1c10000 - 0x00007ffee1c1b000 	C:\Users\tomok\.vscode\extensions\redhat.java-1.12.0-win32-x64\jre\17.0.4.1-win32-x86_64\bin\management_ext.dll
0x00007ffef4bf0000 - 0x00007ffef4c07000 	C:\WINDOWS\system32\napinsp.dll
0x00007ffef4bb0000 - 0x00007ffef4bcb000 	C:\WINDOWS\system32\pnrpnsp.dll
0x00007fff0ab80000 - 0x00007fff0ac72000 	C:\WINDOWS\SYSTEM32\DNSAPI.dll
0x00007fff0ab10000 - 0x00007fff0ab3d000 	C:\WINDOWS\SYSTEM32\IPHLPAPI.DLL
0x00007fff0e390000 - 0x00007fff0e399000 	C:\WINDOWS\System32\NSI.dll
0x00007ffef4b90000 - 0x00007ffef4ba1000 	C:\WINDOWS\System32\winrnr.dll
0x00007ffef4b70000 - 0x00007ffef4b85000 	C:\WINDOWS\system32\wshbth.dll
0x00007ffef4870000 - 0x00007ffef4891000 	C:\WINDOWS\system32\nlansp_c.dll
0x00007fff03940000 - 0x00007fff0394a000 	C:\Windows\System32\rasadhlp.dll
0x00007fff042f0000 - 0x00007fff04373000 	C:\WINDOWS\System32\fwpuclnt.dll
0x00007fff0b730000 - 0x00007fff0b74b000 	C:\WINDOWS\SYSTEM32\CRYPTSP.dll
0x00007fff0b010000 - 0x00007fff0b045000 	C:\WINDOWS\system32\rsaenh.dll
0x00007fff0b590000 - 0x00007fff0b5b8000 	C:\WINDOWS\SYSTEM32\USERENV.dll
0x00007fff0b920000 - 0x00007fff0b948000 	C:\WINDOWS\SYSTEM32\bcrypt.dll
0x00007fff0b6f0000 - 0x00007fff0b6fc000 	C:\WINDOWS\SYSTEM32\CRYPTBASE.dll
0x00007fff05300000 - 0x00007fff05319000 	C:\WINDOWS\SYSTEM32\dhcpcsvc6.DLL
0x00007fff052e0000 - 0x00007fff052ff000 	C:\WINDOWS\SYSTEM32\dhcpcsvc.DLL

dbghelp: loaded successfully - version: 4.0.5 - missing functions: none
symbol engine: initialized successfully - sym options: 0x614 - pdb path: .;c:\Users\tomok\.vscode\extensions\redhat.java-1.12.0-win32-x64\jre\17.0.4.1-win32-x86_64\bin;C:\WINDOWS\SYSTEM32;C:\WINDOWS\WinSxS\amd64_microsoft.windows.common-controls_6595b64144ccf1df_6.0.22621.436_none_a94247dbc10d8414;c:\Users\tomok\.vscode\extensions\redhat.java-1.12.0-win32-x64\jre\17.0.4.1-win32-x86_64\bin\server

VM Arguments:
jvm_args: -Dsts.lsp.client=vscode -Dsts.log.file=/dev/null -XX:TieredStopAtLevel=1 -Xlog:jni+resolve=off -Dspring.config.location=file:c:\Users\tomok\.vscode\extensions\pivotal.vscode-spring-boot-1.40.0\language-server\BOOT-INF\classes\application.properties 
java_command: org.springframework.ide.vscode.boot.app.BootLanguageServerBootApp
java_class_path (initial): c:\Users\tomok\.vscode\extensions\pivotal.vscode-spring-boot-1.40.0\language-server\BOOT-INF\classes;c:\Users\tomok\.vscode\extensions\pivotal.vscode-spring-boot-1.40.0\language-server\BOOT-INF\lib\annotations-23.0.0.jar;c:\Users\tomok\.vscode\extensions\pivotal.vscode-spring-boot-1.40.0\language-server\BOOT-INF\lib\ant-1.10.12.jar;c:\Users\tomok\.vscode\extensions\pivotal.vscode-spring-boot-1.40.0\language-server\BOOT-INF\lib\ant-launcher-1.10.12.jar;c:\Users\tomok\.vscode\extensions\pivotal.vscode-spring-boot-1.40.0\language-server\BOOT-INF\lib\antlr-runtime-3.5.2.jar;c:\Users\tomok\.vscode\extensions\pivotal.vscode-spring-boot-1.40.0\language-server\BOOT-INF\lib\antlr4-4.9.3.jar;c:\Users\tomok\.vscode\extensions\pivotal.vscode-spring-boot-1.40.0\language-server\BOOT-INF\lib\antlr4-runtime-4.9.3.jar;c:\Users\tomok\.vscode\extensions\pivotal.vscode-spring-boot-1.40.0\language-server\BOOT-INF\lib\asm-9.3.jar;c:\Users\tomok\.vscode\extensions\pivotal.vscode-spring-boot-1.40.0\language-server\BOOT-INF\lib\asm-analysis-9.3.jar;c:\Users\tomok\.vscode\extensions\pivotal.vscode-spring-boot-1.40.0\language-server\BOOT-INF\lib\asm-tree-9.3.jar;c:\Users\tomok\.vscode\extensions\pivotal.vscode-spring-boot-1.40.0\language-server\BOOT-INF\lib\asm-util-9.3.jar;c:\Users\tomok\.vscode\extensions\pivotal.vscode-spring-boot-1.40.0\language-server\BOOT-INF\lib\byte-buddy-1.12.13.jar;c:\Users\tomok\.vscode\extensions\pivotal.vscode-spring-boot-1.40.0\language-server\BOOT-INF\lib\caffeine-2.9.3.jar;c:\Users\tomok\.vscode\extensions\pivotal.vscode-spring-boot-1.40.0\language-server\BOOT-INF\lib\checker-qual-3.12.0.jar;c:\Users\tomok\.vscode\extensions\pivotal.vscode-spring-boot-1.40.0\language-server\BOOT-INF\lib\classgraph-4.8.149.jar;c:\Users\tomok\.vscode\extensions\pivotal.vscode-spring-boot-1.40.0\language-server\BOOT-INF\lib\commons-codec-1.15.jar;c:\Users\tomok\.vscode\extensions\pivotal.vscode-spring-boot-1.40.0\language-server\BOOT-INF\lib\commons-c
Launcher Type: SUN_STANDARD

[Global flags]
     intx CICompilerCount                          = 4                                         {product} {ergonomic}
     uint ConcGCThreads                            = 2                                         {product} {ergonomic}
     uint G1ConcRefinementThreads                  = 8                                         {product} {ergonomic}
   size_t G1HeapRegionSize                         = 4194304                                   {product} {ergonomic}
    uintx GCDrainStackTargetSize                   = 64                                        {product} {ergonomic}
   size_t InitialHeapSize                          = 536870912                                 {product} {ergonomic}
   size_t MarkStackSize                            = 4194304                                   {product} {ergonomic}
   size_t MaxHeapSize                              = 8577351680                                {product} {ergonomic}
   size_t MaxNewSize                               = 5146411008                                {product} {ergonomic}
   size_t MinHeapDeltaBytes                        = 4194304                                   {product} {ergonomic}
   size_t MinHeapSize                              = 8388608                                   {product} {ergonomic}
    uintx NonProfiledCodeHeapSize                  = 0                                      {pd product} {ergonomic}
     bool ProfileInterpreter                       = false                                  {pd product} {command line}
    uintx ProfiledCodeHeapSize                     = 0                                      {pd product} {ergonomic}
   size_t SoftMaxHeapSize                          = 8577351680                             {manageable} {ergonomic}
     intx TieredStopAtLevel                        = 1                                         {product} {command line}
     bool UseCompressedClassPointers               = true                           {product lp64_product} {ergonomic}
     bool UseCompressedOops                        = true                           {product lp64_product} {ergonomic}
     bool UseG1GC                                  = true                                      {product} {ergonomic}
     bool UseLargePagesIndividualAllocation        = false                                  {pd product} {ergonomic}

Logging:
Log output configuration:
 #0: stdout all=warning,jni+resolve=off uptime,level,tags
 #1: stderr all=off uptime,level,tags

Environment Variables:
JAVA_HOME=C:\Program Files\AdoptOpenJDK\jdk-11.0.10.9-hotspot
PATH=C:\Users\tomok\AppData\Local\cloud-code\installer\google-cloud-sdk\bin;C:\Program Files\Common Files\Oracle\Java\javapath;C:\Program Files\NVIDIA GPU Computing Toolkit\CUDA\v11.2\bin;C:\Program Files\NVIDIA GPU Computing Toolkit\CUDA\v11.2\libnvvp;C:\Program Files\AdoptOpenJDK\jdk-11.0.10.9-hotspot\bin;C:\Program Files (x86)\Common Files\Oracle\Java\javapath;C:\Windows\system32;C:\Windows;C:\Windows\System32\Wbem;C:\Users\tomok\AppData\Local\Programs\Python\Python310;C:\Windows\System32\WindowsPowerShell\v1.0\;C:\Windows\System32\OpenSSH\;C:\Program Files (x86)\Intel\Intel(R) Management Engine Components\DAL;C:\Program Files\Intel\Intel(R) Management Engine Components\DAL;C:\Program Files (x86)\NVIDIA Corporation\PhysX\Common;C:\Program Files\Microsoft SQL Server\130\Tools\Binn\;C:\xampp\mysql\bin;C:\Program Files (x86)\sbt\bin;C:\Program Files (x86)\scala\bin;C:\WINDOWS\system32;C:\WINDOWS;C:\WINDOWS\System32\Wbem;C:\WINDOWS\System32\WindowsPowerShell\v1.0\;C:\WINDOWS\System32\OpenSSH\;C:\Program Files\Calibre2\;C:\Program Files\MongoDB\Server\4.4\bin;C:\apache-maven-3.6.3-bin\apache-maven-3.6.3\bin;C:\xampp\php;C:\Program Files\Graphviz\bin;C:\Anaconda3;C:\Anaconda3\Library\bin;C:\Anaconda3\Scripts;C:\Program Files\NVIDIA Corporation\NVIDIA NvDLISR;C:\Program Files\NVIDIA Corporation\Nsight Compute 2020.3.0\;C:\Program Files\dotnet\;C:\Program Files\Microsoft SQL Server\Client SDK\ODBC\170\Tools\Binn\;C:\composer;C:\WINDOWS\system32;C:\WINDOWS;C:\WINDOWS\System32\Wbem;C:\WINDOWS\System32\WindowsPowerShell\v1.0\;C:\WINDOWS\System32\OpenSSH\;C:\ProgramData\ComposerSetup\bin;C:\Program Files\nodejs\;C:\ProgramData\chocolatey\bin;D:\Applications\chromedriver_win32;C:\Program Files\Docker\Docker\resources\bin;C:\ProgramData\DockerDesktop\version-bin;C:\Program Files\PowerShell\7\;C:\Users\tomok\AppData\Local\Microsoft\WindowsApps;C:\Program Files\JetBrains\IntelliJ IDEA Community Edition 2019.3\bin;C:\Users\tomok\.dotnet\tools;C:\Users\tomok\AppData\Local\Microsoft\W
USERNAME=tomok
OS=Windows_NT
PROCESSOR_IDENTIFIER=Intel64 Family 6 Model 158 Stepping 13, GenuineIntel
TMP=C:\Users\tomok\AppData\Local\Temp
TEMP=C:\Users\tomok\AppData\Local\Temp



---------------  S Y S T E M  ---------------

OS:
 Windows 11 , 64 bit Build 22621 (10.0.22621.891)
OS uptime: 7 days 3:16 hours
Hyper-V role detected

CPU: total 8 (initial active 8) (8 cores per cpu, 1 threads per core) family 6 model 158 stepping 13 microcode 0xde, cx8, cmov, fxsr, mmx, 3dnowpref, sse, sse2, sse3, ssse3, sse4.1, sse4.2, popcnt, lzcnt, tsc, tscinvbit, avx, avx2, aes, erms, clmul, bmi1, bmi2, adx, fma, vzeroupper, clflush, clflushopt, hv

Memory: 4k page, system-wide physical 32709M (10370M free)
TotalPageFile size 131013M (AvailPageFile size 370M)
current process WorkingSet (physical memory assigned to process): 873M, peak: 873M
current process commit charge ("private bytes"): 895M, peak: 1619M

vm_info: OpenJDK 64-Bit Server VM (17.0.4.1+1) for windows-amd64 JRE (17.0.4.1+1), built on Aug 17 2022 07:42:43 by "temurin" with MS VC++ 16.7 (VS2019)

END.
