#
# There is insufficient memory for the Java Runtime Environment to continue.
# Native memory allocation (mmap) failed to map 65536 bytes for Failed to commit metaspace.
# Possible reasons:
#   The system is out of physical RAM or swap space
#   The process is running with CompressedOops enabled, and the Java Heap may be blocking the growth of the native heap
# Possible solutions:
#   Reduce memory load on the system
#   Increase physical memory or swap space
#   Check if swap backing store is full
#   Decrease Java heap size (-Xmx/-Xms)
#   Decrease number of Java threads
#   Decrease Java thread stack sizes (-Xss)
#   Set larger code cache with -XX:ReservedCodeCacheSize=
#   JVM is running with Unscaled Compressed Oops mode in which the Java heap is
#     placed in the first 4GB address space. The Java Heap base address is the
#     maximum limit for the native heap growth. Please use -XX:HeapBaseMinAddress
#     to set the Java Heap base and to place the Java Heap above 4GB virtual address.
# This output file may be truncated or incomplete.
#
#  Out of Memory Error (virtualSpaceNode.cpp:110), pid=29296, tid=23916
#
# JRE version: Java(TM) SE Runtime Environment (17.0.5+9) (build 17.0.5+9-LTS-191)
# Java VM: Java HotSpot(TM) 64-Bit Server VM (17.0.5+9-LTS-191, mixed mode, sharing, tiered, compressed oops, compressed class ptrs, parallel gc, windows-amd64)
# No core dump will be written. Minidumps are not enabled by default on client versions of Windows
#

---------------  S U M M A R Y ------------

Command Line: --add-modules=ALL-SYSTEM --add-opens=java.base/java.util=ALL-UNNAMED --add-opens=java.base/java.lang=ALL-UNNAMED --add-opens=java.base/sun.nio.fs=ALL-UNNAMED -Declipse.application=org.eclipse.jdt.ls.core.id1 -Dosgi.bundles.defaultStartLevel=4 -Declipse.product=org.eclipse.jdt.ls.core.product -Djava.import.generatesMetadataFilesAtProjectRoot=false -Dfile.encoding=utf8 -XX:+UseParallelGC -XX:GCTimeRatio=4 -XX:AdaptiveSizePolicyWeight=90 -Dsun.zip.disableMemoryMapping=true -Xmx1G -Xms100m -Xlog:disable -javaagent:c:\Users\tomok\.vscode\extensions\redhat.java-1.12.0-win32-x64\lombok\lombok-1.18.24.jar c:\Users\tomok\.vscode\extensions\redhat.java-1.12.0-win32-x64\server\plugins\org.eclipse.equinox.launcher_1.6.400.v20210924-0641.jar -configuration c:\Users\tomok\AppData\Roaming\Code\User\globalStorage\redhat.java\1.12.0\config_ss_win -data c:\Users\tomok\AppData\Roaming\Code\User\workspaceStorage\4dffa79ef8fdc86acc30123db513b158\redhat.java\ss_ws

Host: Intel(R) Core(TM) i7-9700K CPU @ 3.60GHz, 8 cores, 31G,  Windows 11 , 64 bit Build 22621 (10.0.22621.891)
Time: Tue Nov 22 13:42:40 2022  Windows 11 , 64 bit Build 22621 (10.0.22621.891) elapsed time: 1.918857 seconds (0d 0h 0m 1s)

---------------  T H R E A D  ---------------

Current thread (0x000001de62b87ee0):  JavaThread "Start Level: Equinox Container: a16c232c-d75c-4cfb-8dae-193513da99b3" daemon [_thread_in_vm, id=23916, stack(0x0000004cdb600000,0x0000004cdb700000)]

Stack: [0x0000004cdb600000,0x0000004cdb700000]
Native frames: (J=compiled Java code, j=interpreted, Vv=VM code, C=native code)
V  [jvm.dll+0x672eea]
V  [jvm.dll+0x7d2a04]
V  [jvm.dll+0x7d41ae]
V  [jvm.dll+0x7d4813]
V  [jvm.dll+0x242c15]
V  [jvm.dll+0x7ce9ab]
V  [jvm.dll+0x618bb6]
V  [jvm.dll+0x1be37e]
V  [jvm.dll+0x61b4f1]
V  [jvm.dll+0x619556]
V  [jvm.dll+0x23730f]
V  [jvm.dll+0x623275]
V  [jvm.dll+0x1e7e7b]
V  [jvm.dll+0x1e83b5]
V  [jvm.dll+0x1e8def]
V  [jvm.dll+0x1de2a1]
V  [jvm.dll+0x5393e0]
V  [jvm.dll+0x74d4f8]
V  [jvm.dll+0x74d5e4]
V  [jvm.dll+0x408fe5]
V  [jvm.dll+0x40f038]
C  [java.dll+0x17ec]

Java frames: (J=compiled Java code, j=interpreted, Vv=VM code)
J 1134  java.lang.ClassLoader.defineClass1(Ljava/lang/ClassLoader;Ljava/lang/String;[BIILjava/security/ProtectionDomain;Ljava/lang/String;)Ljava/lang/Class; java.base@17.0.5 (0 bytes) @ 0x000001de5639ce63 [0x000001de5639cda0+0x00000000000000c3]
J 1706 c1 java.lang.ClassLoader.defineClass(Ljava/lang/String;[BIILjava/security/ProtectionDomain;)Ljava/lang/Class; java.base@17.0.5 (43 bytes) @ 0x000001de4f1217dc [0x000001de4f121480+0x000000000000035c]
j  org.eclipse.osgi.internal.loader.ModuleClassLoader.defineClass(Ljava/lang/String;[BLorg/eclipse/osgi/internal/loader/classpath/ClasspathEntry;)Lorg/eclipse/osgi/internal/loader/ModuleClassLoader$DefineClassResult;+42
j  org.eclipse.osgi.internal.loader.classpath.ClasspathManager.defineClass(Ljava/lang/String;[BLorg/eclipse/osgi/internal/loader/classpath/ClasspathEntry;Lorg/eclipse/osgi/storage/bundlefile/BundleEntry;Ljava/util/List;)Ljava/lang/Class;+424
j  org.eclipse.osgi.internal.loader.classpath.ClasspathManager.findClassImpl(Ljava/lang/String;Lorg/eclipse/osgi/internal/loader/classpath/ClasspathEntry;Ljava/util/List;)Ljava/lang/Class;+269
J 1746 c1 org.eclipse.osgi.internal.loader.classpath.ClasspathManager.findLocalClassImpl(Ljava/lang/String;[Lorg/eclipse/osgi/internal/loader/classpath/ClasspathEntry;Ljava/util/List;)Ljava/lang/Class; (55 bytes) @ 0x000001de4f145ccc [0x000001de4f145b40+0x000000000000018c]
J 1745 c1 org.eclipse.osgi.internal.loader.classpath.ClasspathManager.findLocalClassImpl(Ljava/lang/String;Ljava/util/List;)Ljava/lang/Class; (132 bytes) @ 0x000001de4f145284 [0x000001de4f144d40+0x0000000000000544]
J 1823 c1 org.eclipse.osgi.internal.loader.classpath.ClasspathManager.findLocalClass(Ljava/lang/String;)Ljava/lang/Class; (210 bytes) @ 0x000001de4f167c3c [0x000001de4f166f20+0x0000000000000d1c]
J 1737 c1 org.eclipse.osgi.internal.loader.BundleLoader.findLocalClass(Ljava/lang/String;)Ljava/lang/Class; (152 bytes) @ 0x000001de4f13ba0c [0x000001de4f13b1a0+0x000000000000086c]
J 1669 c1 org.eclipse.osgi.internal.loader.BundleLoader.findClass0(Ljava/lang/String;ZZ)Ljava/lang/Class; (466 bytes) @ 0x000001de4f10fad4 [0x000001de4f10d320+0x00000000000027b4]
J 1668 c1 org.eclipse.osgi.internal.loader.BundleLoader.findClass(Ljava/lang/String;)Ljava/lang/Class; (8 bytes) @ 0x000001de4f10ca1c [0x000001de4f10c9a0+0x000000000000007c]
J 1671 c1 org.eclipse.osgi.internal.loader.ModuleClassLoader.loadClass(Ljava/lang/String;Z)Ljava/lang/Class; (36 bytes) @ 0x000001de4f1138c4 [0x000001de4f1136a0+0x0000000000000224]
J 831 c1 java.lang.ClassLoader.loadClass(Ljava/lang/String;)Ljava/lang/Class; java.base@17.0.5 (7 bytes) @ 0x000001de4ef6b14c [0x000001de4ef6b040+0x000000000000010c]
v  ~StubRoutines::call_stub
j  org.eclipse.core.internal.jobs.JobOSGiUtils.openServices()V+42
j  org.eclipse.core.internal.jobs.JobActivator.start(Lorg/osgi/framework/BundleContext;)V+7
j  org.eclipse.osgi.internal.framework.BundleContextImpl$2.run()Ljava/lang/Void;+23
j  org.eclipse.osgi.internal.framework.BundleContextImpl$2.run()Ljava/lang/Object;+1
J 1248 c1 java.security.AccessController.executePrivileged(Ljava/security/PrivilegedExceptionAction;Ljava/security/AccessControlContext;Ljava/lang/Class;)Ljava/lang/Object; java.base@17.0.5 (65 bytes) @ 0x000001de4f04763c [0x000001de4f0474e0+0x000000000000015c]
j  java.security.AccessController.doPrivileged(Ljava/security/PrivilegedExceptionAction;)Ljava/lang/Object;+9 java.base@17.0.5
j  org.eclipse.osgi.internal.framework.BundleContextImpl.startActivator(Lorg/osgi/framework/BundleActivator;)V+9
j  org.eclipse.osgi.internal.framework.BundleContextImpl.start()V+134
j  org.eclipse.osgi.internal.framework.EquinoxBundle.startWorker0()V+35
j  org.eclipse.osgi.internal.framework.EquinoxBundle$EquinoxModule.startWorker()V+4
j  org.eclipse.osgi.container.Module.doStart([Lorg/eclipse/osgi/container/Module$StartOptions;)Lorg/eclipse/osgi/container/ModuleContainerAdaptor$ModuleEvent;+190
j  org.eclipse.osgi.container.Module.start([Lorg/eclipse/osgi/container/Module$StartOptions;)V+460
j  org.eclipse.osgi.framework.util.SecureAction.start(Lorg/eclipse/osgi/container/Module;[Lorg/eclipse/osgi/container/Module$StartOptions;)V+8
J 1739 c1 org.eclipse.osgi.internal.hooks.EclipseLazyStarter.postFindLocalClass(Ljava/lang/String;Ljava/lang/Class;Lorg/eclipse/osgi/internal/loader/classpath/ClasspathManager;)V (394 bytes) @ 0x000001de4f13ea6c [0x000001de4f13da60+0x000000000000100c]
J 1823 c1 org.eclipse.osgi.internal.loader.classpath.ClasspathManager.findLocalClass(Ljava/lang/String;)Ljava/lang/Class; (210 bytes) @ 0x000001de4f167f8c [0x000001de4f166f20+0x000000000000106c]
J 1737 c1 org.eclipse.osgi.internal.loader.BundleLoader.findLocalClass(Ljava/lang/String;)Ljava/lang/Class; (152 bytes) @ 0x000001de4f13ba0c [0x000001de4f13b1a0+0x000000000000086c]
J 1669 c1 org.eclipse.osgi.internal.loader.BundleLoader.findClass0(Ljava/lang/String;ZZ)Ljava/lang/Class; (466 bytes) @ 0x000001de4f10fad4 [0x000001de4f10d320+0x00000000000027b4]
J 1668 c1 org.eclipse.osgi.internal.loader.BundleLoader.findClass(Ljava/lang/String;)Ljava/lang/Class; (8 bytes) @ 0x000001de4f10ca1c [0x000001de4f10c9a0+0x000000000000007c]
J 1671 c1 org.eclipse.osgi.internal.loader.ModuleClassLoader.loadClass(Ljava/lang/String;Z)Ljava/lang/Class; (36 bytes) @ 0x000001de4f1138c4 [0x000001de4f1136a0+0x0000000000000224]
J 831 c1 java.lang.ClassLoader.loadClass(Ljava/lang/String;)Ljava/lang/Class; java.base@17.0.5 (7 bytes) @ 0x000001de4ef6b14c [0x000001de4ef6b040+0x000000000000010c]
v  ~StubRoutines::call_stub
j  org.eclipse.core.resources.ResourcesPlugin$WorkspaceInitCustomizer.addingService(Lorg/osgi/framework/ServiceReference;)Lorg/eclipse/core/internal/resources/Workspace;+30
j  org.eclipse.core.resources.ResourcesPlugin$WorkspaceInitCustomizer.addingService(Lorg/osgi/framework/ServiceReference;)Ljava/lang/Object;+5
j  org.osgi.util.tracker.ServiceTracker$Tracked.customizerAdding(Lorg/osgi/framework/ServiceReference;Lorg/osgi/framework/ServiceEvent;)Ljava/lang/Object;+8
j  org.osgi.util.tracker.ServiceTracker$Tracked.customizerAdding(Ljava/lang/Object;Ljava/lang/Object;)Ljava/lang/Object;+9
j  org.osgi.util.tracker.AbstractTracked.trackAdding(Ljava/lang/Object;Ljava/lang/Object;)V+8
j  org.osgi.util.tracker.AbstractTracked.trackInitial()V+90
j  org.osgi.util.tracker.ServiceTracker.open(Z)V+198
j  org.osgi.util.tracker.ServiceTracker.open()V+2
j  org.eclipse.core.resources.ResourcesPlugin.start(Lorg/osgi/framework/BundleContext;)V+106
j  org.eclipse.osgi.internal.framework.BundleContextImpl$2.run()Ljava/lang/Void;+23
j  org.eclipse.osgi.internal.framework.BundleContextImpl$2.run()Ljava/lang/Object;+1
J 1248 c1 java.security.AccessController.executePrivileged(Ljava/security/PrivilegedExceptionAction;Ljava/security/AccessControlContext;Ljava/lang/Class;)Ljava/lang/Object; java.base@17.0.5 (65 bytes) @ 0x000001de4f04763c [0x000001de4f0474e0+0x000000000000015c]
j  java.security.AccessController.doPrivileged(Ljava/security/PrivilegedExceptionAction;)Ljava/lang/Object;+9 java.base@17.0.5
j  org.eclipse.osgi.internal.framework.BundleContextImpl.startActivator(Lorg/osgi/framework/BundleActivator;)V+9
j  org.eclipse.osgi.internal.framework.BundleContextImpl.start()V+134
j  org.eclipse.osgi.internal.framework.EquinoxBundle.startWorker0()V+35
j  org.eclipse.osgi.internal.framework.EquinoxBundle$EquinoxModule.startWorker()V+4
j  org.eclipse.osgi.container.Module.doStart([Lorg/eclipse/osgi/container/Module$StartOptions;)Lorg/eclipse/osgi/container/ModuleContainerAdaptor$ModuleEvent;+190
j  org.eclipse.osgi.container.Module.start([Lorg/eclipse/osgi/container/Module$StartOptions;)V+460
j  org.eclipse.osgi.framework.util.SecureAction.start(Lorg/eclipse/osgi/container/Module;[Lorg/eclipse/osgi/container/Module$StartOptions;)V+8
J 1739 c1 org.eclipse.osgi.internal.hooks.EclipseLazyStarter.postFindLocalClass(Ljava/lang/String;Ljava/lang/Class;Lorg/eclipse/osgi/internal/loader/classpath/ClasspathManager;)V (394 bytes) @ 0x000001de4f13ea6c [0x000001de4f13da60+0x000000000000100c]
J 1823 c1 org.eclipse.osgi.internal.loader.classpath.ClasspathManager.findLocalClass(Ljava/lang/String;)Ljava/lang/Class; (210 bytes) @ 0x000001de4f167f8c [0x000001de4f166f20+0x000000000000106c]
J 1737 c1 org.eclipse.osgi.internal.loader.BundleLoader.findLocalClass(Ljava/lang/String;)Ljava/lang/Class; (152 bytes) @ 0x000001de4f13ba0c [0x000001de4f13b1a0+0x000000000000086c]
J 1669 c1 org.eclipse.osgi.internal.loader.BundleLoader.findClass0(Ljava/lang/String;ZZ)Ljava/lang/Class; (466 bytes) @ 0x000001de4f10fad4 [0x000001de4f10d320+0x00000000000027b4]
J 1668 c1 org.eclipse.osgi.internal.loader.BundleLoader.findClass(Ljava/lang/String;)Ljava/lang/Class; (8 bytes) @ 0x000001de4f10ca1c [0x000001de4f10c9a0+0x000000000000007c]
J 1671 c1 org.eclipse.osgi.internal.loader.ModuleClassLoader.loadClass(Ljava/lang/String;Z)Ljava/lang/Class; (36 bytes) @ 0x000001de4f1138c4 [0x000001de4f1136a0+0x0000000000000224]
J 831 c1 java.lang.ClassLoader.loadClass(Ljava/lang/String;)Ljava/lang/Class; java.base@17.0.5 (7 bytes) @ 0x000001de4ef6b14c [0x000001de4ef6b040+0x000000000000010c]
v  ~StubRoutines::call_stub
j  java.lang.Class.getDeclaredConstructors0(Z)[Ljava/lang/reflect/Constructor;+0 java.base@17.0.5
j  java.lang.Class.privateGetDeclaredConstructors(Z)[Ljava/lang/reflect/Constructor;+52 java.base@17.0.5
j  java.lang.Class.getConstructor0([Ljava/lang/Class;I)Ljava/lang/reflect/Constructor;+14 java.base@17.0.5
j  java.lang.Class.getConstructor([Ljava/lang/Class;)Ljava/lang/reflect/Constructor;+24 java.base@17.0.5
j  org.eclipse.osgi.internal.framework.BundleContextImpl.loadBundleActivator()Lorg/osgi/framework/BundleActivator;+105
j  org.eclipse.osgi.internal.framework.BundleContextImpl.start()V+18
j  org.eclipse.osgi.internal.framework.EquinoxBundle.startWorker0()V+35
j  org.eclipse.osgi.internal.framework.EquinoxBundle$EquinoxModule.startWorker()V+4
j  org.eclipse.osgi.container.Module.doStart([Lorg/eclipse/osgi/container/Module$StartOptions;)Lorg/eclipse/osgi/container/ModuleContainerAdaptor$ModuleEvent;+190
j  org.eclipse.osgi.container.Module.start([Lorg/eclipse/osgi/container/Module$StartOptions;)V+460
j  org.eclipse.osgi.container.ModuleContainer$ContainerStartLevel$2.run()V+71
j  org.eclipse.osgi.internal.framework.EquinoxContainerAdaptor$1$1.execute(Ljava/lang/Runnable;)V+1
j  org.eclipse.osgi.container.ModuleContainer$ContainerStartLevel.incStartLevel(ILjava/util/List;Z)V+192
j  org.eclipse.osgi.container.ModuleContainer$ContainerStartLevel.incStartLevel(ILjava/util/List;Ljava/util/List;Ljava/util/List;Ljava/util/List;)V+19
j  org.eclipse.osgi.container.ModuleContainer$ContainerStartLevel.doContainerStartLevel(Lorg/eclipse/osgi/container/Module;I[Lorg/osgi/framework/FrameworkListener;)V+349
j  org.eclipse.osgi.container.ModuleContainer$ContainerStartLevel.dispatchEvent(Lorg/eclipse/osgi/container/Module;[Lorg/osgi/framework/FrameworkListener;ILjava/lang/Integer;)V+32
j  org.eclipse.osgi.container.ModuleContainer$ContainerStartLevel.dispatchEvent(Ljava/lang/Object;Ljava/lang/Object;ILjava/lang/Object;)V+15
j  org.eclipse.osgi.framework.eventmgr.EventManager.dispatchEvent(Ljava/util/Set;Lorg/eclipse/osgi/framework/eventmgr/EventDispatcher;ILjava/lang/Object;)V+48
j  org.eclipse.osgi.framework.eventmgr.EventManager$EventThread.run()V+26
v  ~StubRoutines::call_stub

---------------  P R O C E S S  ---------------

Threads class SMR info:
_java_thread_list=0x000001de62d2bfe0, length=17, elements={
0x000001de44fae280, 0x000001de5fa12390, 0x000001de5fa13b00, 0x000001de5fa30760,
0x000001de5fa31220, 0x000001de5fa33ce0, 0x000001de5fa34690, 0x000001de5fa36380,
0x000001de62045010, 0x000001de62047cd0, 0x000001de620d9500, 0x000001de621ab400,
0x000001de625ce6f0, 0x000001de62a61910, 0x000001de62b87ee0, 0x000001de62a3a190,
0x000001de62e1c0d0
}

Java Threads: ( => current thread )
  0x000001de44fae280 JavaThread "main" [_thread_blocked, id=16236, stack(0x0000004cd9e00000,0x0000004cd9f00000)]
  0x000001de5fa12390 JavaThread "Reference Handler" daemon [_thread_blocked, id=34392, stack(0x0000004cda100000,0x0000004cda200000)]
  0x000001de5fa13b00 JavaThread "Finalizer" daemon [_thread_blocked, id=21600, stack(0x0000004cda200000,0x0000004cda300000)]
  0x000001de5fa30760 JavaThread "Signal Dispatcher" daemon [_thread_blocked, id=10172, stack(0x0000004cda300000,0x0000004cda400000)]
  0x000001de5fa31220 JavaThread "Attach Listener" daemon [_thread_blocked, id=6664, stack(0x0000004cda400000,0x0000004cda500000)]
  0x000001de5fa33ce0 JavaThread "Service Thread" daemon [_thread_blocked, id=28292, stack(0x0000004cda500000,0x0000004cda600000)]
  0x000001de5fa34690 JavaThread "Monitor Deflation Thread" daemon [_thread_blocked, id=35384, stack(0x0000004cda600000,0x0000004cda700000)]
  0x000001de5fa36380 JavaThread "C2 CompilerThread0" daemon [_thread_blocked, id=13148, stack(0x0000004cda700000,0x0000004cda800000)]
  0x000001de62045010 JavaThread "C1 CompilerThread0" daemon [_thread_blocked, id=7108, stack(0x0000004cda800000,0x0000004cda900000)]
  0x000001de62047cd0 JavaThread "Sweeper thread" daemon [_thread_blocked, id=8396, stack(0x0000004cda900000,0x0000004cdaa00000)]
  0x000001de620d9500 JavaThread "Common-Cleaner" daemon [_thread_blocked, id=26108, stack(0x0000004cdaa00000,0x0000004cdab00000)]
  0x000001de621ab400 JavaThread "Notification Thread" daemon [_thread_blocked, id=31104, stack(0x0000004cdab00000,0x0000004cdac00000)]
  0x000001de625ce6f0 JavaThread "Active Thread: Equinox Container: a16c232c-d75c-4cfb-8dae-193513da99b3" [_thread_blocked, id=31604, stack(0x0000004cdae00000,0x0000004cdaf00000)]
  0x000001de62a61910 JavaThread "Framework Event Dispatcher: Equinox Container: a16c232c-d75c-4cfb-8dae-193513da99b3" daemon [_thread_blocked, id=20428, stack(0x0000004cdb500000,0x0000004cdb600000)]
=>0x000001de62b87ee0 JavaThread "Start Level: Equinox Container: a16c232c-d75c-4cfb-8dae-193513da99b3" daemon [_thread_in_vm, id=23916, stack(0x0000004cdb600000,0x0000004cdb700000)]
  0x000001de62a3a190 JavaThread "SCR Component Actor" daemon [_thread_blocked, id=36064, stack(0x0000004cdb700000,0x0000004cdb800000)]
  0x000001de62e1c0d0 JavaThread "SCR Component Registry" daemon [_thread_blocked, id=14132, stack(0x0000004cdb800000,0x0000004cdb900000)]

Other Threads:
  0x000001de5fa0e690 VMThread "VM Thread" [stack: 0x0000004cda000000,0x0000004cda100000] [id=12236]
  0x000001de621df7c0 WatcherThread [stack: 0x0000004cdac00000,0x0000004cdad00000] [id=37824]
  0x000001de47009ae0 GCTaskThread "GC Thread#0" [stack: 0x0000004cd9f00000,0x0000004cda000000] [id=35316]
  0x000001de62553320 GCTaskThread "GC Thread#1" [stack: 0x0000004cdaf00000,0x0000004cdb000000] [id=10904]
  0x000001de6287b610 GCTaskThread "GC Thread#2" [stack: 0x0000004cdb000000,0x0000004cdb100000] [id=17352]
  0x000001de6287b8c0 GCTaskThread "GC Thread#3" [stack: 0x0000004cdb100000,0x0000004cdb200000] [id=25468]
  0x000001de62467fe0 GCTaskThread "GC Thread#4" [stack: 0x0000004cdb200000,0x0000004cdb300000] [id=24976]
  0x000001de62468290 GCTaskThread "GC Thread#5" [stack: 0x0000004cdb300000,0x0000004cdb400000] [id=25528]
  0x000001de62468540 GCTaskThread "GC Thread#6" [stack: 0x0000004cdb400000,0x0000004cdb500000] [id=3020]
  0x000001de62ad3aa0 GCTaskThread "GC Thread#7" [stack: 0x0000004cdad00000,0x0000004cdae00000] [id=9888]

Threads with active compile tasks:

VM state: not at safepoint (normal execution)

VM Mutex/Monitor currently owned by a thread:  ([mutex/lock_event])
[0x000001de46ff01a0] Metaspace_lock - owner thread: 0x000001de62b87ee0

Heap address: 0x00000000c0000000, size: 1024 MB, Compressed Oops mode: 32-bit

CDS archive(s) mapped at: [0x0000000800000000-0x0000000800bd0000-0x0000000800bd0000), size 12386304, SharedBaseAddress: 0x0000000800000000, ArchiveRelocationMode: 0.
Compressed class space mapped at: 0x0000000800c00000-0x0000000840c00000, reserved size: 1073741824
Narrow klass base: 0x0000000800000000, Narrow klass shift: 0, Narrow klass range: 0x100000000

GC Precious Log:
 CPUs: 8 total, 8 available
 Memory: 32709M
 Large Page Support: Disabled
 NUMA Support: Disabled
 Compressed Oops: Enabled (32-bit)
 Alignments: Space 512K, Generation 512K, Heap 2M
 Heap Min Capacity: 100M
 Heap Initial Capacity: 100M
 Heap Max Capacity: 1G
 Pre-touch: Disabled
 Parallel Workers: 8

Heap:
 PSYoungGen      total 29696K, used 17979K [0x00000000eab00000, 0x00000000ecc00000, 0x0000000100000000)
  eden space 25600K, 54% used [0x00000000eab00000,0x00000000eb892138,0x00000000ec400000)
  from space 4096K, 99% used [0x00000000ec800000,0x00000000ecbfcd28,0x00000000ecc00000)
  to   space 4096K, 0% used [0x00000000ec400000,0x00000000ec400000,0x00000000ec800000)
 ParOldGen       total 68608K, used 1274K [0x00000000c0000000, 0x00000000c4300000, 0x00000000eab00000)
  object space 68608K, 1% used [0x00000000c0000000,0x00000000c013eb70,0x00000000c4300000)
 Metaspace       used 11365K, committed 11712K, reserved 1064960K
  class space    used 1108K, committed 1280K, reserved 1048576K

Card table byte_map: [0x000001de469d0000,0x000001de46be0000] _byte_map_base: 0x000001de463d0000

Marking Bits: (ParMarkBitMap*) 0x00007ffe59195550
 Begin Bits: [0x000001de5d860000, 0x000001de5e860000)
 End Bits:   [0x000001de5e860000, 0x000001de5f860000)

Polling page: 0x000001de467c0000

Metaspace:

Usage:
  Non-class:     10.02 MB used.
      Class:      1.08 MB used.
       Both:     11.10 MB used.

Virtual space:
  Non-class space:       16.00 MB reserved,      10.19 MB ( 64%) committed,  2 nodes.
      Class space:        1.00 GB reserved,       1.25 MB ( <1%) committed,  1 nodes.
             Both:        1.02 GB reserved,      11.44 MB (  1%) committed. 

Chunk freelists:
   Non-Class:  1.17 MB
       Class:  2.73 MB
        Both:  3.91 MB

MaxMetaspaceSize: unlimited
CompressedClassSpaceSize: 1.00 GB
Initial GC threshold: 21.00 MB
Current GC threshold: 21.00 MB
CDS: on
MetaspaceReclaimPolicy: balanced
 - commit_granule_bytes: 65536.
 - commit_granule_words: 8192.
 - virtual_space_node_default_size: 1048576.
 - enlarge_chunks_in_place: 1.
 - new_chunks_are_fully_committed: 0.
 - uncommit_free_chunks: 1.
 - use_allocation_guard: 0.
 - handle_deallocations: 1.


Internal statistics:

num_allocs_failed_limit: 0.
num_arena_births: 112.
num_arena_deaths: 0.
num_vsnodes_births: 3.
num_vsnodes_deaths: 0.
num_space_committed: 183.
num_space_uncommitted: 0.
num_chunks_returned_to_freelist: 0.
num_chunks_taken_from_freelist: 427.
num_chunk_merges: 0.
num_chunk_splits: 298.
num_chunks_enlarged: 223.
num_purges: 0.
num_inconsistent_stats: 0.

CodeHeap 'non-profiled nmethods': size=120000Kb used=725Kb max_used=725Kb free=119274Kb
 bounds [0x000001de56330000, 0x000001de565a0000, 0x000001de5d860000]
CodeHeap 'profiled nmethods': size=120000Kb used=3617Kb max_used=3617Kb free=116382Kb
 bounds [0x000001de4ee00000, 0x000001de4f190000, 0x000001de56330000]
CodeHeap 'non-nmethods': size=5760Kb used=1182Kb max_used=1196Kb free=4577Kb
 bounds [0x000001de4e860000, 0x000001de4ead0000, 0x000001de4ee00000]
 total_blobs=2357 nmethods=1877 adapters=394
 compilation: enabled
              stopped_count=0, restarted_count=0
 full_count=0

Compilation events (20 events):
Event: 1.895 Thread 0x000001de5fa36380 nmethod 1868 0x000001de563e4e90 code [0x000001de563e5000, 0x000001de563e50b8]
Event: 1.895 Thread 0x000001de62045010 nmethod 1869 0x000001de4f17df90 code [0x000001de4f17e1a0, 0x000001de4f17e828]
Event: 1.895 Thread 0x000001de62045010 1870       3       java.util.LinkedList$ListItr::checkForComodification (23 bytes)
Event: 1.895 Thread 0x000001de62045010 nmethod 1870 0x000001de4f17ea90 code [0x000001de4f17ec40, 0x000001de4f17ee68]
Event: 1.895 Thread 0x000001de62045010 1872       3       org.eclipse.osgi.internal.framework.FilterImpl$Item::compare (347 bytes)
Event: 1.896 Thread 0x000001de62045010 nmethod 1872 0x000001de4f17ef90 code [0x000001de4f17f620, 0x000001de4f1835b8]
Event: 1.896 Thread 0x000001de62045010 1871       3       org.eclipse.osgi.framework.util.CaseInsensitiveDictionaryMap::get (15 bytes)
Event: 1.897 Thread 0x000001de62045010 nmethod 1871 0x000001de4f184190 code [0x000001de4f184380, 0x000001de4f184ae8]
Event: 1.898 Thread 0x000001de62045010 1873       1       sun.nio.fs.NativeBuffer::setOwner (6 bytes)
Event: 1.898 Thread 0x000001de62045010 nmethod 1873 0x000001de563e5190 code [0x000001de563e5320, 0x000001de563e53f8]
Event: 1.915 Thread 0x000001de62045010 1874       3       java.util.concurrent.locks.ReentrantLock::tryLock (13 bytes)
Event: 1.915 Thread 0x000001de62045010 nmethod 1874 0x000001de4f184d10 code [0x000001de4f184ec0, 0x000001de4f185058]
Event: 1.915 Thread 0x000001de62045010 1876   !   3       org.eclipse.osgi.internal.framework.EquinoxBundle::$SWITCH_TABLE$org$eclipse$osgi$container$Module$State (115 bytes)
Event: 1.915 Thread 0x000001de62045010 nmethod 1876 0x000001de4f185190 code [0x000001de4f185380, 0x000001de4f185908]
Event: 1.915 Thread 0x000001de62045010 1877       3       org.eclipse.osgi.storage.bundlefile.ZipBundleFile::getZipEntry (87 bytes)
Event: 1.916 Thread 0x000001de62045010 nmethod 1877 0x000001de4f185b10 code [0x000001de4f185e60, 0x000001de4f187348]
Event: 1.916 Thread 0x000001de62045010 1875       3       java.util.concurrent.locks.ReentrantLock$Sync::tryLockNanos (36 bytes)
Event: 1.916 Thread 0x000001de62045010 nmethod 1875 0x000001de4f187a90 code [0x000001de4f187c80, 0x000001de4f188138]
Event: 1.916 Thread 0x000001de62045010 1878       3       org.eclipse.osgi.internal.loader.sources.SingleSourcePackage::loadClass (9 bytes)
Event: 1.916 Thread 0x000001de62045010 nmethod 1878 0x000001de4f188310 code [0x000001de4f1884c0, 0x000001de4f188688]

GC Heap History (4 events):
Event: 1.035 GC heap before
{Heap before GC invocations=1 (full 0):
 PSYoungGen      total 29696K, used 25600K [0x00000000eab00000, 0x00000000ecc00000, 0x0000000100000000)
  eden space 25600K, 100% used [0x00000000eab00000,0x00000000ec400000,0x00000000ec400000)
  from space 4096K, 0% used [0x00000000ec800000,0x00000000ec800000,0x00000000ecc00000)
  to   space 4096K, 0% used [0x00000000ec400000,0x00000000ec400000,0x00000000ec800000)
 ParOldGen       total 68608K, used 0K [0x00000000c0000000, 0x00000000c4300000, 0x00000000eab00000)
  object space 68608K, 0% used [0x00000000c0000000,0x00000000c0000000,0x00000000c4300000)
 Metaspace       used 4667K, committed 4800K, reserved 1056768K
  class space    used 433K, committed 448K, reserved 1048576K
}
Event: 1.046 GC heap after
{Heap after GC invocations=1 (full 0):
 PSYoungGen      total 29696K, used 3774K [0x00000000eab00000, 0x00000000ecc00000, 0x0000000100000000)
  eden space 25600K, 0% used [0x00000000eab00000,0x00000000eab00000,0x00000000ec400000)
  from space 4096K, 92% used [0x00000000ec400000,0x00000000ec7af818,0x00000000ec800000)
  to   space 4096K, 0% used [0x00000000ec800000,0x00000000ec800000,0x00000000ecc00000)
 ParOldGen       total 68608K, used 0K [0x00000000c0000000, 0x00000000c4300000, 0x00000000eab00000)
  object space 68608K, 0% used [0x00000000c0000000,0x00000000c0000000,0x00000000c4300000)
 Metaspace       used 4667K, committed 4800K, reserved 1056768K
  class space    used 433K, committed 448K, reserved 1048576K
}
Event: 1.661 GC heap before
{Heap before GC invocations=2 (full 0):
 PSYoungGen      total 29696K, used 29374K [0x00000000eab00000, 0x00000000ecc00000, 0x0000000100000000)
  eden space 25600K, 100% used [0x00000000eab00000,0x00000000ec400000,0x00000000ec400000)
  from space 4096K, 92% used [0x00000000ec400000,0x00000000ec7af818,0x00000000ec800000)
  to   space 4096K, 0% used [0x00000000ec800000,0x00000000ec800000,0x00000000ecc00000)
 ParOldGen       total 68608K, used 0K [0x00000000c0000000, 0x00000000c4300000, 0x00000000eab00000)
  object space 68608K, 0% used [0x00000000c0000000,0x00000000c0000000,0x00000000c4300000)
 Metaspace       used 8908K, committed 9152K, reserved 1056768K
  class space    used 864K, committed 960K, reserved 1048576K
}
Event: 1.665 GC heap after
{Heap after GC invocations=2 (full 0):
 PSYoungGen      total 29696K, used 4083K [0x00000000eab00000, 0x00000000ecc00000, 0x0000000100000000)
  eden space 25600K, 0% used [0x00000000eab00000,0x00000000eab00000,0x00000000ec400000)
  from space 4096K, 99% used [0x00000000ec800000,0x00000000ecbfcd28,0x00000000ecc00000)
  to   space 4096K, 0% used [0x00000000ec400000,0x00000000ec400000,0x00000000ec800000)
 ParOldGen       total 68608K, used 1274K [0x00000000c0000000, 0x00000000c4300000, 0x00000000eab00000)
  object space 68608K, 1% used [0x00000000c0000000,0x00000000c013eb70,0x00000000c4300000)
 Metaspace       used 8908K, committed 9152K, reserved 1056768K
  class space    used 864K, committed 960K, reserved 1048576K
}

Deoptimization events (20 events):
Event: 1.816 Thread 0x000001de62b87ee0 Uncommon trap: trap_request=0xffffffde fr.pc=0x000001de5639c2d0 relative=0x00000000000002b0
Event: 1.816 Thread 0x000001de62b87ee0 Uncommon trap: reason=class_check action=maybe_recompile pc=0x000001de5639c2d0 method=java.io.DataInputStream.readByte()B @ 4 c2
Event: 1.816 Thread 0x000001de62b87ee0 DEOPT PACKING pc=0x000001de5639c2d0 sp=0x0000004cdb6fb720
Event: 1.816 Thread 0x000001de62b87ee0 DEOPT UNPACKING pc=0x000001de4e8b20a3 sp=0x0000004cdb6fb6d8 mode 2
Event: 1.816 Thread 0x000001de62b87ee0 Uncommon trap: trap_request=0xffffffde fr.pc=0x000001de5639c2d0 relative=0x00000000000002b0
Event: 1.817 Thread 0x000001de62b87ee0 Uncommon trap: reason=class_check action=maybe_recompile pc=0x000001de5639c2d0 method=java.io.DataInputStream.readByte()B @ 4 c2
Event: 1.817 Thread 0x000001de62b87ee0 DEOPT PACKING pc=0x000001de5639c2d0 sp=0x0000004cdb6fb720
Event: 1.817 Thread 0x000001de62b87ee0 DEOPT UNPACKING pc=0x000001de4e8b20a3 sp=0x0000004cdb6fb6d8 mode 2
Event: 1.889 Thread 0x000001de62b87ee0 Uncommon trap: trap_request=0xffffff45 fr.pc=0x000001de563471a4 relative=0x0000000000000384
Event: 1.889 Thread 0x000001de62b87ee0 Uncommon trap: reason=unstable_if action=reinterpret pc=0x000001de563471a4 method=java.lang.StringLatin1.canEncode(I)Z @ 4 c2
Event: 1.889 Thread 0x000001de62b87ee0 DEOPT PACKING pc=0x000001de563471a4 sp=0x0000004cdb6f8930
Event: 1.889 Thread 0x000001de62b87ee0 DEOPT UNPACKING pc=0x000001de4e8b20a3 sp=0x0000004cdb6f8858 mode 2
Event: 1.889 Thread 0x000001de62b87ee0 Uncommon trap: trap_request=0xffffff45 fr.pc=0x000001de56346880 relative=0x0000000000000360
Event: 1.889 Thread 0x000001de62b87ee0 Uncommon trap: reason=unstable_if action=reinterpret pc=0x000001de56346880 method=java.lang.AbstractStringBuilder.isLatin1()Z @ 10 c2
Event: 1.889 Thread 0x000001de62b87ee0 DEOPT PACKING pc=0x000001de56346880 sp=0x0000004cdb6f8950
Event: 1.889 Thread 0x000001de62b87ee0 DEOPT UNPACKING pc=0x000001de4e8b20a3 sp=0x0000004cdb6f88d0 mode 2
Event: 1.892 Thread 0x000001de62b87ee0 Uncommon trap: trap_request=0xffffff45 fr.pc=0x000001de56356748 relative=0x0000000000000048
Event: 1.892 Thread 0x000001de62b87ee0 Uncommon trap: reason=unstable_if action=reinterpret pc=0x000001de56356748 method=java.lang.CharacterData.of(I)Ljava/lang/CharacterData; @ 4 c2
Event: 1.892 Thread 0x000001de62b87ee0 DEOPT PACKING pc=0x000001de56356748 sp=0x0000004cdb6f8100
Event: 1.892 Thread 0x000001de62b87ee0 DEOPT UNPACKING pc=0x000001de4e8b20a3 sp=0x0000004cdb6f8098 mode 2

Classes unloaded (0 events):
No events

Classes redefined (0 events):
No events

Internal exceptions (20 events):
Event: 0.932 Thread 0x000001de44fae280 Exception <a 'java/lang/ClassNotFoundException'{0x00000000ec15afe8}: sun/net/www/protocol/d/Handler> (0x00000000ec15afe8) 
thrown [s\open\src\hotspot\share\classfile\systemDictionary.cpp, line 256]
Event: 0.932 Thread 0x000001de44fae280 Exception <a 'java/lang/ClassNotFoundException'{0x00000000ec15c1b0}: sun/net/www/protocol/c/Handler> (0x00000000ec15c1b0) 
thrown [s\open\src\hotspot\share\classfile\systemDictionary.cpp, line 256]
Event: 0.945 Thread 0x000001de44fae280 Exception <a 'java/io/FileNotFoundException'{0x00000000ec17aee0}> (0x00000000ec17aee0) 
thrown [s\open\src\hotspot\share\prims\jni.cpp, line 516]
Event: 0.971 Thread 0x000001de44fae280 Implicit null exception at 0x000001de563584e0 to 0x000001de56358e10
Event: 0.971 Thread 0x000001de44fae280 Implicit null exception at 0x000001de56364aac to 0x000001de56364f04
Event: 0.971 Thread 0x000001de44fae280 Implicit null exception at 0x000001de5636232c to 0x000001de5636276c
Event: 0.971 Thread 0x000001de44fae280 Implicit null exception at 0x000001de56375c0f to 0x000001de56375c89
Event: 1.055 Thread 0x000001de44fae280 Exception <a 'java/lang/NoSuchMethodError'{0x00000000eab45b08}: 'int java.lang.invoke.DirectMethodHandle$Holder.invokeStaticInit(java.lang.Object, java.lang.Object, java.lang.Object, java.lang.Object)'> (0x00000000eab45b08) 
thrown [s\open\src\hotspot\share\interpreter\linkResolver.cpp, line 759]
Event: 1.056 Thread 0x000001de44fae280 Exception <a 'java/lang/NoSuchMethodError'{0x00000000eab50280}: 'java.lang.Object java.lang.invoke.DirectMethodHandle$Holder.invokeInterface(java.lang.Object, java.lang.Object)'> (0x00000000eab50280) 
thrown [s\open\src\hotspot\share\interpreter\linkResolver.cpp, line 759]
Event: 1.056 Thread 0x000001de44fae280 Exception <a 'java/lang/IncompatibleClassChangeError'{0x00000000eab53a78}: Found class java.lang.Object, but interface was expected> (0x00000000eab53a78) 
thrown [s\open\src\hotspot\share\interpreter\linkResolver.cpp, line 826]
Event: 1.057 Thread 0x000001de44fae280 Exception <a 'java/lang/NoSuchMethodError'{0x00000000eab581a0}: 'void java.lang.invoke.DirectMethodHandle$Holder.invokeStatic(java.lang.Object, java.lang.Object)'> (0x00000000eab581a0) 
thrown [s\open\src\hotspot\share\interpreter\linkResolver.cpp, line 759]
Event: 1.057 Thread 0x000001de44fae280 Exception <a 'java/lang/NoSuchMethodError'{0x00000000eab5bab8}: 'void java.lang.invoke.DirectMethodHandle$Holder.invokeStaticInit(java.lang.Object, java.lang.Object)'> (0x00000000eab5bab8) 
thrown [s\open\src\hotspot\share\interpreter\linkResolver.cpp, line 759]
Event: 1.058 Thread 0x000001de44fae280 Exception <a 'java/lang/NoSuchMethodError'{0x00000000eab63470}: 'int java.lang.invoke.DirectMethodHandle$Holder.invokeStaticInit(java.lang.Object, java.lang.Object)'> (0x00000000eab63470) 
thrown [s\open\src\hotspot\share\interpreter\linkResolver.cpp, line 759]
Event: 1.089 Thread 0x000001de44fae280 Exception <a 'java/lang/NoSuchMethodError'{0x00000000eacd1d58}: 'void java.lang.invoke.DirectMethodHandle$Holder.invokeSpecial(java.lang.Object, java.lang.Object, java.lang.Object)'> (0x00000000eacd1d58) 
thrown [s\open\src\hotspot\share\interpreter\linkResolver.cpp, line 759]
Event: 1.304 Thread 0x000001de44fae280 Exception <a 'java/lang/NoSuchMethodError'{0x00000000eb83b830}: 'java.lang.Object java.lang.invoke.DirectMethodHandle$Holder.newInvokeSpecial(java.lang.Object, int, java.lang.Object)'> (0x00000000eb83b830) 
thrown [s\open\src\hotspot\share\interpreter\linkResolver.cpp, line 759]
Event: 1.491 Thread 0x000001de44fae280 Exception <a 'java/lang/UnsatisfiedLinkError'{0x00000000ebd68c90}: 'void org.eclipse.equinox.launcher.JNIBridge._update_splash()'> (0x00000000ebd68c90) 
thrown [s\open\src\hotspot\share\prims\nativeLookup.cpp, line 543]
Event: 1.602 Thread 0x000001de62b87ee0 Exception <a 'java/lang/NoSuchMethodError'{0x00000000ec05cfe8}: 'java.lang.Object java.lang.invoke.DirectMethodHandle$Holder.invokeStaticInit(java.lang.Object)'> (0x00000000ec05cfe8) 
thrown [s\open\src\hotspot\share\interpreter\linkResolver.cpp, line 759]
Event: 1.812 Thread 0x000001de62b87ee0 Exception <a 'java/io/FileNotFoundException'{0x00000000eb36b2c8}> (0x00000000eb36b2c8) 
thrown [s\open\src\hotspot\share\prims\jni.cpp, line 516]
Event: 1.818 Thread 0x000001de62b87ee0 Exception <a 'java/lang/NullPointerException'{0x00000000eb3bd3e0}> (0x00000000eb3bd3e0) 
thrown [s\open\src\hotspot\share\interpreter\linkResolver.cpp, line 1350]
Event: 1.818 Thread 0x000001de62b87ee0 Exception <a 'java/lang/NullPointerException'{0x00000000eb3bdc08}> (0x00000000eb3bdc08) 
thrown [s\open\src\hotspot\share\interpreter\linkResolver.cpp, line 1350]

VM Operations (20 events):
Event: 0.915 Executing VM operation: HandshakeAllThreads
Event: 0.915 Executing VM operation: HandshakeAllThreads done
Event: 0.971 Executing VM operation: ICBufferFull
Event: 0.971 Executing VM operation: ICBufferFull done
Event: 1.035 Executing VM operation: ParallelGCFailedAllocation
Event: 1.046 Executing VM operation: ParallelGCFailedAllocation done
Event: 1.285 Executing VM operation: HandshakeAllThreads
Event: 1.285 Executing VM operation: HandshakeAllThreads done
Event: 1.287 Executing VM operation: HandshakeAllThreads
Event: 1.287 Executing VM operation: HandshakeAllThreads done
Event: 1.292 Executing VM operation: HandshakeAllThreads
Event: 1.292 Executing VM operation: HandshakeAllThreads done
Event: 1.612 Executing VM operation: HandshakeAllThreads
Event: 1.612 Executing VM operation: HandshakeAllThreads done
Event: 1.661 Executing VM operation: ParallelGCFailedAllocation
Event: 1.665 Executing VM operation: ParallelGCFailedAllocation done
Event: 1.892 Executing VM operation: HandshakeAllThreads
Event: 1.892 Executing VM operation: HandshakeAllThreads done
Event: 1.893 Executing VM operation: HandshakeAllThreads
Event: 1.893 Executing VM operation: HandshakeAllThreads done

Events (20 events):
Event: 1.703 loading class java/util/Timer$ThreadReaper done
Event: 1.704 Thread 0x000001de62e1c0d0 Thread added: 0x000001de62e1c0d0
Event: 1.711 loading class java/util/concurrent/locks/ReentrantLock$FairSync
Event: 1.711 loading class java/util/concurrent/locks/ReentrantLock$FairSync done
Event: 1.712 loading class java/util/Collections$ReverseComparator
Event: 1.712 loading class java/util/Collections$ReverseComparator done
Event: 1.764 loading class javax/xml/parsers/ParserConfigurationException
Event: 1.764 loading class javax/xml/parsers/ParserConfigurationException done
Event: 1.771 loading class java/lang/CloneNotSupportedException
Event: 1.771 loading class java/lang/CloneNotSupportedException done
Event: 1.879 loading class sun/util/resources/LocaleData$CommonResourceBundleProvider
Event: 1.879 loading class sun/util/resources/LocaleData$LocaleDataResourceBundleProvider
Event: 1.879 loading class java/util/spi/ResourceBundleProvider
Event: 1.879 loading class java/util/spi/ResourceBundleProvider done
Event: 1.879 loading class sun/util/resources/LocaleData$LocaleDataResourceBundleProvider done
Event: 1.879 loading class sun/util/resources/LocaleData$CommonResourceBundleProvider done
Event: 1.880 loading class sun/util/resources/Bundles$2
Event: 1.880 loading class sun/util/resources/Bundles$2 done
Event: 1.894 loading class java/util/Formatter$FixedString
Event: 1.894 loading class java/util/Formatter$FixedString done


Dynamic libraries:
0x00007ff7e7b50000 - 0x00007ff7e7b60000 	C:\Program Files\Java\jdk-17.0.5\bin\java.exe
0x00007fff0eb50000 - 0x00007fff0ed64000 	C:\WINDOWS\SYSTEM32\ntdll.dll
0x00007fff0de60000 - 0x00007fff0df22000 	C:\WINDOWS\System32\KERNEL32.DLL
0x00007fff0c490000 - 0x00007fff0c82d000 	C:\WINDOWS\System32\KERNELBASE.dll
0x00007fff0bf80000 - 0x00007fff0c091000 	C:\WINDOWS\System32\ucrtbase.dll
0x00007ffeffc00000 - 0x00007ffeffc18000 	C:\Program Files\Java\jdk-17.0.5\bin\jli.dll
0x00007fff0df40000 - 0x00007fff0dfee000 	C:\WINDOWS\System32\ADVAPI32.dll
0x00007fff0e260000 - 0x00007fff0e307000 	C:\WINDOWS\System32\msvcrt.dll
0x00007fff0d580000 - 0x00007fff0d624000 	C:\WINDOWS\System32\sechost.dll
0x00007fff0e010000 - 0x00007fff0e125000 	C:\WINDOWS\System32\RPCRT4.dll
0x00007fff0dba0000 - 0x00007fff0dd4d000 	C:\WINDOWS\System32\USER32.dll
0x00007fff0c8b0000 - 0x00007fff0c8d6000 	C:\WINDOWS\System32\win32u.dll
0x00007fff0cc70000 - 0x00007fff0cc99000 	C:\WINDOWS\System32\GDI32.dll
0x00007fff0c0a0000 - 0x00007fff0c1b2000 	C:\WINDOWS\System32\gdi32full.dll
0x00007fff0c1c0000 - 0x00007fff0c25a000 	C:\WINDOWS\System32\msvcp_win.dll
0x00007ffeff9b0000 - 0x00007ffeff9ca000 	C:\Program Files\Java\jdk-17.0.5\bin\VCRUNTIME140.dll
0x00007ffef1590000 - 0x00007ffef181e000 	C:\WINDOWS\WinSxS\amd64_microsoft.windows.common-controls_6595b64144ccf1df_6.0.22621.436_none_a94247dbc10d8414\COMCTL32.dll
0x00007fff04800000 - 0x00007fff0480a000 	C:\WINDOWS\SYSTEM32\VERSION.dll
0x00007fff0e210000 - 0x00007fff0e242000 	C:\WINDOWS\System32\IMM32.DLL
0x00007fff05980000 - 0x00007fff0598c000 	C:\Program Files\Java\jdk-17.0.5\bin\vcruntime140_1.dll
0x00007ffece1d0000 - 0x00007ffece25d000 	C:\Program Files\Java\jdk-17.0.5\bin\msvcp140.dll
0x00007ffe58690000 - 0x00007ffe59252000 	C:\Program Files\Java\jdk-17.0.5\bin\server\jvm.dll
0x00007fff0e250000 - 0x00007fff0e258000 	C:\WINDOWS\System32\PSAPI.DLL
0x00007ffee6490000 - 0x00007ffee6499000 	C:\WINDOWS\SYSTEM32\WSOCK32.dll
0x00007fff0e310000 - 0x00007fff0e381000 	C:\WINDOWS\System32\WS2_32.dll
0x00007fff05820000 - 0x00007fff05854000 	C:\WINDOWS\SYSTEM32\WINMM.dll
0x00007fff0b0a0000 - 0x00007fff0b0b8000 	C:\WINDOWS\SYSTEM32\kernel.appcore.dll
0x00007ffeff040000 - 0x00007ffeff04a000 	C:\Program Files\Java\jdk-17.0.5\bin\jimage.dll
0x00007ffef6320000 - 0x00007ffef654e000 	C:\WINDOWS\SYSTEM32\DBGHELP.DLL
0x00007fff0e5c0000 - 0x00007fff0e94a000 	C:\WINDOWS\System32\combase.dll
0x00007fff0e130000 - 0x00007fff0e207000 	C:\WINDOWS\System32\OLEAUT32.dll
0x00007ffef5820000 - 0x00007ffef5852000 	C:\WINDOWS\SYSTEM32\dbgcore.DLL
0x00007fff0c830000 - 0x00007fff0c8ab000 	C:\WINDOWS\System32\bcryptPrimitives.dll
0x00007ffefe0d0000 - 0x00007ffefe0de000 	C:\Program Files\Java\jdk-17.0.5\bin\instrument.dll
0x00007ffee7cf0000 - 0x00007ffee7d15000 	C:\Program Files\Java\jdk-17.0.5\bin\java.dll
0x00007ffec79d0000 - 0x00007ffec7aa6000 	C:\Program Files\Java\jdk-17.0.5\bin\jsvml.dll
0x00007fff0cda0000 - 0x00007fff0d580000 	C:\WINDOWS\System32\SHELL32.dll
0x00007fff09f80000 - 0x00007fff0a848000 	C:\WINDOWS\SYSTEM32\windows.storage.dll
0x00007fff09e40000 - 0x00007fff09f7e000 	C:\WINDOWS\SYSTEM32\wintypes.dll
0x00007fff0cca0000 - 0x00007fff0cd91000 	C:\WINDOWS\System32\SHCORE.dll
0x00007fff0e560000 - 0x00007fff0e5be000 	C:\WINDOWS\System32\shlwapi.dll
0x00007fff0beb0000 - 0x00007fff0bed1000 	C:\WINDOWS\SYSTEM32\profapi.dll
0x00007fff05960000 - 0x00007fff05978000 	C:\Program Files\Java\jdk-17.0.5\bin\zip.dll
0x00007fff058b0000 - 0x00007fff058c9000 	C:\Program Files\Java\jdk-17.0.5\bin\net.dll
0x00007fff05430000 - 0x00007fff0555f000 	C:\WINDOWS\SYSTEM32\WINHTTP.dll
0x00007fff0b4f0000 - 0x00007fff0b559000 	C:\WINDOWS\system32\mswsock.dll
0x00007fff05890000 - 0x00007fff058a6000 	C:\Program Files\Java\jdk-17.0.5\bin\nio.dll
0x00007fff089e0000 - 0x00007fff089f0000 	C:\Program Files\Java\jdk-17.0.5\bin\verify.dll
0x00007ffebdb80000 - 0x00007ffebdbbe000 	C:\Users\tomok\AppData\Roaming\Code\User\globalStorage\redhat.java\1.12.0\config_ss_win\org.eclipse.equinox.launcher\org.eclipse.equinox.launcher.win32.win32.x86_64_1.2.600.v20220720-1916\eclipse_11700.dll
0x00007fff0e3a0000 - 0x00007fff0e53c000 	C:\WINDOWS\System32\ole32.dll

dbghelp: loaded successfully - version: 4.0.5 - missing functions: none
symbol engine: initialized successfully - sym options: 0x614 - pdb path: .;C:\Program Files\Java\jdk-17.0.5\bin;C:\WINDOWS\SYSTEM32;C:\WINDOWS\WinSxS\amd64_microsoft.windows.common-controls_6595b64144ccf1df_6.0.22621.436_none_a94247dbc10d8414;C:\Program Files\Java\jdk-17.0.5\bin\server;C:\Users\tomok\AppData\Roaming\Code\User\globalStorage\redhat.java\1.12.0\config_ss_win\org.eclipse.equinox.launcher\org.eclipse.equinox.launcher.win32.win32.x86_64_1.2.600.v20220720-1916

VM Arguments:
jvm_args: --add-modules=ALL-SYSTEM --add-opens=java.base/java.util=ALL-UNNAMED --add-opens=java.base/java.lang=ALL-UNNAMED --add-opens=java.base/sun.nio.fs=ALL-UNNAMED -Declipse.application=org.eclipse.jdt.ls.core.id1 -Dosgi.bundles.defaultStartLevel=4 -Declipse.product=org.eclipse.jdt.ls.core.product -Djava.import.generatesMetadataFilesAtProjectRoot=false -Dfile.encoding=utf8 -XX:+UseParallelGC -XX:GCTimeRatio=4 -XX:AdaptiveSizePolicyWeight=90 -Dsun.zip.disableMemoryMapping=true -Xmx1G -Xms100m -Xlog:disable -javaagent:c:\Users\tomok\.vscode\extensions\redhat.java-1.12.0-win32-x64\lombok\lombok-1.18.24.jar 
java_command: c:\Users\tomok\.vscode\extensions\redhat.java-1.12.0-win32-x64\server\plugins\org.eclipse.equinox.launcher_1.6.400.v20210924-0641.jar -configuration c:\Users\tomok\AppData\Roaming\Code\User\globalStorage\redhat.java\1.12.0\config_ss_win -data c:\Users\tomok\AppData\Roaming\Code\User\workspaceStorage\4dffa79ef8fdc86acc30123db513b158\redhat.java\ss_ws
java_class_path (initial): c:\Users\tomok\.vscode\extensions\redhat.java-1.12.0-win32-x64\server\plugins\org.eclipse.equinox.launcher_1.6.400.v20210924-0641.jar
Launcher Type: SUN_STANDARD

[Global flags]
    uintx AdaptiveSizePolicyWeight                 = 90                                        {product} {command line}
     intx CICompilerCount                          = 4                                         {product} {ergonomic}
    uintx GCTimeRatio                              = 4                                         {product} {command line}
   size_t InitialHeapSize                          = 104857600                                 {product} {command line}
   size_t MaxHeapSize                              = 1073741824                                {product} {command line}
   size_t MaxNewSize                               = 357564416                                 {product} {ergonomic}
   size_t MinHeapDeltaBytes                        = 524288                                    {product} {ergonomic}
   size_t MinHeapSize                              = 104857600                                 {product} {command line}
   size_t NewSize                                  = 34603008                                  {product} {ergonomic}
    uintx NonNMethodCodeHeapSize                   = 5839372                                {pd product} {ergonomic}
    uintx NonProfiledCodeHeapSize                  = 122909434                              {pd product} {ergonomic}
   size_t OldSize                                  = 70254592                                  {product} {ergonomic}
    uintx ProfiledCodeHeapSize                     = 122909434                              {pd product} {ergonomic}
    uintx ReservedCodeCacheSize                    = 251658240                              {pd product} {ergonomic}
     bool SegmentedCodeCache                       = true                                      {product} {ergonomic}
   size_t SoftMaxHeapSize                          = 1073741824                             {manageable} {ergonomic}
     bool UseCompressedClassPointers               = true                           {product lp64_product} {ergonomic}
     bool UseCompressedOops                        = true                           {product lp64_product} {ergonomic}
     bool UseLargePagesIndividualAllocation        = false                                  {pd product} {ergonomic}
     bool UseParallelGC                            = true                                      {product} {command line}

Logging:
Log output configuration:
 #0: stdout all=off uptime,level,tags
 #1: stderr all=off uptime,level,tags

Environment Variables:
JAVA_HOME=C:\Program Files\AdoptOpenJDK\jdk-11.0.10.9-hotspot
PATH=C:\Users\tomok\AppData\Local\cloud-code\installer\google-cloud-sdk\bin;C:\Program Files\Common Files\Oracle\Java\javapath;C:\Program Files\NVIDIA GPU Computing Toolkit\CUDA\v11.2\bin;C:\Program Files\NVIDIA GPU Computing Toolkit\CUDA\v11.2\libnvvp;C:\Program Files\AdoptOpenJDK\jdk-11.0.10.9-hotspot\bin;C:\Program Files (x86)\Common Files\Oracle\Java\javapath;C:\Windows\system32;C:\Windows;C:\Windows\System32\Wbem;C:\Users\tomok\AppData\Local\Programs\Python\Python310;C:\Windows\System32\WindowsPowerShell\v1.0\;C:\Windows\System32\OpenSSH\;C:\Program Files (x86)\Intel\Intel(R) Management Engine Components\DAL;C:\Program Files\Intel\Intel(R) Management Engine Components\DAL;C:\Program Files (x86)\NVIDIA Corporation\PhysX\Common;C:\Program Files\Microsoft SQL Server\130\Tools\Binn\;C:\xampp\mysql\bin;C:\Program Files (x86)\sbt\bin;C:\Program Files (x86)\scala\bin;C:\WINDOWS\system32;C:\WINDOWS;C:\WINDOWS\System32\Wbem;C:\WINDOWS\System32\WindowsPowerShell\v1.0\;C:\WINDOWS\System32\OpenSSH\;C:\Program Files\Calibre2\;C:\Program Files\MongoDB\Server\4.4\bin;C:\apache-maven-3.6.3-bin\apache-maven-3.6.3\bin;C:\xampp\php;C:\Program Files\Graphviz\bin;C:\Anaconda3;C:\Anaconda3\Library\bin;C:\Anaconda3\Scripts;C:\Program Files\NVIDIA Corporation\NVIDIA NvDLISR;C:\Program Files\NVIDIA Corporation\Nsight Compute 2020.3.0\;C:\Program Files\dotnet\;C:\Program Files\Microsoft SQL Server\Client SDK\ODBC\170\Tools\Binn\;C:\composer;C:\WINDOWS\system32;C:\WINDOWS;C:\WINDOWS\System32\Wbem;C:\WINDOWS\System32\WindowsPowerShell\v1.0\;C:\WINDOWS\System32\OpenSSH\;C:\ProgramData\ComposerSetup\bin;C:\Program Files\nodejs\;C:\ProgramData\chocolatey\bin;D:\Applications\chromedriver_win32;C:\Program Files\Docker\Docker\resources\bin;C:\ProgramData\DockerDesktop\version-bin;C:\Program Files\PowerShell\7\;C:\Users\tomok\AppData\Local\Microsoft\WindowsApps;C:\Program Files\JetBrains\IntelliJ IDEA Community Edition 2019.3\bin;C:\Users\tomok\.dotnet\tools;C:\Users\tomok\AppData\Local\Microsoft\W
USERNAME=tomok
OS=Windows_NT
PROCESSOR_IDENTIFIER=Intel64 Family 6 Model 158 Stepping 13, GenuineIntel



---------------  S Y S T E M  ---------------

OS:
 Windows 11 , 64 bit Build 22621 (10.0.22621.891)
OS uptime: 7 days 4:19 hours
Hyper-V role detected

CPU: total 8 (initial active 8) (8 cores per cpu, 1 threads per core) family 6 model 158 stepping 13 microcode 0xde, cx8, cmov, fxsr, mmx, 3dnowpref, sse, sse2, sse3, ssse3, sse4.1, sse4.2, popcnt, lzcnt, tsc, tscinvbit, avx, avx2, aes, erms, clmul, bmi1, bmi2, adx, fma, vzeroupper, clflush, clflushopt, hv

Memory: 4k page, system-wide physical 32709M (13062M free)
TotalPageFile size 131013M (AvailPageFile size 7M)
current process WorkingSet (physical memory assigned to process): 96M, peak: 96M
current process commit charge ("private bytes"): 215M, peak: 215M

vm_info: Java HotSpot(TM) 64-Bit Server VM (17.0.5+9-LTS-191) for windows-amd64 JRE (17.0.5+9-LTS-191), built on Sep 13 2022 17:31:43 by "mach5one" with MS VC++ 16.8 / 16.9 (VS2019)

END.
