#
# There is insufficient memory for the Java Runtime Environment to continue.
# Native memory allocation (mmap) failed to map 822083584 bytes for G1 virtual space
# Possible reasons:
#   The system is out of physical RAM or swap space
#   The process is running with CompressedOops enabled, and the Java Heap may be blocking the growth of the native heap
# Possible solutions:
#   Reduce memory load on the system
#   Increase physical memory or swap space
#   Check if swap backing store is full
#   Decrease Java heap size (-Xmx/-Xms)
#   Decrease number of Java threads
#   Decrease Java thread stack sizes (-Xss)
#   Set larger code cache with -XX:ReservedCodeCacheSize=
#   JVM is running with Zero Based Compressed Oops mode in which the Java heap is
#     placed in the first 32GB address space. The Java Heap base address is the
#     maximum limit for the native heap growth. Please use -XX:HeapBaseMinAddress
#     to set the Java Heap base and to place the Java Heap above 32GB virtual address.
# This output file may be truncated or incomplete.
#
#  Out of Memory Error (os_windows.cpp:3541), pid=35204, tid=19748
#
# JRE version: OpenJDK Runtime Environment Temurin-17.0.4.1+1 (17.0.4.1+1) (build 17.0.4.1+1)
# Java VM: OpenJDK 64-Bit Server VM Temurin-17.0.4.1+1 (17.0.4.1+1, mixed mode, emulated-client, tiered, compressed oops, compressed class ptrs, g1 gc, windows-amd64)
# No core dump will be written. Minidumps are not enabled by default on client versions of Windows
#

---------------  S U M M A R Y ------------

Command Line: -Dsts.lsp.client=vscode -Dsts.log.file=/dev/null -XX:TieredStopAtLevel=1 -Xlog:jni+resolve=off -Dspring.config.location=file:c:\Users\tomok\.vscode\extensions\pivotal.vscode-spring-boot-1.40.0\language-server\BOOT-INF\classes\application.properties org.springframework.ide.vscode.boot.app.BootLanguageServerBootApp

Host: Intel(R) Core(TM) i7-9700K CPU @ 3.60GHz, 8 cores, 31G,  Windows 11 , 64 bit Build 22621 (10.0.22621.891)
Time: Tue Nov 22 11:58:49 2022  Windows 11 , 64 bit Build 22621 (10.0.22621.891) elapsed time: 3.395447 seconds (0d 0h 0m 3s)

---------------  T H R E A D  ---------------

Current thread (0x000001ddeb1ff0f0):  VMThread "VM Thread" [stack: 0x000000d613900000,0x000000d613a00000] [id=19748]

Stack: [0x000000d613900000,0x000000d613a00000]
Native frames: (J=compiled Java code, j=interpreted, Vv=VM code, C=native code)
V  [jvm.dll+0x67731a]
V  [jvm.dll+0x832284]
V  [jvm.dll+0x833a2e]
V  [jvm.dll+0x834093]
V  [jvm.dll+0x245775]
V  [jvm.dll+0x674209]
V  [jvm.dll+0x668a92]
V  [jvm.dll+0x30471b]
V  [jvm.dll+0x30bc66]
V  [jvm.dll+0x35ba9e]
V  [jvm.dll+0x35bccf]
V  [jvm.dll+0x2db5b8]
V  [jvm.dll+0x2d986c]
V  [jvm.dll+0x2d8e3c]
V  [jvm.dll+0x31cd9b]
V  [jvm.dll+0x83853b]
V  [jvm.dll+0x839274]
V  [jvm.dll+0x83978c]
V  [jvm.dll+0x839b64]
V  [jvm.dll+0x839c30]
V  [jvm.dll+0x7e240a]
V  [jvm.dll+0x6761a5]
C  [ucrtbase.dll+0x29363]
C  [KERNEL32.DLL+0x1244d]
C  [ntdll.dll+0x5dfb8]

VM_Operation (0x000000d6167fe230): G1CollectForAllocation, mode: safepoint, requested by thread 0x000001ddedb43a30


---------------  P R O C E S S  ---------------

Threads class SMR info:
_java_thread_list=0x000001ddf03c3080, length=45, elements={
0x000001ddeb212140, 0x000001ddeb212af0, 0x000001ddeba64020, 0x000001ddeba648e0,
0x000001ddeba651a0, 0x000001ddeba65a60, 0x000001ddeb21d1e0, 0x000001ddeb21e820,
0x000001ddeba10090, 0x000001ddebc890a0, 0x000001ddebc935b0, 0x000001ddecf9ded0,
0x000001ddecf9e3e0, 0x000001dded795770, 0x000001dded95a810, 0x000001dded7a3a10,
0x000001ddd014a7c0, 0x000001dded957020, 0x000001dded9bf040, 0x000001dded9bfd20,
0x000001ddeda76450, 0x000001ddeda76920, 0x000001ddeda76df0, 0x000001ddeda772c0,
0x000001ddeda77790, 0x000001ddeda75f80, 0x000001ddedb46f20, 0x000001ddedb473f0,
0x000001ddedb41d50, 0x000001ddedb45240, 0x000001ddedb41880, 0x000001ddedb42220,
0x000001ddedb478c0, 0x000001ddedb45710, 0x000001ddedb43090, 0x000001ddedb42bc0,
0x000001ddedb43560, 0x000001ddedb43a30, 0x000001ddedb460b0, 0x000001ddedb426f0,
0x000001ddedb43f00, 0x000001ddedb443d0, 0x000001ddedb448a0, 0x000001ddedb48730,
0x000001ddedb47d90
}

Java Threads: ( => current thread )
  0x000001ddeb212140 JavaThread "Reference Handler" daemon [_thread_blocked, id=2068, stack(0x000000d613a00000,0x000000d613b00000)]
  0x000001ddeb212af0 JavaThread "Finalizer" daemon [_thread_blocked, id=324, stack(0x000000d613b00000,0x000000d613c00000)]
  0x000001ddeba64020 JavaThread "Signal Dispatcher" daemon [_thread_blocked, id=2028, stack(0x000000d613c00000,0x000000d613d00000)]
  0x000001ddeba648e0 JavaThread "Attach Listener" daemon [_thread_blocked, id=11544, stack(0x000000d613d00000,0x000000d613e00000)]
  0x000001ddeba651a0 JavaThread "Service Thread" daemon [_thread_blocked, id=36060, stack(0x000000d613e00000,0x000000d613f00000)]
  0x000001ddeba65a60 JavaThread "Monitor Deflation Thread" daemon [_thread_blocked, id=10900, stack(0x000000d613f00000,0x000000d614000000)]
  0x000001ddeb21d1e0 JavaThread "C1 CompilerThread0" daemon [_thread_blocked, id=35576, stack(0x000000d614000000,0x000000d614100000)]
  0x000001ddeb21e820 JavaThread "Sweeper thread" daemon [_thread_blocked, id=35168, stack(0x000000d614100000,0x000000d614200000)]
  0x000001ddeba10090 JavaThread "C1 CompilerThread1" daemon [_thread_blocked, id=24308, stack(0x000000d614200000,0x000000d614300000)]
  0x000001ddebc890a0 JavaThread "Notification Thread" daemon [_thread_blocked, id=33604, stack(0x000000d614300000,0x000000d614400000)]
  0x000001ddebc935b0 JavaThread "Common-Cleaner" daemon [_thread_blocked, id=1796, stack(0x000000d614500000,0x000000d614600000)]
  0x000001ddecf9ded0 JavaThread "C1 CompilerThread2" daemon [_thread_blocked, id=32748, stack(0x000000d614600000,0x000000d614700000)]
  0x000001ddecf9e3e0 JavaThread "C1 CompilerThread3" daemon [_thread_blocked, id=25192, stack(0x000000d614700000,0x000000d614800000)]
  0x000001dded795770 JavaThread "boundedElastic-evictor-1" daemon [_thread_blocked, id=18012, stack(0x000000d614f00000,0x000000d615000000)]
  0x000001dded95a810 JavaThread "pool-9-thread-1" [_thread_blocked, id=8604, stack(0x000000d615100000,0x000000d615200000)]
  0x000001dded7a3a10 JavaThread "LanguageServerApp-lifecycle" [_thread_blocked, id=20464, stack(0x000000d615200000,0x000000d615300000)]
  0x000001ddd014a7c0 JavaThread "DestroyJavaVM" [_thread_blocked, id=22888, stack(0x000000d613300000,0x000000d613400000)]
  0x000001dded957020 JavaThread "pool-10-thread-1" [_thread_in_native, id=23180, stack(0x000000d615300000,0x000000d615400000)]
  0x000001dded9bf040 JavaThread "Simple-Language-Server main thread" daemon [_thread_blocked, id=9416, stack(0x000000d615400000,0x000000d615500000)]
  0x000001dded9bfd20 JavaThread "ForkJoinPool.commonPool-worker-1" daemon [_thread_blocked, id=32568, stack(0x000000d615500000,0x000000d615600000)]
  0x000001ddeda76450 JavaThread "pool-7-thread-1" [_thread_blocked, id=30292, stack(0x000000d615600000,0x000000d615700000)]
  0x000001ddeda76920 JavaThread "parallel-1" daemon [_thread_blocked, id=17464, stack(0x000000d615700000,0x000000d615800000)]
  0x000001ddeda76df0 JavaThread "parallel-2" daemon [_thread_blocked, id=14108, stack(0x000000d615800000,0x000000d615900000)]
  0x000001ddeda772c0 JavaThread "pool-4-thread-1" [_thread_blocked, id=13028, stack(0x000000d615900000,0x000000d615a00000)]
  0x000001ddeda77790 JavaThread "parallel-3" daemon [_thread_blocked, id=23128, stack(0x000000d615a00000,0x000000d615b00000)]
  0x000001ddeda75f80 JavaThread "ClassGraph-worker-0" daemon [_thread_blocked, id=16908, stack(0x000000d615b00000,0x000000d615c00000)]
  0x000001ddedb46f20 JavaThread "ClassGraph-worker-1" daemon [_thread_blocked, id=26548, stack(0x000000d615c00000,0x000000d615d00000)]
  0x000001ddedb473f0 JavaThread "ClassGraph-worker-2" daemon [_thread_blocked, id=25216, stack(0x000000d615d00000,0x000000d615e00000)]
  0x000001ddedb41d50 JavaThread "ClassGraph-worker-3" daemon [_thread_blocked, id=19376, stack(0x000000d615e00000,0x000000d615f00000)]
  0x000001ddedb45240 JavaThread "ClassGraph-worker-4" daemon [_thread_blocked, id=38496, stack(0x000000d615f00000,0x000000d616000000)]
  0x000001ddedb41880 JavaThread "ClassGraph-worker-5" daemon [_thread_blocked, id=24032, stack(0x000000d616000000,0x000000d616100000)]
  0x000001ddedb42220 JavaThread "ClassGraph-worker-6" daemon [_thread_blocked, id=36676, stack(0x000000d616100000,0x000000d616200000)]
  0x000001ddedb478c0 JavaThread "ClassGraph-worker-7" daemon [_thread_blocked, id=32708, stack(0x000000d616200000,0x000000d616300000)]
  0x000001ddedb45710 JavaThread "ClassGraph-worker-8" daemon [_thread_blocked, id=29220, stack(0x000000d616300000,0x000000d616400000)]
  0x000001ddedb43090 JavaThread "ClassGraph-worker-9" daemon [_thread_blocked, id=23440, stack(0x000000d616400000,0x000000d616500000)]
  0x000001ddedb42bc0 JavaThread "ClassGraph-worker-10" daemon [_thread_blocked, id=28532, stack(0x000000d616500000,0x000000d616600000)]
  0x000001ddedb43560 JavaThread "ClassGraph-worker-11" daemon [_thread_blocked, id=11920, stack(0x000000d616600000,0x000000d616700000)]
  0x000001ddedb43a30 JavaThread "ClassGraph-worker-12" daemon [_thread_blocked, id=4448, stack(0x000000d616700000,0x000000d616800000)]
  0x000001ddedb460b0 JavaThread "ClassGraph-worker-13" daemon [_thread_blocked, id=27976, stack(0x000000d616800000,0x000000d616900000)]
  0x000001ddedb426f0 JavaThread "Reconciler-1" daemon [_thread_blocked, id=14620, stack(0x000000d616900000,0x000000d616a00000)]
  0x000001ddedb43f00 JavaThread "pool-4-thread-2" [_thread_blocked, id=34480, stack(0x000000d616a00000,0x000000d616b00000)]
  0x000001ddedb443d0 JavaThread "pool-5-thread-1" [_thread_blocked, id=25628, stack(0x000000d616b00000,0x000000d616c00000)]
  0x000001ddedb448a0 JavaThread "parallel-4" daemon [_thread_blocked, id=22456, stack(0x000000d616c00000,0x000000d616d00000)]
  0x000001ddedb48730 JavaThread "parallel-5" daemon [_thread_blocked, id=35812, stack(0x000000d616d00000,0x000000d616e00000)]
  0x000001ddedb47d90 JavaThread "Project-Reconciler-1" daemon [_thread_blocked, id=29824, stack(0x000000d616e00000,0x000000d616f00000)]

Other Threads:
=>0x000001ddeb1ff0f0 VMThread "VM Thread" [stack: 0x000000d613900000,0x000000d613a00000] [id=19748]
  0x000001ddeb03ebe0 WatcherThread [stack: 0x000000d614400000,0x000000d614500000] [id=13108]
  0x000001ddd01f7d60 GCTaskThread "GC Thread#0" [stack: 0x000000d613400000,0x000000d613500000] [id=31272]
  0x000001ddecffc0b0 GCTaskThread "GC Thread#1" [stack: 0x000000d614800000,0x000000d614900000] [id=30768]
  0x000001dded068060 GCTaskThread "GC Thread#2" [stack: 0x000000d614900000,0x000000d614a00000] [id=26160]
  0x000001dded068310 GCTaskThread "GC Thread#3" [stack: 0x000000d614a00000,0x000000d614b00000] [id=15376]
  0x000001dded0685c0 GCTaskThread "GC Thread#4" [stack: 0x000000d614b00000,0x000000d614c00000] [id=34528]
  0x000001dded068870 GCTaskThread "GC Thread#5" [stack: 0x000000d614c00000,0x000000d614d00000] [id=3300]
  0x000001dded068b20 GCTaskThread "GC Thread#6" [stack: 0x000000d614d00000,0x000000d614e00000] [id=21296]
  0x000001dded068dd0 GCTaskThread "GC Thread#7" [stack: 0x000000d614e00000,0x000000d614f00000] [id=38492]
  0x000001ddd0208c90 ConcurrentGCThread "G1 Main Marker" [stack: 0x000000d613500000,0x000000d613600000] [id=29960]
  0x000001ddd0209d40 ConcurrentGCThread "G1 Conc#0" [stack: 0x000000d613600000,0x000000d613700000] [id=5044]
  0x000001dded473ef0 ConcurrentGCThread "G1 Conc#1" [stack: 0x000000d615000000,0x000000d615100000] [id=24520]
  0x000001ddd020ec80 ConcurrentGCThread "G1 Refine#0" [stack: 0x000000d613700000,0x000000d613800000] [id=20684]
  0x000001ddf03e3c70 ConcurrentGCThread "G1 Refine#1" [stack: 0x000000d616f00000,0x000000d617000000] [id=16824]
  0x000001ddf0237f40 ConcurrentGCThread "G1 Refine#2" [stack: 0x000000d617000000,0x000000d617100000] [id=1932]
  0x000001ddf04c8760 ConcurrentGCThread "G1 Refine#3" [stack: 0x000000d617100000,0x000000d617200000] [id=29384]
  0x000001ddeb0f89c0 ConcurrentGCThread "G1 Service" [stack: 0x000000d613800000,0x000000d613900000] [id=35248]

Threads with active compile tasks:

VM state: at safepoint (normal execution)

VM Mutex/Monitor currently owned by a thread:  ([mutex/lock_event])
[0x000001ddcdeaff50] Threads_lock - owner thread: 0x000001ddeb1ff0f0
[0x000001ddd0147730] Heap_lock - owner thread: 0x000001ddedb43a30

Heap address: 0x0000000600c00000, size: 8180 MB, Compressed Oops mode: Zero based, Oop shift amount: 3

CDS archive(s) not mapped
Compressed class space mapped at: 0x0000000800000000-0x0000000840000000, reserved size: 1073741824
Narrow klass base: 0x0000000800000000, Narrow klass shift: 0, Narrow klass range: 0x40000000

GC Precious Log:
 CPUs: 8 total, 8 available
 Memory: 32709M
 Large Page Support: Disabled
 NUMA Support: Disabled
 Compressed Oops: Enabled (Zero based)
 Heap Region Size: 4M
 Heap Min Capacity: 8M
 Heap Initial Capacity: 512M
 Heap Max Capacity: 8180M
 Pre-touch: Disabled
 Parallel Workers: 8
 Concurrent Workers: 2
 Concurrent Refinement Workers: 8
 Periodic GC: Disabled

Heap:
 garbage-first heap   total 651264K, used 158177K [0x0000000600c00000, 0x0000000800000000)
  region size 4096K, 11 young (45056K), 11 survivors (45056K)
 Metaspace       used 39154K, committed 39488K, reserved 1089536K
  class space    used 4954K, committed 5120K, reserved 1048576K

Heap Regions: E=young(eden), S=young(survivor), O=old, HS=humongous(starts), HC=humongous(continues), CS=collection set, F=free, OA=open archive, CA=closed archive, TAMS=top-at-mark-start (previous, next)
|   0|0x0000000600c00000, 0x0000000601000000, 0x0000000601000000|100%| O|  |TAMS 0x0000000601000000, 0x0000000600c00000| Untracked 
|   1|0x0000000601000000, 0x00000006013d2e00, 0x0000000601400000| 95%| O|  |TAMS 0x00000006013d2e00, 0x0000000601000000| Untracked 
|   2|0x0000000601400000, 0x0000000601800000, 0x0000000601800000|100%| O|  |TAMS 0x0000000601800000, 0x0000000601400000| Untracked 
|   3|0x0000000601800000, 0x0000000601b21200, 0x0000000601c00000| 78%| O|  |TAMS 0x0000000601b21200, 0x0000000601800000| Untracked 
|   4|0x0000000601c00000, 0x0000000602000000, 0x0000000602000000|100%| O|  |TAMS 0x0000000601c00000, 0x0000000601c00000| Untracked 
|   5|0x0000000602000000, 0x0000000602400000, 0x0000000602400000|100%| O|  |TAMS 0x0000000602000000, 0x0000000602000000| Untracked 
|   6|0x0000000602400000, 0x0000000602800000, 0x0000000602800000|100%| O|  |TAMS 0x0000000602400000, 0x0000000602400000| Untracked 
|   7|0x0000000602800000, 0x0000000602c00000, 0x0000000602c00000|100%| O|  |TAMS 0x0000000602800000, 0x0000000602800000| Untracked 
|   8|0x0000000602c00000, 0x0000000603000000, 0x0000000603000000|100%| O|  |TAMS 0x0000000602c00000, 0x0000000602c00000| Untracked 
|   9|0x0000000603000000, 0x0000000603400000, 0x0000000603400000|100%| O|  |TAMS 0x0000000603000000, 0x0000000603000000| Untracked 
|  10|0x0000000603400000, 0x0000000603800000, 0x0000000603800000|100%| O|  |TAMS 0x0000000603400000, 0x0000000603400000| Untracked 
|  11|0x0000000603800000, 0x0000000603c00000, 0x0000000603c00000|100%| O|  |TAMS 0x0000000603800000, 0x0000000603800000| Untracked 
|  12|0x0000000603c00000, 0x0000000604000000, 0x0000000604000000|100%| O|  |TAMS 0x0000000603c00000, 0x0000000603c00000| Untracked 
|  13|0x0000000604000000, 0x0000000604400000, 0x0000000604400000|100%| O|  |TAMS 0x0000000604000000, 0x0000000604000000| Untracked 
|  14|0x0000000604400000, 0x0000000604800000, 0x0000000604800000|100%| O|  |TAMS 0x0000000604400000, 0x0000000604400000| Untracked 
|  15|0x0000000604800000, 0x0000000604c00000, 0x0000000604c00000|100%| O|  |TAMS 0x0000000604800000, 0x0000000604800000| Untracked 
|  16|0x0000000604c00000, 0x0000000605000000, 0x0000000605000000|100%| O|  |TAMS 0x0000000604c00000, 0x0000000604c00000| Untracked 
|  17|0x0000000605000000, 0x0000000605400000, 0x0000000605400000|100%| O|  |TAMS 0x0000000605000000, 0x0000000605000000| Untracked 
|  18|0x0000000605400000, 0x0000000605800000, 0x0000000605800000|100%| O|  |TAMS 0x0000000605400000, 0x0000000605400000| Untracked 
|  19|0x0000000605800000, 0x0000000605c00000, 0x0000000605c00000|100%| O|  |TAMS 0x0000000605800000, 0x0000000605800000| Untracked 
|  20|0x0000000605c00000, 0x0000000606000000, 0x0000000606000000|100%| O|  |TAMS 0x0000000605c00000, 0x0000000605c00000| Untracked 
|  21|0x0000000606000000, 0x0000000606400000, 0x0000000606400000|100%| O|  |TAMS 0x0000000606000000, 0x0000000606000000| Untracked 
|  22|0x0000000606400000, 0x0000000606800000, 0x0000000606800000|100%| O|  |TAMS 0x0000000606400000, 0x0000000606400000| Untracked 
|  23|0x0000000606800000, 0x0000000606c00000, 0x0000000606c00000|100%| O|  |TAMS 0x0000000606800000, 0x0000000606800000| Untracked 
|  24|0x0000000606c00000, 0x0000000607000000, 0x0000000607000000|100%| O|  |TAMS 0x0000000606c00000, 0x0000000606c00000| Untracked 
|  25|0x0000000607000000, 0x0000000607400000, 0x0000000607400000|100%| O|  |TAMS 0x0000000607000000, 0x0000000607000000| Untracked 
|  26|0x0000000607400000, 0x0000000607800000, 0x0000000607800000|100%| O|  |TAMS 0x0000000607400000, 0x0000000607400000| Untracked 
|  27|0x0000000607800000, 0x0000000607c00000, 0x0000000607c00000|100%| O|  |TAMS 0x0000000607800000, 0x0000000607800000| Untracked 
|  28|0x0000000607c00000, 0x0000000607ea6200, 0x0000000608000000| 66%| O|  |TAMS 0x0000000607c00000, 0x0000000607c00000| Untracked 
|  29|0x0000000608000000, 0x0000000608000000, 0x0000000608400000|  0%| F|  |TAMS 0x0000000608000000, 0x0000000608000000| Untracked 
|  30|0x0000000608400000, 0x0000000608400000, 0x0000000608800000|  0%| F|  |TAMS 0x0000000608400000, 0x0000000608400000| Untracked 
|  31|0x0000000608800000, 0x0000000608800000, 0x0000000608c00000|  0%| F|  |TAMS 0x0000000608800000, 0x0000000608800000| Untracked 
|  32|0x0000000608c00000, 0x0000000608c00000, 0x0000000609000000|  0%| F|  |TAMS 0x0000000608c00000, 0x0000000608c00000| Untracked 
|  33|0x0000000609000000, 0x0000000609000000, 0x0000000609400000|  0%| F|  |TAMS 0x0000000609000000, 0x0000000609000000| Untracked 
|  34|0x0000000609400000, 0x0000000609400000, 0x0000000609800000|  0%| F|  |TAMS 0x0000000609400000, 0x0000000609400000| Untracked 
|  35|0x0000000609800000, 0x0000000609800000, 0x0000000609c00000|  0%| F|  |TAMS 0x0000000609800000, 0x0000000609800000| Untracked 
|  36|0x0000000609c00000, 0x0000000609c00000, 0x000000060a000000|  0%| F|  |TAMS 0x0000000609c00000, 0x0000000609c00000| Untracked 
|  37|0x000000060a000000, 0x000000060a000000, 0x000000060a400000|  0%| F|  |TAMS 0x000000060a000000, 0x000000060a000000| Untracked 
|  38|0x000000060a400000, 0x000000060a400000, 0x000000060a800000|  0%| F|  |TAMS 0x000000060a400000, 0x000000060a400000| Untracked 
|  39|0x000000060a800000, 0x000000060a800000, 0x000000060ac00000|  0%| F|  |TAMS 0x000000060a800000, 0x000000060a800000| Untracked 
|  40|0x000000060ac00000, 0x000000060ac00000, 0x000000060b000000|  0%| F|  |TAMS 0x000000060ac00000, 0x000000060ac00000| Untracked 
|  41|0x000000060b000000, 0x000000060b000000, 0x000000060b400000|  0%| F|  |TAMS 0x000000060b000000, 0x000000060b000000| Untracked 
|  42|0x000000060b400000, 0x000000060b400000, 0x000000060b800000|  0%| F|  |TAMS 0x000000060b400000, 0x000000060b400000| Untracked 
|  43|0x000000060b800000, 0x000000060b800000, 0x000000060bc00000|  0%| F|  |TAMS 0x000000060b800000, 0x000000060b800000| Untracked 
|  44|0x000000060bc00000, 0x000000060bc00000, 0x000000060c000000|  0%| F|  |TAMS 0x000000060bc00000, 0x000000060bc00000| Untracked 
|  45|0x000000060c000000, 0x000000060c000000, 0x000000060c400000|  0%| F|  |TAMS 0x000000060c000000, 0x000000060c000000| Untracked 
|  46|0x000000060c400000, 0x000000060c400000, 0x000000060c800000|  0%| F|  |TAMS 0x000000060c400000, 0x000000060c400000| Untracked 
|  47|0x000000060c800000, 0x000000060c800000, 0x000000060cc00000|  0%| F|  |TAMS 0x000000060c800000, 0x000000060c800000| Untracked 
|  48|0x000000060cc00000, 0x000000060cc00000, 0x000000060d000000|  0%| F|  |TAMS 0x000000060cc00000, 0x000000060cc00000| Untracked 
|  49|0x000000060d000000, 0x000000060d000000, 0x000000060d400000|  0%| F|  |TAMS 0x000000060d000000, 0x000000060d000000| Untracked 
|  50|0x000000060d400000, 0x000000060d400000, 0x000000060d800000|  0%| F|  |TAMS 0x000000060d400000, 0x000000060d400000| Untracked 
|  51|0x000000060d800000, 0x000000060d800000, 0x000000060dc00000|  0%| F|  |TAMS 0x000000060d800000, 0x000000060d800000| Untracked 
|  52|0x000000060dc00000, 0x000000060dc00000, 0x000000060e000000|  0%| F|  |TAMS 0x000000060dc00000, 0x000000060dc00000| Untracked 
|  53|0x000000060e000000, 0x000000060e0de410, 0x000000060e400000| 21%| S|CS|TAMS 0x000000060e000000, 0x000000060e000000| Complete 
|  54|0x000000060e400000, 0x000000060e400000, 0x000000060e800000|  0%| F|  |TAMS 0x000000060e400000, 0x000000060e400000| Untracked 
|  55|0x000000060e800000, 0x000000060ec00000, 0x000000060ec00000|100%| S|CS|TAMS 0x000000060e800000, 0x000000060e800000| Complete 
|  56|0x000000060ec00000, 0x000000060f000000, 0x000000060f000000|100%| S|CS|TAMS 0x000000060ec00000, 0x000000060ec00000| Complete 
|  57|0x000000060f000000, 0x000000060f400000, 0x000000060f400000|100%| S|CS|TAMS 0x000000060f000000, 0x000000060f000000| Complete 
|  58|0x000000060f400000, 0x000000060f800000, 0x000000060f800000|100%| S|CS|TAMS 0x000000060f400000, 0x000000060f400000| Complete 
|  59|0x000000060f800000, 0x000000060fc00000, 0x000000060fc00000|100%| S|CS|TAMS 0x000000060f800000, 0x000000060f800000| Complete 
|  60|0x000000060fc00000, 0x0000000610000000, 0x0000000610000000|100%| S|CS|TAMS 0x000000060fc00000, 0x000000060fc00000| Complete 
|  61|0x0000000610000000, 0x0000000610400000, 0x0000000610400000|100%| S|CS|TAMS 0x0000000610000000, 0x0000000610000000| Complete 
|  62|0x0000000610400000, 0x0000000610800000, 0x0000000610800000|100%| S|CS|TAMS 0x0000000610400000, 0x0000000610400000| Complete 
|  63|0x0000000610800000, 0x0000000610c00000, 0x0000000610c00000|100%| S|CS|TAMS 0x0000000610800000, 0x0000000610800000| Complete 
|  64|0x0000000610c00000, 0x0000000610c00000, 0x0000000611000000|  0%| F|  |TAMS 0x0000000610c00000, 0x0000000610c00000| Untracked 
|  65|0x0000000611000000, 0x0000000611000000, 0x0000000611400000|  0%| F|  |TAMS 0x0000000611000000, 0x0000000611000000| Untracked 
|  66|0x0000000611400000, 0x0000000611400000, 0x0000000611800000|  0%| F|  |TAMS 0x0000000611400000, 0x0000000611400000| Untracked 
|  67|0x0000000611800000, 0x0000000611800000, 0x0000000611c00000|  0%| F|  |TAMS 0x0000000611800000, 0x0000000611800000| Untracked 
|  68|0x0000000611c00000, 0x0000000611c00000, 0x0000000612000000|  0%| F|  |TAMS 0x0000000611c00000, 0x0000000611c00000| Untracked 
|  69|0x0000000612000000, 0x0000000612000000, 0x0000000612400000|  0%| F|  |TAMS 0x0000000612000000, 0x0000000612000000| Untracked 
|  70|0x0000000612400000, 0x0000000612400000, 0x0000000612800000|  0%| F|  |TAMS 0x0000000612400000, 0x0000000612400000| Untracked 
|  71|0x0000000612800000, 0x0000000612800000, 0x0000000612c00000|  0%| F|  |TAMS 0x0000000612800000, 0x0000000612800000| Untracked 
|  72|0x0000000612c00000, 0x0000000612c00000, 0x0000000613000000|  0%| F|  |TAMS 0x0000000612c00000, 0x0000000612c00000| Untracked 
|  73|0x0000000613000000, 0x0000000613400000, 0x0000000613400000|100%| S|CS|TAMS 0x0000000613000000, 0x0000000613000000| Complete 
|  74|0x0000000613400000, 0x0000000613400000, 0x0000000613800000|  0%| F|  |TAMS 0x0000000613400000, 0x0000000613400000| Untracked 
|  75|0x0000000613800000, 0x0000000613800000, 0x0000000613c00000|  0%| F|  |TAMS 0x0000000613800000, 0x0000000613800000| Untracked 
|  76|0x0000000613c00000, 0x0000000613c00000, 0x0000000614000000|  0%| F|  |TAMS 0x0000000613c00000, 0x0000000613c00000| Untracked 
|  77|0x0000000614000000, 0x0000000614000000, 0x0000000614400000|  0%| F|  |TAMS 0x0000000614000000, 0x0000000614000000| Untracked 
|  78|0x0000000614400000, 0x0000000614400000, 0x0000000614800000|  0%| F|  |TAMS 0x0000000614400000, 0x0000000614400000| Untracked 
|  79|0x0000000614800000, 0x0000000614800000, 0x0000000614c00000|  0%| F|  |TAMS 0x0000000614800000, 0x0000000614800000| Untracked 
|  80|0x0000000614c00000, 0x0000000614c00000, 0x0000000615000000|  0%| F|  |TAMS 0x0000000614c00000, 0x0000000614c00000| Untracked 
|  81|0x0000000615000000, 0x0000000615000000, 0x0000000615400000|  0%| F|  |TAMS 0x0000000615000000, 0x0000000615000000| Untracked 
|  82|0x0000000615400000, 0x0000000615400000, 0x0000000615800000|  0%| F|  |TAMS 0x0000000615400000, 0x0000000615400000| Untracked 
|  83|0x0000000615800000, 0x0000000615800000, 0x0000000615c00000|  0%| F|  |TAMS 0x0000000615800000, 0x0000000615800000| Untracked 
|  84|0x0000000615c00000, 0x0000000615c00000, 0x0000000616000000|  0%| F|  |TAMS 0x0000000615c00000, 0x0000000615c00000| Untracked 
|  85|0x0000000616000000, 0x0000000616000000, 0x0000000616400000|  0%| F|  |TAMS 0x0000000616000000, 0x0000000616000000| Untracked 
|  86|0x0000000616400000, 0x0000000616400000, 0x0000000616800000|  0%| F|  |TAMS 0x0000000616400000, 0x0000000616400000| Untracked 
|  87|0x0000000616800000, 0x0000000616800000, 0x0000000616c00000|  0%| F|  |TAMS 0x0000000616800000, 0x0000000616800000| Untracked 
|  88|0x0000000616c00000, 0x0000000616c00000, 0x0000000617000000|  0%| F|  |TAMS 0x0000000616c00000, 0x0000000616c00000| Untracked 
|  89|0x0000000617000000, 0x0000000617000000, 0x0000000617400000|  0%| F|  |TAMS 0x0000000617000000, 0x0000000617000000| Untracked 
|  90|0x0000000617400000, 0x0000000617400000, 0x0000000617800000|  0%| F|  |TAMS 0x0000000617400000, 0x0000000617400000| Untracked 
|  91|0x0000000617800000, 0x0000000617800000, 0x0000000617c00000|  0%| F|  |TAMS 0x0000000617800000, 0x0000000617800000| Untracked 
|  92|0x0000000617c00000, 0x0000000617c00000, 0x0000000618000000|  0%| F|  |TAMS 0x0000000617c00000, 0x0000000617c00000| Untracked 
|  93|0x0000000618000000, 0x0000000618000000, 0x0000000618400000|  0%| F|  |TAMS 0x0000000618000000, 0x0000000618000000| Untracked 
|  94|0x0000000618400000, 0x0000000618400000, 0x0000000618800000|  0%| F|  |TAMS 0x0000000618400000, 0x0000000618400000| Untracked 
|  95|0x0000000618800000, 0x0000000618800000, 0x0000000618c00000|  0%| F|  |TAMS 0x0000000618800000, 0x0000000618800000| Untracked 
|  96|0x0000000618c00000, 0x0000000618c00000, 0x0000000619000000|  0%| F|  |TAMS 0x0000000618c00000, 0x0000000618c00000| Untracked 
|  97|0x0000000619000000, 0x0000000619000000, 0x0000000619400000|  0%| F|  |TAMS 0x0000000619000000, 0x0000000619000000| Untracked 
|  98|0x0000000619400000, 0x0000000619400000, 0x0000000619800000|  0%| F|  |TAMS 0x0000000619400000, 0x0000000619400000| Untracked 
|  99|0x0000000619800000, 0x0000000619800000, 0x0000000619c00000|  0%| F|  |TAMS 0x0000000619800000, 0x0000000619800000| Untracked 
| 100|0x0000000619c00000, 0x0000000619c00000, 0x000000061a000000|  0%| F|  |TAMS 0x0000000619c00000, 0x0000000619c00000| Untracked 
| 101|0x000000061a000000, 0x000000061a000000, 0x000000061a400000|  0%| F|  |TAMS 0x000000061a000000, 0x000000061a000000| Untracked 
| 102|0x000000061a400000, 0x000000061a400000, 0x000000061a800000|  0%| F|  |TAMS 0x000000061a400000, 0x000000061a400000| Untracked 
| 103|0x000000061a800000, 0x000000061a800000, 0x000000061ac00000|  0%| F|  |TAMS 0x000000061a800000, 0x000000061a800000| Untracked 
| 104|0x000000061ac00000, 0x000000061ac00000, 0x000000061b000000|  0%| F|  |TAMS 0x000000061ac00000, 0x000000061ac00000| Untracked 
| 105|0x000000061b000000, 0x000000061b000000, 0x000000061b400000|  0%| F|  |TAMS 0x000000061b000000, 0x000000061b000000| Untracked 
| 106|0x000000061b400000, 0x000000061b400000, 0x000000061b800000|  0%| F|  |TAMS 0x000000061b400000, 0x000000061b400000| Untracked 
| 107|0x000000061b800000, 0x000000061b800000, 0x000000061bc00000|  0%| F|  |TAMS 0x000000061b800000, 0x000000061b800000| Untracked 
| 108|0x000000061bc00000, 0x000000061bc00000, 0x000000061c000000|  0%| F|  |TAMS 0x000000061bc00000, 0x000000061bc00000| Untracked 
| 109|0x000000061c000000, 0x000000061c000000, 0x000000061c400000|  0%| F|  |TAMS 0x000000061c000000, 0x000000061c000000| Untracked 
| 110|0x000000061c400000, 0x000000061c400000, 0x000000061c800000|  0%| F|  |TAMS 0x000000061c400000, 0x000000061c400000| Untracked 
| 111|0x000000061c800000, 0x000000061c800000, 0x000000061cc00000|  0%| F|  |TAMS 0x000000061c800000, 0x000000061c800000| Untracked 
| 112|0x000000061cc00000, 0x000000061cc00000, 0x000000061d000000|  0%| F|  |TAMS 0x000000061cc00000, 0x000000061cc00000| Untracked 
| 113|0x000000061d000000, 0x000000061d000000, 0x000000061d400000|  0%| F|  |TAMS 0x000000061d000000, 0x000000061d000000| Untracked 
| 114|0x000000061d400000, 0x000000061d400000, 0x000000061d800000|  0%| F|  |TAMS 0x000000061d400000, 0x000000061d400000| Untracked 
| 115|0x000000061d800000, 0x000000061d800000, 0x000000061dc00000|  0%| F|  |TAMS 0x000000061d800000, 0x000000061d800000| Untracked 
| 116|0x000000061dc00000, 0x000000061dc00000, 0x000000061e000000|  0%| F|  |TAMS 0x000000061dc00000, 0x000000061dc00000| Untracked 
| 117|0x000000061e000000, 0x000000061e000000, 0x000000061e400000|  0%| F|  |TAMS 0x000000061e000000, 0x000000061e000000| Untracked 
| 118|0x000000061e400000, 0x000000061e400000, 0x000000061e800000|  0%| F|  |TAMS 0x000000061e400000, 0x000000061e400000| Untracked 
| 119|0x000000061e800000, 0x000000061e800000, 0x000000061ec00000|  0%| F|  |TAMS 0x000000061e800000, 0x000000061e800000| Untracked 
| 120|0x000000061ec00000, 0x000000061ec00000, 0x000000061f000000|  0%| F|  |TAMS 0x000000061ec00000, 0x000000061ec00000| Untracked 
| 121|0x000000061f000000, 0x000000061f000000, 0x000000061f400000|  0%| F|  |TAMS 0x000000061f000000, 0x000000061f000000| Untracked 
| 122|0x000000061f400000, 0x000000061f400000, 0x000000061f800000|  0%| F|  |TAMS 0x000000061f400000, 0x000000061f400000| Untracked 
| 123|0x000000061f800000, 0x000000061f800000, 0x000000061fc00000|  0%| F|  |TAMS 0x000000061f800000, 0x000000061f800000| Untracked 
| 124|0x000000061fc00000, 0x000000061fc00000, 0x0000000620000000|  0%| F|  |TAMS 0x000000061fc00000, 0x000000061fc00000| Untracked 
| 125|0x0000000620000000, 0x0000000620000000, 0x0000000620400000|  0%| F|  |TAMS 0x0000000620000000, 0x0000000620000000| Untracked 
| 126|0x0000000620400000, 0x0000000620400000, 0x0000000620800000|  0%| F|  |TAMS 0x0000000620400000, 0x0000000620400000| Untracked 
| 127|0x0000000620800000, 0x0000000620800000, 0x0000000620c00000|  0%| F|  |TAMS 0x0000000620800000, 0x0000000620800000| Untracked 
| 128|0x0000000620c00000, 0x0000000620c00000, 0x0000000621000000|  0%| F|  |TAMS 0x0000000620c00000, 0x0000000620c00000| Untracked 
| 129|0x0000000621000000, 0x0000000621000000, 0x0000000621400000|  0%| F|  |TAMS 0x0000000621000000, 0x0000000621000000| Untracked 
| 130|0x0000000621400000, 0x0000000621400000, 0x0000000621800000|  0%| F|  |TAMS 0x0000000621400000, 0x0000000621400000| Untracked 
| 131|0x0000000621800000, 0x0000000621800000, 0x0000000621c00000|  0%| F|  |TAMS 0x0000000621800000, 0x0000000621800000| Untracked 
| 132|0x0000000621c00000, 0x0000000621c00000, 0x0000000622000000|  0%| F|  |TAMS 0x0000000621c00000, 0x0000000621c00000| Untracked 
| 133|0x0000000622000000, 0x0000000622000000, 0x0000000622400000|  0%| F|  |TAMS 0x0000000622000000, 0x0000000622000000| Untracked 
| 134|0x0000000622400000, 0x0000000622400000, 0x0000000622800000|  0%| F|  |TAMS 0x0000000622400000, 0x0000000622400000| Untracked 
| 135|0x0000000622800000, 0x0000000622800000, 0x0000000622c00000|  0%| F|  |TAMS 0x0000000622800000, 0x0000000622800000| Untracked 
| 136|0x0000000622c00000, 0x0000000622c00000, 0x0000000623000000|  0%| F|  |TAMS 0x0000000622c00000, 0x0000000622c00000| Untracked 
| 137|0x0000000623000000, 0x0000000623000000, 0x0000000623400000|  0%| F|  |TAMS 0x0000000623000000, 0x0000000623000000| Untracked 
| 138|0x0000000623400000, 0x0000000623400000, 0x0000000623800000|  0%| F|  |TAMS 0x0000000623400000, 0x0000000623400000| Untracked 
| 139|0x0000000623800000, 0x0000000623800000, 0x0000000623c00000|  0%| F|  |TAMS 0x0000000623800000, 0x0000000623800000| Untracked 
| 140|0x0000000623c00000, 0x0000000623c00000, 0x0000000624000000|  0%| F|  |TAMS 0x0000000623c00000, 0x0000000623c00000| Untracked 
| 141|0x0000000624000000, 0x0000000624000000, 0x0000000624400000|  0%| F|  |TAMS 0x0000000624000000, 0x0000000624000000| Untracked 
| 142|0x0000000624400000, 0x0000000624400000, 0x0000000624800000|  0%| F|  |TAMS 0x0000000624400000, 0x0000000624400000| Untracked 
| 143|0x0000000624800000, 0x0000000624800000, 0x0000000624c00000|  0%| F|  |TAMS 0x0000000624800000, 0x0000000624800000| Untracked 
| 144|0x0000000624c00000, 0x0000000624c00000, 0x0000000625000000|  0%| F|  |TAMS 0x0000000624c00000, 0x0000000624c00000| Untracked 
| 145|0x0000000625000000, 0x0000000625000000, 0x0000000625400000|  0%| F|  |TAMS 0x0000000625000000, 0x0000000625000000| Untracked 
| 146|0x0000000625400000, 0x0000000625400000, 0x0000000625800000|  0%| F|  |TAMS 0x0000000625400000, 0x0000000625400000| Untracked 
| 147|0x0000000625800000, 0x0000000625800000, 0x0000000625c00000|  0%| F|  |TAMS 0x0000000625800000, 0x0000000625800000| Untracked 
| 148|0x0000000625c00000, 0x0000000625c00000, 0x0000000626000000|  0%| F|  |TAMS 0x0000000625c00000, 0x0000000625c00000| Untracked 
| 149|0x0000000626000000, 0x0000000626000000, 0x0000000626400000|  0%| F|  |TAMS 0x0000000626000000, 0x0000000626000000| Untracked 
| 150|0x0000000626400000, 0x0000000626400000, 0x0000000626800000|  0%| F|  |TAMS 0x0000000626400000, 0x0000000626400000| Untracked 
| 151|0x0000000626800000, 0x0000000626800000, 0x0000000626c00000|  0%| F|  |TAMS 0x0000000626800000, 0x0000000626800000| Untracked 
| 152|0x0000000626c00000, 0x0000000626c00000, 0x0000000627000000|  0%| F|  |TAMS 0x0000000626c00000, 0x0000000626c00000| Untracked 
| 153|0x0000000627000000, 0x0000000627000000, 0x0000000627400000|  0%| F|  |TAMS 0x0000000627000000, 0x0000000627000000| Untracked 
| 154|0x0000000627400000, 0x0000000627400000, 0x0000000627800000|  0%| F|  |TAMS 0x0000000627400000, 0x0000000627400000| Untracked 
| 155|0x0000000627800000, 0x0000000627800000, 0x0000000627c00000|  0%| F|  |TAMS 0x0000000627800000, 0x0000000627800000| Untracked 
| 156|0x0000000627c00000, 0x0000000627c00000, 0x0000000628000000|  0%| F|  |TAMS 0x0000000627c00000, 0x0000000627c00000| Untracked 
| 157|0x0000000628000000, 0x0000000628000000, 0x0000000628400000|  0%| F|  |TAMS 0x0000000628000000, 0x0000000628000000| Untracked 
| 158|0x0000000628400000, 0x0000000628400000, 0x0000000628800000|  0%| F|  |TAMS 0x0000000628400000, 0x0000000628400000| Untracked 

Card table byte_map: [0x000001ddd6ee0000,0x000001ddd7ee0000] _byte_map_base: 0x000001ddd3eda000

Marking Bits (Prev, Next): (CMBitMap*) 0x000001ddd01f8270, (CMBitMap*) 0x000001ddd01f82b0
 Prev Bits: [0x000001ddd8ee0000, 0x000001dde0eb0000)
 Next Bits: [0x000001dde0eb0000, 0x000001dde8e80000)

Polling page: 0x000001ddce140000

Metaspace:

Usage:
  Non-class:     33.40 MB used.
      Class:      4.84 MB used.
       Both:     38.24 MB used.

Virtual space:
  Non-class space:       40.00 MB reserved,      33.56 MB ( 84%) committed,  5 nodes.
      Class space:        1.00 GB reserved,       5.00 MB ( <1%) committed,  1 nodes.
             Both:        1.04 GB reserved,      38.56 MB (  4%) committed. 

Chunk freelists:
   Non-Class:  1.52 MB
       Class:  3.00 MB
        Both:  4.52 MB

MaxMetaspaceSize: unlimited
CompressedClassSpaceSize: 1.00 GB
Initial GC threshold: 21.00 MB
Current GC threshold: 59.00 MB
CDS: off
MetaspaceReclaimPolicy: balanced
 - commit_granule_bytes: 65536.
 - commit_granule_words: 8192.
 - virtual_space_node_default_size: 1048576.
 - enlarge_chunks_in_place: 1.
 - new_chunks_are_fully_committed: 0.
 - uncommit_free_chunks: 1.
 - use_allocation_guard: 0.
 - handle_deallocations: 1.


Internal statistics:

num_allocs_failed_limit: 6.
num_arena_births: 384.
num_arena_deaths: 0.
num_vsnodes_births: 6.
num_vsnodes_deaths: 0.
num_space_committed: 617.
num_space_uncommitted: 0.
num_chunks_returned_to_freelist: 6.
num_chunks_taken_from_freelist: 1554.
num_chunk_merges: 6.
num_chunk_splits: 1059.
num_chunks_enlarged: 809.
num_purges: 0.
num_inconsistent_stats: 0.

CodeCache: size=49152Kb used=9872Kb max_used=9872Kb free=39280Kb
 bounds [0x000001ddd2dd0000, 0x000001ddd3780000, 0x000001ddd5dd0000]
 total_blobs=4705 nmethods=4165 adapters=464
 compilation: enabled
              stopped_count=0, restarted_count=0
 full_count=0

Compilation events (20 events):
Event: 2.974 Thread 0x000001ddeb21d1e0 nmethod 4156 0x000001ddd3770c90 code [0x000001ddd3770e20, 0x000001ddd3770f58]
Event: 2.974 Thread 0x000001ddecf9ded0 nmethod 4155 0x000001ddd3771010 code [0x000001ddd37711a0, 0x000001ddd3771338]
Event: 2.980 Thread 0x000001ddeb21d1e0 4157       1       io.github.classgraph.PotentiallyUnmodifiableList::add (23 bytes)
Event: 2.980 Thread 0x000001ddecf9e3e0 4158       1       io.github.classgraph.PotentiallyUnmodifiableList$1::next (10 bytes)
Event: 2.980 Thread 0x000001ddecf9e3e0 nmethod 4158 0x000001ddd3771410 code [0x000001ddd37715a0, 0x000001ddd3771688]
Event: 2.980 Thread 0x000001ddeb21d1e0 nmethod 4157 0x000001ddd3771710 code [0x000001ddd37718c0, 0x000001ddd3771bb8]
Event: 3.099 Thread 0x000001ddeb21d1e0 4159       1       nonapi.io.github.classgraph.types.Parser::peek (30 bytes)
Event: 3.099 Thread 0x000001ddeb21d1e0 nmethod 4159 0x000001ddd3771d90 code [0x000001ddd3771f40, 0x000001ddd3772158]
Event: 3.100 Thread 0x000001ddeba10090 4160       1       io.github.classgraph.MethodInfo::<init> (101 bytes)
Event: 3.100 Thread 0x000001ddeba10090 nmethod 4160 0x000001ddd3772310 code [0x000001ddd37724e0, 0x000001ddd3772a48]
Event: 3.104 Thread 0x000001ddeba10090 4161       1       io.github.classgraph.InfoList::<init> (5 bytes)
Event: 3.104 Thread 0x000001ddeb21d1e0 4162       1       io.github.classgraph.PotentiallyUnmodifiableList::<init> (10 bytes)
Event: 3.104 Thread 0x000001ddecf9ded0 4163       1       io.github.classgraph.InfoList::iterator (5 bytes)
Event: 3.104 Thread 0x000001ddecf9e3e0 4164       1       io.github.classgraph.PotentiallyUnmodifiableList::iterator (15 bytes)
Event: 3.104 Thread 0x000001ddeba10090 nmethod 4161 0x000001ddd3772b10 code [0x000001ddd3772ca0, 0x000001ddd3772dd8]
Event: 3.104 Thread 0x000001ddeb21d1e0 nmethod 4162 0x000001ddd3772e90 code [0x000001ddd3773020, 0x000001ddd3773158]
Event: 3.104 Thread 0x000001ddeba10090 4165       1       io.github.classgraph.PotentiallyUnmodifiableList$1::<init> (15 bytes)
Event: 3.104 Thread 0x000001ddeba10090 nmethod 4165 0x000001ddd3773210 code [0x000001ddd37733a0, 0x000001ddd3773518]
Event: 3.104 Thread 0x000001ddecf9ded0 nmethod 4163 0x000001ddd3773590 code [0x000001ddd3773720, 0x000001ddd37739f8]
Event: 3.104 Thread 0x000001ddecf9e3e0 nmethod 4164 0x000001ddd3773b10 code [0x000001ddd3773ca0, 0x000001ddd3773f58]

GC Heap History (20 events):
Event: 2.270 GC heap after
{Heap after GC invocations=12 (full 0):
 garbage-first heap   total 110592K, used 44532K [0x0000000600c00000, 0x0000000800000000)
  region size 4096K, 2 young (8192K), 2 survivors (8192K)
 Metaspace       used 37782K, committed 38080K, reserved 1089536K
  class space    used 4777K, committed 4928K, reserved 1048576K
}
Event: 2.318 GC heap before
{Heap before GC invocations=12 (full 0):
 garbage-first heap   total 110592K, used 73204K [0x0000000600c00000, 0x0000000800000000)
  region size 4096K, 9 young (36864K), 2 survivors (8192K)
 Metaspace       used 38427K, committed 38784K, reserved 1089536K
  class space    used 4844K, committed 5056K, reserved 1048576K
}
Event: 2.321 GC heap after
{Heap after GC invocations=13 (full 0):
 garbage-first heap   total 110592K, used 49874K [0x0000000600c00000, 0x0000000800000000)
  region size 4096K, 2 young (8192K), 2 survivors (8192K)
 Metaspace       used 38427K, committed 38784K, reserved 1089536K
  class space    used 4844K, committed 5056K, reserved 1048576K
}
Event: 2.477 GC heap before
{Heap before GC invocations=13 (full 0):
 garbage-first heap   total 110592K, used 70354K [0x0000000600c00000, 0x0000000800000000)
  region size 4096K, 8 young (32768K), 2 survivors (8192K)
 Metaspace       used 38822K, committed 39232K, reserved 1089536K
  class space    used 4922K, committed 5120K, reserved 1048576K
}
Event: 2.480 GC heap after
{Heap after GC invocations=14 (full 0):
 garbage-first heap   total 319488K, used 54239K [0x0000000600c00000, 0x0000000800000000)
  region size 4096K, 1 young (4096K), 1 survivors (4096K)
 Metaspace       used 38822K, committed 39232K, reserved 1089536K
  class space    used 4922K, committed 5120K, reserved 1048576K
}
Event: 2.565 GC heap before
{Heap before GC invocations=14 (full 0):
 garbage-first heap   total 319488K, used 209887K [0x0000000600c00000, 0x0000000800000000)
  region size 4096K, 40 young (163840K), 1 survivors (4096K)
 Metaspace       used 38918K, committed 39296K, reserved 1089536K
  class space    used 4930K, committed 5120K, reserved 1048576K
}
Event: 2.575 GC heap after
{Heap after GC invocations=15 (full 0):
 garbage-first heap   total 319488K, used 68645K [0x0000000600c00000, 0x0000000800000000)
  region size 4096K, 5 young (20480K), 5 survivors (20480K)
 Metaspace       used 38918K, committed 39296K, reserved 1089536K
  class space    used 4930K, committed 5120K, reserved 1048576K
}
Event: 2.600 GC heap before
{Heap before GC invocations=15 (full 0):
 garbage-first heap   total 319488K, used 212005K [0x0000000600c00000, 0x0000000800000000)
  region size 4096K, 41 young (167936K), 5 survivors (20480K)
 Metaspace       used 39023K, committed 39360K, reserved 1089536K
  class space    used 4945K, committed 5120K, reserved 1048576K
}
Event: 2.608 GC heap after
{Heap after GC invocations=16 (full 0):
 garbage-first heap   total 319488K, used 74802K [0x0000000600c00000, 0x0000000800000000)
  region size 4096K, 2 young (8192K), 2 survivors (8192K)
 Metaspace       used 39023K, committed 39360K, reserved 1089536K
  class space    used 4945K, committed 5120K, reserved 1048576K
}
Event: 2.623 GC heap before
{Heap before GC invocations=16 (full 0):
 garbage-first heap   total 319488K, used 222258K [0x0000000600c00000, 0x0000000800000000)
  region size 4096K, 39 young (159744K), 2 survivors (8192K)
 Metaspace       used 39023K, committed 39360K, reserved 1089536K
  class space    used 4945K, committed 5120K, reserved 1048576K
}
Event: 2.626 GC heap after
{Heap after GC invocations=17 (full 0):
 garbage-first heap   total 319488K, used 80874K [0x0000000600c00000, 0x0000000800000000)
  region size 4096K, 3 young (12288K), 3 survivors (12288K)
 Metaspace       used 39023K, committed 39360K, reserved 1089536K
  class space    used 4945K, committed 5120K, reserved 1048576K
}
Event: 2.643 GC heap before
{Heap before GC invocations=17 (full 0):
 garbage-first heap   total 319488K, used 232426K [0x0000000600c00000, 0x0000000800000000)
  region size 4096K, 41 young (167936K), 3 survivors (12288K)
 Metaspace       used 39023K, committed 39360K, reserved 1089536K
  class space    used 4945K, committed 5120K, reserved 1048576K
}
Event: 2.649 GC heap after
{Heap after GC invocations=18 (full 0):
 garbage-first heap   total 651264K, used 87346K [0x0000000600c00000, 0x0000000800000000)
  region size 4096K, 5 young (20480K), 5 survivors (20480K)
 Metaspace       used 39023K, committed 39360K, reserved 1089536K
  class space    used 4945K, committed 5120K, reserved 1048576K
}
Event: 2.706 GC heap before
{Heap before GC invocations=18 (full 0):
 garbage-first heap   total 651264K, used 427314K [0x0000000600c00000, 0x0000000800000000)
  region size 4096K, 89 young (364544K), 5 survivors (20480K)
 Metaspace       used 39023K, committed 39360K, reserved 1089536K
  class space    used 4945K, committed 5120K, reserved 1048576K
}
Event: 2.713 GC heap after
{Heap after GC invocations=19 (full 0):
 garbage-first heap   total 651264K, used 100455K [0x0000000600c00000, 0x0000000800000000)
  region size 4096K, 8 young (32768K), 8 survivors (32768K)
 Metaspace       used 39023K, committed 39360K, reserved 1089536K
  class space    used 4945K, committed 5120K, reserved 1048576K
}
Event: 2.751 GC heap before
{Heap before GC invocations=19 (full 0):
 garbage-first heap   total 651264K, used 452711K [0x0000000600c00000, 0x0000000800000000)
  region size 4096K, 95 young (389120K), 8 survivors (32768K)
 Metaspace       used 39023K, committed 39360K, reserved 1089536K
  class space    used 4945K, committed 5120K, reserved 1048576K
}
Event: 2.761 GC heap after
{Heap after GC invocations=20 (full 0):
 garbage-first heap   total 651264K, used 116800K [0x0000000600c00000, 0x0000000800000000)
  region size 4096K, 9 young (36864K), 9 survivors (36864K)
 Metaspace       used 39023K, committed 39360K, reserved 1089536K
  class space    used 4945K, committed 5120K, reserved 1048576K
}
Event: 2.913 GC heap before
{Heap before GC invocations=20 (full 0):
 garbage-first heap   total 651264K, used 464960K [0x0000000600c00000, 0x0000000800000000)
  region size 4096K, 95 young (389120K), 9 survivors (36864K)
 Metaspace       used 39153K, committed 39488K, reserved 1089536K
  class space    used 4954K, committed 5120K, reserved 1048576K
}
Event: 2.924 GC heap after
{Heap after GC invocations=21 (full 0):
 garbage-first heap   total 651264K, used 139861K [0x0000000600c00000, 0x0000000800000000)
  region size 4096K, 10 young (40960K), 10 survivors (40960K)
 Metaspace       used 39153K, committed 39488K, reserved 1089536K
  class space    used 4954K, committed 5120K, reserved 1048576K
}
Event: 3.235 GC heap before
{Heap before GC invocations=21 (full 0):
 garbage-first heap   total 651264K, used 483925K [0x0000000600c00000, 0x0000000800000000)
  region size 4096K, 95 young (389120K), 10 survivors (40960K)
 Metaspace       used 39154K, committed 39488K, reserved 1089536K
  class space    used 4954K, committed 5120K, reserved 1048576K
}

Deoptimization events (14 events):
Event: 1.049 Thread 0x000001ddd014a7c0 DEOPT PACKING pc=0x000001ddd3339879 sp=0x000000d6133fd690
Event: 1.049 Thread 0x000001ddd014a7c0 DEOPT UNPACKING pc=0x000001ddd2e22b43 sp=0x000000d6133fcb70 mode 3
Event: 1.417 Thread 0x000001ddd014a7c0 DEOPT PACKING pc=0x000001ddd3450755 sp=0x000000d6133fb4a0
Event: 1.417 Thread 0x000001ddd014a7c0 DEOPT UNPACKING pc=0x000001ddd2e22b43 sp=0x000000d6133fa9b8 mode 3
Event: 1.755 Thread 0x000001ddd014a7c0 DEOPT PACKING pc=0x000001ddd34c5279 sp=0x000000d6133fca70
Event: 1.755 Thread 0x000001ddd014a7c0 DEOPT UNPACKING pc=0x000001ddd2e22b43 sp=0x000000d6133fbf50 mode 3
Event: 1.948 Thread 0x000001dded9bf040 DEOPT PACKING pc=0x000001ddd357f06d sp=0x000000d6154fd490
Event: 1.948 Thread 0x000001dded9bf040 DEOPT UNPACKING pc=0x000001ddd2e22b43 sp=0x000000d6154fc9a8 mode 3
Event: 2.009 Thread 0x000001dded9bfd20 DEOPT PACKING pc=0x000001ddd359b113 sp=0x000000d6155fe8d0
Event: 2.009 Thread 0x000001dded9bfd20 DEOPT UNPACKING pc=0x000001ddd2e22b43 sp=0x000000d6155fde18 mode 3
Event: 2.039 Thread 0x000001dded957020 DEOPT PACKING pc=0x000001ddd3336a09 sp=0x000000d6153fd920
Event: 2.039 Thread 0x000001dded957020 DEOPT UNPACKING pc=0x000001ddd2e22b43 sp=0x000000d6153fcdb0 mode 3
Event: 2.156 Thread 0x000001ddedb41d50 DEOPT PACKING pc=0x000001ddd333409f sp=0x000000d615eff2c0
Event: 2.156 Thread 0x000001ddedb41d50 DEOPT UNPACKING pc=0x000001ddd2e22b43 sp=0x000000d615efe718 mode 3

Classes unloaded (0 events):
No events

Classes redefined (0 events):
No events

Internal exceptions (20 events):
Event: 2.047 Thread 0x000001ddeda75f80 Exception <a 'sun/nio/fs/WindowsException'{0x0000000611c4a3d0}> (0x0000000611c4a3d0) 
thrown [s\src\hotspot\share\prims\jni.cpp, line 516]
Event: 2.047 Thread 0x000001ddeda75f80 Exception <a 'sun/nio/fs/WindowsException'{0x0000000611c4a790}> (0x0000000611c4a790) 
thrown [s\src\hotspot\share\prims\jni.cpp, line 516]
Event: 2.047 Thread 0x000001ddeda75f80 Exception <a 'sun/nio/fs/WindowsException'{0x0000000611c4b190}> (0x0000000611c4b190) 
thrown [s\src\hotspot\share\prims\jni.cpp, line 516]
Event: 2.047 Thread 0x000001ddeda75f80 Exception <a 'sun/nio/fs/WindowsException'{0x0000000611c4b540}> (0x0000000611c4b540) 
thrown [s\src\hotspot\share\prims\jni.cpp, line 516]
Event: 2.047 Thread 0x000001ddeda75f80 Exception <a 'sun/nio/fs/WindowsException'{0x0000000611c4bf40}> (0x0000000611c4bf40) 
thrown [s\src\hotspot\share\prims\jni.cpp, line 516]
Event: 2.047 Thread 0x000001ddeda75f80 Exception <a 'sun/nio/fs/WindowsException'{0x0000000611c4c300}> (0x0000000611c4c300) 
thrown [s\src\hotspot\share\prims\jni.cpp, line 516]
Event: 2.047 Thread 0x000001ddeda75f80 Exception <a 'sun/nio/fs/WindowsException'{0x0000000611c4cd28}> (0x0000000611c4cd28) 
thrown [s\src\hotspot\share\prims\jni.cpp, line 516]
Event: 2.047 Thread 0x000001ddeda75f80 Exception <a 'sun/nio/fs/WindowsException'{0x0000000611c4d108}> (0x0000000611c4d108) 
thrown [s\src\hotspot\share\prims\jni.cpp, line 516]
Event: 2.047 Thread 0x000001ddeda75f80 Exception <a 'sun/nio/fs/WindowsException'{0x0000000611c4db40}> (0x0000000611c4db40) 
thrown [s\src\hotspot\share\prims\jni.cpp, line 516]
Event: 2.047 Thread 0x000001ddeda75f80 Exception <a 'sun/nio/fs/WindowsException'{0x0000000611c4df30}> (0x0000000611c4df30) 
thrown [s\src\hotspot\share\prims\jni.cpp, line 516]
Event: 2.047 Thread 0x000001ddeda75f80 Exception <a 'sun/nio/fs/WindowsException'{0x0000000611c4e958}> (0x0000000611c4e958) 
thrown [s\src\hotspot\share\prims\jni.cpp, line 516]
Event: 2.047 Thread 0x000001ddeda75f80 Exception <a 'sun/nio/fs/WindowsException'{0x0000000611c4ed48}> (0x0000000611c4ed48) 
thrown [s\src\hotspot\share\prims\jni.cpp, line 516]
Event: 2.301 Thread 0x000001dded9bf040 Exception <a 'java/lang/NoSuchMethodError'{0x000000060634c780}: 'java.lang.Object java.lang.invoke.Invokers$Holder.invoke_MT(java.lang.Object, java.lang.Object, java.lang.Object)'> (0x000000060634c780) 
thrown [s\src\hotspot\share\interpreter\linkResolver.cpp, line 759]
Event: 2.352 Thread 0x000001dded9bf040 Exception <a 'java/lang/NoSuchMethodError'{0x000000061edc5108}: 'java.lang.Object java.lang.invoke.DirectMethodHandle$Holder.newInvokeSpecial(java.lang.Object, java.lang.Object, int)'> (0x000000061edc5108) 
thrown [s\src\hotspot\share\interpreter\linkResolver.cpp, line 759]
Event: 2.366 Thread 0x000001ddedb443d0 Exception <a 'java/lang/NoSuchMethodError'{0x000000061ef5b0b8}: 'java.lang.Object java.lang.invoke.Invokers$Holder.linkToTargetMethod(java.lang.Object, long, java.lang.Object)'> (0x000000061ef5b0b8) 
thrown [s\src\hotspot\share\interpreter\linkResolver.cpp, line 759]
Event: 2.373 Thread 0x000001ddedb443d0 Exception <a 'sun/nio/fs/WindowsException'{0x000000061041fd40}> (0x000000061041fd40) 
thrown [s\src\hotspot\share\prims\jni.cpp, line 516]
Event: 2.374 Thread 0x000001ddedb443d0 Exception <a 'sun/nio/fs/WindowsException'{0x0000000610433fd0}> (0x0000000610433fd0) 
thrown [s\src\hotspot\share\prims\jni.cpp, line 516]
Event: 2.470 Thread 0x000001ddedb47d90 Exception <a 'sun/nio/fs/WindowsException'{0x00000006066487e8}> (0x00000006066487e8) 
thrown [s\src\hotspot\share\prims\jni.cpp, line 516]
Event: 2.805 Thread 0x000001ddedb43560 Exception <a 'sun/nio/fs/WindowsException'{0x000000061a57ab60}> (0x000000061a57ab60) 
thrown [s\src\hotspot\share\prims\jni.cpp, line 516]
Event: 2.805 Thread 0x000001ddedb43560 Exception <a 'sun/nio/fs/WindowsException'{0x000000061a57af30}> (0x000000061a57af30) 
thrown [s\src\hotspot\share\prims\jni.cpp, line 516]

VM Operations (20 events):
Event: 2.623 Executing VM operation: G1CollectForAllocation done
Event: 2.623 Executing VM operation: G1CollectForAllocation
Event: 2.627 Executing VM operation: G1CollectForAllocation done
Event: 2.643 Executing VM operation: G1CollectForAllocation
Event: 2.643 Executing VM operation: G1CollectForAllocation done
Event: 2.643 Executing VM operation: G1CollectForAllocation
Event: 2.649 Executing VM operation: G1CollectForAllocation done
Event: 2.705 Executing VM operation: G1CollectForAllocation
Event: 2.705 Executing VM operation: G1CollectForAllocation done
Event: 2.706 Executing VM operation: G1CollectForAllocation
Event: 2.713 Executing VM operation: G1CollectForAllocation done
Event: 2.750 Executing VM operation: G1CollectForAllocation
Event: 2.751 Executing VM operation: G1CollectForAllocation done
Event: 2.751 Executing VM operation: G1CollectForAllocation
Event: 2.761 Executing VM operation: G1CollectForAllocation done
Event: 2.913 Executing VM operation: G1CollectForAllocation
Event: 2.913 Executing VM operation: G1CollectForAllocation done
Event: 2.913 Executing VM operation: G1CollectForAllocation
Event: 2.924 Executing VM operation: G1CollectForAllocation done
Event: 3.235 Executing VM operation: G1CollectForAllocation

Events (20 events):
Event: 2.351 loading class java/util/WeakHashMap$EntryIterator
Event: 2.351 loading class java/util/WeakHashMap$HashIterator
Event: 2.351 loading class java/util/WeakHashMap$HashIterator done
Event: 2.351 loading class java/util/WeakHashMap$EntryIterator done
Event: 2.353 Thread 0x000001ddedb443d0 Thread added: 0x000001ddedb443d0
Event: 2.358 Thread 0x000001ddedb448a0 Thread added: 0x000001ddedb448a0
Event: 2.360 loading class java/util/concurrent/CompletableFuture$UniCompose
Event: 2.360 loading class java/util/concurrent/CompletableFuture$UniCompose done
Event: 2.367 Thread 0x000001ddedb48730 Thread added: 0x000001ddedb48730
Event: 2.368 loading class java/security/NoSuchAlgorithmException
Event: 2.368 loading class java/security/NoSuchAlgorithmException done
Event: 2.368 loading class sun/security/provider/MD5
Event: 2.369 loading class sun/security/provider/MD5 done
Event: 2.369 loading class sun/security/provider/ByteArrayAccess$LE
Event: 2.369 loading class sun/security/provider/ByteArrayAccess$LE done
Event: 2.459 Thread 0x000001ddedb47d90 Thread added: 0x000001ddedb47d90
Event: 2.464 loading class java/nio/file/FileTreeIterator
Event: 2.465 loading class java/nio/file/FileTreeIterator done
Event: 2.465 loading class java/util/stream/ForEachOps$ForEachOp$OfRef
Event: 2.466 loading class java/util/stream/ForEachOps$ForEachOp$OfRef done


Dynamic libraries:
0x00007ff786a10000 - 0x00007ff786a1e000 	c:\Users\tomok\.vscode\extensions\redhat.java-1.12.0-win32-x64\jre\17.0.4.1-win32-x86_64\bin\java.exe
0x00007fff0eb50000 - 0x00007fff0ed64000 	C:\WINDOWS\SYSTEM32\ntdll.dll
0x00007fff0de60000 - 0x00007fff0df22000 	C:\WINDOWS\System32\KERNEL32.DLL
0x00007fff0c490000 - 0x00007fff0c82d000 	C:\WINDOWS\System32\KERNELBASE.dll
0x00007fff0bf80000 - 0x00007fff0c091000 	C:\WINDOWS\System32\ucrtbase.dll
0x00007fff05890000 - 0x00007fff058a8000 	c:\Users\tomok\.vscode\extensions\redhat.java-1.12.0-win32-x64\jre\17.0.4.1-win32-x86_64\bin\jli.dll
0x00007fff05960000 - 0x00007fff05979000 	c:\Users\tomok\.vscode\extensions\redhat.java-1.12.0-win32-x64\jre\17.0.4.1-win32-x86_64\bin\VCRUNTIME140.dll
0x00007fff0dba0000 - 0x00007fff0dd4d000 	C:\WINDOWS\System32\USER32.dll
0x00007fff0c8b0000 - 0x00007fff0c8d6000 	C:\WINDOWS\System32\win32u.dll
0x00007fff0cc70000 - 0x00007fff0cc99000 	C:\WINDOWS\System32\GDI32.dll
0x00007fff0c0a0000 - 0x00007fff0c1b2000 	C:\WINDOWS\System32\gdi32full.dll
0x00007ffef1590000 - 0x00007ffef181e000 	C:\WINDOWS\WinSxS\amd64_microsoft.windows.common-controls_6595b64144ccf1df_6.0.22621.436_none_a94247dbc10d8414\COMCTL32.dll
0x00007fff0c1c0000 - 0x00007fff0c25a000 	C:\WINDOWS\System32\msvcp_win.dll
0x00007fff0e260000 - 0x00007fff0e307000 	C:\WINDOWS\System32\msvcrt.dll
0x00007fff0e210000 - 0x00007fff0e242000 	C:\WINDOWS\System32\IMM32.DLL
0x00007fff066f0000 - 0x00007fff066fc000 	c:\Users\tomok\.vscode\extensions\redhat.java-1.12.0-win32-x64\jre\17.0.4.1-win32-x86_64\bin\vcruntime140_1.dll
0x00007ffef6750000 - 0x00007ffef67e1000 	c:\Users\tomok\.vscode\extensions\redhat.java-1.12.0-win32-x64\jre\17.0.4.1-win32-x86_64\bin\msvcp140.dll
0x00007ffe59470000 - 0x00007ffe5a0b6000 	c:\Users\tomok\.vscode\extensions\redhat.java-1.12.0-win32-x64\jre\17.0.4.1-win32-x86_64\bin\server\jvm.dll
0x00007fff0df40000 - 0x00007fff0dfee000 	C:\WINDOWS\System32\ADVAPI32.dll
0x00007fff0d580000 - 0x00007fff0d624000 	C:\WINDOWS\System32\sechost.dll
0x00007fff0e010000 - 0x00007fff0e125000 	C:\WINDOWS\System32\RPCRT4.dll
0x00007fff0e250000 - 0x00007fff0e258000 	C:\WINDOWS\System32\PSAPI.DLL
0x00007fff04800000 - 0x00007fff0480a000 	C:\WINDOWS\SYSTEM32\VERSION.dll
0x00007fff05820000 - 0x00007fff05854000 	C:\WINDOWS\SYSTEM32\WINMM.dll
0x00007ffee6490000 - 0x00007ffee6499000 	C:\WINDOWS\SYSTEM32\WSOCK32.dll
0x00007fff0e310000 - 0x00007fff0e381000 	C:\WINDOWS\System32\WS2_32.dll
0x00007fff0b0a0000 - 0x00007fff0b0b8000 	C:\WINDOWS\SYSTEM32\kernel.appcore.dll
0x00007fff064b0000 - 0x00007fff064ba000 	c:\Users\tomok\.vscode\extensions\redhat.java-1.12.0-win32-x64\jre\17.0.4.1-win32-x86_64\bin\jimage.dll
0x00007ffef6320000 - 0x00007ffef654e000 	C:\WINDOWS\SYSTEM32\DBGHELP.DLL
0x00007fff0e5c0000 - 0x00007fff0e94a000 	C:\WINDOWS\System32\combase.dll
0x00007fff0e130000 - 0x00007fff0e207000 	C:\WINDOWS\System32\OLEAUT32.dll
0x00007ffef5820000 - 0x00007ffef5852000 	C:\WINDOWS\SYSTEM32\dbgcore.DLL
0x00007fff0c830000 - 0x00007fff0c8ab000 	C:\WINDOWS\System32\bcryptPrimitives.dll
0x00007fff017a0000 - 0x00007fff017c5000 	c:\Users\tomok\.vscode\extensions\redhat.java-1.12.0-win32-x64\jre\17.0.4.1-win32-x86_64\bin\java.dll
0x00007fff00d40000 - 0x00007fff00d58000 	c:\Users\tomok\.vscode\extensions\redhat.java-1.12.0-win32-x64\jre\17.0.4.1-win32-x86_64\bin\zip.dll
0x00007fff0cda0000 - 0x00007fff0d580000 	C:\WINDOWS\System32\SHELL32.dll
0x00007fff09f80000 - 0x00007fff0a848000 	C:\WINDOWS\SYSTEM32\windows.storage.dll
0x00007fff09e40000 - 0x00007fff09f7e000 	C:\WINDOWS\SYSTEM32\wintypes.dll
0x00007fff0cca0000 - 0x00007fff0cd91000 	C:\WINDOWS\System32\SHCORE.dll
0x00007fff0e560000 - 0x00007fff0e5be000 	C:\WINDOWS\System32\shlwapi.dll
0x00007fff0beb0000 - 0x00007fff0bed1000 	C:\WINDOWS\SYSTEM32\profapi.dll
0x00007fff068c0000 - 0x00007fff068d9000 	C:\Users\tomok\.vscode\extensions\redhat.java-1.12.0-win32-x64\jre\17.0.4.1-win32-x86_64\bin\net.dll
0x00007fff05430000 - 0x00007fff0555f000 	C:\WINDOWS\SYSTEM32\WINHTTP.dll
0x00007fff0b4f0000 - 0x00007fff0b559000 	C:\WINDOWS\system32\mswsock.dll
0x00007fff064c0000 - 0x00007fff064d5000 	C:\Users\tomok\.vscode\extensions\redhat.java-1.12.0-win32-x64\jre\17.0.4.1-win32-x86_64\bin\nio.dll
0x00007fff068b0000 - 0x00007fff068c0000 	c:\Users\tomok\.vscode\extensions\redhat.java-1.12.0-win32-x64\jre\17.0.4.1-win32-x86_64\bin\verify.dll
0x00007fff019e0000 - 0x00007fff019e9000 	C:\Users\tomok\.vscode\extensions\redhat.java-1.12.0-win32-x64\jre\17.0.4.1-win32-x86_64\bin\management.dll
0x00007fff00df0000 - 0x00007fff00dfb000 	C:\Users\tomok\.vscode\extensions\redhat.java-1.12.0-win32-x64\jre\17.0.4.1-win32-x86_64\bin\management_ext.dll
0x00007ffef4bf0000 - 0x00007ffef4c07000 	C:\WINDOWS\system32\napinsp.dll
0x00007ffef4bb0000 - 0x00007ffef4bcb000 	C:\WINDOWS\system32\pnrpnsp.dll
0x00007fff0ab80000 - 0x00007fff0ac72000 	C:\WINDOWS\SYSTEM32\DNSAPI.dll
0x00007fff0ab10000 - 0x00007fff0ab3d000 	C:\WINDOWS\SYSTEM32\IPHLPAPI.DLL
0x00007fff0e390000 - 0x00007fff0e399000 	C:\WINDOWS\System32\NSI.dll
0x00007ffef4b90000 - 0x00007ffef4ba1000 	C:\WINDOWS\System32\winrnr.dll
0x00007ffef4b70000 - 0x00007ffef4b85000 	C:\WINDOWS\system32\wshbth.dll
0x00007ffef4870000 - 0x00007ffef4891000 	C:\WINDOWS\system32\nlansp_c.dll
0x00007fff03940000 - 0x00007fff0394a000 	C:\Windows\System32\rasadhlp.dll
0x00007fff042f0000 - 0x00007fff04373000 	C:\WINDOWS\System32\fwpuclnt.dll
0x00007fff0b730000 - 0x00007fff0b74b000 	C:\WINDOWS\SYSTEM32\CRYPTSP.dll
0x00007fff0b010000 - 0x00007fff0b045000 	C:\WINDOWS\system32\rsaenh.dll
0x00007fff0b590000 - 0x00007fff0b5b8000 	C:\WINDOWS\SYSTEM32\USERENV.dll
0x00007fff0b920000 - 0x00007fff0b948000 	C:\WINDOWS\SYSTEM32\bcrypt.dll
0x00007fff0b6f0000 - 0x00007fff0b6fc000 	C:\WINDOWS\SYSTEM32\CRYPTBASE.dll
0x00007fff05300000 - 0x00007fff05319000 	C:\WINDOWS\SYSTEM32\dhcpcsvc6.DLL
0x00007fff052e0000 - 0x00007fff052ff000 	C:\WINDOWS\SYSTEM32\dhcpcsvc.DLL

dbghelp: loaded successfully - version: 4.0.5 - missing functions: none
symbol engine: initialized successfully - sym options: 0x614 - pdb path: .;c:\Users\tomok\.vscode\extensions\redhat.java-1.12.0-win32-x64\jre\17.0.4.1-win32-x86_64\bin;C:\WINDOWS\SYSTEM32;C:\WINDOWS\WinSxS\amd64_microsoft.windows.common-controls_6595b64144ccf1df_6.0.22621.436_none_a94247dbc10d8414;c:\Users\tomok\.vscode\extensions\redhat.java-1.12.0-win32-x64\jre\17.0.4.1-win32-x86_64\bin\server

VM Arguments:
jvm_args: -Dsts.lsp.client=vscode -Dsts.log.file=/dev/null -XX:TieredStopAtLevel=1 -Xlog:jni+resolve=off -Dspring.config.location=file:c:\Users\tomok\.vscode\extensions\pivotal.vscode-spring-boot-1.40.0\language-server\BOOT-INF\classes\application.properties 
java_command: org.springframework.ide.vscode.boot.app.BootLanguageServerBootApp
java_class_path (initial): c:\Users\tomok\.vscode\extensions\pivotal.vscode-spring-boot-1.40.0\language-server\BOOT-INF\classes;c:\Users\tomok\.vscode\extensions\pivotal.vscode-spring-boot-1.40.0\language-server\BOOT-INF\lib\annotations-23.0.0.jar;c:\Users\tomok\.vscode\extensions\pivotal.vscode-spring-boot-1.40.0\language-server\BOOT-INF\lib\ant-1.10.12.jar;c:\Users\tomok\.vscode\extensions\pivotal.vscode-spring-boot-1.40.0\language-server\BOOT-INF\lib\ant-launcher-1.10.12.jar;c:\Users\tomok\.vscode\extensions\pivotal.vscode-spring-boot-1.40.0\language-server\BOOT-INF\lib\antlr-runtime-3.5.2.jar;c:\Users\tomok\.vscode\extensions\pivotal.vscode-spring-boot-1.40.0\language-server\BOOT-INF\lib\antlr4-4.9.3.jar;c:\Users\tomok\.vscode\extensions\pivotal.vscode-spring-boot-1.40.0\language-server\BOOT-INF\lib\antlr4-runtime-4.9.3.jar;c:\Users\tomok\.vscode\extensions\pivotal.vscode-spring-boot-1.40.0\language-server\BOOT-INF\lib\asm-9.3.jar;c:\Users\tomok\.vscode\extensions\pivotal.vscode-spring-boot-1.40.0\language-server\BOOT-INF\lib\asm-analysis-9.3.jar;c:\Users\tomok\.vscode\extensions\pivotal.vscode-spring-boot-1.40.0\language-server\BOOT-INF\lib\asm-tree-9.3.jar;c:\Users\tomok\.vscode\extensions\pivotal.vscode-spring-boot-1.40.0\language-server\BOOT-INF\lib\asm-util-9.3.jar;c:\Users\tomok\.vscode\extensions\pivotal.vscode-spring-boot-1.40.0\language-server\BOOT-INF\lib\byte-buddy-1.12.13.jar;c:\Users\tomok\.vscode\extensions\pivotal.vscode-spring-boot-1.40.0\language-server\BOOT-INF\lib\caffeine-2.9.3.jar;c:\Users\tomok\.vscode\extensions\pivotal.vscode-spring-boot-1.40.0\language-server\BOOT-INF\lib\checker-qual-3.12.0.jar;c:\Users\tomok\.vscode\extensions\pivotal.vscode-spring-boot-1.40.0\language-server\BOOT-INF\lib\classgraph-4.8.149.jar;c:\Users\tomok\.vscode\extensions\pivotal.vscode-spring-boot-1.40.0\language-server\BOOT-INF\lib\commons-codec-1.15.jar;c:\Users\tomok\.vscode\extensions\pivotal.vscode-spring-boot-1.40.0\language-server\BOOT-INF\lib\commons-c
Launcher Type: SUN_STANDARD

[Global flags]
     intx CICompilerCount                          = 4                                         {product} {ergonomic}
     uint ConcGCThreads                            = 2                                         {product} {ergonomic}
     uint G1ConcRefinementThreads                  = 8                                         {product} {ergonomic}
   size_t G1HeapRegionSize                         = 4194304                                   {product} {ergonomic}
    uintx GCDrainStackTargetSize                   = 64                                        {product} {ergonomic}
   size_t InitialHeapSize                          = 536870912                                 {product} {ergonomic}
   size_t MarkStackSize                            = 4194304                                   {product} {ergonomic}
   size_t MaxHeapSize                              = 8577351680                                {product} {ergonomic}
   size_t MaxNewSize                               = 5146411008                                {product} {ergonomic}
   size_t MinHeapDeltaBytes                        = 4194304                                   {product} {ergonomic}
   size_t MinHeapSize                              = 8388608                                   {product} {ergonomic}
    uintx NonProfiledCodeHeapSize                  = 0                                      {pd product} {ergonomic}
     bool ProfileInterpreter                       = false                                  {pd product} {command line}
    uintx ProfiledCodeHeapSize                     = 0                                      {pd product} {ergonomic}
   size_t SoftMaxHeapSize                          = 8577351680                             {manageable} {ergonomic}
     intx TieredStopAtLevel                        = 1                                         {product} {command line}
     bool UseCompressedClassPointers               = true                           {product lp64_product} {ergonomic}
     bool UseCompressedOops                        = true                           {product lp64_product} {ergonomic}
     bool UseG1GC                                  = true                                      {product} {ergonomic}
     bool UseLargePagesIndividualAllocation        = false                                  {pd product} {ergonomic}

Logging:
Log output configuration:
 #0: stdout all=warning,jni+resolve=off uptime,level,tags
 #1: stderr all=off uptime,level,tags

Environment Variables:
JAVA_HOME=C:\Program Files\AdoptOpenJDK\jdk-11.0.10.9-hotspot
PATH=C:\Users\tomok\AppData\Local\cloud-code\installer\google-cloud-sdk\bin;C:\Program Files\Common Files\Oracle\Java\javapath;C:\Program Files\NVIDIA GPU Computing Toolkit\CUDA\v11.2\bin;C:\Program Files\NVIDIA GPU Computing Toolkit\CUDA\v11.2\libnvvp;C:\Program Files\AdoptOpenJDK\jdk-11.0.10.9-hotspot\bin;C:\Program Files (x86)\Common Files\Oracle\Java\javapath;C:\Windows\system32;C:\Windows;C:\Windows\System32\Wbem;C:\Users\tomok\AppData\Local\Programs\Python\Python310;C:\Windows\System32\WindowsPowerShell\v1.0\;C:\Windows\System32\OpenSSH\;C:\Program Files (x86)\Intel\Intel(R) Management Engine Components\DAL;C:\Program Files\Intel\Intel(R) Management Engine Components\DAL;C:\Program Files (x86)\NVIDIA Corporation\PhysX\Common;C:\Program Files\Microsoft SQL Server\130\Tools\Binn\;C:\xampp\mysql\bin;C:\Program Files (x86)\sbt\bin;C:\Program Files (x86)\scala\bin;C:\WINDOWS\system32;C:\WINDOWS;C:\WINDOWS\System32\Wbem;C:\WINDOWS\System32\WindowsPowerShell\v1.0\;C:\WINDOWS\System32\OpenSSH\;C:\Program Files\Calibre2\;C:\Program Files\MongoDB\Server\4.4\bin;C:\apache-maven-3.6.3-bin\apache-maven-3.6.3\bin;C:\xampp\php;C:\Program Files\Graphviz\bin;C:\Anaconda3;C:\Anaconda3\Library\bin;C:\Anaconda3\Scripts;C:\Program Files\NVIDIA Corporation\NVIDIA NvDLISR;C:\Program Files\NVIDIA Corporation\Nsight Compute 2020.3.0\;C:\Program Files\dotnet\;C:\Program Files\Microsoft SQL Server\Client SDK\ODBC\170\Tools\Binn\;C:\composer;C:\WINDOWS\system32;C:\WINDOWS;C:\WINDOWS\System32\Wbem;C:\WINDOWS\System32\WindowsPowerShell\v1.0\;C:\WINDOWS\System32\OpenSSH\;C:\ProgramData\ComposerSetup\bin;C:\Program Files\nodejs\;C:\ProgramData\chocolatey\bin;D:\Applications\chromedriver_win32;C:\Program Files\Docker\Docker\resources\bin;C:\ProgramData\DockerDesktop\version-bin;C:\Program Files\PowerShell\7\;C:\Users\tomok\AppData\Local\Microsoft\WindowsApps;C:\Program Files\JetBrains\IntelliJ IDEA Community Edition 2019.3\bin;C:\Users\tomok\.dotnet\tools;C:\Users\tomok\AppData\Local\Microsoft\W
USERNAME=tomok
OS=Windows_NT
PROCESSOR_IDENTIFIER=Intel64 Family 6 Model 158 Stepping 13, GenuineIntel
TMP=C:\Users\tomok\AppData\Local\Temp
TEMP=C:\Users\tomok\AppData\Local\Temp



---------------  S Y S T E M  ---------------

OS:
 Windows 11 , 64 bit Build 22621 (10.0.22621.891)
OS uptime: 7 days 2:35 hours
Hyper-V role detected

CPU: total 8 (initial active 8) (8 cores per cpu, 1 threads per core) family 6 model 158 stepping 13 microcode 0xde, cx8, cmov, fxsr, mmx, 3dnowpref, sse, sse2, sse3, ssse3, sse4.1, sse4.2, popcnt, lzcnt, tsc, tscinvbit, avx, avx2, aes, erms, clmul, bmi1, bmi2, adx, fma, vzeroupper, clflush, clflushopt, hv

Memory: 4k page, system-wide physical 32709M (14027M free)
TotalPageFile size 131013M (AvailPageFile size 382M)
current process WorkingSet (physical memory assigned to process): 763M, peak: 763M
current process commit charge ("private bytes"): 802M, peak: 1586M

vm_info: OpenJDK 64-Bit Server VM (17.0.4.1+1) for windows-amd64 JRE (17.0.4.1+1), built on Aug 17 2022 07:42:43 by "temurin" with MS VC++ 16.7 (VS2019)

END.
