#
# There is insufficient memory for the Java Runtime Environment to continue.
# Native memory allocation (malloc) failed to allocate 323776 bytes for Chunk::new
# Possible reasons:
#   The system is out of physical RAM or swap space
#   The process is running with CompressedOops enabled, and the Java Heap may be blocking the growth of the native heap
# Possible solutions:
#   Reduce memory load on the system
#   Increase physical memory or swap space
#   Check if swap backing store is full
#   Decrease Java heap size (-Xmx/-Xms)
#   Decrease number of Java threads
#   Decrease Java thread stack sizes (-Xss)
#   Set larger code cache with -XX:ReservedCodeCacheSize=
#   JVM is running with Unscaled Compressed Oops mode in which the Java heap is
#     placed in the first 4GB address space. The Java Heap base address is the
#     maximum limit for the native heap growth. Please use -XX:HeapBaseMinAddress
#     to set the Java Heap base and to place the Java Heap above 4GB virtual address.
# This output file may be truncated or incomplete.
#
#  Out of Memory Error (arena.cpp:189), pid=37364, tid=9036
#
# JRE version: Java(TM) SE Runtime Environment (17.0.5+9) (build 17.0.5+9-LTS-191)
# Java VM: Java HotSpot(TM) 64-Bit Server VM (17.0.5+9-LTS-191, mixed mode, sharing, tiered, compressed oops, compressed class ptrs, parallel gc, windows-amd64)
# No core dump will be written. Minidumps are not enabled by default on client versions of Windows
#

---------------  S U M M A R Y ------------

Command Line: --add-modules=ALL-SYSTEM --add-opens=java.base/java.util=ALL-UNNAMED --add-opens=java.base/java.lang=ALL-UNNAMED --add-opens=java.base/sun.nio.fs=ALL-UNNAMED -Declipse.application=org.eclipse.jdt.ls.core.id1 -Dosgi.bundles.defaultStartLevel=4 -Declipse.product=org.eclipse.jdt.ls.core.product -Djava.import.generatesMetadataFilesAtProjectRoot=false -Dfile.encoding=utf8 -XX:+UseParallelGC -XX:GCTimeRatio=4 -XX:AdaptiveSizePolicyWeight=90 -Dsun.zip.disableMemoryMapping=true -Xmx1G -Xms100m -Xlog:disable -javaagent:c:\Users\tomok\.vscode\extensions\redhat.java-1.12.0-win32-x64\lombok\lombok-1.18.24.jar c:\Users\tomok\.vscode\extensions\redhat.java-1.12.0-win32-x64\server\plugins\org.eclipse.equinox.launcher_1.6.400.v20210924-0641.jar -configuration c:\Users\tomok\AppData\Roaming\Code\User\globalStorage\redhat.java\1.12.0\config_ss_win -data c:\Users\tomok\AppData\Roaming\Code\User\workspaceStorage\4dffa79ef8fdc86acc30123db513b158\redhat.java\ss_ws

Host: Intel(R) Core(TM) i7-9700K CPU @ 3.60GHz, 8 cores, 31G,  Windows 11 , 64 bit Build 22621 (10.0.22621.891)
Time: Tue Nov 22 13:47:29 2022  Windows 11 , 64 bit Build 22621 (10.0.22621.891) elapsed time: 1.286915 seconds (0d 0h 0m 1s)

---------------  T H R E A D  ---------------

Current thread (0x000002a437e01f90):  JavaThread "C2 CompilerThread1" daemon [_thread_in_native, id=9036, stack(0x000000b407500000,0x000000b407600000)]


Current CompileTask:
C2:   1286 1827       4       java.io.DataInputStream::readUTF (501 bytes)

Stack: [0x000000b407500000,0x000000b407600000]
Native frames: (J=compiled Java code, j=interpreted, Vv=VM code, C=native code)
V  [jvm.dll+0x672eea]
V  [jvm.dll+0x7d2a04]
V  [jvm.dll+0x7d41ae]
V  [jvm.dll+0x7d4813]
V  [jvm.dll+0x242c15]
V  [jvm.dll+0xaa57b]
V  [jvm.dll+0xaab0c]
V  [jvm.dll+0x2a997f]
V  [jvm.dll+0x57b307]
V  [jvm.dll+0x21de72]
V  [jvm.dll+0x21e24f]
V  [jvm.dll+0x217b15]
V  [jvm.dll+0x214fdb]
V  [jvm.dll+0x1a18ed]
V  [jvm.dll+0x22493a]
V  [jvm.dll+0x222aa5]
V  [jvm.dll+0x7885db]
V  [jvm.dll+0x782b4a]
V  [jvm.dll+0x671d75]
C  [ucrtbase.dll+0x29363]
C  [KERNEL32.DLL+0x1244d]
C  [ntdll.dll+0x5dfb8]


---------------  P R O C E S S  ---------------

Threads class SMR info:
_java_thread_list=0x000002a438a00770, length=18, elements={
0x000002a41cc93490, 0x000002a4356b1f10, 0x000002a4356b3680, 0x000002a4356d0420,
0x000002a4356d0ee0, 0x000002a4356d39a0, 0x000002a4356d4350, 0x000002a4356d6040,
0x000002a4356fe950, 0x000002a437ce97d0, 0x000002a437d78170, 0x000002a437e01f90,
0x000002a437f3b1f0, 0x000002a438cdc3b0, 0x000002a438ebd980, 0x000002a4389cf3f0,
0x000002a438eb9010, 0x000002a438a89f40
}

Java Threads: ( => current thread )
  0x000002a41cc93490 JavaThread "main" [_thread_blocked, id=36788, stack(0x000000b406800000,0x000000b406900000)]
  0x000002a4356b1f10 JavaThread "Reference Handler" daemon [_thread_blocked, id=10492, stack(0x000000b406b00000,0x000000b406c00000)]
  0x000002a4356b3680 JavaThread "Finalizer" daemon [_thread_blocked, id=25324, stack(0x000000b406c00000,0x000000b406d00000)]
  0x000002a4356d0420 JavaThread "Signal Dispatcher" daemon [_thread_blocked, id=29348, stack(0x000000b406d00000,0x000000b406e00000)]
  0x000002a4356d0ee0 JavaThread "Attach Listener" daemon [_thread_blocked, id=29808, stack(0x000000b406e00000,0x000000b406f00000)]
  0x000002a4356d39a0 JavaThread "Service Thread" daemon [_thread_blocked, id=31768, stack(0x000000b406f00000,0x000000b407000000)]
  0x000002a4356d4350 JavaThread "Monitor Deflation Thread" daemon [_thread_blocked, id=27740, stack(0x000000b407000000,0x000000b407100000)]
  0x000002a4356d6040 JavaThread "C2 CompilerThread0" daemon [_thread_blocked, id=24188, stack(0x000000b407100000,0x000000b407200000)]
  0x000002a4356fe950 JavaThread "C1 CompilerThread0" daemon [_thread_blocked, id=14972, stack(0x000000b407200000,0x000000b407300000)]
  0x000002a437ce97d0 JavaThread "Sweeper thread" daemon [_thread_blocked, id=26288, stack(0x000000b407300000,0x000000b407400000)]
  0x000002a437d78170 JavaThread "Common-Cleaner" daemon [_thread_blocked, id=1520, stack(0x000000b407400000,0x000000b407500000)]
=>0x000002a437e01f90 JavaThread "C2 CompilerThread1" daemon [_thread_in_native, id=9036, stack(0x000000b407500000,0x000000b407600000)]
  0x000002a437f3b1f0 JavaThread "Notification Thread" daemon [_thread_blocked, id=25288, stack(0x000000b407600000,0x000000b407700000)]
  0x000002a438cdc3b0 JavaThread "Active Thread: Equinox Container: 2f9955d2-b4e8-403a-bbca-02f3922f647c" [_thread_blocked, id=10300, stack(0x000000b407f00000,0x000000b408000000)]
  0x000002a438ebd980 JavaThread "Framework Event Dispatcher: Equinox Container: 2f9955d2-b4e8-403a-bbca-02f3922f647c" daemon [_thread_blocked, id=22196, stack(0x000000b408000000,0x000000b408100000)]
  0x000002a4389cf3f0 JavaThread "Start Level: Equinox Container: 2f9955d2-b4e8-403a-bbca-02f3922f647c" daemon [_thread_in_Java, id=25800, stack(0x000000b408100000,0x000000b408200000)]
  0x000002a438eb9010 JavaThread "SCR Component Actor" daemon [_thread_blocked, id=25916, stack(0x000000b408200000,0x000000b408300000)]
  0x000002a438a89f40 JavaThread "SCR Component Registry" daemon [_thread_blocked, id=12412, stack(0x000000b407800000,0x000000b407900000)]

Other Threads:
  0x000002a4356aeb10 VMThread "VM Thread" [stack: 0x000000b406a00000,0x000000b406b00000] [id=26820]
  0x000002a437f3da20 WatcherThread [stack: 0x000000b407700000,0x000000b407800000] [id=22564]
  0x000002a41cca9710 GCTaskThread "GC Thread#0" [stack: 0x000000b406900000,0x000000b406a00000] [id=24156]
  0x000002a438336550 GCTaskThread "GC Thread#1" [stack: 0x000000b407900000,0x000000b407a00000] [id=21004]
  0x000002a438152c10 GCTaskThread "GC Thread#2" [stack: 0x000000b407a00000,0x000000b407b00000] [id=24424]
  0x000002a4387c0ca0 GCTaskThread "GC Thread#3" [stack: 0x000000b407b00000,0x000000b407c00000] [id=30448]
  0x000002a4387c0f50 GCTaskThread "GC Thread#4" [stack: 0x000000b407c00000,0x000000b407d00000] [id=17448]
  0x000002a4387c1200 GCTaskThread "GC Thread#5" [stack: 0x000000b407d00000,0x000000b407e00000] [id=21508]
  0x000002a4387c14b0 GCTaskThread "GC Thread#6" [stack: 0x000000b407e00000,0x000000b407f00000] [id=16864]
  0x000002a438ed5d00 GCTaskThread "GC Thread#7" [stack: 0x000000b408300000,0x000000b408400000] [id=11408]

Threads with active compile tasks:
C2 CompilerThread1     1302 1827       4       java.io.DataInputStream::readUTF (501 bytes)

VM state: not at safepoint (normal execution)

VM Mutex/Monitor currently owned by a thread: None

Heap address: 0x00000000c0000000, size: 1024 MB, Compressed Oops mode: 32-bit

CDS archive(s) mapped at: [0x0000000800000000-0x0000000800bd0000-0x0000000800bd0000), size 12386304, SharedBaseAddress: 0x0000000800000000, ArchiveRelocationMode: 0.
Compressed class space mapped at: 0x0000000800c00000-0x0000000840c00000, reserved size: 1073741824
Narrow klass base: 0x0000000800000000, Narrow klass shift: 0, Narrow klass range: 0x100000000

GC Precious Log:
 CPUs: 8 total, 8 available
 Memory: 32709M
 Large Page Support: Disabled
 NUMA Support: Disabled
 Compressed Oops: Enabled (32-bit)
 Alignments: Space 512K, Generation 512K, Heap 2M
 Heap Min Capacity: 100M
 Heap Initial Capacity: 100M
 Heap Max Capacity: 1G
 Pre-touch: Disabled
 Parallel Workers: 8

Heap:
 PSYoungGen      total 29696K, used 15528K [0x00000000eab00000, 0x00000000ecc00000, 0x0000000100000000)
  eden space 25600K, 44% used [0x00000000eab00000,0x00000000eb62d620,0x00000000ec400000)
  from space 4096K, 99% used [0x00000000ec800000,0x00000000ecbfcd28,0x00000000ecc00000)
  to   space 4096K, 0% used [0x00000000ec400000,0x00000000ec400000,0x00000000ec800000)
 ParOldGen       total 68608K, used 1278K [0x00000000c0000000, 0x00000000c4300000, 0x00000000eab00000)
  object space 68608K, 1% used [0x00000000c0000000,0x00000000c013fb90,0x00000000c4300000)
 Metaspace       used 10980K, committed 11328K, reserved 1064960K
  class space    used 1084K, committed 1216K, reserved 1048576K

Card table byte_map: [0x000002a41c670000,0x000002a41c880000] _byte_map_base: 0x000002a41c070000

Marking Bits: (ParMarkBitMap*) 0x00007ffe59195550
 Begin Bits: [0x000002a433500000, 0x000002a434500000)
 End Bits:   [0x000002a434500000, 0x000002a435500000)

Polling page: 0x000002a41c460000

Metaspace:

Usage:
  Non-class:      9.66 MB used.
      Class:      1.06 MB used.
       Both:     10.72 MB used.

Virtual space:
  Non-class space:       16.00 MB reserved,       9.88 MB ( 62%) committed,  2 nodes.
      Class space:        1.00 GB reserved,       1.19 MB ( <1%) committed,  1 nodes.
             Both:        1.02 GB reserved,      11.06 MB (  1%) committed. 

Chunk freelists:
   Non-Class:  1.52 MB
       Class:  2.75 MB
        Both:  4.27 MB

MaxMetaspaceSize: unlimited
CompressedClassSpaceSize: 1.00 GB
Initial GC threshold: 21.00 MB
Current GC threshold: 21.00 MB
CDS: on
MetaspaceReclaimPolicy: balanced
 - commit_granule_bytes: 65536.
 - commit_granule_words: 8192.
 - virtual_space_node_default_size: 1048576.
 - enlarge_chunks_in_place: 1.
 - new_chunks_are_fully_committed: 0.
 - uncommit_free_chunks: 1.
 - use_allocation_guard: 0.
 - handle_deallocations: 1.


Internal statistics:

num_allocs_failed_limit: 0.
num_arena_births: 106.
num_arena_deaths: 0.
num_vsnodes_births: 3.
num_vsnodes_deaths: 0.
num_space_committed: 177.
num_space_uncommitted: 0.
num_chunks_returned_to_freelist: 0.
num_chunks_taken_from_freelist: 401.
num_chunk_merges: 0.
num_chunk_splits: 276.
num_chunks_enlarged: 207.
num_purges: 0.
num_inconsistent_stats: 0.

CodeHeap 'non-profiled nmethods': size=120000Kb used=741Kb max_used=741Kb free=119259Kb
 bounds [0x000002a42bfd0000, 0x000002a42c240000, 0x000002a433500000]
CodeHeap 'profiled nmethods': size=120000Kb used=3563Kb max_used=3563Kb free=116436Kb
 bounds [0x000002a424aa0000, 0x000002a424e20000, 0x000002a42bfd0000]
CodeHeap 'non-nmethods': size=5760Kb used=1170Kb max_used=1193Kb free=4590Kb
 bounds [0x000002a424500000, 0x000002a424770000, 0x000002a424aa0000]
 total_blobs=2308 nmethods=1840 adapters=382
 compilation: enabled
              stopped_count=0, restarted_count=0
 full_count=0

Compilation events (20 events):
Event: 1.281 Thread 0x000002a4356fe950 1829       3       org.eclipse.osgi.internal.hooks.EclipseLazyStarter::preFindLocalClass (120 bytes)
Event: 1.281 Thread 0x000002a4356fe950 nmethod 1829 0x000002a424e14590 code [0x000002a424e14820, 0x000002a424e15598]
Event: 1.281 Thread 0x000002a4356fe950 1832       1       org.osgi.framework.ServiceEvent::getType (5 bytes)
Event: 1.281 Thread 0x000002a4356fe950 nmethod 1832 0x000002a42c088a90 code [0x000002a42c088c20, 0x000002a42c088cf8]
Event: 1.282 Thread 0x000002a4356d6040 1833       4       java.lang.Character::isWhitespace (5 bytes)
Event: 1.282 Thread 0x000002a4356fe950 1834       3       java.lang.Integer::compare (20 bytes)
Event: 1.282 Thread 0x000002a4356fe950 nmethod 1834 0x000002a424e15a10 code [0x000002a424e15bc0, 0x000002a424e15d98]
Event: 1.282 Thread 0x000002a4356fe950 1835  s    3       org.eclipse.osgi.framework.eventmgr.CopyOnWriteIdentityMap::put (147 bytes)
Event: 1.282 Thread 0x000002a4356d6040 nmethod 1833 0x000002a42c088d90 code [0x000002a42c088f00, 0x000002a42c088fb8]
Event: 1.282 Thread 0x000002a4356fe950 nmethod 1835 0x000002a424e15e10 code [0x000002a424e160c0, 0x000002a424e17248]
Event: 1.282 Thread 0x000002a4356fe950 1838       3       org.eclipse.osgi.internal.loader.BundleLoader::addExportedProvidersFor (167 bytes)
Event: 1.283 Thread 0x000002a4356fe950 nmethod 1838 0x000002a424e17890 code [0x000002a424e17ba0, 0x000002a424e18e98]
Event: 1.283 Thread 0x000002a4356fe950 1836       3       org.eclipse.osgi.framework.eventmgr.CopyOnWriteIdentityMap$Entry::<init> (18 bytes)
Event: 1.283 Thread 0x000002a4356fe950 nmethod 1836 0x000002a424e19510 code [0x000002a424e196c0, 0x000002a424e199c8]
Event: 1.283 Thread 0x000002a4356fe950 1839   !   3       java.util.Collections$SynchronizedCollection::contains (25 bytes)
Event: 1.283 Thread 0x000002a4356fe950 nmethod 1839 0x000002a424e19b10 code [0x000002a424e19cc0, 0x000002a424e19f68]
Event: 1.283 Thread 0x000002a4356fe950 1837       3       org.eclipse.osgi.internal.serviceregistry.ServiceRegistrationImpl::compareTo (27 bytes)
Event: 1.283 Thread 0x000002a4356fe950 nmethod 1837 0x000002a424e1a090 code [0x000002a424e1a260, 0x000002a424e1a898]
Event: 1.283 Thread 0x000002a4356fe950 1840       3       org.eclipse.osgi.internal.loader.BundleLoader::isExportedPackage (11 bytes)
Event: 1.283 Thread 0x000002a4356fe950 nmethod 1840 0x000002a424e1aa90 code [0x000002a424e1ac40, 0x000002a424e1ae08]

GC Heap History (4 events):
Event: 0.656 GC heap before
{Heap before GC invocations=1 (full 0):
 PSYoungGen      total 29696K, used 25600K [0x00000000eab00000, 0x00000000ecc00000, 0x0000000100000000)
  eden space 25600K, 100% used [0x00000000eab00000,0x00000000ec400000,0x00000000ec400000)
  from space 4096K, 0% used [0x00000000ec800000,0x00000000ec800000,0x00000000ecc00000)
  to   space 4096K, 0% used [0x00000000ec400000,0x00000000ec400000,0x00000000ec800000)
 ParOldGen       total 68608K, used 0K [0x00000000c0000000, 0x00000000c4300000, 0x00000000eab00000)
  object space 68608K, 0% used [0x00000000c0000000,0x00000000c0000000,0x00000000c4300000)
 Metaspace       used 4676K, committed 4800K, reserved 1056768K
  class space    used 434K, committed 448K, reserved 1048576K
}
Event: 0.660 GC heap after
{Heap after GC invocations=1 (full 0):
 PSYoungGen      total 29696K, used 3758K [0x00000000eab00000, 0x00000000ecc00000, 0x0000000100000000)
  eden space 25600K, 0% used [0x00000000eab00000,0x00000000eab00000,0x00000000ec400000)
  from space 4096K, 91% used [0x00000000ec400000,0x00000000ec7ab828,0x00000000ec800000)
  to   space 4096K, 0% used [0x00000000ec800000,0x00000000ec800000,0x00000000ecc00000)
 ParOldGen       total 68608K, used 16K [0x00000000c0000000, 0x00000000c4300000, 0x00000000eab00000)
  object space 68608K, 0% used [0x00000000c0000000,0x00000000c0004000,0x00000000c4300000)
 Metaspace       used 4676K, committed 4800K, reserved 1056768K
  class space    used 434K, committed 448K, reserved 1048576K
}
Event: 1.093 GC heap before
{Heap before GC invocations=2 (full 0):
 PSYoungGen      total 29696K, used 29358K [0x00000000eab00000, 0x00000000ecc00000, 0x0000000100000000)
  eden space 25600K, 100% used [0x00000000eab00000,0x00000000ec400000,0x00000000ec400000)
  from space 4096K, 91% used [0x00000000ec400000,0x00000000ec7ab828,0x00000000ec800000)
  to   space 4096K, 0% used [0x00000000ec800000,0x00000000ec800000,0x00000000ecc00000)
 ParOldGen       total 68608K, used 16K [0x00000000c0000000, 0x00000000c4300000, 0x00000000eab00000)
  object space 68608K, 0% used [0x00000000c0000000,0x00000000c0004000,0x00000000c4300000)
 Metaspace       used 8922K, committed 9152K, reserved 1056768K
  class space    used 866K, committed 960K, reserved 1048576K
}
Event: 1.096 GC heap after
{Heap after GC invocations=2 (full 0):
 PSYoungGen      total 29696K, used 4083K [0x00000000eab00000, 0x00000000ecc00000, 0x0000000100000000)
  eden space 25600K, 0% used [0x00000000eab00000,0x00000000eab00000,0x00000000ec400000)
  from space 4096K, 99% used [0x00000000ec800000,0x00000000ecbfcd28,0x00000000ecc00000)
  to   space 4096K, 0% used [0x00000000ec400000,0x00000000ec400000,0x00000000ec800000)
 ParOldGen       total 68608K, used 1278K [0x00000000c0000000, 0x00000000c4300000, 0x00000000eab00000)
  object space 68608K, 1% used [0x00000000c0000000,0x00000000c013fb90,0x00000000c4300000)
 Metaspace       used 8922K, committed 9152K, reserved 1056768K
  class space    used 866K, committed 960K, reserved 1048576K
}

Deoptimization events (20 events):
Event: 1.222 Thread 0x000002a4389cf3f0 Uncommon trap: trap_request=0xffffffde fr.pc=0x000002a42c0425c4 relative=0x0000000000001444
Event: 1.222 Thread 0x000002a4389cf3f0 Uncommon trap: reason=class_check action=maybe_recompile pc=0x000002a42c0425c4 method=java.io.DataInputStream.readFully([BII)V @ 30 c2
Event: 1.222 Thread 0x000002a4389cf3f0 DEOPT PACKING pc=0x000002a42c0425c4 sp=0x000000b4081fb8d0
Event: 1.222 Thread 0x000002a4389cf3f0 DEOPT UNPACKING pc=0x000002a4245520a3 sp=0x000000b4081fb808 mode 2
Event: 1.223 Thread 0x000002a4389cf3f0 Uncommon trap: trap_request=0xffffffde fr.pc=0x000002a42c03bc50 relative=0x00000000000002b0
Event: 1.223 Thread 0x000002a4389cf3f0 Uncommon trap: reason=class_check action=maybe_recompile pc=0x000002a42c03bc50 method=java.io.DataInputStream.readByte()B @ 4 c2
Event: 1.223 Thread 0x000002a4389cf3f0 DEOPT PACKING pc=0x000002a42c03bc50 sp=0x000000b4081fba00
Event: 1.223 Thread 0x000002a4389cf3f0 DEOPT UNPACKING pc=0x000002a4245520a3 sp=0x000000b4081fb9b8 mode 2
Event: 1.223 Thread 0x000002a4389cf3f0 Uncommon trap: trap_request=0xffffffde fr.pc=0x000002a42c03bc50 relative=0x00000000000002b0
Event: 1.223 Thread 0x000002a4389cf3f0 Uncommon trap: reason=class_check action=maybe_recompile pc=0x000002a42c03bc50 method=java.io.DataInputStream.readByte()B @ 4 c2
Event: 1.223 Thread 0x000002a4389cf3f0 DEOPT PACKING pc=0x000002a42c03bc50 sp=0x000000b4081fba00
Event: 1.223 Thread 0x000002a4389cf3f0 DEOPT UNPACKING pc=0x000002a4245520a3 sp=0x000000b4081fb9b8 mode 2
Event: 1.223 Thread 0x000002a4389cf3f0 Uncommon trap: trap_request=0xffffffde fr.pc=0x000002a42c0425c4 relative=0x0000000000001444
Event: 1.223 Thread 0x000002a4389cf3f0 Uncommon trap: reason=class_check action=maybe_recompile pc=0x000002a42c0425c4 method=java.io.DataInputStream.readFully([BII)V @ 30 c2
Event: 1.223 Thread 0x000002a4389cf3f0 DEOPT PACKING pc=0x000002a42c0425c4 sp=0x000000b4081fb8d0
Event: 1.223 Thread 0x000002a4389cf3f0 DEOPT UNPACKING pc=0x000002a4245520a3 sp=0x000000b4081fb808 mode 2
Event: 1.223 Thread 0x000002a4389cf3f0 Uncommon trap: trap_request=0xffffffde fr.pc=0x000002a42c0425c4 relative=0x0000000000001444
Event: 1.223 Thread 0x000002a4389cf3f0 Uncommon trap: reason=class_check action=maybe_recompile pc=0x000002a42c0425c4 method=java.io.DataInputStream.readFully([BII)V @ 30 c2
Event: 1.223 Thread 0x000002a4389cf3f0 DEOPT PACKING pc=0x000002a42c0425c4 sp=0x000000b4081fb8d0
Event: 1.223 Thread 0x000002a4389cf3f0 DEOPT UNPACKING pc=0x000002a4245520a3 sp=0x000000b4081fb808 mode 2

Classes unloaded (0 events):
No events

Classes redefined (0 events):
No events

Internal exceptions (20 events):
Event: 0.595 Thread 0x000002a41cc93490 Exception <a 'java/lang/ClassNotFoundException'{0x00000000ec15c7f0}: sun/net/www/protocol/d/Handler> (0x00000000ec15c7f0) 
thrown [s\open\src\hotspot\share\classfile\systemDictionary.cpp, line 256]
Event: 0.595 Thread 0x000002a41cc93490 Exception <a 'java/lang/ClassNotFoundException'{0x00000000ec15d9b8}: sun/net/www/protocol/c/Handler> (0x00000000ec15d9b8) 
thrown [s\open\src\hotspot\share\classfile\systemDictionary.cpp, line 256]
Event: 0.606 Thread 0x000002a41cc93490 Exception <a 'java/io/FileNotFoundException'{0x00000000ec17c6e8}> (0x00000000ec17c6e8) 
thrown [s\open\src\hotspot\share\prims\jni.cpp, line 516]
Event: 0.631 Thread 0x000002a41cc93490 Implicit null exception at 0x000002a42bffa2e0 to 0x000002a42bffac10
Event: 0.631 Thread 0x000002a41cc93490 Implicit null exception at 0x000002a42c004aac to 0x000002a42c004ef8
Event: 0.631 Thread 0x000002a41cc93490 Implicit null exception at 0x000002a42c0029ac to 0x000002a42c002de4
Event: 0.631 Thread 0x000002a41cc93490 Implicit null exception at 0x000002a42c01458f to 0x000002a42c014609
Event: 0.668 Thread 0x000002a41cc93490 Exception <a 'java/lang/NoSuchMethodError'{0x00000000eab45b38}: 'int java.lang.invoke.DirectMethodHandle$Holder.invokeStaticInit(java.lang.Object, java.lang.Object, java.lang.Object, java.lang.Object)'> (0x00000000eab45b38) 
thrown [s\open\src\hotspot\share\interpreter\linkResolver.cpp, line 759]
Event: 0.670 Thread 0x000002a41cc93490 Exception <a 'java/lang/NoSuchMethodError'{0x00000000eab502b0}: 'java.lang.Object java.lang.invoke.DirectMethodHandle$Holder.invokeInterface(java.lang.Object, java.lang.Object)'> (0x00000000eab502b0) 
thrown [s\open\src\hotspot\share\interpreter\linkResolver.cpp, line 759]
Event: 0.670 Thread 0x000002a41cc93490 Exception <a 'java/lang/IncompatibleClassChangeError'{0x00000000eab53aa8}: Found class java.lang.Object, but interface was expected> (0x00000000eab53aa8) 
thrown [s\open\src\hotspot\share\interpreter\linkResolver.cpp, line 826]
Event: 0.670 Thread 0x000002a41cc93490 Exception <a 'java/lang/NoSuchMethodError'{0x00000000eab581d0}: 'void java.lang.invoke.DirectMethodHandle$Holder.invokeStatic(java.lang.Object, java.lang.Object)'> (0x00000000eab581d0) 
thrown [s\open\src\hotspot\share\interpreter\linkResolver.cpp, line 759]
Event: 0.671 Thread 0x000002a41cc93490 Exception <a 'java/lang/NoSuchMethodError'{0x00000000eab5bae8}: 'void java.lang.invoke.DirectMethodHandle$Holder.invokeStaticInit(java.lang.Object, java.lang.Object)'> (0x00000000eab5bae8) 
thrown [s\open\src\hotspot\share\interpreter\linkResolver.cpp, line 759]
Event: 0.671 Thread 0x000002a41cc93490 Exception <a 'java/lang/NoSuchMethodError'{0x00000000eab63440}: 'int java.lang.invoke.DirectMethodHandle$Holder.invokeStaticInit(java.lang.Object, java.lang.Object)'> (0x00000000eab63440) 
thrown [s\open\src\hotspot\share\interpreter\linkResolver.cpp, line 759]
Event: 0.698 Thread 0x000002a41cc93490 Exception <a 'java/lang/NoSuchMethodError'{0x00000000eacd1cd8}: 'void java.lang.invoke.DirectMethodHandle$Holder.invokeSpecial(java.lang.Object, java.lang.Object, java.lang.Object)'> (0x00000000eacd1cd8) 
thrown [s\open\src\hotspot\share\interpreter\linkResolver.cpp, line 759]
Event: 0.896 Thread 0x000002a41cc93490 Exception <a 'java/lang/NoSuchMethodError'{0x00000000eb83ac50}: 'java.lang.Object java.lang.invoke.DirectMethodHandle$Holder.newInvokeSpecial(java.lang.Object, int, java.lang.Object)'> (0x00000000eb83ac50) 
thrown [s\open\src\hotspot\share\interpreter\linkResolver.cpp, line 759]
Event: 0.999 Thread 0x000002a41cc93490 Exception <a 'java/lang/UnsatisfiedLinkError'{0x00000000ebd68e20}: 'void org.eclipse.equinox.launcher.JNIBridge._update_splash()'> (0x00000000ebd68e20) 
thrown [s\open\src\hotspot\share\prims\nativeLookup.cpp, line 543]
Event: 1.040 Thread 0x000002a4389cf3f0 Exception <a 'java/lang/NoSuchMethodError'{0x00000000ec058158}: 'java.lang.Object java.lang.invoke.DirectMethodHandle$Holder.invokeStaticInit(java.lang.Object)'> (0x00000000ec058158) 
thrown [s\open\src\hotspot\share\interpreter\linkResolver.cpp, line 759]
Event: 1.218 Thread 0x000002a4389cf3f0 Exception <a 'java/io/FileNotFoundException'{0x00000000eb3611a0}> (0x00000000eb3611a0) 
thrown [s\open\src\hotspot\share\prims\jni.cpp, line 516]
Event: 1.225 Thread 0x000002a4389cf3f0 Exception <a 'java/lang/NullPointerException'{0x00000000eb3b3140}> (0x00000000eb3b3140) 
thrown [s\open\src\hotspot\share\interpreter\linkResolver.cpp, line 1350]
Event: 1.225 Thread 0x000002a4389cf3f0 Exception <a 'java/lang/NullPointerException'{0x00000000eb3b3968}> (0x00000000eb3b3968) 
thrown [s\open\src\hotspot\share\interpreter\linkResolver.cpp, line 1350]

VM Operations (20 events):
Event: 0.388 Executing VM operation: HandshakeAllThreads
Event: 0.388 Executing VM operation: HandshakeAllThreads done
Event: 0.399 Executing VM operation: HandshakeAllThreads
Event: 0.399 Executing VM operation: HandshakeAllThreads done
Event: 0.574 Executing VM operation: HandshakeAllThreads
Event: 0.574 Executing VM operation: HandshakeAllThreads done
Event: 0.642 Executing VM operation: ICBufferFull
Event: 0.642 Executing VM operation: ICBufferFull done
Event: 0.656 Executing VM operation: ParallelGCFailedAllocation
Event: 0.660 Executing VM operation: ParallelGCFailedAllocation done
Event: 0.883 Executing VM operation: HandshakeAllThreads
Event: 0.883 Executing VM operation: HandshakeAllThreads done
Event: 0.883 Executing VM operation: HandshakeAllThreads
Event: 0.883 Executing VM operation: HandshakeAllThreads done
Event: 0.887 Executing VM operation: HandshakeAllThreads
Event: 0.887 Executing VM operation: HandshakeAllThreads done
Event: 1.057 Executing VM operation: HandshakeAllThreads
Event: 1.057 Executing VM operation: HandshakeAllThreads done
Event: 1.093 Executing VM operation: ParallelGCFailedAllocation
Event: 1.096 Executing VM operation: ParallelGCFailedAllocation done

Events (20 events):
Event: 1.122 loading class java/util/concurrent/RejectedExecutionException done
Event: 1.122 loading class java/util/concurrent/CompletionStage
Event: 1.122 loading class java/util/concurrent/CompletionStage done
Event: 1.123 loading class java/util/Timer
Event: 1.123 loading class java/util/Timer done
Event: 1.123 loading class java/util/TaskQueue
Event: 1.123 loading class java/util/TaskQueue done
Event: 1.124 loading class java/util/TimerThread
Event: 1.124 loading class java/util/TimerThread done
Event: 1.124 loading class java/util/Timer$ThreadReaper
Event: 1.124 loading class java/util/Timer$ThreadReaper done
Event: 1.124 Thread 0x000002a438a89f40 Thread added: 0x000002a438a89f40
Event: 1.131 loading class java/util/concurrent/locks/ReentrantLock$FairSync
Event: 1.131 loading class java/util/concurrent/locks/ReentrantLock$FairSync done
Event: 1.132 loading class java/util/Collections$ReverseComparator
Event: 1.132 loading class java/util/Collections$ReverseComparator done
Event: 1.175 loading class javax/xml/parsers/ParserConfigurationException
Event: 1.175 loading class javax/xml/parsers/ParserConfigurationException done
Event: 1.189 loading class java/lang/CloneNotSupportedException
Event: 1.189 loading class java/lang/CloneNotSupportedException done


Dynamic libraries:
0x00007ff7e7b50000 - 0x00007ff7e7b60000 	C:\Program Files\Java\jdk-17.0.5\bin\java.exe
0x00007fff0eb50000 - 0x00007fff0ed64000 	C:\WINDOWS\SYSTEM32\ntdll.dll
0x00007fff0de60000 - 0x00007fff0df22000 	C:\WINDOWS\System32\KERNEL32.DLL
0x00007fff0c490000 - 0x00007fff0c82d000 	C:\WINDOWS\System32\KERNELBASE.dll
0x00007fff0bf80000 - 0x00007fff0c091000 	C:\WINDOWS\System32\ucrtbase.dll
0x00007ffeffc00000 - 0x00007ffeffc18000 	C:\Program Files\Java\jdk-17.0.5\bin\jli.dll
0x00007fff0df40000 - 0x00007fff0dfee000 	C:\WINDOWS\System32\ADVAPI32.dll
0x00007fff0e260000 - 0x00007fff0e307000 	C:\WINDOWS\System32\msvcrt.dll
0x00007fff0d580000 - 0x00007fff0d624000 	C:\WINDOWS\System32\sechost.dll
0x00007fff0e010000 - 0x00007fff0e125000 	C:\WINDOWS\System32\RPCRT4.dll
0x00007fff0dba0000 - 0x00007fff0dd4d000 	C:\WINDOWS\System32\USER32.dll
0x00007fff0c8b0000 - 0x00007fff0c8d6000 	C:\WINDOWS\System32\win32u.dll
0x00007fff0cc70000 - 0x00007fff0cc99000 	C:\WINDOWS\System32\GDI32.dll
0x00007fff0c0a0000 - 0x00007fff0c1b2000 	C:\WINDOWS\System32\gdi32full.dll
0x00007fff0c1c0000 - 0x00007fff0c25a000 	C:\WINDOWS\System32\msvcp_win.dll
0x00007ffeff9b0000 - 0x00007ffeff9ca000 	C:\Program Files\Java\jdk-17.0.5\bin\VCRUNTIME140.dll
0x00007ffef1590000 - 0x00007ffef181e000 	C:\WINDOWS\WinSxS\amd64_microsoft.windows.common-controls_6595b64144ccf1df_6.0.22621.436_none_a94247dbc10d8414\COMCTL32.dll
0x00007fff04800000 - 0x00007fff0480a000 	C:\WINDOWS\SYSTEM32\VERSION.dll
0x00007fff0e210000 - 0x00007fff0e242000 	C:\WINDOWS\System32\IMM32.DLL
0x00007fff05980000 - 0x00007fff0598c000 	C:\Program Files\Java\jdk-17.0.5\bin\vcruntime140_1.dll
0x00007ffece1d0000 - 0x00007ffece25d000 	C:\Program Files\Java\jdk-17.0.5\bin\msvcp140.dll
0x00007ffe58690000 - 0x00007ffe59252000 	C:\Program Files\Java\jdk-17.0.5\bin\server\jvm.dll
0x00007fff0e250000 - 0x00007fff0e258000 	C:\WINDOWS\System32\PSAPI.DLL
0x00007ffee6490000 - 0x00007ffee6499000 	C:\WINDOWS\SYSTEM32\WSOCK32.dll
0x00007fff0e310000 - 0x00007fff0e381000 	C:\WINDOWS\System32\WS2_32.dll
0x00007fff05820000 - 0x00007fff05854000 	C:\WINDOWS\SYSTEM32\WINMM.dll
0x00007fff0b0a0000 - 0x00007fff0b0b8000 	C:\WINDOWS\SYSTEM32\kernel.appcore.dll
0x00007ffeff040000 - 0x00007ffeff04a000 	C:\Program Files\Java\jdk-17.0.5\bin\jimage.dll
0x00007ffef6320000 - 0x00007ffef654e000 	C:\WINDOWS\SYSTEM32\DBGHELP.DLL
0x00007fff0e5c0000 - 0x00007fff0e94a000 	C:\WINDOWS\System32\combase.dll
0x00007fff0e130000 - 0x00007fff0e207000 	C:\WINDOWS\System32\OLEAUT32.dll
0x00007ffef5820000 - 0x00007ffef5852000 	C:\WINDOWS\SYSTEM32\dbgcore.DLL
0x00007fff0c830000 - 0x00007fff0c8ab000 	C:\WINDOWS\System32\bcryptPrimitives.dll
0x00007ffefe0d0000 - 0x00007ffefe0de000 	C:\Program Files\Java\jdk-17.0.5\bin\instrument.dll
0x00007ffee7cf0000 - 0x00007ffee7d15000 	C:\Program Files\Java\jdk-17.0.5\bin\java.dll
0x00007ffec79d0000 - 0x00007ffec7aa6000 	C:\Program Files\Java\jdk-17.0.5\bin\jsvml.dll
0x00007fff0cda0000 - 0x00007fff0d580000 	C:\WINDOWS\System32\SHELL32.dll
0x00007fff09f80000 - 0x00007fff0a848000 	C:\WINDOWS\SYSTEM32\windows.storage.dll
0x00007fff09e40000 - 0x00007fff09f7e000 	C:\WINDOWS\SYSTEM32\wintypes.dll
0x00007fff0cca0000 - 0x00007fff0cd91000 	C:\WINDOWS\System32\SHCORE.dll
0x00007fff0e560000 - 0x00007fff0e5be000 	C:\WINDOWS\System32\shlwapi.dll
0x00007fff0beb0000 - 0x00007fff0bed1000 	C:\WINDOWS\SYSTEM32\profapi.dll
0x00007fff05960000 - 0x00007fff05978000 	C:\Program Files\Java\jdk-17.0.5\bin\zip.dll
0x00007fff058b0000 - 0x00007fff058c9000 	C:\Program Files\Java\jdk-17.0.5\bin\net.dll
0x00007fff05430000 - 0x00007fff0555f000 	C:\WINDOWS\SYSTEM32\WINHTTP.dll
0x00007fff0b4f0000 - 0x00007fff0b559000 	C:\WINDOWS\system32\mswsock.dll
0x00007fff05890000 - 0x00007fff058a6000 	C:\Program Files\Java\jdk-17.0.5\bin\nio.dll
0x00007fff089e0000 - 0x00007fff089f0000 	C:\Program Files\Java\jdk-17.0.5\bin\verify.dll
0x00007ffef6720000 - 0x00007ffef675e000 	C:\Users\tomok\AppData\Roaming\Code\User\globalStorage\redhat.java\1.12.0\config_ss_win\org.eclipse.equinox.launcher\org.eclipse.equinox.launcher.win32.win32.x86_64_1.2.600.v20220720-1916\eclipse_11700.dll
0x00007fff0e3a0000 - 0x00007fff0e53c000 	C:\WINDOWS\System32\ole32.dll

dbghelp: loaded successfully - version: 4.0.5 - missing functions: none
symbol engine: initialized successfully - sym options: 0x614 - pdb path: .;C:\Program Files\Java\jdk-17.0.5\bin;C:\WINDOWS\SYSTEM32;C:\WINDOWS\WinSxS\amd64_microsoft.windows.common-controls_6595b64144ccf1df_6.0.22621.436_none_a94247dbc10d8414;C:\Program Files\Java\jdk-17.0.5\bin\server;C:\Users\tomok\AppData\Roaming\Code\User\globalStorage\redhat.java\1.12.0\config_ss_win\org.eclipse.equinox.launcher\org.eclipse.equinox.launcher.win32.win32.x86_64_1.2.600.v20220720-1916

VM Arguments:
jvm_args: --add-modules=ALL-SYSTEM --add-opens=java.base/java.util=ALL-UNNAMED --add-opens=java.base/java.lang=ALL-UNNAMED --add-opens=java.base/sun.nio.fs=ALL-UNNAMED -Declipse.application=org.eclipse.jdt.ls.core.id1 -Dosgi.bundles.defaultStartLevel=4 -Declipse.product=org.eclipse.jdt.ls.core.product -Djava.import.generatesMetadataFilesAtProjectRoot=false -Dfile.encoding=utf8 -XX:+UseParallelGC -XX:GCTimeRatio=4 -XX:AdaptiveSizePolicyWeight=90 -Dsun.zip.disableMemoryMapping=true -Xmx1G -Xms100m -Xlog:disable -javaagent:c:\Users\tomok\.vscode\extensions\redhat.java-1.12.0-win32-x64\lombok\lombok-1.18.24.jar 
java_command: c:\Users\tomok\.vscode\extensions\redhat.java-1.12.0-win32-x64\server\plugins\org.eclipse.equinox.launcher_1.6.400.v20210924-0641.jar -configuration c:\Users\tomok\AppData\Roaming\Code\User\globalStorage\redhat.java\1.12.0\config_ss_win -data c:\Users\tomok\AppData\Roaming\Code\User\workspaceStorage\4dffa79ef8fdc86acc30123db513b158\redhat.java\ss_ws
java_class_path (initial): c:\Users\tomok\.vscode\extensions\redhat.java-1.12.0-win32-x64\server\plugins\org.eclipse.equinox.launcher_1.6.400.v20210924-0641.jar
Launcher Type: SUN_STANDARD

[Global flags]
    uintx AdaptiveSizePolicyWeight                 = 90                                        {product} {command line}
     intx CICompilerCount                          = 4                                         {product} {ergonomic}
    uintx GCTimeRatio                              = 4                                         {product} {command line}
   size_t InitialHeapSize                          = 104857600                                 {product} {command line}
   size_t MaxHeapSize                              = 1073741824                                {product} {command line}
   size_t MaxNewSize                               = 357564416                                 {product} {ergonomic}
   size_t MinHeapDeltaBytes                        = 524288                                    {product} {ergonomic}
   size_t MinHeapSize                              = 104857600                                 {product} {command line}
   size_t NewSize                                  = 34603008                                  {product} {ergonomic}
    uintx NonNMethodCodeHeapSize                   = 5839372                                {pd product} {ergonomic}
    uintx NonProfiledCodeHeapSize                  = 122909434                              {pd product} {ergonomic}
   size_t OldSize                                  = 70254592                                  {product} {ergonomic}
    uintx ProfiledCodeHeapSize                     = 122909434                              {pd product} {ergonomic}
    uintx ReservedCodeCacheSize                    = 251658240                              {pd product} {ergonomic}
     bool SegmentedCodeCache                       = true                                      {product} {ergonomic}
   size_t SoftMaxHeapSize                          = 1073741824                             {manageable} {ergonomic}
     bool UseCompressedClassPointers               = true                           {product lp64_product} {ergonomic}
     bool UseCompressedOops                        = true                           {product lp64_product} {ergonomic}
     bool UseLargePagesIndividualAllocation        = false                                  {pd product} {ergonomic}
     bool UseParallelGC                            = true                                      {product} {command line}

Logging:
Log output configuration:
 #0: stdout all=off uptime,level,tags
 #1: stderr all=off uptime,level,tags

Environment Variables:
JAVA_HOME=C:\Program Files\AdoptOpenJDK\jdk-11.0.10.9-hotspot
PATH=C:\Users\tomok\AppData\Local\cloud-code\installer\google-cloud-sdk\bin;C:\Program Files\Common Files\Oracle\Java\javapath;C:\Program Files\NVIDIA GPU Computing Toolkit\CUDA\v11.2\bin;C:\Program Files\NVIDIA GPU Computing Toolkit\CUDA\v11.2\libnvvp;C:\Program Files\AdoptOpenJDK\jdk-11.0.10.9-hotspot\bin;C:\Program Files (x86)\Common Files\Oracle\Java\javapath;C:\Windows\system32;C:\Windows;C:\Windows\System32\Wbem;C:\Users\tomok\AppData\Local\Programs\Python\Python310;C:\Windows\System32\WindowsPowerShell\v1.0\;C:\Windows\System32\OpenSSH\;C:\Program Files (x86)\Intel\Intel(R) Management Engine Components\DAL;C:\Program Files\Intel\Intel(R) Management Engine Components\DAL;C:\Program Files (x86)\NVIDIA Corporation\PhysX\Common;C:\Program Files\Microsoft SQL Server\130\Tools\Binn\;C:\xampp\mysql\bin;C:\Program Files (x86)\sbt\bin;C:\Program Files (x86)\scala\bin;C:\WINDOWS\system32;C:\WINDOWS;C:\WINDOWS\System32\Wbem;C:\WINDOWS\System32\WindowsPowerShell\v1.0\;C:\WINDOWS\System32\OpenSSH\;C:\Program Files\Calibre2\;C:\Program Files\MongoDB\Server\4.4\bin;C:\apache-maven-3.6.3-bin\apache-maven-3.6.3\bin;C:\xampp\php;C:\Program Files\Graphviz\bin;C:\Anaconda3;C:\Anaconda3\Library\bin;C:\Anaconda3\Scripts;C:\Program Files\NVIDIA Corporation\NVIDIA NvDLISR;C:\Program Files\NVIDIA Corporation\Nsight Compute 2020.3.0\;C:\Program Files\dotnet\;C:\Program Files\Microsoft SQL Server\Client SDK\ODBC\170\Tools\Binn\;C:\composer;C:\WINDOWS\system32;C:\WINDOWS;C:\WINDOWS\System32\Wbem;C:\WINDOWS\System32\WindowsPowerShell\v1.0\;C:\WINDOWS\System32\OpenSSH\;C:\ProgramData\ComposerSetup\bin;C:\Program Files\nodejs\;C:\ProgramData\chocolatey\bin;D:\Applications\chromedriver_win32;C:\Program Files\Docker\Docker\resources\bin;C:\ProgramData\DockerDesktop\version-bin;C:\Program Files\PowerShell\7\;C:\Users\tomok\AppData\Local\Microsoft\WindowsApps;C:\Program Files\JetBrains\IntelliJ IDEA Community Edition 2019.3\bin;C:\Users\tomok\.dotnet\tools;C:\Users\tomok\AppData\Local\Microsoft\W
USERNAME=tomok
OS=Windows_NT
PROCESSOR_IDENTIFIER=Intel64 Family 6 Model 158 Stepping 13, GenuineIntel



---------------  S Y S T E M  ---------------

OS:
 Windows 11 , 64 bit Build 22621 (10.0.22621.891)
OS uptime: 7 days 4:24 hours
Hyper-V role detected

CPU: total 8 (initial active 8) (8 cores per cpu, 1 threads per core) family 6 model 158 stepping 13 microcode 0xde, cx8, cmov, fxsr, mmx, 3dnowpref, sse, sse2, sse3, ssse3, sse4.1, sse4.2, popcnt, lzcnt, tsc, tscinvbit, avx, avx2, aes, erms, clmul, bmi1, bmi2, adx, fma, vzeroupper, clflush, clflushopt, hv

Memory: 4k page, system-wide physical 32709M (13042M free)
TotalPageFile size 131013M (AvailPageFile size 150M)
current process WorkingSet (physical memory assigned to process): 97M, peak: 97M
current process commit charge ("private bytes"): 217M, peak: 218M

vm_info: Java HotSpot(TM) 64-Bit Server VM (17.0.5+9-LTS-191) for windows-amd64 JRE (17.0.5+9-LTS-191), built on Sep 13 2022 17:31:43 by "mach5one" with MS VC++ 16.8 / 16.9 (VS2019)

END.
