#
# There is insufficient memory for the Java Runtime Environment to continue.
# Native memory allocation (mmap) failed to map 218103808 bytes for G1 virtual space
# Possible reasons:
#   The system is out of physical RAM or swap space
#   The process is running with CompressedOops enabled, and the Java Heap may be blocking the growth of the native heap
# Possible solutions:
#   Reduce memory load on the system
#   Increase physical memory or swap space
#   Check if swap backing store is full
#   Decrease Java heap size (-Xmx/-Xms)
#   Decrease number of Java threads
#   Decrease Java thread stack sizes (-Xss)
#   Set larger code cache with -XX:ReservedCodeCacheSize=
#   JVM is running with Zero Based Compressed Oops mode in which the Java heap is
#     placed in the first 32GB address space. The Java Heap base address is the
#     maximum limit for the native heap growth. Please use -XX:HeapBaseMinAddress
#     to set the Java Heap base and to place the Java Heap above 32GB virtual address.
# This output file may be truncated or incomplete.
#
#  Out of Memory Error (os_windows.cpp:3548), pid=19376, tid=5052
#
# JRE version: OpenJDK Runtime Environment Temurin-17.0.5+8 (17.0.5+8) (build 17.0.5+8)
# Java VM: OpenJDK 64-Bit Server VM Temurin-17.0.5+8 (17.0.5+8, mixed mode, emulated-client, tiered, compressed oops, compressed class ptrs, g1 gc, windows-amd64)
# No core dump will be written. Minidumps are not enabled by default on client versions of Windows
#

---------------  S U M M A R Y ------------

Command Line: -Dsts.lsp.client=vscode -Dsts.log.file=/dev/null -XX:TieredStopAtLevel=1 -Xlog:jni+resolve=off -Dspring.config.location=file:c:\Users\tomok\.vscode\extensions\pivotal.vscode-spring-boot-1.43.0\language-server\BOOT-INF\classes\application.properties org.springframework.ide.vscode.boot.app.BootLanguageServerBootApp

Host: Intel(R) Core(TM) i7-9700K CPU @ 3.60GHz, 8 cores, 31G,  Windows 11 , 64 bit Build 22621 (10.0.22621.1037)
Time: Fri Jan  6 15:02:45 2023  Windows 11 , 64 bit Build 22621 (10.0.22621.1037) elapsed time: 10.667042 seconds (0d 0h 0m 10s)

---------------  T H R E A D  ---------------

Current thread (0x00000242375ae940):  VMThread "VM Thread" [stack: 0x0000006510b00000,0x0000006510c00000] [id=5052]

Stack: [0x0000006510b00000,0x0000006510c00000]
Native frames: (J=compiled Java code, j=interpreted, Vv=VM code, C=native code)
V  [jvm.dll+0x676b3a]
V  [jvm.dll+0x831444]
V  [jvm.dll+0x832bee]
V  [jvm.dll+0x833253]
V  [jvm.dll+0x244ce5]
V  [jvm.dll+0x673a49]
V  [jvm.dll+0x66811a]
V  [jvm.dll+0x303ceb]
V  [jvm.dll+0x30b1e6]
V  [jvm.dll+0x35adbe]
V  [jvm.dll+0x35afef]
V  [jvm.dll+0x2dab88]
V  [jvm.dll+0x2d8e3c]
V  [jvm.dll+0x2d840c]
V  [jvm.dll+0x31c31b]
V  [jvm.dll+0x8376fb]
V  [jvm.dll+0x838434]
V  [jvm.dll+0x83894c]
V  [jvm.dll+0x838d24]
V  [jvm.dll+0x838df0]
V  [jvm.dll+0x7e17ea]
V  [jvm.dll+0x6759e5]
C  [ucrtbase.dll+0x29363]
C  [KERNEL32.DLL+0x126bd]
C  [ntdll.dll+0x5dfb8]

VM_Operation (0x0000006513cfdbc0): G1CollectForAllocation, mode: safepoint, requested by thread 0x000002423c13b8a0


---------------  P R O C E S S  ---------------

Threads class SMR info:
_java_thread_list=0x000002423c1b7240, length=50, elements={
0x0000024239ee8780, 0x0000024239eeaae0, 0x0000024239efe410, 0x0000024239efecd0,
0x0000024239f32400, 0x0000024239f33550, 0x0000024239f346a0, 0x0000024239f394b0,
0x000002423a1479b0, 0x000002423a14d140, 0x000002423b1e5a30, 0x000002423bd380e0,
0x000002423b826ba0, 0x000002423bfca030, 0x000002421e5fc090, 0x000002423be069b0,
0x000002423bfca500, 0x000002423b497840, 0x000002423b336080, 0x000002423b3f1210,
0x000002423bfa1530, 0x000002423bfa1a00, 0x000002423bfa3210, 0x000002423bfa1060,
0x000002423bfa4080, 0x000002423bfa36e0, 0x000002423bfa3bb0, 0x000002423bfa1ed0,
0x000002423bfa23a0, 0x000002423bfa2870, 0x000002423bfa2d40, 0x000002423bfa4550,
0x000002423bfa4a20, 0x000002423c13bd70, 0x000002423c136200, 0x000002423c139220,
0x000002423c138880, 0x000002423c13b3d0, 0x000002423c139bc0, 0x000002423c137a10,
0x000002423c13b8a0, 0x000002423c13c240, 0x000002423c13a560, 0x000002423c136ba0,
0x000002423c1366d0, 0x000002423c3ce840, 0x000002423eec3dd0, 0x000002423c137070,
0x000002423c13a090, 0x000002423c1396f0
}

Java Threads: ( => current thread )
  0x0000024239ee8780 JavaThread "Reference Handler" daemon [_thread_blocked, id=23596, stack(0x0000006510c00000,0x0000006510d00000)]
  0x0000024239eeaae0 JavaThread "Finalizer" daemon [_thread_blocked, id=3200, stack(0x0000006510d00000,0x0000006510e00000)]
  0x0000024239efe410 JavaThread "Signal Dispatcher" daemon [_thread_blocked, id=38540, stack(0x0000006510e00000,0x0000006510f00000)]
  0x0000024239efecd0 JavaThread "Attach Listener" daemon [_thread_blocked, id=29948, stack(0x0000006510f00000,0x0000006511000000)]
  0x0000024239f32400 JavaThread "Service Thread" daemon [_thread_blocked, id=5728, stack(0x0000006511000000,0x0000006511100000)]
  0x0000024239f33550 JavaThread "Monitor Deflation Thread" daemon [_thread_blocked, id=33120, stack(0x0000006511100000,0x0000006511200000)]
  0x0000024239f346a0 JavaThread "C1 CompilerThread0" daemon [_thread_blocked, id=23572, stack(0x0000006511200000,0x0000006511300000)]
  0x0000024239f394b0 JavaThread "Sweeper thread" daemon [_thread_blocked, id=22044, stack(0x0000006511300000,0x0000006511400000)]
  0x000002423a1479b0 JavaThread "Notification Thread" daemon [_thread_blocked, id=26696, stack(0x0000006511500000,0x0000006511600000)]
  0x000002423a14d140 JavaThread "Common-Cleaner" daemon [_thread_blocked, id=8964, stack(0x0000006511700000,0x0000006511800000)]
  0x000002423b1e5a30 JavaThread "C1 CompilerThread1" daemon [_thread_blocked, id=15012, stack(0x0000006511400000,0x0000006511500000)]
  0x000002423bd380e0 JavaThread "boundedElastic-evictor-1" daemon [_thread_blocked, id=4388, stack(0x0000006512100000,0x0000006512200000)]
  0x000002423b826ba0 JavaThread "pool-11-thread-1" [_thread_blocked, id=23048, stack(0x0000006512300000,0x0000006512400000)]
  0x000002423bfca030 JavaThread "LanguageServerApp-lifecycle" [_thread_blocked, id=13472, stack(0x0000006512400000,0x0000006512500000)]
  0x000002421e5fc090 JavaThread "DestroyJavaVM" [_thread_blocked, id=8588, stack(0x0000006510500000,0x0000006510600000)]
  0x000002423be069b0 JavaThread "pool-12-thread-1" [_thread_in_native, id=1240, stack(0x0000006512500000,0x0000006512600000)]
  0x000002423bfca500 JavaThread "Simple-Language-Server main thread" daemon [_thread_blocked, id=29276, stack(0x0000006511800000,0x0000006511900000)]
  0x000002423b497840 JavaThread "parallel-1" daemon [_thread_blocked, id=37872, stack(0x0000006511900000,0x0000006511a00000)]
  0x000002423b336080 JavaThread "pool-8-thread-1" [_thread_blocked, id=23056, stack(0x0000006512600000,0x0000006512700000)]
  0x000002423b3f1210 JavaThread "parallel-2" daemon [_thread_blocked, id=39516, stack(0x0000006512700000,0x0000006512800000)]
  0x000002423bfa1530 JavaThread "parallel-3" daemon [_thread_blocked, id=36376, stack(0x0000006512800000,0x0000006512900000)]
  0x000002423bfa1a00 JavaThread "parallel-4" daemon [_thread_blocked, id=4712, stack(0x0000006512900000,0x0000006512a00000)]
  0x000002423bfa3210 JavaThread "parallel-5" daemon [_thread_blocked, id=39440, stack(0x0000006512a00000,0x0000006512b00000)]
  0x000002423bfa1060 JavaThread "parallel-6" daemon [_thread_blocked, id=30624, stack(0x0000006512b00000,0x0000006512c00000)]
  0x000002423bfa4080 JavaThread "parallel-7" daemon [_thread_blocked, id=38632, stack(0x0000006512c00000,0x0000006512d00000)]
  0x000002423bfa36e0 JavaThread "parallel-8" daemon [_thread_blocked, id=19532, stack(0x0000006512d00000,0x0000006512e00000)]
  0x000002423bfa3bb0 JavaThread "ForkJoinPool.commonPool-worker-1" daemon [_thread_blocked, id=15936, stack(0x0000006512e00000,0x0000006512f00000)]
  0x000002423bfa1ed0 JavaThread "pool-5-thread-1" [_thread_blocked, id=18308, stack(0x0000006512f00000,0x0000006513000000)]
  0x000002423bfa23a0 JavaThread "ForkJoinPool.commonPool-worker-2" daemon [_thread_blocked, id=10524, stack(0x0000006513000000,0x0000006513100000)]
  0x000002423bfa2870 JavaThread "pool-5-thread-2" [_thread_blocked, id=30252, stack(0x0000006513100000,0x0000006513200000)]
  0x000002423bfa2d40 JavaThread "ClassGraph-worker-0" daemon [_thread_blocked, id=34776, stack(0x0000006513200000,0x0000006513300000)]
  0x000002423bfa4550 JavaThread "ClassGraph-worker-1" daemon [_thread_blocked, id=39480, stack(0x0000006513300000,0x0000006513400000)]
  0x000002423bfa4a20 JavaThread "ClassGraph-worker-2" daemon [_thread_blocked, id=38268, stack(0x0000006513400000,0x0000006513500000)]
  0x000002423c13bd70 JavaThread "ClassGraph-worker-3" daemon [_thread_blocked, id=13072, stack(0x0000006513500000,0x0000006513600000)]
  0x000002423c136200 JavaThread "ClassGraph-worker-4" daemon [_thread_blocked, id=25524, stack(0x0000006513600000,0x0000006513700000)]
  0x000002423c139220 JavaThread "ClassGraph-worker-5" daemon [_thread_blocked, id=29304, stack(0x0000006513700000,0x0000006513800000)]
  0x000002423c138880 JavaThread "ClassGraph-worker-6" daemon [_thread_blocked, id=35932, stack(0x0000006513800000,0x0000006513900000)]
  0x000002423c13b3d0 JavaThread "ClassGraph-worker-7" daemon [_thread_blocked, id=33764, stack(0x0000006513900000,0x0000006513a00000)]
  0x000002423c139bc0 JavaThread "ClassGraph-worker-8" daemon [_thread_blocked, id=5756, stack(0x0000006513a00000,0x0000006513b00000)]
  0x000002423c137a10 JavaThread "ClassGraph-worker-9" daemon [_thread_blocked, id=1892, stack(0x0000006513b00000,0x0000006513c00000)]
  0x000002423c13b8a0 JavaThread "ClassGraph-worker-10" daemon [_thread_blocked, id=21512, stack(0x0000006513c00000,0x0000006513d00000)]
  0x000002423c13c240 JavaThread "ClassGraph-worker-11" daemon [_thread_blocked, id=10220, stack(0x0000006513d00000,0x0000006513e00000)]
  0x000002423c13a560 JavaThread "ClassGraph-worker-12" daemon [_thread_blocked, id=15288, stack(0x0000006513e00000,0x0000006513f00000)]
  0x000002423c136ba0 JavaThread "ClassGraph-worker-13" daemon [_thread_blocked, id=30668, stack(0x0000006513f00000,0x0000006514000000)]
  0x000002423c1366d0 JavaThread "Reconciler-1" daemon [_thread_blocked, id=16212, stack(0x0000006514000000,0x0000006514100000)]
  0x000002423c3ce840 JavaThread "C1 CompilerThread2" daemon [_thread_blocked, id=19256, stack(0x0000006514100000,0x0000006514200000)]
  0x000002423eec3dd0 JavaThread "C1 CompilerThread3" daemon [_thread_blocked, id=11592, stack(0x0000006514200000,0x0000006514300000)]
  0x000002423c137070 JavaThread "pool-6-thread-1" [_thread_blocked, id=37964, stack(0x0000006514300000,0x0000006514400000)]
  0x000002423c13a090 JavaThread "pool-10-thread-1" [_thread_blocked, id=20600, stack(0x0000006514400000,0x0000006514500000)]
  0x000002423c1396f0 JavaThread "pool-10-thread-2" [_thread_blocked, id=29572, stack(0x0000006514500000,0x0000006514600000)]

Other Threads:
=>0x00000242375ae940 VMThread "VM Thread" [stack: 0x0000006510b00000,0x0000006510c00000] [id=5052]
  0x000002423a147e80 WatcherThread [stack: 0x0000006511600000,0x0000006511700000] [id=6632]
  0x000002421e6a6d40 GCTaskThread "GC Thread#0" [stack: 0x0000006510600000,0x0000006510700000] [id=24908]
  0x000002423b4eeea0 GCTaskThread "GC Thread#1" [stack: 0x0000006511a00000,0x0000006511b00000] [id=33520]
  0x000002423b4ef150 GCTaskThread "GC Thread#2" [stack: 0x0000006511b00000,0x0000006511c00000] [id=21640]
  0x000002423b4ef400 GCTaskThread "GC Thread#3" [stack: 0x0000006511c00000,0x0000006511d00000] [id=37544]
  0x000002423b3fd8f0 GCTaskThread "GC Thread#4" [stack: 0x0000006511d00000,0x0000006511e00000] [id=2312]
  0x000002423b3fdba0 GCTaskThread "GC Thread#5" [stack: 0x0000006511e00000,0x0000006511f00000] [id=36088]
  0x000002423b3fde50 GCTaskThread "GC Thread#6" [stack: 0x0000006511f00000,0x0000006512000000] [id=37104]
  0x000002423b3fe100 GCTaskThread "GC Thread#7" [stack: 0x0000006512000000,0x0000006512100000] [id=31168]
  0x00000242373bc290 ConcurrentGCThread "G1 Main Marker" [stack: 0x0000006510700000,0x0000006510800000] [id=19204]
  0x000002421e6aca10 ConcurrentGCThread "G1 Conc#0" [stack: 0x0000006510800000,0x0000006510900000] [id=16924]
  0x000002423ba07ac0 ConcurrentGCThread "G1 Conc#1" [stack: 0x0000006512200000,0x0000006512300000] [id=24792]
  0x00000242374b7cf0 ConcurrentGCThread "G1 Refine#0" [stack: 0x0000006510900000,0x0000006510a00000] [id=35072]
  0x000002423f0b7930 ConcurrentGCThread "G1 Refine#1" [stack: 0x0000006514600000,0x0000006514700000] [id=8068]
  0x000002423f0b8770 ConcurrentGCThread "G1 Refine#2" [stack: 0x0000006514700000,0x0000006514800000] [id=524]
  0x00000242374bb5d0 ConcurrentGCThread "G1 Service" [stack: 0x0000006510a00000,0x0000006510b00000] [id=32936]

Threads with active compile tasks:

VM state: at safepoint (normal execution)

VM Mutex/Monitor currently owned by a thread:  ([mutex/lock_event])
[0x000002421c410220] Threads_lock - owner thread: 0x00000242375ae940
[0x000002421e5e91f0] Heap_lock - owner thread: 0x000002423c13b8a0

Heap address: 0x0000000600c00000, size: 8180 MB, Compressed Oops mode: Zero based, Oop shift amount: 3

CDS archive(s) not mapped
Compressed class space mapped at: 0x0000000800000000-0x0000000840000000, reserved size: 1073741824
Narrow klass base: 0x0000000800000000, Narrow klass shift: 0, Narrow klass range: 0x40000000

GC Precious Log:
 CPUs: 8 total, 8 available
 Memory: 32709M
 Large Page Support: Disabled
 NUMA Support: Disabled
 Compressed Oops: Enabled (Zero based)
 Heap Region Size: 4M
 Heap Min Capacity: 8M
 Heap Initial Capacity: 512M
 Heap Max Capacity: 8180M
 Pre-touch: Disabled
 Parallel Workers: 8
 Concurrent Workers: 2
 Concurrent Refinement Workers: 8
 Periodic GC: Disabled

Heap:
 garbage-first heap   total 311296K, used 83577K [0x0000000600c00000, 0x0000000800000000)
  region size 4096K, 4 young (16384K), 4 survivors (16384K)
 Metaspace       used 40050K, committed 40448K, reserved 1089536K
  class space    used 5129K, committed 5312K, reserved 1048576K

Heap Regions: E=young(eden), S=young(survivor), O=old, HS=humongous(starts), HC=humongous(continues), CS=collection set, F=free, OA=open archive, CA=closed archive, TAMS=top-at-mark-start (previous, next)
|   0|0x0000000600c00000, 0x0000000601000000, 0x0000000601000000|100%| O|  |TAMS 0x0000000601000000, 0x0000000600c00000| Untracked 
|   1|0x0000000601000000, 0x0000000601400000, 0x0000000601400000|100%| O|  |TAMS 0x000000060117e000, 0x0000000601000000| Untracked 
|   2|0x0000000601400000, 0x0000000601800000, 0x0000000601800000|100%| O|  |TAMS 0x0000000601800000, 0x0000000601400000| Untracked 
|   3|0x0000000601800000, 0x0000000601c00000, 0x0000000601c00000|100%| O|  |TAMS 0x0000000601c00000, 0x0000000601800000| Untracked 
|   4|0x0000000601c00000, 0x0000000602000000, 0x0000000602000000|100%| O|  |TAMS 0x0000000601c00000, 0x0000000601c00000| Untracked 
|   5|0x0000000602000000, 0x0000000602400000, 0x0000000602400000|100%| O|  |TAMS 0x0000000602000000, 0x0000000602000000| Untracked 
|   6|0x0000000602400000, 0x0000000602800000, 0x0000000602800000|100%| O|  |TAMS 0x0000000602400000, 0x0000000602400000| Untracked 
|   7|0x0000000602800000, 0x0000000602c00000, 0x0000000602c00000|100%| O|  |TAMS 0x0000000602800000, 0x0000000602800000| Untracked 
|   8|0x0000000602c00000, 0x0000000603000000, 0x0000000603000000|100%| O|  |TAMS 0x0000000602c00000, 0x0000000602c00000| Untracked 
|   9|0x0000000603000000, 0x0000000603400000, 0x0000000603400000|100%| O|  |TAMS 0x0000000603000000, 0x0000000603000000| Untracked 
|  10|0x0000000603400000, 0x0000000603800000, 0x0000000603800000|100%| O|  |TAMS 0x0000000603400000, 0x0000000603400000| Untracked 
|  11|0x0000000603800000, 0x0000000603c00000, 0x0000000603c00000|100%| O|  |TAMS 0x0000000603800000, 0x0000000603800000| Untracked 
|  12|0x0000000603c00000, 0x0000000604000000, 0x0000000604000000|100%| O|  |TAMS 0x0000000603c00000, 0x0000000603c00000| Untracked 
|  13|0x0000000604000000, 0x0000000604400000, 0x0000000604400000|100%| O|  |TAMS 0x0000000604000000, 0x0000000604000000| Untracked 
|  14|0x0000000604400000, 0x0000000604800000, 0x0000000604800000|100%| O|  |TAMS 0x0000000604400000, 0x0000000604400000| Untracked 
|  15|0x0000000604800000, 0x0000000604c00000, 0x0000000604c00000|100%| O|  |TAMS 0x0000000604800000, 0x0000000604800000| Untracked 
|  16|0x0000000604c00000, 0x0000000604e00400, 0x0000000605000000| 50%| O|  |TAMS 0x0000000604c00000, 0x0000000604c00000| Untracked 
|  17|0x0000000605000000, 0x0000000605000000, 0x0000000605400000|  0%| F|  |TAMS 0x0000000605000000, 0x0000000605000000| Untracked 
|  18|0x0000000605400000, 0x0000000605400000, 0x0000000605800000|  0%| F|  |TAMS 0x0000000605400000, 0x0000000605400000| Untracked 
|  19|0x0000000605800000, 0x0000000605800000, 0x0000000605c00000|  0%| F|  |TAMS 0x0000000605800000, 0x0000000605800000| Untracked 
|  20|0x0000000605c00000, 0x0000000605c00000, 0x0000000606000000|  0%| F|  |TAMS 0x0000000605c00000, 0x0000000605c00000| Untracked 
|  21|0x0000000606000000, 0x0000000606000000, 0x0000000606400000|  0%| F|  |TAMS 0x0000000606000000, 0x0000000606000000| Untracked 
|  22|0x0000000606400000, 0x0000000606400000, 0x0000000606800000|  0%| F|  |TAMS 0x0000000606400000, 0x0000000606400000| Untracked 
|  23|0x0000000606800000, 0x0000000606800000, 0x0000000606c00000|  0%| F|  |TAMS 0x0000000606800000, 0x0000000606800000| Untracked 
|  24|0x0000000606c00000, 0x0000000606c00000, 0x0000000607000000|  0%| F|  |TAMS 0x0000000606c00000, 0x0000000606c00000| Untracked 
|  25|0x0000000607000000, 0x0000000607000000, 0x0000000607400000|  0%| F|  |TAMS 0x0000000607000000, 0x0000000607000000| Untracked 
|  26|0x0000000607400000, 0x0000000607400000, 0x0000000607800000|  0%| F|  |TAMS 0x0000000607400000, 0x0000000607400000| Untracked 
|  27|0x0000000607800000, 0x0000000607800000, 0x0000000607c00000|  0%| F|  |TAMS 0x0000000607800000, 0x0000000607800000| Untracked 
|  28|0x0000000607c00000, 0x0000000607c00000, 0x0000000608000000|  0%| F|  |TAMS 0x0000000607c00000, 0x0000000607c00000| Untracked 
|  29|0x0000000608000000, 0x0000000608000000, 0x0000000608400000|  0%| F|  |TAMS 0x0000000608000000, 0x0000000608000000| Untracked 
|  30|0x0000000608400000, 0x0000000608400000, 0x0000000608800000|  0%| F|  |TAMS 0x0000000608400000, 0x0000000608400000| Untracked 
|  31|0x0000000608800000, 0x0000000608800000, 0x0000000608c00000|  0%| F|  |TAMS 0x0000000608800000, 0x0000000608800000| Untracked 
|  32|0x0000000608c00000, 0x0000000608c00000, 0x0000000609000000|  0%| F|  |TAMS 0x0000000608c00000, 0x0000000608c00000| Untracked 
|  33|0x0000000609000000, 0x0000000609000000, 0x0000000609400000|  0%| F|  |TAMS 0x0000000609000000, 0x0000000609000000| Untracked 
|  34|0x0000000609400000, 0x000000060979e100, 0x0000000609800000| 90%| S|CS|TAMS 0x0000000609400000, 0x0000000609400000| Complete 
|  35|0x0000000609800000, 0x0000000609c00000, 0x0000000609c00000|100%| S|CS|TAMS 0x0000000609800000, 0x0000000609800000| Complete 
|  36|0x0000000609c00000, 0x000000060a000000, 0x000000060a000000|100%| S|CS|TAMS 0x0000000609c00000, 0x0000000609c00000| Complete 
|  37|0x000000060a000000, 0x000000060a400000, 0x000000060a400000|100%| S|CS|TAMS 0x000000060a000000, 0x000000060a000000| Complete 
|  38|0x000000060a400000, 0x000000060a400000, 0x000000060a800000|  0%| F|  |TAMS 0x000000060a400000, 0x000000060a400000| Untracked 
|  39|0x000000060a800000, 0x000000060a800000, 0x000000060ac00000|  0%| F|  |TAMS 0x000000060a800000, 0x000000060a800000| Untracked 
|  40|0x000000060ac00000, 0x000000060ac00000, 0x000000060b000000|  0%| F|  |TAMS 0x000000060ac00000, 0x000000060ac00000| Untracked 
|  41|0x000000060b000000, 0x000000060b000000, 0x000000060b400000|  0%| F|  |TAMS 0x000000060b000000, 0x000000060b000000| Untracked 
|  42|0x000000060b400000, 0x000000060b400000, 0x000000060b800000|  0%| F|  |TAMS 0x000000060b400000, 0x000000060b400000| Untracked 
|  43|0x000000060b800000, 0x000000060b800000, 0x000000060bc00000|  0%| F|  |TAMS 0x000000060b800000, 0x000000060b800000| Untracked 
|  44|0x000000060bc00000, 0x000000060bc00000, 0x000000060c000000|  0%| F|  |TAMS 0x000000060bc00000, 0x000000060bc00000| Untracked 
|  45|0x000000060c000000, 0x000000060c000000, 0x000000060c400000|  0%| F|  |TAMS 0x000000060c000000, 0x000000060c000000| Untracked 
|  46|0x000000060c400000, 0x000000060c400000, 0x000000060c800000|  0%| F|  |TAMS 0x000000060c400000, 0x000000060c400000| Untracked 
|  47|0x000000060c800000, 0x000000060c800000, 0x000000060cc00000|  0%| F|  |TAMS 0x000000060c800000, 0x000000060c800000| Untracked 
|  48|0x000000060cc00000, 0x000000060cc00000, 0x000000060d000000|  0%| F|  |TAMS 0x000000060cc00000, 0x000000060cc00000| Untracked 
|  49|0x000000060d000000, 0x000000060d000000, 0x000000060d400000|  0%| F|  |TAMS 0x000000060d000000, 0x000000060d000000| Untracked 
|  50|0x000000060d400000, 0x000000060d400000, 0x000000060d800000|  0%| F|  |TAMS 0x000000060d400000, 0x000000060d400000| Untracked 
|  51|0x000000060d800000, 0x000000060d800000, 0x000000060dc00000|  0%| F|  |TAMS 0x000000060d800000, 0x000000060d800000| Untracked 
|  52|0x000000060dc00000, 0x000000060dc00000, 0x000000060e000000|  0%| F|  |TAMS 0x000000060dc00000, 0x000000060dc00000| Untracked 
|  53|0x000000060e000000, 0x000000060e000000, 0x000000060e400000|  0%| F|  |TAMS 0x000000060e000000, 0x000000060e000000| Untracked 
|  54|0x000000060e400000, 0x000000060e400000, 0x000000060e800000|  0%| F|  |TAMS 0x000000060e400000, 0x000000060e400000| Untracked 
|  55|0x000000060e800000, 0x000000060e800000, 0x000000060ec00000|  0%| F|  |TAMS 0x000000060e800000, 0x000000060e800000| Untracked 
|  56|0x000000060ec00000, 0x000000060ec00000, 0x000000060f000000|  0%| F|  |TAMS 0x000000060ec00000, 0x000000060ec00000| Untracked 
|  57|0x000000060f000000, 0x000000060f000000, 0x000000060f400000|  0%| F|  |TAMS 0x000000060f000000, 0x000000060f000000| Untracked 
|  58|0x000000060f400000, 0x000000060f400000, 0x000000060f800000|  0%| F|  |TAMS 0x000000060f400000, 0x000000060f400000| Untracked 
|  59|0x000000060f800000, 0x000000060f800000, 0x000000060fc00000|  0%| F|  |TAMS 0x000000060f800000, 0x000000060f800000| Untracked 
|  60|0x000000060fc00000, 0x000000060fc00000, 0x0000000610000000|  0%| F|  |TAMS 0x000000060fc00000, 0x000000060fc00000| Untracked 
|  61|0x0000000610000000, 0x0000000610000000, 0x0000000610400000|  0%| F|  |TAMS 0x0000000610000000, 0x0000000610000000| Untracked 
|  62|0x0000000610400000, 0x0000000610400000, 0x0000000610800000|  0%| F|  |TAMS 0x0000000610400000, 0x0000000610400000| Untracked 
|  63|0x0000000610800000, 0x0000000610800000, 0x0000000610c00000|  0%| F|  |TAMS 0x0000000610800000, 0x0000000610800000| Untracked 
|  64|0x0000000610c00000, 0x0000000610c00000, 0x0000000611000000|  0%| F|  |TAMS 0x0000000610c00000, 0x0000000610c00000| Untracked 
|  65|0x0000000611000000, 0x0000000611000000, 0x0000000611400000|  0%| F|  |TAMS 0x0000000611000000, 0x0000000611000000| Untracked 
|  66|0x0000000611400000, 0x0000000611400000, 0x0000000611800000|  0%| F|  |TAMS 0x0000000611400000, 0x0000000611400000| Untracked 
|  67|0x0000000611800000, 0x0000000611800000, 0x0000000611c00000|  0%| F|  |TAMS 0x0000000611800000, 0x0000000611800000| Untracked 
|  68|0x0000000611c00000, 0x0000000611c00000, 0x0000000612000000|  0%| F|  |TAMS 0x0000000611c00000, 0x0000000611c00000| Untracked 
|  69|0x0000000612000000, 0x0000000612000000, 0x0000000612400000|  0%| F|  |TAMS 0x0000000612000000, 0x0000000612000000| Untracked 
|  70|0x0000000612400000, 0x0000000612400000, 0x0000000612800000|  0%| F|  |TAMS 0x0000000612400000, 0x0000000612400000| Untracked 
|  71|0x0000000612800000, 0x0000000612800000, 0x0000000612c00000|  0%| F|  |TAMS 0x0000000612800000, 0x0000000612800000| Untracked 
|  72|0x0000000612c00000, 0x0000000612c00000, 0x0000000613000000|  0%| F|  |TAMS 0x0000000612c00000, 0x0000000612c00000| Untracked 
|  73|0x0000000613000000, 0x0000000613000000, 0x0000000613400000|  0%| F|  |TAMS 0x0000000613000000, 0x0000000613000000| Untracked 
|  74|0x0000000613400000, 0x0000000613400000, 0x0000000613800000|  0%| F|  |TAMS 0x0000000613400000, 0x0000000613400000| Untracked 
| 127|0x0000000620800000, 0x0000000620800000, 0x0000000620c00000|  0%| F|  |TAMS 0x0000000620800000, 0x0000000620800000| Untracked 

Card table byte_map: [0x0000024225380000,0x0000024226380000] _byte_map_base: 0x000002422237a000

Marking Bits (Prev, Next): (CMBitMap*) 0x000002421e6a7350, (CMBitMap*) 0x000002421e6a7390
 Prev Bits: [0x0000024227380000, 0x000002422f350000)
 Next Bits: [0x000002422f350000, 0x0000024237320000)

Polling page: 0x000002421c5c0000

Metaspace:

Usage:
  Non-class:     34.10 MB used.
      Class:      5.01 MB used.
       Both:     39.11 MB used.

Virtual space:
  Non-class space:       40.00 MB reserved,      34.31 MB ( 86%) committed,  5 nodes.
      Class space:        1.00 GB reserved,       5.19 MB ( <1%) committed,  1 nodes.
             Both:        1.04 GB reserved,      39.50 MB (  4%) committed. 

Chunk freelists:
   Non-Class:  1.06 MB
       Class:  2.73 MB
        Both:  3.80 MB

MaxMetaspaceSize: unlimited
CompressedClassSpaceSize: 1.00 GB
Initial GC threshold: 21.00 MB
Current GC threshold: 59.00 MB
CDS: off
MetaspaceReclaimPolicy: balanced
 - commit_granule_bytes: 65536.
 - commit_granule_words: 8192.
 - virtual_space_node_default_size: 1048576.
 - enlarge_chunks_in_place: 1.
 - new_chunks_are_fully_committed: 0.
 - uncommit_free_chunks: 1.
 - use_allocation_guard: 0.
 - handle_deallocations: 1.


Internal statistics:

num_allocs_failed_limit: 8.
num_arena_births: 504.
num_arena_deaths: 0.
num_vsnodes_births: 6.
num_vsnodes_deaths: 0.
num_space_committed: 632.
num_space_uncommitted: 0.
num_chunks_returned_to_freelist: 8.
num_chunks_taken_from_freelist: 1718.
num_chunk_merges: 5.
num_chunk_splits: 1186.
num_chunks_enlarged: 879.
num_purges: 0.
num_inconsistent_stats: 0.

CodeCache: size=49152Kb used=9843Kb max_used=9843Kb free=39308Kb
 bounds [0x0000024221270000, 0x0000024221c10000, 0x0000024224270000]
 total_blobs=4720 nmethods=4160 adapters=484
 compilation: enabled
              stopped_count=0, restarted_count=0
 full_count=0

Compilation events (20 events):
Event: 10.632 Thread 0x000002423c3ce840 nmethod 4156 0x0000024221c02410 code [0x0000024221c025a0, 0x0000024221c026b8]
Event: 10.632 Thread 0x000002423c3ce840 4161   !   1       io.github.classgraph.Resource::close (24 bytes)
Event: 10.632 Thread 0x000002423eec3dd0 nmethod 4136 0x0000024221c02710 code [0x0000024221c028a0, 0x0000024221c02978]
Event: 10.632 Thread 0x000002423eec3dd0 4082       1       java.util.zip.Inflater::inflate (9 bytes)
Event: 10.632 Thread 0x000002423c3ce840 nmethod 4161 0x0000024221c02a10 code [0x0000024221c02ba0, 0x0000024221c02ce8]
Event: 10.632 Thread 0x000002423eec3dd0 nmethod 4082 0x0000024221c02d90 code [0x0000024221c02f20, 0x0000024221c03008]
Event: 10.632 Thread 0x000002423c3ce840 4164   !   1       jdk.internal.reflect.GeneratedMethodAccessor20::invoke (67 bytes)
Event: 10.632 Thread 0x000002423eec3dd0 4089       1       jdk.internal.jimage.decompressor.CompressedResourceHeader::getDecompressorNameOffset (5 bytes)
Event: 10.632 Thread 0x000002423eec3dd0 nmethod 4089 0x0000024221c03110 code [0x0000024221c032a0, 0x0000024221c03378]
Event: 10.632 Thread 0x000002423eec3dd0 4137       1       jdk.internal.jimage.decompressor.ZipDecompressor::decompress (10 bytes)
Event: 10.632 Thread 0x000002423eec3dd0 nmethod 4137 0x0000024221c03410 code [0x0000024221c035a0, 0x0000024221c03688]
Event: 10.632 Thread 0x000002423eec3dd0 4090       1       jdk.internal.jimage.decompressor.CompressedResourceHeader::getUncompressedSize (5 bytes)
Event: 10.632 Thread 0x000002423eec3dd0 nmethod 4090 0x0000024221c03710 code [0x0000024221c038a0, 0x0000024221c03978]
Event: 10.632 Thread 0x000002423eec3dd0 4116       1       io.github.classgraph.Classfile$ClassContainment::<init> (20 bytes)
Event: 10.632 Thread 0x000002423c3ce840 nmethod 4164 0x0000024221c03a10 code [0x0000024221c03c00, 0x0000024221c04078]
Event: 10.633 Thread 0x000002423eec3dd0 nmethod 4116 0x0000024221c04310 code [0x0000024221c044a0, 0x0000024221c04618]
Event: 10.633 Thread 0x000002423b1e5a30 nmethod 4158 0x0000024221c04690 code [0x0000024221c04a00, 0x0000024221c058c8]
Event: 10.634 Thread 0x0000024239f346a0 nmethod 4146 0x0000024221c06110 code [0x0000024221c06980, 0x0000024221c09888]
Event: 10.637 Thread 0x000002423b1e5a30 4165  s!   1       jdk.internal.loader.URLClassPath::getLoader (196 bytes)
Event: 10.638 Thread 0x000002423b1e5a30 nmethod 4165 0x0000024221c0b890 code [0x0000024221c0bb40, 0x0000024221c0c5b8]

GC Heap History (20 events):
Event: 4.323 GC heap after
{Heap after GC invocations=6 (full 0):
 garbage-first heap   total 69632K, used 14257K [0x0000000600c00000, 0x0000000800000000)
  region size 4096K, 1 young (4096K), 1 survivors (4096K)
 Metaspace       used 27130K, committed 27520K, reserved 1073152K
  class space    used 3411K, committed 3584K, reserved 1048576K
}
Event: 4.742 GC heap before
{Heap before GC invocations=6 (full 0):
 garbage-first heap   total 69632K, used 38833K [0x0000000600c00000, 0x0000000800000000)
  region size 4096K, 8 young (32768K), 1 survivors (4096K)
 Metaspace       used 32094K, committed 32448K, reserved 1081344K
  class space    used 4103K, committed 4288K, reserved 1048576K
}
Event: 4.748 GC heap after
{Heap after GC invocations=7 (full 0):
 garbage-first heap   total 69632K, used 17459K [0x0000000600c00000, 0x0000000800000000)
  region size 4096K, 1 young (4096K), 1 survivors (4096K)
 Metaspace       used 32094K, committed 32448K, reserved 1081344K
  class space    used 4103K, committed 4288K, reserved 1048576K
}
Event: 9.592 GC heap before
{Heap before GC invocations=7 (full 0):
 garbage-first heap   total 69632K, used 37939K [0x0000000600c00000, 0x0000000800000000)
  region size 4096K, 7 young (28672K), 1 survivors (4096K)
 Metaspace       used 35750K, committed 36096K, reserved 1081344K
  class space    used 4700K, committed 4864K, reserved 1048576K
}
Event: 9.597 GC heap after
{Heap after GC invocations=8 (full 0):
 garbage-first heap   total 299008K, used 19396K [0x0000000600c00000, 0x0000000800000000)
  region size 4096K, 1 young (4096K), 1 survivors (4096K)
 Metaspace       used 35750K, committed 36096K, reserved 1081344K
  class space    used 4700K, committed 4864K, reserved 1048576K
}
Event: 9.926 GC heap before
{Heap before GC invocations=9 (full 0):
 garbage-first heap   total 98304K, used 68548K [0x0000000600c00000, 0x0000000800000000)
  region size 4096K, 14 young (57344K), 1 survivors (4096K)
 Metaspace       used 38679K, committed 39104K, reserved 1089536K
  class space    used 4947K, committed 5120K, reserved 1048576K
}
Event: 9.932 GC heap after
{Heap after GC invocations=10 (full 0):
 garbage-first heap   total 98304K, used 28047K [0x0000000600c00000, 0x0000000800000000)
  region size 4096K, 2 young (8192K), 2 survivors (8192K)
 Metaspace       used 38679K, committed 39104K, reserved 1089536K
  class space    used 4947K, committed 5120K, reserved 1048576K
}
Event: 9.940 GC heap before
{Heap before GC invocations=10 (full 0):
 garbage-first heap   total 98304K, used 32143K [0x0000000600c00000, 0x0000000800000000)
  region size 4096K, 3 young (12288K), 2 survivors (8192K)
 Metaspace       used 38679K, committed 39104K, reserved 1089536K
  class space    used 4947K, committed 5120K, reserved 1048576K
}
Event: 9.944 GC heap after
{Heap after GC invocations=11 (full 0):
 garbage-first heap   total 98304K, used 30326K [0x0000000600c00000, 0x0000000800000000)
  region size 4096K, 1 young (4096K), 1 survivors (4096K)
 Metaspace       used 38679K, committed 39104K, reserved 1089536K
  class space    used 4947K, committed 5120K, reserved 1048576K
}
Event: 10.167 GC heap before
{Heap before GC invocations=11 (full 0):
 garbage-first heap   total 98304K, used 58998K [0x0000000600c00000, 0x0000000800000000)
  region size 4096K, 9 young (36864K), 1 survivors (4096K)
 Metaspace       used 39628K, committed 40064K, reserved 1089536K
  class space    used 5067K, committed 5248K, reserved 1048576K
}
Event: 10.171 GC heap after
{Heap after GC invocations=12 (full 0):
 garbage-first heap   total 98304K, used 34556K [0x0000000600c00000, 0x0000000800000000)
  region size 4096K, 2 young (8192K), 2 survivors (8192K)
 Metaspace       used 39628K, committed 40064K, reserved 1089536K
  class space    used 5067K, committed 5248K, reserved 1048576K
}
Event: 10.213 GC heap before
{Heap before GC invocations=12 (full 0):
 garbage-first heap   total 98304K, used 63228K [0x0000000600c00000, 0x0000000800000000)
  region size 4096K, 9 young (36864K), 2 survivors (8192K)
 Metaspace       used 39838K, committed 40192K, reserved 1089536K
  class space    used 5103K, committed 5248K, reserved 1048576K
}
Event: 10.217 GC heap after
{Heap after GC invocations=13 (full 0):
 garbage-first heap   total 311296K, used 39582K [0x0000000600c00000, 0x0000000800000000)
  region size 4096K, 2 young (8192K), 2 survivors (8192K)
 Metaspace       used 39838K, committed 40192K, reserved 1089536K
  class space    used 5103K, committed 5248K, reserved 1048576K
}
Event: 10.521 GC heap before
{Heap before GC invocations=13 (full 0):
 garbage-first heap   total 311296K, used 195230K [0x0000000600c00000, 0x0000000800000000)
  region size 4096K, 41 young (167936K), 2 survivors (8192K)
 Metaspace       used 39945K, committed 40320K, reserved 1089536K
  class space    used 5114K, committed 5248K, reserved 1048576K
}
Event: 10.539 GC heap after
{Heap after GC invocations=14 (full 0):
 garbage-first heap   total 311296K, used 67047K [0x0000000600c00000, 0x0000000800000000)
  region size 4096K, 6 young (24576K), 6 survivors (24576K)
 Metaspace       used 39945K, committed 40320K, reserved 1089536K
  class space    used 5114K, committed 5248K, reserved 1048576K
}
Event: 10.581 GC heap before
{Heap before GC invocations=14 (full 0):
 garbage-first heap   total 311296K, used 185831K [0x0000000600c00000, 0x0000000800000000)
  region size 4096K, 36 young (147456K), 6 survivors (24576K)
 Metaspace       used 39968K, committed 40384K, reserved 1089536K
  class space    used 5122K, committed 5312K, reserved 1048576K
}
Event: 10.589 GC heap after
{Heap after GC invocations=15 (full 0):
 garbage-first heap   total 311296K, used 74942K [0x0000000600c00000, 0x0000000800000000)
  region size 4096K, 2 young (8192K), 2 survivors (8192K)
 Metaspace       used 39968K, committed 40384K, reserved 1089536K
  class space    used 5122K, committed 5312K, reserved 1048576K
}
Event: 10.624 GC heap before
{Heap before GC invocations=15 (full 0):
 garbage-first heap   total 311296K, used 201918K [0x0000000600c00000, 0x0000000800000000)
  region size 4096K, 34 young (139264K), 2 survivors (8192K)
 Metaspace       used 40026K, committed 40448K, reserved 1089536K
  class space    used 5124K, committed 5312K, reserved 1048576K
}
Event: 10.628 GC heap after
{Heap after GC invocations=16 (full 0):
 garbage-first heap   total 311296K, used 77837K [0x0000000600c00000, 0x0000000800000000)
  region size 4096K, 3 young (12288K), 3 survivors (12288K)
 Metaspace       used 40026K, committed 40448K, reserved 1089536K
  class space    used 5124K, committed 5312K, reserved 1048576K
}
Event: 10.661 GC heap before
{Heap before GC invocations=16 (full 0):
 garbage-first heap   total 311296K, used 213005K [0x0000000600c00000, 0x0000000800000000)
  region size 4096K, 38 young (155648K), 3 survivors (12288K)
 Metaspace       used 40050K, committed 40448K, reserved 1089536K
  class space    used 5129K, committed 5312K, reserved 1048576K
}

Dll operation events (8 events):
Event: 0.011 Loaded shared library c:\Users\tomok\.vscode\extensions\redhat.java-1.13.0-win32-x64\jre\17.0.5-win32-x86_64\bin\java.dll
Event: 0.216 Loaded shared library C:\Users\tomok\.vscode\extensions\redhat.java-1.13.0-win32-x64\jre\17.0.5-win32-x86_64\bin\net.dll
Event: 0.220 Loaded shared library C:\Users\tomok\.vscode\extensions\redhat.java-1.13.0-win32-x64\jre\17.0.5-win32-x86_64\bin\nio.dll
Event: 0.230 Loaded shared library C:\Users\tomok\.vscode\extensions\redhat.java-1.13.0-win32-x64\jre\17.0.5-win32-x86_64\bin\zip.dll
Event: 2.589 Loaded shared library C:\Users\tomok\.vscode\extensions\redhat.java-1.13.0-win32-x64\jre\17.0.5-win32-x86_64\bin\jimage.dll
Event: 3.034 Loaded shared library c:\Users\tomok\.vscode\extensions\redhat.java-1.13.0-win32-x64\jre\17.0.5-win32-x86_64\bin\verify.dll
Event: 4.801 Loaded shared library C:\Users\tomok\.vscode\extensions\redhat.java-1.13.0-win32-x64\jre\17.0.5-win32-x86_64\bin\management.dll
Event: 4.805 Loaded shared library C:\Users\tomok\.vscode\extensions\redhat.java-1.13.0-win32-x64\jre\17.0.5-win32-x86_64\bin\management_ext.dll

Deoptimization events (12 events):
Event: 3.838 Thread 0x000002421e5fc090 DEOPT PACKING pc=0x00000242217fce79 sp=0x00000065105fd5c0
Event: 3.838 Thread 0x000002421e5fc090 DEOPT UNPACKING pc=0x00000242212c2b43 sp=0x00000065105fcaa0 mode 3
Event: 4.533 Thread 0x000002421e5fc090 DEOPT PACKING pc=0x0000024221925d55 sp=0x00000065105fd380
Event: 4.533 Thread 0x000002421e5fc090 DEOPT UNPACKING pc=0x00000242212c2b43 sp=0x00000065105fc898 mode 3
Event: 9.351 Thread 0x000002423bfca500 DEOPT PACKING pc=0x000002422160b6ed sp=0x00000065118fd440
Event: 9.351 Thread 0x000002423bfca500 DEOPT UNPACKING pc=0x00000242212c2b43 sp=0x00000065118fc958 mode 3
Event: 9.564 Thread 0x000002423be069b0 DEOPT PACKING pc=0x00000242217fbf89 sp=0x00000065125fd540
Event: 9.564 Thread 0x000002423be069b0 DEOPT UNPACKING pc=0x00000242212c2b43 sp=0x00000065125fc9d0 mode 3
Event: 9.564 Thread 0x000002423b497840 DEOPT PACKING pc=0x00000242217fa81f sp=0x00000065119ff350
Event: 9.564 Thread 0x000002423b497840 DEOPT UNPACKING pc=0x00000242212c2b43 sp=0x00000065119fe7a8 mode 3
Event: 9.638 Thread 0x000002423bfa3bb0 DEOPT PACKING pc=0x00000242215df913 sp=0x0000006512efe2e0
Event: 9.638 Thread 0x000002423bfa3bb0 DEOPT UNPACKING pc=0x00000242212c2b43 sp=0x0000006512efd828 mode 3

Classes unloaded (0 events):
No events

Classes redefined (0 events):
No events

Internal exceptions (20 events):
Event: 9.662 Thread 0x000002423bfa4550 Exception <a 'sun/nio/fs/WindowsException'{0x00000006065cf448}> (0x00000006065cf448) 
thrown [s\src\hotspot\share\prims\jni.cpp, line 516]
Event: 9.662 Thread 0x000002423bfa4550 Exception <a 'sun/nio/fs/WindowsException'{0x00000006065cfe38}> (0x00000006065cfe38) 
thrown [s\src\hotspot\share\prims\jni.cpp, line 516]
Event: 9.662 Thread 0x000002423bfa4550 Exception <a 'sun/nio/fs/WindowsException'{0x00000006065d01e0}> (0x00000006065d01e0) 
thrown [s\src\hotspot\share\prims\jni.cpp, line 516]
Event: 9.662 Thread 0x000002423bfa4550 Exception <a 'sun/nio/fs/WindowsException'{0x00000006065d0be0}> (0x00000006065d0be0) 
thrown [s\src\hotspot\share\prims\jni.cpp, line 516]
Event: 9.662 Thread 0x000002423bfa4550 Exception <a 'sun/nio/fs/WindowsException'{0x00000006065d0fa0}> (0x00000006065d0fa0) 
thrown [s\src\hotspot\share\prims\jni.cpp, line 516]
Event: 9.662 Thread 0x000002423bfa4550 Exception <a 'sun/nio/fs/WindowsException'{0x00000006065d19a0}> (0x00000006065d19a0) 
thrown [s\src\hotspot\share\prims\jni.cpp, line 516]
Event: 9.662 Thread 0x000002423bfa4550 Exception <a 'sun/nio/fs/WindowsException'{0x00000006065d1d50}> (0x00000006065d1d50) 
thrown [s\src\hotspot\share\prims\jni.cpp, line 516]
Event: 9.662 Thread 0x000002423bfa4550 Exception <a 'sun/nio/fs/WindowsException'{0x00000006065d2750}> (0x00000006065d2750) 
thrown [s\src\hotspot\share\prims\jni.cpp, line 516]
Event: 9.662 Thread 0x000002423bfa4550 Exception <a 'sun/nio/fs/WindowsException'{0x00000006065d2b10}> (0x00000006065d2b10) 
thrown [s\src\hotspot\share\prims\jni.cpp, line 516]
Event: 9.663 Thread 0x000002423bfa4550 Exception <a 'sun/nio/fs/WindowsException'{0x00000006065d3538}> (0x00000006065d3538) 
thrown [s\src\hotspot\share\prims\jni.cpp, line 516]
Event: 9.663 Thread 0x000002423bfa4550 Exception <a 'sun/nio/fs/WindowsException'{0x00000006065d3918}> (0x00000006065d3918) 
thrown [s\src\hotspot\share\prims\jni.cpp, line 516]
Event: 9.663 Thread 0x000002423bfa4550 Exception <a 'sun/nio/fs/WindowsException'{0x00000006065d4350}> (0x00000006065d4350) 
thrown [s\src\hotspot\share\prims\jni.cpp, line 516]
Event: 9.663 Thread 0x000002423bfa4550 Exception <a 'sun/nio/fs/WindowsException'{0x00000006065d4740}> (0x00000006065d4740) 
thrown [s\src\hotspot\share\prims\jni.cpp, line 516]
Event: 9.663 Thread 0x000002423bfa4550 Exception <a 'sun/nio/fs/WindowsException'{0x00000006065d5168}> (0x00000006065d5168) 
thrown [s\src\hotspot\share\prims\jni.cpp, line 516]
Event: 9.663 Thread 0x000002423bfa4550 Exception <a 'sun/nio/fs/WindowsException'{0x00000006065d5558}> (0x00000006065d5558) 
thrown [s\src\hotspot\share\prims\jni.cpp, line 516]
Event: 10.100 Thread 0x000002423bfca500 Exception <a 'java/lang/NoSuchMethodError'{0x0000000605e0a240}: 'java.lang.Object java.lang.invoke.Invokers$Holder.invoke_MT(java.lang.Object, java.lang.Object, java.lang.Object)'> (0x0000000605e0a240) 
thrown [s\src\hotspot\share\interpreter\linkResolver.cpp, line 759]
Event: 10.173 Thread 0x000002423bfca500 Exception <a 'java/lang/NoSuchMethodError'{0x0000000620827f50}: 'java.lang.Object java.lang.invoke.DirectMethodHandle$Holder.newInvokeSpecial(java.lang.Object, java.lang.Object, int)'> (0x0000000620827f50) 
thrown [s\src\hotspot\share\interpreter\linkResolver.cpp, line 759]
Event: 10.182 Thread 0x000002423c137070 Exception <a 'sun/nio/fs/WindowsException'{0x0000000606770218}> (0x0000000606770218) 
thrown [s\src\hotspot\share\prims\jni.cpp, line 516]
Event: 10.189 Thread 0x000002423c137070 Exception <a 'sun/nio/fs/WindowsException'{0x00000006067f90f8}> (0x00000006067f90f8) 
thrown [s\src\hotspot\share\prims\jni.cpp, line 516]
Event: 10.194 Thread 0x000002423bfa23a0 Exception <a 'sun/nio/fs/WindowsException'{0x00000006067bb958}> (0x00000006067bb958) 
thrown [s\src\hotspot\share\prims\jni.cpp, line 516]

VM Operations (20 events):
Event: 10.171 Executing VM operation: G1CollectForAllocation done
Event: 10.213 Executing VM operation: G1CollectForAllocation
Event: 10.217 Executing VM operation: G1CollectForAllocation done
Event: 10.225 Executing VM operation: HandshakeAllThreads
Event: 10.225 Executing VM operation: HandshakeAllThreads done
Event: 10.520 Executing VM operation: G1CollectForAllocation
Event: 10.543 Executing VM operation: G1CollectForAllocation done
Event: 10.579 Executing VM operation: G1CollectForAllocation
Event: 10.580 Executing VM operation: G1CollectForAllocation done
Event: 10.580 Executing VM operation: G1CollectForAllocation
Event: 10.589 Executing VM operation: G1CollectForAllocation done
Event: 10.589 Executing VM operation: HandshakeAllThreads
Event: 10.590 Executing VM operation: HandshakeAllThreads done
Event: 10.622 Executing VM operation: G1CollectForAllocation
Event: 10.623 Executing VM operation: G1CollectForAllocation done
Event: 10.623 Executing VM operation: G1CollectForAllocation
Event: 10.630 Executing VM operation: G1CollectForAllocation done
Event: 10.659 Executing VM operation: G1CollectForAllocation
Event: 10.660 Executing VM operation: G1CollectForAllocation done
Event: 10.661 Executing VM operation: G1CollectForAllocation

Events (20 events):
Event: 10.138 loading class java/util/stream/LongStream done
Event: 10.138 loading class java/util/stream/DoubleStream
Event: 10.138 loading class java/util/stream/DoubleStream done
Event: 10.143 loading class java/nio/channels/Channels$ReadableByteChannelImpl
Event: 10.143 loading class java/nio/channels/Channels$ReadableByteChannelImpl done
Event: 10.144 loading class java/nio/channels/NonWritableChannelException
Event: 10.144 loading class java/nio/channels/NonWritableChannelException done
Event: 10.167 loading class java/util/WeakHashMap$EntrySet
Event: 10.167 loading class java/util/WeakHashMap$EntrySet done
Event: 10.171 loading class java/util/WeakHashMap$EntryIterator
Event: 10.171 loading class java/util/WeakHashMap$HashIterator
Event: 10.171 loading class java/util/WeakHashMap$HashIterator done
Event: 10.171 loading class java/util/WeakHashMap$EntryIterator done
Event: 10.174 Thread 0x000002423c137070 Thread added: 0x000002423c137070
Event: 10.175 Thread 0x000002423c13a090 Thread added: 0x000002423c13a090
Event: 10.178 loading class sun/security/provider/MD5
Event: 10.178 loading class sun/security/provider/MD5 done
Event: 10.178 loading class sun/security/provider/ByteArrayAccess$LE
Event: 10.178 loading class sun/security/provider/ByteArrayAccess$LE done
Event: 10.189 Thread 0x000002423c1396f0 Thread added: 0x000002423c1396f0


Dynamic libraries:
0x00007ff723380000 - 0x00007ff72338e000 	c:\Users\tomok\.vscode\extensions\redhat.java-1.13.0-win32-x64\jre\17.0.5-win32-x86_64\bin\java.exe
0x00007fff5d7b0000 - 0x00007fff5d9c4000 	C:\WINDOWS\SYSTEM32\ntdll.dll
0x00007fff5d260000 - 0x00007fff5d323000 	C:\WINDOWS\System32\KERNEL32.DLL
0x00007fff5ae80000 - 0x00007fff5b21d000 	C:\WINDOWS\System32\KERNELBASE.dll
0x00007fff5b400000 - 0x00007fff5b511000 	C:\WINDOWS\System32\ucrtbase.dll
0x00007fff34640000 - 0x00007fff34657000 	c:\Users\tomok\.vscode\extensions\redhat.java-1.13.0-win32-x64\jre\17.0.5-win32-x86_64\bin\jli.dll
0x00007fff34620000 - 0x00007fff34639000 	c:\Users\tomok\.vscode\extensions\redhat.java-1.13.0-win32-x64\jre\17.0.5-win32-x86_64\bin\VCRUNTIME140.dll
0x00007fff5d5c0000 - 0x00007fff5d76d000 	C:\WINDOWS\System32\USER32.dll
0x00007fff5abd0000 - 0x00007fff5abf6000 	C:\WINDOWS\System32\win32u.dll
0x00007fff5bf70000 - 0x00007fff5bf99000 	C:\WINDOWS\System32\GDI32.dll
0x00007fff41270000 - 0x00007fff414fe000 	C:\WINDOWS\WinSxS\amd64_microsoft.windows.common-controls_6595b64144ccf1df_6.0.22621.436_none_a94247dbc10d8414\COMCTL32.dll
0x00007fff5b220000 - 0x00007fff5b332000 	C:\WINDOWS\System32\gdi32full.dll
0x00007fff5cda0000 - 0x00007fff5ce47000 	C:\WINDOWS\System32\msvcrt.dll
0x00007fff5ac70000 - 0x00007fff5ad0a000 	C:\WINDOWS\System32\msvcp_win.dll
0x00007fff5c3b0000 - 0x00007fff5c3e2000 	C:\WINDOWS\System32\IMM32.DLL
0x00007fff34610000 - 0x00007fff3461c000 	c:\Users\tomok\.vscode\extensions\redhat.java-1.13.0-win32-x64\jre\17.0.5-win32-x86_64\bin\vcruntime140_1.dll
0x00007fff0a410000 - 0x00007fff0a4a1000 	c:\Users\tomok\.vscode\extensions\redhat.java-1.13.0-win32-x64\jre\17.0.5-win32-x86_64\bin\msvcp140.dll
0x00007ffec7b00000 - 0x00007ffec8744000 	c:\Users\tomok\.vscode\extensions\redhat.java-1.13.0-win32-x64\jre\17.0.5-win32-x86_64\bin\server\jvm.dll
0x00007fff5cc90000 - 0x00007fff5cd3e000 	C:\WINDOWS\System32\ADVAPI32.dll
0x00007fff5cbe0000 - 0x00007fff5cc84000 	C:\WINDOWS\System32\sechost.dll
0x00007fff5bbf0000 - 0x00007fff5bd05000 	C:\WINDOWS\System32\RPCRT4.dll
0x00007fff54390000 - 0x00007fff543c4000 	C:\WINDOWS\SYSTEM32\WINMM.dll
0x00007fff543d0000 - 0x00007fff543da000 	C:\WINDOWS\SYSTEM32\VERSION.dll
0x00007fff34c50000 - 0x00007fff34c59000 	C:\WINDOWS\SYSTEM32\WSOCK32.dll
0x00007fff5bee0000 - 0x00007fff5bf51000 	C:\WINDOWS\System32\WS2_32.dll
0x00007fff59ce0000 - 0x00007fff59cf8000 	C:\WINDOWS\SYSTEM32\kernel.appcore.dll
0x00007fff34600000 - 0x00007fff3460a000 	c:\Users\tomok\.vscode\extensions\redhat.java-1.13.0-win32-x64\jre\17.0.5-win32-x86_64\bin\jimage.dll
0x00007fff46050000 - 0x00007fff4627e000 	C:\WINDOWS\SYSTEM32\DBGHELP.DLL
0x00007fff5ced0000 - 0x00007fff5d25a000 	C:\WINDOWS\System32\combase.dll
0x00007fff5c000000 - 0x00007fff5c0d7000 	C:\WINDOWS\System32\OLEAUT32.dll
0x00007fff45920000 - 0x00007fff45952000 	C:\WINDOWS\SYSTEM32\dbgcore.DLL
0x00007fff5b520000 - 0x00007fff5b59b000 	C:\WINDOWS\System32\bcryptPrimitives.dll
0x00007fff345d0000 - 0x00007fff345f5000 	c:\Users\tomok\.vscode\extensions\redhat.java-1.13.0-win32-x64\jre\17.0.5-win32-x86_64\bin\java.dll
0x00007fff345b0000 - 0x00007fff345c8000 	c:\Users\tomok\.vscode\extensions\redhat.java-1.13.0-win32-x64\jre\17.0.5-win32-x86_64\bin\zip.dll
0x00007fff5c3f0000 - 0x00007fff5cbdf000 	C:\WINDOWS\System32\SHELL32.dll
0x00007fff58bc0000 - 0x00007fff59488000 	C:\WINDOWS\SYSTEM32\windows.storage.dll
0x00007fff58a80000 - 0x00007fff58bbe000 	C:\WINDOWS\SYSTEM32\wintypes.dll
0x00007fff5c100000 - 0x00007fff5c1f1000 	C:\WINDOWS\System32\SHCORE.dll
0x00007fff5cd40000 - 0x00007fff5cd9e000 	C:\WINDOWS\System32\shlwapi.dll
0x00007fff5ab00000 - 0x00007fff5ab21000 	C:\WINDOWS\SYSTEM32\profapi.dll
0x00007fff346a0000 - 0x00007fff346b9000 	C:\Users\tomok\.vscode\extensions\redhat.java-1.13.0-win32-x64\jre\17.0.5-win32-x86_64\bin\net.dll
0x00007fff54210000 - 0x00007fff5433f000 	C:\WINDOWS\SYSTEM32\WINHTTP.dll
0x00007fff5a130000 - 0x00007fff5a199000 	C:\WINDOWS\system32\mswsock.dll
0x00007fff34680000 - 0x00007fff34695000 	C:\Users\tomok\.vscode\extensions\redhat.java-1.13.0-win32-x64\jre\17.0.5-win32-x86_64\bin\nio.dll
0x00007fff57e60000 - 0x00007fff57e70000 	c:\Users\tomok\.vscode\extensions\redhat.java-1.13.0-win32-x64\jre\17.0.5-win32-x86_64\bin\verify.dll
0x00007fff5a340000 - 0x00007fff5a35b000 	C:\WINDOWS\SYSTEM32\CRYPTSP.dll
0x00007fff59c50000 - 0x00007fff59c85000 	C:\WINDOWS\system32\rsaenh.dll
0x00007fff5a1e0000 - 0x00007fff5a208000 	C:\WINDOWS\SYSTEM32\USERENV.dll
0x00007fff5a570000 - 0x00007fff5a598000 	C:\WINDOWS\SYSTEM32\bcrypt.dll
0x00007fff5a360000 - 0x00007fff5a36c000 	C:\WINDOWS\SYSTEM32\CRYPTBASE.dll
0x00007fff59750000 - 0x00007fff5977d000 	C:\WINDOWS\SYSTEM32\IPHLPAPI.DLL
0x00007fff5bf60000 - 0x00007fff5bf69000 	C:\WINDOWS\System32\NSI.dll
0x00007fff54100000 - 0x00007fff54119000 	C:\WINDOWS\SYSTEM32\dhcpcsvc6.DLL
0x00007fff540e0000 - 0x00007fff540ff000 	C:\WINDOWS\SYSTEM32\dhcpcsvc.DLL
0x00007fff597c0000 - 0x00007fff598b2000 	C:\WINDOWS\SYSTEM32\DNSAPI.dll
0x00007fff57e50000 - 0x00007fff57e59000 	C:\Users\tomok\.vscode\extensions\redhat.java-1.13.0-win32-x64\jre\17.0.5-win32-x86_64\bin\management.dll
0x00007fff57e40000 - 0x00007fff57e4b000 	C:\Users\tomok\.vscode\extensions\redhat.java-1.13.0-win32-x64\jre\17.0.5-win32-x86_64\bin\management_ext.dll
0x00007fff5bed0000 - 0x00007fff5bed8000 	C:\WINDOWS\System32\PSAPI.DLL

dbghelp: loaded successfully - version: 4.0.5 - missing functions: none
symbol engine: initialized successfully - sym options: 0x614 - pdb path: .;c:\Users\tomok\.vscode\extensions\redhat.java-1.13.0-win32-x64\jre\17.0.5-win32-x86_64\bin;C:\WINDOWS\SYSTEM32;C:\WINDOWS\WinSxS\amd64_microsoft.windows.common-controls_6595b64144ccf1df_6.0.22621.436_none_a94247dbc10d8414;c:\Users\tomok\.vscode\extensions\redhat.java-1.13.0-win32-x64\jre\17.0.5-win32-x86_64\bin\server

VM Arguments:
jvm_args: -Dsts.lsp.client=vscode -Dsts.log.file=/dev/null -XX:TieredStopAtLevel=1 -Xlog:jni+resolve=off -Dspring.config.location=file:c:\Users\tomok\.vscode\extensions\pivotal.vscode-spring-boot-1.43.0\language-server\BOOT-INF\classes\application.properties 
java_command: org.springframework.ide.vscode.boot.app.BootLanguageServerBootApp
java_class_path (initial): c:\Users\tomok\.vscode\extensions\pivotal.vscode-spring-boot-1.43.0\language-server\BOOT-INF\classes;c:\Users\tomok\.vscode\extensions\pivotal.vscode-spring-boot-1.43.0\language-server\BOOT-INF\lib\annotations-23.1.0.jar;c:\Users\tomok\.vscode\extensions\pivotal.vscode-spring-boot-1.43.0\language-server\BOOT-INF\lib\ant-1.10.12.jar;c:\Users\tomok\.vscode\extensions\pivotal.vscode-spring-boot-1.43.0\language-server\BOOT-INF\lib\ant-launcher-1.10.12.jar;c:\Users\tomok\.vscode\extensions\pivotal.vscode-spring-boot-1.43.0\language-server\BOOT-INF\lib\antlr-runtime-3.5.2.jar;c:\Users\tomok\.vscode\extensions\pivotal.vscode-spring-boot-1.43.0\language-server\BOOT-INF\lib\antlr4-4.9.3.jar;c:\Users\tomok\.vscode\extensions\pivotal.vscode-spring-boot-1.43.0\language-server\BOOT-INF\lib\antlr4-runtime-4.9.3.jar;c:\Users\tomok\.vscode\extensions\pivotal.vscode-spring-boot-1.43.0\language-server\BOOT-INF\lib\apiguardian-api-1.1.2.jar;c:\Users\tomok\.vscode\extensions\pivotal.vscode-spring-boot-1.43.0\language-server\BOOT-INF\lib\asm-9.4.jar;c:\Users\tomok\.vscode\extensions\pivotal.vscode-spring-boot-1.43.0\language-server\BOOT-INF\lib\asm-analysis-9.4.jar;c:\Users\tomok\.vscode\extensions\pivotal.vscode-spring-boot-1.43.0\language-server\BOOT-INF\lib\asm-tree-9.4.jar;c:\Users\tomok\.vscode\extensions\pivotal.vscode-spring-boot-1.43.0\language-server\BOOT-INF\lib\asm-util-9.4.jar;c:\Users\tomok\.vscode\extensions\pivotal.vscode-spring-boot-1.43.0\language-server\BOOT-INF\lib\caffeine-3.1.2.jar;c:\Users\tomok\.vscode\extensions\pivotal.vscode-spring-boot-1.43.0\language-server\BOOT-INF\lib\checker-qual-3.12.0.jar;c:\Users\tomok\.vscode\extensions\pivotal.vscode-spring-boot-1.43.0\language-server\BOOT-INF\lib\ci-environment-9.1.0.jar;c:\Users\tomok\.vscode\extensions\pivotal.vscode-spring-boot-1.43.0\language-server\BOOT-INF\lib\classgraph-4.8.149.jar;c:\Users\tomok\.vscode\extensions\pivotal.vscode-spring-boot-1.43.0\language-server\BOOT-INF\lib\comm
Launcher Type: SUN_STANDARD

[Global flags]
     intx CICompilerCount                          = 4                                         {product} {ergonomic}
     uint ConcGCThreads                            = 2                                         {product} {ergonomic}
     uint G1ConcRefinementThreads                  = 8                                         {product} {ergonomic}
   size_t G1HeapRegionSize                         = 4194304                                   {product} {ergonomic}
    uintx GCDrainStackTargetSize                   = 64                                        {product} {ergonomic}
   size_t InitialHeapSize                          = 536870912                                 {product} {ergonomic}
   size_t MarkStackSize                            = 4194304                                   {product} {ergonomic}
   size_t MaxHeapSize                              = 8577351680                                {product} {ergonomic}
   size_t MaxNewSize                               = 5146411008                                {product} {ergonomic}
   size_t MinHeapDeltaBytes                        = 4194304                                   {product} {ergonomic}
   size_t MinHeapSize                              = 8388608                                   {product} {ergonomic}
    uintx NonProfiledCodeHeapSize                  = 0                                      {pd product} {ergonomic}
     bool ProfileInterpreter                       = false                                  {pd product} {command line}
    uintx ProfiledCodeHeapSize                     = 0                                      {pd product} {ergonomic}
   size_t SoftMaxHeapSize                          = 8577351680                             {manageable} {ergonomic}
     intx TieredStopAtLevel                        = 1                                         {product} {command line}
     bool UseCompressedClassPointers               = true                           {product lp64_product} {ergonomic}
     bool UseCompressedOops                        = true                           {product lp64_product} {ergonomic}
     bool UseG1GC                                  = true                                      {product} {ergonomic}
     bool UseLargePagesIndividualAllocation        = false                                  {pd product} {ergonomic}

Logging:
Log output configuration:
 #0: stdout all=warning,jni+resolve=off uptime,level,tags
 #1: stderr all=off uptime,level,tags

Environment Variables:
JAVA_HOME=C:\Program Files\AdoptOpenJDK\jdk-11.0.10.9-hotspot
PATH=C:\Users\tomok\AppData\Local\cloud-code\installer\google-cloud-sdk\bin;C:\Program Files\Common Files\Oracle\Java\javapath;C:\Program Files\NVIDIA GPU Computing Toolkit\CUDA\v11.2\bin;C:\Program Files\NVIDIA GPU Computing Toolkit\CUDA\v11.2\libnvvp;C:\Program Files\AdoptOpenJDK\jdk-11.0.10.9-hotspot\bin;C:\Program Files (x86)\Common Files\Oracle\Java\javapath;C:\Windows\system32;C:\Windows;C:\Windows\System32\Wbem;C:\Users\tomok\AppData\Local\Programs\Python\Python310;C:\Windows\System32\WindowsPowerShell\v1.0\;C:\Windows\System32\OpenSSH\;C:\Program Files (x86)\Intel\Intel(R) Management Engine Components\DAL;C:\Program Files\Intel\Intel(R) Management Engine Components\DAL;C:\Program Files (x86)\NVIDIA Corporation\PhysX\Common;C:\Program Files\Microsoft SQL Server\130\Tools\Binn\;C:\xampp\mysql\bin;C:\Program Files (x86)\sbt\bin;C:\Program Files (x86)\scala\bin;C:\WINDOWS\system32;C:\WINDOWS;C:\WINDOWS\System32\Wbem;C:\WINDOWS\System32\WindowsPowerShell\v1.0\;C:\WINDOWS\System32\OpenSSH\;C:\Program Files\Calibre2\;C:\Program Files\MongoDB\Server\4.4\bin;C:\apache-maven-3.6.3-bin\apache-maven-3.6.3\bin;C:\xampp\php;C:\Program Files\Graphviz\bin;C:\Anaconda3;C:\Anaconda3\Library\bin;C:\Anaconda3\Scripts;C:\Program Files\NVIDIA Corporation\NVIDIA NvDLISR;C:\Program Files\NVIDIA Corporation\Nsight Compute 2020.3.0\;C:\Program Files\dotnet\;C:\Program Files\Microsoft SQL Server\Client SDK\ODBC\170\Tools\Binn\;C:\composer;C:\WINDOWS\system32;C:\WINDOWS;C:\WINDOWS\System32\Wbem;C:\WINDOWS\System32\WindowsPowerShell\v1.0\;C:\WINDOWS\System32\OpenSSH\;C:\ProgramData\ComposerSetup\bin;C:\Program Files\nodejs\;C:\ProgramData\chocolatey\bin;D:\Applications\chromedriver_win32;C:\Program Files\Docker\Docker\resources\bin;C:\Program Files\PowerShell\7\;C:\Users\tomok\AppData\Local\Microsoft\WindowsApps;C:\Program Files\JetBrains\IntelliJ IDEA Community Edition 2019.3\bin;C:\Users\tomok\.dotnet\tools;C:\Users\tomok\AppData\Local\Microsoft\WindowsApps;C:\Users\tomok\AppData\Local\P
USERNAME=tomok
OS=Windows_NT
PROCESSOR_IDENTIFIER=Intel64 Family 6 Model 158 Stepping 13, GenuineIntel
TMP=C:\Users\tomok\AppData\Local\Temp
TEMP=C:\Users\tomok\AppData\Local\Temp



---------------  S Y S T E M  ---------------

OS:
 Windows 11 , 64 bit Build 22621 (10.0.22621.1037)
OS uptime: 18 days 3:32 hours
Hyper-V role detected

CPU: total 8 (initial active 8) (8 cores per cpu, 1 threads per core) family 6 model 158 stepping 13 microcode 0xde, cx8, cmov, fxsr, mmx, 3dnowpref, sse, sse2, sse3, ssse3, sse4.1, sse4.2, popcnt, lzcnt, tsc, tscinvbit, avx, avx2, aes, erms, clmul, bmi1, bmi2, adx, fma, vzeroupper, clflush, clflushopt, hv

Memory: 4k page, system-wide physical 32709M (14356M free)
TotalPageFile size 131013M (AvailPageFile size 30M)
current process WorkingSet (physical memory assigned to process): 388M, peak: 388M
current process commit charge ("private bytes"): 457M, peak: 665M

vm_info: OpenJDK 64-Bit Server VM (17.0.5+8) for windows-amd64 JRE (17.0.5+8), built on Oct 19 2022 04:48:13 by "temurin" with MS VC++ 16.7 (VS2019)

END.
