#
# There is insufficient memory for the Java Runtime Environment to continue.
# Native memory allocation (malloc) failed to allocate 2097152 bytes for AllocateHeap
# Possible reasons:
#   The system is out of physical RAM or swap space
#   The process is running with CompressedOops enabled, and the Java Heap may be blocking the growth of the native heap
# Possible solutions:
#   Reduce memory load on the system
#   Increase physical memory or swap space
#   Check if swap backing store is full
#   Decrease Java heap size (-Xmx/-Xms)
#   Decrease number of Java threads
#   Decrease Java thread stack sizes (-Xss)
#   Set larger code cache with -XX:ReservedCodeCacheSize=
#   JVM is running with Zero Based Compressed Oops mode in which the Java heap is
#     placed in the first 32GB address space. The Java Heap base address is the
#     maximum limit for the native heap growth. Please use -XX:HeapBaseMinAddress
#     to set the Java Heap base and to place the Java Heap above 32GB virtual address.
# This output file may be truncated or incomplete.
#
#  Out of Memory Error (allocation.cpp:44), pid=4084, tid=26344
#
# JRE version: OpenJDK Runtime Environment Temurin-17.0.5+8 (17.0.5+8) (build 17.0.5+8)
# Java VM: OpenJDK 64-Bit Server VM Temurin-17.0.5+8 (17.0.5+8, mixed mode, emulated-client, tiered, compressed oops, compressed class ptrs, g1 gc, windows-amd64)
# No core dump will be written. Minidumps are not enabled by default on client versions of Windows
#

---------------  S U M M A R Y ------------

Command Line: -Dsts.lsp.client=vscode -Dsts.log.file=/dev/null -XX:TieredStopAtLevel=1 -Xlog:jni+resolve=off -Dspring.config.location=file:c:\Users\tomok\.vscode\extensions\pivotal.vscode-spring-boot-1.43.0\language-server\BOOT-INF\classes\application.properties org.springframework.ide.vscode.boot.app.BootLanguageServerBootApp

Host: Intel(R) Core(TM) i7-9700K CPU @ 3.60GHz, 8 cores, 31G,  Windows 11 , 64 bit Build 22621 (10.0.22621.1037)
Time: Fri Jan  6 15:02:19 2023  Windows 11 , 64 bit Build 22621 (10.0.22621.1037) elapsed time: 20451.303345 seconds (0d 5h 40m 51s)

---------------  T H R E A D  ---------------

Current thread (0x0000021f28ccd0f0):  VMThread "VM Thread" [stack: 0x0000004ca9200000,0x0000004ca9300000] [id=26344]

Stack: [0x0000004ca9200000,0x0000004ca9300000]
Native frames: (J=compiled Java code, j=interpreted, Vv=VM code, C=native code)
V  [jvm.dll+0x676b3a]
V  [jvm.dll+0x831444]
V  [jvm.dll+0x832bee]
V  [jvm.dll+0x833253]
V  [jvm.dll+0x244ce5]
V  [jvm.dll+0xa631f]
V  [jvm.dll+0x2f4f91]
V  [jvm.dll+0x2f0c10]
V  [jvm.dll+0x2d92f7]
V  [jvm.dll+0x31c3b7]
V  [jvm.dll+0x8376fb]
V  [jvm.dll+0x838434]
V  [jvm.dll+0x83894c]
V  [jvm.dll+0x838d24]
V  [jvm.dll+0x838df0]
V  [jvm.dll+0x7e17ea]
V  [jvm.dll+0x6759e5]
C  [ucrtbase.dll+0x29363]
C  [KERNEL32.DLL+0x126bd]
C  [ntdll.dll+0x5dfb8]

VM_Operation (0x0000004caa9fef50): G1CollectFull, mode: safepoint, requested by thread 0x0000021f2d5571c0


---------------  P R O C E S S  ---------------

Threads class SMR info:
_java_thread_list=0x0000021f2d8e0330, length=30, elements={
0x0000021f2b5f6b60, 0x0000021f2b5f7520, 0x0000021f2b63da40, 0x0000021f2b63e300,
0x0000021f2b63ebc0, 0x0000021f2b63f480, 0x0000021f2b63fd40, 0x0000021f2b642650,
0x0000021f2b842e30, 0x0000021f2b8514e0, 0x0000021f2d4a42c0, 0x0000021f2d5571c0,
0x0000021f2d557d60, 0x0000021f0dc8e910, 0x0000021f2d64a5d0, 0x0000021f2d74ea60,
0x0000021f2d76d750, 0x0000021f2d7710d0, 0x0000021f2d908760, 0x0000021f2d905270,
0x0000021f2d904400, 0x0000021f2d908c30, 0x0000021f2d903590, 0x0000021f2d905740,
0x0000021f2d909f70, 0x0000021f2d9095d0, 0x0000021f2d903a60, 0x0000021f2d903f30,
0x0000021f2d90a910, 0x0000021f2d907420
}

Java Threads: ( => current thread )
  0x0000021f2b5f6b60 JavaThread "Reference Handler" daemon [_thread_blocked, id=31668, stack(0x0000004ca9300000,0x0000004ca9400000)]
  0x0000021f2b5f7520 JavaThread "Finalizer" daemon [_thread_blocked, id=38024, stack(0x0000004ca9400000,0x0000004ca9500000)]
  0x0000021f2b63da40 JavaThread "Signal Dispatcher" daemon [_thread_blocked, id=32320, stack(0x0000004ca9500000,0x0000004ca9600000)]
  0x0000021f2b63e300 JavaThread "Attach Listener" daemon [_thread_blocked, id=21496, stack(0x0000004ca9600000,0x0000004ca9700000)]
  0x0000021f2b63ebc0 JavaThread "Service Thread" daemon [_thread_blocked, id=14240, stack(0x0000004ca9700000,0x0000004ca9800000)]
  0x0000021f2b63f480 JavaThread "Monitor Deflation Thread" daemon [_thread_blocked, id=29488, stack(0x0000004ca9800000,0x0000004ca9900000)]
  0x0000021f2b63fd40 JavaThread "C1 CompilerThread0" daemon [_thread_blocked, id=11904, stack(0x0000004ca9900000,0x0000004ca9a00000)]
  0x0000021f2b642650 JavaThread "Sweeper thread" daemon [_thread_blocked, id=32080, stack(0x0000004ca9a00000,0x0000004ca9b00000)]
  0x0000021f2b842e30 JavaThread "Notification Thread" daemon [_thread_blocked, id=316, stack(0x0000004ca9c00000,0x0000004ca9d00000)]
  0x0000021f2b8514e0 JavaThread "Common-Cleaner" daemon [_thread_blocked, id=22492, stack(0x0000004ca9e00000,0x0000004ca9f00000)]
  0x0000021f2d4a42c0 JavaThread "boundedElastic-evictor-1" daemon [_thread_blocked, id=28688, stack(0x0000004caa800000,0x0000004caa900000)]
  0x0000021f2d5571c0 JavaThread "pool-11-thread-1" [_thread_blocked, id=15528, stack(0x0000004caa900000,0x0000004caaa00000)]
  0x0000021f2d557d60 JavaThread "LanguageServerApp-lifecycle" [_thread_blocked, id=23960, stack(0x0000004caaa00000,0x0000004caab00000)]
  0x0000021f0dc8e910 JavaThread "DestroyJavaVM" [_thread_blocked, id=25412, stack(0x0000004ca8c00000,0x0000004ca8d00000)]
  0x0000021f2d64a5d0 JavaThread "pool-12-thread-1" [_thread_in_native, id=17852, stack(0x0000004caab00000,0x0000004caac00000)]
  0x0000021f2d74ea60 JavaThread "Simple-Language-Server main thread" daemon [_thread_blocked, id=25548, stack(0x0000004caac00000,0x0000004caad00000)]
  0x0000021f2d76d750 JavaThread "pool-8-thread-1" [_thread_blocked, id=28340, stack(0x0000004caae00000,0x0000004caaf00000)]
  0x0000021f2d7710d0 JavaThread "parallel-1" daemon [_thread_blocked, id=31388, stack(0x0000004caaf00000,0x0000004cab000000)]
  0x0000021f2d908760 JavaThread "parallel-2" daemon [_thread_blocked, id=4056, stack(0x0000004cac300000,0x0000004cac400000)]
  0x0000021f2d905270 JavaThread "Reconciler-1" daemon [_thread_blocked, id=17344, stack(0x0000004cac400000,0x0000004cac500000)]
  0x0000021f2d904400 JavaThread "pool-6-thread-1" [_thread_blocked, id=18672, stack(0x0000004cac500000,0x0000004cac600000)]
  0x0000021f2d908c30 JavaThread "pool-10-thread-1" [_thread_blocked, id=32360, stack(0x0000004cac600000,0x0000004cac700000)]
  0x0000021f2d903590 JavaThread "parallel-3" daemon [_thread_blocked, id=29808, stack(0x0000004cac700000,0x0000004cac800000)]
  0x0000021f2d905740 JavaThread "pool-10-thread-2" [_thread_blocked, id=11552, stack(0x0000004cac800000,0x0000004cac900000)]
  0x0000021f2d909f70 JavaThread "parallel-4" daemon [_thread_blocked, id=23520, stack(0x0000004cac900000,0x0000004caca00000)]
  0x0000021f2d9095d0 JavaThread "pool-10-thread-3" [_thread_blocked, id=12920, stack(0x0000004cacb00000,0x0000004cacc00000)]
  0x0000021f2d903a60 JavaThread "parallel-5" daemon [_thread_blocked, id=34888, stack(0x0000004cab400000,0x0000004cab500000)]
  0x0000021f2d903f30 JavaThread "parallel-6" daemon [_thread_blocked, id=27220, stack(0x0000004ca8b00000,0x0000004ca8c00000)]
  0x0000021f2d90a910 JavaThread "parallel-7" daemon [_thread_blocked, id=16604, stack(0x0000004cab200000,0x0000004cab300000)]
  0x0000021f2d907420 JavaThread "parallel-8" daemon [_thread_blocked, id=17684, stack(0x0000004cab300000,0x0000004cab400000)]

Other Threads:
=>0x0000021f28ccd0f0 VMThread "VM Thread" [stack: 0x0000004ca9200000,0x0000004ca9300000] [id=26344]
  0x0000021f2b5e0d80 WatcherThread [stack: 0x0000004ca9d00000,0x0000004ca9e00000] [id=9132]
  0x0000021f0de05600 GCTaskThread "GC Thread#0" [stack: 0x0000004ca8d00000,0x0000004ca8e00000] [id=17112]
  0x0000021f2c5e7d80 GCTaskThread "GC Thread#1" [stack: 0x0000004ca9f00000,0x0000004caa000000] [id=13172]
  0x0000021f2b7b51b0 GCTaskThread "GC Thread#2" [stack: 0x0000004caa000000,0x0000004caa100000] [id=13420]
  0x0000021f2c41f100 GCTaskThread "GC Thread#3" [stack: 0x0000004caa100000,0x0000004caa200000] [id=13796]
  0x0000021f2c41f3b0 GCTaskThread "GC Thread#4" [stack: 0x0000004caa200000,0x0000004caa300000] [id=22004]
  0x0000021f2c41f660 GCTaskThread "GC Thread#5" [stack: 0x0000004caa300000,0x0000004caa400000] [id=10448]
  0x0000021f2c41f910 GCTaskThread "GC Thread#6" [stack: 0x0000004caa400000,0x0000004caa500000] [id=18036]
  0x0000021f2c41fbc0 GCTaskThread "GC Thread#7" [stack: 0x0000004caa500000,0x0000004caa600000] [id=14332]
  0x0000021f0de0e400 ConcurrentGCThread "G1 Main Marker" [stack: 0x0000004ca8e00000,0x0000004ca8f00000] [id=16120]
  0x0000021f28ad9070 ConcurrentGCThread "G1 Conc#0" [stack: 0x0000004ca8f00000,0x0000004ca9000000] [id=24088]
  0x0000021f2d1438e0 ConcurrentGCThread "G1 Conc#1" [stack: 0x0000004caa700000,0x0000004caa800000] [id=39908]
  0x0000021f28bb0e90 ConcurrentGCThread "G1 Refine#0" [stack: 0x0000004ca9000000,0x0000004ca9100000] [id=21016]
  0x0000021f2da4aea0 ConcurrentGCThread "G1 Refine#1" [stack: 0x0000004cacd00000,0x0000004cace00000] [id=36240]
  0x0000021f3079c9e0 ConcurrentGCThread "G1 Refine#2" [stack: 0x0000004cace00000,0x0000004cacf00000] [id=13232]
  0x0000021f306da5b0 ConcurrentGCThread "G1 Refine#3" [stack: 0x0000004cacf00000,0x0000004cad000000] [id=27452]
  0x0000021f3093c520 ConcurrentGCThread "G1 Refine#4" [stack: 0x0000004cad000000,0x0000004cad100000] [id=5452]
  0x0000021f307a1170 ConcurrentGCThread "G1 Refine#5" [stack: 0x0000004cad100000,0x0000004cad200000] [id=30204]
  0x0000021f3092d520 ConcurrentGCThread "G1 Refine#6" [stack: 0x0000004cad200000,0x0000004cad300000] [id=36784]
  0x0000021f28bb17c0 ConcurrentGCThread "G1 Service" [stack: 0x0000004ca9100000,0x0000004ca9200000] [id=6472]

Threads with active compile tasks:

VM state: at safepoint (normal execution)

VM Mutex/Monitor currently owned by a thread:  ([mutex/lock_event])
[0x0000021f0dbce860] Threads_lock - owner thread: 0x0000021f28ccd0f0
[0x0000021f0dd4db00] Heap_lock - owner thread: 0x0000021f2d5571c0

Heap address: 0x0000000600c00000, size: 8180 MB, Compressed Oops mode: Zero based, Oop shift amount: 3

CDS archive(s) not mapped
Compressed class space mapped at: 0x0000000800000000-0x0000000840000000, reserved size: 1073741824
Narrow klass base: 0x0000000800000000, Narrow klass shift: 0, Narrow klass range: 0x40000000

GC Precious Log:
 CPUs: 8 total, 8 available
 Memory: 32709M
 Large Page Support: Disabled
 NUMA Support: Disabled
 Compressed Oops: Enabled (Zero based)
 Heap Region Size: 4M
 Heap Min Capacity: 8M
 Heap Initial Capacity: 512M
 Heap Max Capacity: 8180M
 Pre-touch: Disabled
 Parallel Workers: 8
 Concurrent Workers: 2
 Concurrent Refinement Workers: 8
 Periodic GC: Disabled

Heap:
 garbage-first heap   total 110592K, used 28811K [0x0000000600c00000, 0x0000000800000000)
  region size 4096K, 1 young (4096K), 0 survivors (0K)
 Metaspace       used 53545K, committed 54016K, reserved 1097728K
  class space    used 7413K, committed 7616K, reserved 1048576K

Heap Regions: E=young(eden), S=young(survivor), O=old, HS=humongous(starts), HC=humongous(continues), CS=collection set, F=free, OA=open archive, CA=closed archive, TAMS=top-at-mark-start (previous, next)
|   0|0x0000000600c00000, 0x0000000600ffd160, 0x0000000601000000| 99%| O|  |TAMS 0x0000000600ffd160, 0x0000000600c00000| Untracked 
|   1|0x0000000601000000, 0x00000006013ffff0, 0x0000000601400000| 99%| O|  |TAMS 0x00000006013ffff0, 0x0000000601000000| Untracked 
|   2|0x0000000601400000, 0x00000006017fffd0, 0x0000000601800000| 99%| O|  |TAMS 0x00000006017fffd0, 0x0000000601400000| Untracked 
|   3|0x0000000601800000, 0x0000000601bffff0, 0x0000000601c00000| 99%| O|  |TAMS 0x0000000601bffff0, 0x0000000601800000| Untracked 
|   4|0x0000000601c00000, 0x0000000601ffffd8, 0x0000000602000000| 99%| O|  |TAMS 0x0000000601ffffd8, 0x0000000601c00000| Untracked 
|   5|0x0000000602000000, 0x0000000602400000, 0x0000000602400000|100%| O|  |TAMS 0x0000000602400000, 0x0000000602000000| Untracked 
|   6|0x0000000602400000, 0x0000000602655f40, 0x0000000602800000| 58%| O|  |TAMS 0x0000000602400000, 0x0000000602400000| Untracked 
|   7|0x0000000602800000, 0x00000006029cfd78, 0x0000000602c00000| 45%| O|  |TAMS 0x0000000602800000, 0x0000000602800000| Untracked 
|   8|0x0000000602c00000, 0x0000000602c00000, 0x0000000603000000|  0%| F|  |TAMS 0x0000000602c00000, 0x0000000602c00000| Untracked 
|   9|0x0000000603000000, 0x0000000603000000, 0x0000000603400000|  0%| F|  |TAMS 0x0000000603000000, 0x0000000603000000| Untracked 
|  10|0x0000000603400000, 0x0000000603400000, 0x0000000603800000|  0%| F|  |TAMS 0x0000000603400000, 0x0000000603400000| Untracked 
|  11|0x0000000603800000, 0x0000000603800000, 0x0000000603c00000|  0%| F|  |TAMS 0x0000000603800000, 0x0000000603800000| Untracked 
|  12|0x0000000603c00000, 0x0000000603c00000, 0x0000000604000000|  0%| F|  |TAMS 0x0000000603c00000, 0x0000000603c00000| Untracked 
|  13|0x0000000604000000, 0x0000000604000000, 0x0000000604400000|  0%| F|  |TAMS 0x0000000604000000, 0x0000000604000000| Untracked 
|  14|0x0000000604400000, 0x0000000604400000, 0x0000000604800000|  0%| F|  |TAMS 0x0000000604400000, 0x0000000604400000| Untracked 
|  15|0x0000000604800000, 0x0000000604800000, 0x0000000604c00000|  0%| F|  |TAMS 0x0000000604800000, 0x0000000604800000| Untracked 
|  16|0x0000000604c00000, 0x0000000604c00000, 0x0000000605000000|  0%| F|  |TAMS 0x0000000604c00000, 0x0000000604c00000| Untracked 
|  17|0x0000000605000000, 0x0000000605000000, 0x0000000605400000|  0%| F|  |TAMS 0x0000000605000000, 0x0000000605000000| Untracked 
|  18|0x0000000605400000, 0x0000000605400000, 0x0000000605800000|  0%| F|  |TAMS 0x0000000605400000, 0x0000000605400000| Untracked 
|  19|0x0000000605800000, 0x0000000605800000, 0x0000000605c00000|  0%| F|  |TAMS 0x0000000605800000, 0x0000000605800000| Untracked 
|  20|0x0000000605c00000, 0x0000000605c00000, 0x0000000606000000|  0%| F|  |TAMS 0x0000000605c00000, 0x0000000605c00000| Untracked 
|  21|0x0000000606000000, 0x0000000606000000, 0x0000000606400000|  0%| F|  |TAMS 0x0000000606000000, 0x0000000606000000| Untracked 
|  22|0x0000000606400000, 0x0000000606400000, 0x0000000606800000|  0%| F|  |TAMS 0x0000000606400000, 0x0000000606400000| Untracked 
|  23|0x0000000606800000, 0x0000000606800000, 0x0000000606c00000|  0%| F|  |TAMS 0x0000000606800000, 0x0000000606800000| Untracked 
|  24|0x0000000606c00000, 0x0000000606c00000, 0x0000000607000000|  0%| F|  |TAMS 0x0000000606c00000, 0x0000000606c00000| Untracked 
|  25|0x0000000607000000, 0x0000000607000000, 0x0000000607400000|  0%| F|  |TAMS 0x0000000607000000, 0x0000000607000000| Untracked 
|  26|0x0000000607400000, 0x00000006074058a8, 0x0000000607800000|  0%| E|  |TAMS 0x0000000607400000, 0x0000000607400000| Complete 

Card table byte_map: [0x0000021f16aa0000,0x0000021f17aa0000] _byte_map_base: 0x0000021f13a9a000

Marking Bits (Prev, Next): (CMBitMap*) 0x0000021f0de05b60, (CMBitMap*) 0x0000021f0de05b20
 Prev Bits: [0x0000021f20a70000, 0x0000021f28a40000)
 Next Bits: [0x0000021f18aa0000, 0x0000021f20a70000)

Polling page: 0x0000021f0de10000

Metaspace:

Usage:
  Non-class:     45.05 MB used.
      Class:      7.24 MB used.
       Both:     52.29 MB used.

Virtual space:
  Non-class space:       48.00 MB reserved,      45.31 MB ( 94%) committed,  6 nodes.
      Class space:        1.00 GB reserved,       7.44 MB ( <1%) committed,  1 nodes.
             Both:        1.05 GB reserved,      52.75 MB (  5%) committed. 

Chunk freelists:
   Non-Class:  2.38 MB
       Class:  564.00 KB
        Both:  2.93 MB

MaxMetaspaceSize: unlimited
CompressedClassSpaceSize: 1.00 GB
Initial GC threshold: 21.00 MB
Current GC threshold: 87.81 MB
CDS: off
MetaspaceReclaimPolicy: balanced
 - commit_granule_bytes: 65536.
 - commit_granule_words: 8192.
 - virtual_space_node_default_size: 1048576.
 - enlarge_chunks_in_place: 1.
 - new_chunks_are_fully_committed: 0.
 - uncommit_free_chunks: 1.
 - use_allocation_guard: 0.
 - handle_deallocations: 1.


Internal statistics:

num_allocs_failed_limit: 6.
num_arena_births: 682.
num_arena_deaths: 206.
num_vsnodes_births: 7.
num_vsnodes_deaths: 0.
num_space_committed: 844.
num_space_uncommitted: 0.
num_chunks_returned_to_freelist: 253.
num_chunks_taken_from_freelist: 2444.
num_chunk_merges: 83.
num_chunk_splits: 1680.
num_chunks_enlarged: 1272.
num_purges: 8.
num_inconsistent_stats: 0.

CodeCache: size=49152Kb used=14088Kb max_used=15718Kb free=35063Kb
 bounds [0x0000021f121c0000, 0x0000021f13170000, 0x0000021f151c0000]
 total_blobs=8207 nmethods=7623 adapters=511
 compilation: enabled
              stopped_count=0, restarted_count=0
 full_count=0

Compilation events (20 events):
Event: 11225.538 Thread 0x0000021f2b63fd40 7613       1       org.eclipse.lsp4j.FileEvent::getType (5 bytes)
Event: 11225.538 Thread 0x0000021f2b63fd40 nmethod 7613 0x0000021f12f73f90 code [0x0000021f12f74120, 0x0000021f12f741f8]
Event: 11499.833 Thread 0x0000021f2b63fd40 7614       1       com.google.gson.internal.bind.TypeAdapters$15::write (10 bytes)
Event: 11499.834 Thread 0x0000021f2b63fd40 nmethod 7614 0x0000021f12f73a10 code [0x0000021f12f73be0, 0x0000021f12f73e28]
Event: 11499.834 Thread 0x0000021f2b63fd40 7615       1       com.google.gson.internal.bind.TypeAdapters$15::write (7 bytes)
Event: 11499.834 Thread 0x0000021f2b63fd40 nmethod 7615 0x0000021f12f73510 code [0x0000021f12f736e0, 0x0000021f12f738e8]
Event: 11660.002 Thread 0x0000021f2b63fd40 7616       1       org.springframework.ide.vscode.boot.app.SpringSymbolIndex$$Lambda$893/0x000000080077aed8::test (12 bytes)
Event: 11660.002 Thread 0x0000021f2b63fd40 nmethod 7616 0x0000021f12f73190 code [0x0000021f12f73320, 0x0000021f12f73448]
Event: 11660.002 Thread 0x0000021f2b63fd40 7617       1       org.springframework.ide.vscode.boot.app.SpringSymbolIndex::lambda$getDocumentsInterestingForIndexer$18 (8 bytes)
Event: 11660.002 Thread 0x0000021f2b63fd40 nmethod 7617 0x0000021f12f72e90 code [0x0000021f12f73020, 0x0000021f12f730e8]
Event: 12425.293 Thread 0x0000021f2b63fd40 7618       1       java.util.concurrent.SynchronousQueue::isEmpty (2 bytes)
Event: 12425.293 Thread 0x0000021f2b63fd40 nmethod 7618 0x0000021f12f72b90 code [0x0000021f12f72d20, 0x0000021f12f72df8]
Event: 12452.154 Thread 0x0000021f2b63fd40 7619       1       java.net.URI::equal (19 bytes)
Event: 12452.154 Thread 0x0000021f2b63fd40 nmethod 7619 0x0000021f12f72890 code [0x0000021f12f72a20, 0x0000021f12f72b08]
Event: 12452.154 Thread 0x0000021f2b63fd40 7620       1       java.net.URI::percentNormalizedComparison (221 bytes)
Event: 12452.156 Thread 0x0000021f2b63fd40 nmethod 7620 0x0000021f12f70e90 code [0x0000021f12f71160, 0x0000021f12f71e48]
Event: 13954.331 Thread 0x0000021f2b63fd40 7621       1       java.lang.ProcessImpl$2::run (242 bytes)
Event: 13954.499 Thread 0x0000021f2b63fd40 nmethod 7621 0x0000021f12f6f390 code [0x0000021f12f6f640, 0x0000021f12f70498]
Event: 15259.770 Thread 0x0000021f2b63fd40 7625       1       java.lang.ProcessImpl::waitFor (136 bytes)
Event: 15259.770 Thread 0x0000021f2b63fd40 nmethod 7625 0x0000021f12f6eb10 code [0x0000021f12f6ed20, 0x0000021f12f6f138]

GC Heap History (20 events):
Event: 20348.027 GC heap before
{Heap before GC invocations=1049 (full 1009):
 garbage-first heap   total 110592K, used 28811K [0x0000000600c00000, 0x0000000800000000)
  region size 4096K, 1 young (4096K), 0 survivors (0K)
 Metaspace       used 53545K, committed 54016K, reserved 1097728K
  class space    used 7413K, committed 7616K, reserved 1048576K
}
Event: 20348.052 GC heap after
{Heap after GC invocations=1050 (full 1010):
 garbage-first heap   total 110592K, used 28811K [0x0000000600c00000, 0x0000000800000000)
  region size 4096K, 0 young (0K), 0 survivors (0K)
 Metaspace       used 53545K, committed 54016K, reserved 1097728K
  class space    used 7413K, committed 7616K, reserved 1048576K
}
Event: 20358.217 GC heap before
{Heap before GC invocations=1050 (full 1010):
 garbage-first heap   total 110592K, used 28811K [0x0000000600c00000, 0x0000000800000000)
  region size 4096K, 1 young (4096K), 0 survivors (0K)
 Metaspace       used 53545K, committed 54016K, reserved 1097728K
  class space    used 7413K, committed 7616K, reserved 1048576K
}
Event: 20358.246 GC heap after
{Heap after GC invocations=1051 (full 1011):
 garbage-first heap   total 110592K, used 28811K [0x0000000600c00000, 0x0000000800000000)
  region size 4096K, 0 young (0K), 0 survivors (0K)
 Metaspace       used 53545K, committed 54016K, reserved 1097728K
  class space    used 7413K, committed 7616K, reserved 1048576K
}
Event: 20368.395 GC heap before
{Heap before GC invocations=1051 (full 1011):
 garbage-first heap   total 110592K, used 28811K [0x0000000600c00000, 0x0000000800000000)
  region size 4096K, 1 young (4096K), 0 survivors (0K)
 Metaspace       used 53545K, committed 54016K, reserved 1097728K
  class space    used 7413K, committed 7616K, reserved 1048576K
}
Event: 20368.422 GC heap after
{Heap after GC invocations=1052 (full 1012):
 garbage-first heap   total 110592K, used 28811K [0x0000000600c00000, 0x0000000800000000)
  region size 4096K, 0 young (0K), 0 survivors (0K)
 Metaspace       used 53545K, committed 54016K, reserved 1097728K
  class space    used 7413K, committed 7616K, reserved 1048576K
}
Event: 20378.584 GC heap before
{Heap before GC invocations=1052 (full 1012):
 garbage-first heap   total 110592K, used 28811K [0x0000000600c00000, 0x0000000800000000)
  region size 4096K, 1 young (4096K), 0 survivors (0K)
 Metaspace       used 53545K, committed 54016K, reserved 1097728K
  class space    used 7413K, committed 7616K, reserved 1048576K
}
Event: 20378.613 GC heap after
{Heap after GC invocations=1053 (full 1013):
 garbage-first heap   total 110592K, used 28811K [0x0000000600c00000, 0x0000000800000000)
  region size 4096K, 0 young (0K), 0 survivors (0K)
 Metaspace       used 53545K, committed 54016K, reserved 1097728K
  class space    used 7413K, committed 7616K, reserved 1048576K
}
Event: 20388.763 GC heap before
{Heap before GC invocations=1053 (full 1013):
 garbage-first heap   total 110592K, used 28811K [0x0000000600c00000, 0x0000000800000000)
  region size 4096K, 1 young (4096K), 0 survivors (0K)
 Metaspace       used 53545K, committed 54016K, reserved 1097728K
  class space    used 7413K, committed 7616K, reserved 1048576K
}
Event: 20388.790 GC heap after
{Heap after GC invocations=1054 (full 1014):
 garbage-first heap   total 110592K, used 28811K [0x0000000600c00000, 0x0000000800000000)
  region size 4096K, 0 young (0K), 0 survivors (0K)
 Metaspace       used 53545K, committed 54016K, reserved 1097728K
  class space    used 7413K, committed 7616K, reserved 1048576K
}
Event: 20398.963 GC heap before
{Heap before GC invocations=1054 (full 1014):
 garbage-first heap   total 110592K, used 28811K [0x0000000600c00000, 0x0000000800000000)
  region size 4096K, 1 young (4096K), 0 survivors (0K)
 Metaspace       used 53545K, committed 54016K, reserved 1097728K
  class space    used 7413K, committed 7616K, reserved 1048576K
}
Event: 20398.991 GC heap after
{Heap after GC invocations=1055 (full 1015):
 garbage-first heap   total 110592K, used 28811K [0x0000000600c00000, 0x0000000800000000)
  region size 4096K, 0 young (0K), 0 survivors (0K)
 Metaspace       used 53545K, committed 54016K, reserved 1097728K
  class space    used 7413K, committed 7616K, reserved 1048576K
}
Event: 20409.480 GC heap before
{Heap before GC invocations=1055 (full 1015):
 garbage-first heap   total 110592K, used 28811K [0x0000000600c00000, 0x0000000800000000)
  region size 4096K, 1 young (4096K), 0 survivors (0K)
 Metaspace       used 53545K, committed 54016K, reserved 1097728K
  class space    used 7413K, committed 7616K, reserved 1048576K
}
Event: 20409.508 GC heap after
{Heap after GC invocations=1056 (full 1016):
 garbage-first heap   total 110592K, used 28811K [0x0000000600c00000, 0x0000000800000000)
  region size 4096K, 0 young (0K), 0 survivors (0K)
 Metaspace       used 53545K, committed 54016K, reserved 1097728K
  class space    used 7413K, committed 7616K, reserved 1048576K
}
Event: 20419.821 GC heap before
{Heap before GC invocations=1056 (full 1016):
 garbage-first heap   total 110592K, used 28811K [0x0000000600c00000, 0x0000000800000000)
  region size 4096K, 1 young (4096K), 0 survivors (0K)
 Metaspace       used 53545K, committed 54016K, reserved 1097728K
  class space    used 7413K, committed 7616K, reserved 1048576K
}
Event: 20419.849 GC heap after
{Heap after GC invocations=1057 (full 1017):
 garbage-first heap   total 110592K, used 28811K [0x0000000600c00000, 0x0000000800000000)
  region size 4096K, 0 young (0K), 0 survivors (0K)
 Metaspace       used 53545K, committed 54016K, reserved 1097728K
  class space    used 7413K, committed 7616K, reserved 1048576K
}
Event: 20430.041 GC heap before
{Heap before GC invocations=1057 (full 1017):
 garbage-first heap   total 110592K, used 28811K [0x0000000600c00000, 0x0000000800000000)
  region size 4096K, 1 young (4096K), 0 survivors (0K)
 Metaspace       used 53545K, committed 54016K, reserved 1097728K
  class space    used 7413K, committed 7616K, reserved 1048576K
}
Event: 20430.070 GC heap after
{Heap after GC invocations=1058 (full 1018):
 garbage-first heap   total 110592K, used 28811K [0x0000000600c00000, 0x0000000800000000)
  region size 4096K, 0 young (0K), 0 survivors (0K)
 Metaspace       used 53545K, committed 54016K, reserved 1097728K
  class space    used 7413K, committed 7616K, reserved 1048576K
}
Event: 20440.239 GC heap before
{Heap before GC invocations=1058 (full 1018):
 garbage-first heap   total 110592K, used 28811K [0x0000000600c00000, 0x0000000800000000)
  region size 4096K, 1 young (4096K), 0 survivors (0K)
 Metaspace       used 53545K, committed 54016K, reserved 1097728K
  class space    used 7413K, committed 7616K, reserved 1048576K
}
Event: 20440.266 GC heap after
{Heap after GC invocations=1059 (full 1019):
 garbage-first heap   total 110592K, used 28811K [0x0000000600c00000, 0x0000000800000000)
  region size 4096K, 0 young (0K), 0 survivors (0K)
 Metaspace       used 53545K, committed 54016K, reserved 1097728K
  class space    used 7413K, committed 7616K, reserved 1048576K
}

Dll operation events (8 events):
Event: 0.090 Loaded shared library c:\Users\tomok\.vscode\extensions\redhat.java-1.13.0-win32-x64\jre\17.0.5-win32-x86_64\bin\java.dll
Event: 0.460 Loaded shared library C:\Users\tomok\.vscode\extensions\redhat.java-1.13.0-win32-x64\jre\17.0.5-win32-x86_64\bin\net.dll
Event: 0.462 Loaded shared library C:\Users\tomok\.vscode\extensions\redhat.java-1.13.0-win32-x64\jre\17.0.5-win32-x86_64\bin\nio.dll
Event: 0.958 Loaded shared library C:\Users\tomok\.vscode\extensions\redhat.java-1.13.0-win32-x64\jre\17.0.5-win32-x86_64\bin\zip.dll
Event: 85.607 Loaded shared library C:\Users\tomok\.vscode\extensions\redhat.java-1.13.0-win32-x64\jre\17.0.5-win32-x86_64\bin\jimage.dll
Event: 101.529 Loaded shared library c:\Users\tomok\.vscode\extensions\redhat.java-1.13.0-win32-x64\jre\17.0.5-win32-x86_64\bin\verify.dll
Event: 103.838 Loaded shared library C:\Users\tomok\.vscode\extensions\redhat.java-1.13.0-win32-x64\jre\17.0.5-win32-x86_64\bin\management.dll
Event: 103.845 Loaded shared library C:\Users\tomok\.vscode\extensions\redhat.java-1.13.0-win32-x64\jre\17.0.5-win32-x86_64\bin\management_ext.dll

Deoptimization events (20 events):
Event: 104.039 Thread 0x0000021f2d74ea60 DEOPT PACKING pc=0x0000021f129957ed sp=0x0000004caacfd760
Event: 104.039 Thread 0x0000021f2d74ea60 DEOPT UNPACKING pc=0x0000021f12212b43 sp=0x0000004caacfcc88 mode 3
Event: 104.147 Thread 0x0000021f2d7728a0 DEOPT PACKING pc=0x0000021f129b8013 sp=0x0000004cab0fe3c0
Event: 104.147 Thread 0x0000021f2d7728a0 DEOPT UNPACKING pc=0x0000021f12212b43 sp=0x0000004cab0fd908 mode 3
Event: 104.284 Thread 0x0000021f2d64a5d0 DEOPT PACKING pc=0x0000021f12778109 sp=0x0000004caabfdae0
Event: 104.284 Thread 0x0000021f2d64a5d0 DEOPT UNPACKING pc=0x0000021f12212b43 sp=0x0000004caabfcf70 mode 3
Event: 104.791 Thread 0x0000021f2d74ea60 DEOPT PACKING pc=0x0000021f1277629f sp=0x0000004caacfefd0
Event: 104.791 Thread 0x0000021f2d74ea60 DEOPT UNPACKING pc=0x0000021f12212b43 sp=0x0000004caacfe428 mode 3
Event: 109.801 Thread 0x0000021f2d7728a0 DEOPT PACKING pc=0x0000021f1275fe62 sp=0x0000004cab0fcb40
Event: 109.801 Thread 0x0000021f2d7728a0 DEOPT UNPACKING pc=0x0000021f12212b43 sp=0x0000004cab0fc048 mode 3
Event: 110.162 Thread 0x0000021f2d7728a0 DEOPT PACKING pc=0x0000021f12eb183c sp=0x0000004cab0fdf60
Event: 110.162 Thread 0x0000021f2d7728a0 DEOPT UNPACKING pc=0x0000021f12212b43 sp=0x0000004cab0fd458 mode 0
Event: 110.162 Thread 0x0000021f2d7728a0 DEOPT PACKING pc=0x0000021f12ed7e34 sp=0x0000004cab0fe030
Event: 110.162 Thread 0x0000021f2d7728a0 DEOPT UNPACKING pc=0x0000021f12212b43 sp=0x0000004cab0fd508 mode 0
Event: 110.162 Thread 0x0000021f2d7728a0 DEOPT PACKING pc=0x0000021f12df067c sp=0x0000004cab0fe0e0
Event: 110.162 Thread 0x0000021f2d7728a0 DEOPT UNPACKING pc=0x0000021f12212b43 sp=0x0000004cab0fd660 mode 0
Event: 110.162 Thread 0x0000021f2d7728a0 DEOPT PACKING pc=0x0000021f12ec8c9c sp=0x0000004cab0fe400
Event: 110.163 Thread 0x0000021f2d7728a0 DEOPT UNPACKING pc=0x0000021f12212b43 sp=0x0000004cab0fd890 mode 0
Event: 3778.282 Thread 0x0000021f2d64a5d0 DEOPT PACKING pc=0x0000021f128bd5d4 sp=0x0000004caabfeff0
Event: 3778.282 Thread 0x0000021f2d64a5d0 DEOPT UNPACKING pc=0x0000021f12212b43 sp=0x0000004caabfe498 mode 0

Classes unloaded (20 events):
Event: 215.006 Thread 0x0000021f28ccd0f0 Unloading class 0x000000080076d400 'jdk/internal/reflect/GeneratedConstructorAccessor23'
Event: 215.006 Thread 0x0000021f28ccd0f0 Unloading class 0x000000080076d000 'jdk/internal/reflect/GeneratedConstructorAccessor22'
Event: 215.006 Thread 0x0000021f28ccd0f0 Unloading class 0x000000080076cc00 'jdk/internal/reflect/GeneratedConstructorAccessor21'
Event: 215.006 Thread 0x0000021f28ccd0f0 Unloading class 0x000000080076c800 'jdk/internal/reflect/GeneratedConstructorAccessor20'
Event: 215.006 Thread 0x0000021f28ccd0f0 Unloading class 0x000000080076c400 'jdk/internal/reflect/GeneratedConstructorAccessor19'
Event: 215.006 Thread 0x0000021f28ccd0f0 Unloading class 0x000000080072c000 'jdk/internal/reflect/GeneratedMethodAccessor21'
Event: 215.006 Thread 0x0000021f28ccd0f0 Unloading class 0x00000008000cb800 'java/lang/invoke/LambdaForm$MH+0x00000008000cb800'
Event: 215.006 Thread 0x0000021f28ccd0f0 Unloading class 0x00000008000cb400 'java/lang/invoke/LambdaForm$MH+0x00000008000cb400'
Event: 215.006 Thread 0x0000021f28ccd0f0 Unloading class 0x00000008000cb000 'java/lang/invoke/LambdaForm$MH+0x00000008000cb000'
Event: 215.006 Thread 0x0000021f28ccd0f0 Unloading class 0x00000008000cac00 'java/lang/invoke/LambdaForm$MH+0x00000008000cac00'
Event: 215.006 Thread 0x0000021f28ccd0f0 Unloading class 0x00000008000ca800 'java/lang/invoke/LambdaForm$MH+0x00000008000ca800'
Event: 215.006 Thread 0x0000021f28ccd0f0 Unloading class 0x00000008000ca400 'java/lang/invoke/LambdaForm$MH+0x00000008000ca400'
Event: 215.006 Thread 0x0000021f28ccd0f0 Unloading class 0x00000008000c8400 'java/lang/invoke/LambdaForm$MH+0x00000008000c8400'
Event: 13687.095 Thread 0x0000021f28ccd0f0 Unloading class 0x00000008004f0000 'java/lang/invoke/LambdaForm$MH+0x00000008004f0000'
Event: 13687.095 Thread 0x0000021f28ccd0f0 Unloading class 0x0000000800535400 'java/lang/invoke/LambdaForm$MH+0x0000000800535400'
Event: 13687.095 Thread 0x0000021f28ccd0f0 Unloading class 0x0000000800536400 'java/lang/invoke/LambdaForm$MH+0x0000000800536400'
Event: 13687.095 Thread 0x0000021f28ccd0f0 Unloading class 0x00000008000c8400 'java/lang/invoke/LambdaForm$MH+0x00000008000c8400'
Event: 13687.095 Thread 0x0000021f28ccd0f0 Unloading class 0x00000008000cb800 'java/lang/invoke/LambdaForm$MH+0x00000008000cb800'
Event: 13687.095 Thread 0x0000021f28ccd0f0 Unloading class 0x000000080072c000 'java/lang/invoke/LambdaForm$MH+0x000000080072c000'
Event: 13687.095 Thread 0x0000021f28ccd0f0 Unloading class 0x000000080076c400 'java/lang/invoke/LambdaForm$MH+0x000000080076c400'

Classes redefined (0 events):
No events

Internal exceptions (20 events):
Event: 109.567 Thread 0x0000021f2d906a80 Exception <a 'sun/nio/fs/WindowsException'{0x000000062e20f2e0}> (0x000000062e20f2e0) 
thrown [s\src\hotspot\share\prims\jni.cpp, line 516]
Event: 109.567 Thread 0x0000021f2d906a80 Exception <a 'sun/nio/fs/WindowsException'{0x000000062e20fcd0}> (0x000000062e20fcd0) 
thrown [s\src\hotspot\share\prims\jni.cpp, line 516]
Event: 109.567 Thread 0x0000021f2d906a80 Exception <a 'sun/nio/fs/WindowsException'{0x000000062e210078}> (0x000000062e210078) 
thrown [s\src\hotspot\share\prims\jni.cpp, line 516]
Event: 109.568 Thread 0x0000021f2d906a80 Exception <a 'sun/nio/fs/WindowsException'{0x000000062e210a78}> (0x000000062e210a78) 
thrown [s\src\hotspot\share\prims\jni.cpp, line 516]
Event: 109.569 Thread 0x0000021f2d906a80 Exception <a 'sun/nio/fs/WindowsException'{0x000000062e210e38}> (0x000000062e210e38) 
thrown [s\src\hotspot\share\prims\jni.cpp, line 516]
Event: 109.570 Thread 0x0000021f2d906a80 Exception <a 'sun/nio/fs/WindowsException'{0x000000062e211838}> (0x000000062e211838) 
thrown [s\src\hotspot\share\prims\jni.cpp, line 516]
Event: 109.570 Thread 0x0000021f2d906a80 Exception <a 'sun/nio/fs/WindowsException'{0x000000062e211be8}> (0x000000062e211be8) 
thrown [s\src\hotspot\share\prims\jni.cpp, line 516]
Event: 109.570 Thread 0x0000021f2d906a80 Exception <a 'sun/nio/fs/WindowsException'{0x000000062e2125e8}> (0x000000062e2125e8) 
thrown [s\src\hotspot\share\prims\jni.cpp, line 516]
Event: 109.570 Thread 0x0000021f2d906a80 Exception <a 'sun/nio/fs/WindowsException'{0x000000062e2129a8}> (0x000000062e2129a8) 
thrown [s\src\hotspot\share\prims\jni.cpp, line 516]
Event: 109.570 Thread 0x0000021f2d906a80 Exception <a 'sun/nio/fs/WindowsException'{0x000000062e2133d0}> (0x000000062e2133d0) 
thrown [s\src\hotspot\share\prims\jni.cpp, line 516]
Event: 109.570 Thread 0x0000021f2d906a80 Exception <a 'sun/nio/fs/WindowsException'{0x000000062e2137b0}> (0x000000062e2137b0) 
thrown [s\src\hotspot\share\prims\jni.cpp, line 516]
Event: 109.571 Thread 0x0000021f2d906a80 Exception <a 'sun/nio/fs/WindowsException'{0x000000062e2141e8}> (0x000000062e2141e8) 
thrown [s\src\hotspot\share\prims\jni.cpp, line 516]
Event: 109.571 Thread 0x0000021f2d906a80 Exception <a 'sun/nio/fs/WindowsException'{0x000000062e2145d8}> (0x000000062e2145d8) 
thrown [s\src\hotspot\share\prims\jni.cpp, line 516]
Event: 109.571 Thread 0x0000021f2d906a80 Exception <a 'sun/nio/fs/WindowsException'{0x000000062e215000}> (0x000000062e215000) 
thrown [s\src\hotspot\share\prims\jni.cpp, line 516]
Event: 109.571 Thread 0x0000021f2d906a80 Exception <a 'sun/nio/fs/WindowsException'{0x000000062e2153f0}> (0x000000062e2153f0) 
thrown [s\src\hotspot\share\prims\jni.cpp, line 516]
Event: 109.619 Thread 0x0000021f2d7728a0 Exception <a 'java/lang/NoSuchMethodError'{0x000000062e1f5b00}: 'void java.lang.invoke.DirectMethodHandle$Holder.invokeStatic(java.lang.Object, java.lang.Object, java.lang.Object, java.lang.Object, java.lang.Object, java.lang.Object, java.lang.Object)'> (0x000000062e1f5b00) 
thrown [s\src\hotspot\share\interpreter\linkResolver.cpp, line 759]
Event: 153.821 Thread 0x0000021f2d5571c0 Exception <a 'java/lang/NoSuchMethodError'{0x00000006236dfbf0}: 'void java.lang.invoke.DirectMethodHandle$Holder.invokeStatic(java.lang.Object, long)'> (0x00000006236dfbf0) 
thrown [s\src\hotspot\share\interpreter\linkResolver.cpp, line 759]
Event: 153.822 Thread 0x0000021f2d5571c0 Exception <a 'java/lang/NoSuchMethodError'{0x00000006236e4f98}: 'java.lang.Object java.lang.invoke.DirectMethodHandle$Holder.newInvokeSpecial(java.lang.Object, long)'> (0x00000006236e4f98) 
thrown [s\src\hotspot\share\interpreter\linkResolver.cpp, line 759]
Event: 3780.776 Thread 0x0000021f2d90a440 Exception <a 'java/lang/NoSuchMethodError'{0x0000000607045cb0}: 'java.lang.Object java.lang.invoke.DirectMethodHandle$Holder.newInvokeSpecial(java.lang.Object, java.lang.Object, int, java.lang.Object)'> (0x0000000607045cb0) 
thrown [s\src\hotspot\share\interpreter\linkResolver.cpp, line 759]
Event: 3780.777 Thread 0x0000021f2d90a440 Exception <a 'java/lang/NoSuchMethodError'{0x00000006070495d0}: 'java.lang.Object java.lang.invoke.Invokers$Holder.linkToTargetMethod(java.lang.Object, int, java.lang.Object, java.lang.Object)'> (0x00000006070495d0) 
thrown [s\src\hotspot\share\interpreter\linkResolver.cpp, line 759]

VM Operations (20 events):
Event: 20348.053 Executing VM operation: G1CollectFull done
Event: 20358.217 Executing VM operation: G1CollectFull
Event: 20358.246 Executing VM operation: G1CollectFull done
Event: 20368.395 Executing VM operation: G1CollectFull
Event: 20368.422 Executing VM operation: G1CollectFull done
Event: 20378.583 Executing VM operation: G1CollectFull
Event: 20378.613 Executing VM operation: G1CollectFull done
Event: 20388.763 Executing VM operation: G1CollectFull
Event: 20388.790 Executing VM operation: G1CollectFull done
Event: 20398.963 Executing VM operation: G1CollectFull
Event: 20398.991 Executing VM operation: G1CollectFull done
Event: 20409.480 Executing VM operation: G1CollectFull
Event: 20409.508 Executing VM operation: G1CollectFull done
Event: 20419.766 Executing VM operation: G1CollectFull
Event: 20419.850 Executing VM operation: G1CollectFull done
Event: 20430.040 Executing VM operation: G1CollectFull
Event: 20430.070 Executing VM operation: G1CollectFull done
Event: 20440.238 Executing VM operation: G1CollectFull
Event: 20440.266 Executing VM operation: G1CollectFull done
Event: 20450.457 Executing VM operation: G1CollectFull

Events (20 events):
Event: 12426.513 Thread 0x0000021f2d909aa0 Thread added: 0x0000021f2d909aa0
Event: 12428.865 Thread 0x0000021f2d9078f0 Thread added: 0x0000021f2d9078f0
Event: 12512.855 Thread 0x0000021f2d9078f0 Thread exited: 0x0000021f2d9078f0
Event: 12515.704 Thread 0x0000021f2d9065b0 Thread exited: 0x0000021f2d9065b0
Event: 12527.157 Thread 0x0000021f2d904da0 Thread exited: 0x0000021f2d904da0
Event: 12527.600 Thread 0x0000021f2d9048d0 Thread exited: 0x0000021f2d9048d0
Event: 12528.727 Thread 0x0000021f2d9065b0 Thread added: 0x0000021f2d9065b0
Event: 12541.139 Thread 0x0000021f2d909aa0 Thread exited: 0x0000021f2d909aa0
Event: 12588.728 Thread 0x0000021f2d909100 Thread exited: 0x0000021f2d909100
Event: 12594.873 Thread 0x0000021f2d9078f0 Thread added: 0x0000021f2d9078f0
Event: 12654.875 Thread 0x0000021f2d9065b0 Thread exited: 0x0000021f2d9065b0
Event: 12684.059 Thread 0x0000021f2d909aa0 Thread added: 0x0000021f2d909aa0
Event: 12744.060 Thread 0x0000021f2d909aa0 Thread exited: 0x0000021f2d909aa0
Event: 12752.197 Thread 0x0000021f2d9048d0 Thread added: 0x0000021f2d9048d0
Event: 12812.198 Thread 0x0000021f2d9048d0 Thread exited: 0x0000021f2d9048d0
Event: 12817.112 Thread 0x0000021f2d9065b0 Thread added: 0x0000021f2d9065b0
Event: 12877.112 Thread 0x0000021f2d9078f0 Thread exited: 0x0000021f2d9078f0
Event: 12885.281 Thread 0x0000021f2d9078f0 Thread added: 0x0000021f2d9078f0
Event: 13004.412 Thread 0x0000021f2d9078f0 Thread exited: 0x0000021f2d9078f0
Event: 13715.813 Thread 0x0000021f2d9065b0 Thread exited: 0x0000021f2d9065b0


Dynamic libraries:
0x00007ff723380000 - 0x00007ff72338e000 	c:\Users\tomok\.vscode\extensions\redhat.java-1.13.0-win32-x64\jre\17.0.5-win32-x86_64\bin\java.exe
0x00007fff5d7b0000 - 0x00007fff5d9c4000 	C:\WINDOWS\SYSTEM32\ntdll.dll
0x00007fff5d260000 - 0x00007fff5d323000 	C:\WINDOWS\System32\KERNEL32.DLL
0x00007fff5ae80000 - 0x00007fff5b21d000 	C:\WINDOWS\System32\KERNELBASE.dll
0x00007fff5b400000 - 0x00007fff5b511000 	C:\WINDOWS\System32\ucrtbase.dll
0x00007ffedfc20000 - 0x00007ffedfc37000 	c:\Users\tomok\.vscode\extensions\redhat.java-1.13.0-win32-x64\jre\17.0.5-win32-x86_64\bin\jli.dll
0x00007fff5d5c0000 - 0x00007fff5d76d000 	C:\WINDOWS\System32\USER32.dll
0x00007fff5abd0000 - 0x00007fff5abf6000 	C:\WINDOWS\System32\win32u.dll
0x00007fff5bf70000 - 0x00007fff5bf99000 	C:\WINDOWS\System32\GDI32.dll
0x00007fff5b220000 - 0x00007fff5b332000 	C:\WINDOWS\System32\gdi32full.dll
0x00007fff5ac70000 - 0x00007fff5ad0a000 	C:\WINDOWS\System32\msvcp_win.dll
0x00007ffede4a0000 - 0x00007ffede4b9000 	c:\Users\tomok\.vscode\extensions\redhat.java-1.13.0-win32-x64\jre\17.0.5-win32-x86_64\bin\VCRUNTIME140.dll
0x00007fff41270000 - 0x00007fff414fe000 	C:\WINDOWS\WinSxS\amd64_microsoft.windows.common-controls_6595b64144ccf1df_6.0.22621.436_none_a94247dbc10d8414\COMCTL32.dll
0x00007fff5cda0000 - 0x00007fff5ce47000 	C:\WINDOWS\System32\msvcrt.dll
0x00007fff5c3b0000 - 0x00007fff5c3e2000 	C:\WINDOWS\System32\IMM32.DLL
0x00007ffefbf10000 - 0x00007ffefbf1c000 	c:\Users\tomok\.vscode\extensions\redhat.java-1.13.0-win32-x64\jre\17.0.5-win32-x86_64\bin\vcruntime140_1.dll
0x00007ffede400000 - 0x00007ffede491000 	c:\Users\tomok\.vscode\extensions\redhat.java-1.13.0-win32-x64\jre\17.0.5-win32-x86_64\bin\msvcp140.dll
0x00007ffea1ba0000 - 0x00007ffea27e4000 	c:\Users\tomok\.vscode\extensions\redhat.java-1.13.0-win32-x64\jre\17.0.5-win32-x86_64\bin\server\jvm.dll
0x00007fff5cc90000 - 0x00007fff5cd3e000 	C:\WINDOWS\System32\ADVAPI32.dll
0x00007fff5cbe0000 - 0x00007fff5cc84000 	C:\WINDOWS\System32\sechost.dll
0x00007fff5bbf0000 - 0x00007fff5bd05000 	C:\WINDOWS\System32\RPCRT4.dll
0x00007fff34c50000 - 0x00007fff34c59000 	C:\WINDOWS\SYSTEM32\WSOCK32.dll
0x00007fff5bee0000 - 0x00007fff5bf51000 	C:\WINDOWS\System32\WS2_32.dll
0x00007fff54390000 - 0x00007fff543c4000 	C:\WINDOWS\SYSTEM32\WINMM.dll
0x00007fff543d0000 - 0x00007fff543da000 	C:\WINDOWS\SYSTEM32\VERSION.dll
0x00007fff59ce0000 - 0x00007fff59cf8000 	C:\WINDOWS\SYSTEM32\kernel.appcore.dll
0x00007ffefb900000 - 0x00007ffefb90a000 	c:\Users\tomok\.vscode\extensions\redhat.java-1.13.0-win32-x64\jre\17.0.5-win32-x86_64\bin\jimage.dll
0x00007fff46050000 - 0x00007fff4627e000 	C:\WINDOWS\SYSTEM32\DBGHELP.DLL
0x00007fff5ced0000 - 0x00007fff5d25a000 	C:\WINDOWS\System32\combase.dll
0x00007fff5c000000 - 0x00007fff5c0d7000 	C:\WINDOWS\System32\OLEAUT32.dll
0x00007fff45920000 - 0x00007fff45952000 	C:\WINDOWS\SYSTEM32\dbgcore.DLL
0x00007fff5b520000 - 0x00007fff5b59b000 	C:\WINDOWS\System32\bcryptPrimitives.dll
0x00007ffede220000 - 0x00007ffede245000 	c:\Users\tomok\.vscode\extensions\redhat.java-1.13.0-win32-x64\jre\17.0.5-win32-x86_64\bin\java.dll
0x00007ffede200000 - 0x00007ffede218000 	c:\Users\tomok\.vscode\extensions\redhat.java-1.13.0-win32-x64\jre\17.0.5-win32-x86_64\bin\zip.dll
0x00007fff5c3f0000 - 0x00007fff5cbdf000 	C:\WINDOWS\System32\SHELL32.dll
0x00007fff58bc0000 - 0x00007fff59488000 	C:\WINDOWS\SYSTEM32\windows.storage.dll
0x00007fff58a80000 - 0x00007fff58bbe000 	C:\WINDOWS\SYSTEM32\wintypes.dll
0x00007fff5c100000 - 0x00007fff5c1f1000 	C:\WINDOWS\System32\SHCORE.dll
0x00007fff5cd40000 - 0x00007fff5cd9e000 	C:\WINDOWS\System32\shlwapi.dll
0x00007fff5ab00000 - 0x00007fff5ab21000 	C:\WINDOWS\SYSTEM32\profapi.dll
0x00007ffee1e30000 - 0x00007ffee1e49000 	C:\Users\tomok\.vscode\extensions\redhat.java-1.13.0-win32-x64\jre\17.0.5-win32-x86_64\bin\net.dll
0x00007fff54210000 - 0x00007fff5433f000 	C:\WINDOWS\SYSTEM32\WINHTTP.dll
0x00007fff5a130000 - 0x00007fff5a199000 	C:\WINDOWS\system32\mswsock.dll
0x00007ffee1e10000 - 0x00007ffee1e25000 	C:\Users\tomok\.vscode\extensions\redhat.java-1.13.0-win32-x64\jre\17.0.5-win32-x86_64\bin\nio.dll
0x00007fff545c0000 - 0x00007fff545d0000 	c:\Users\tomok\.vscode\extensions\redhat.java-1.13.0-win32-x64\jre\17.0.5-win32-x86_64\bin\verify.dll
0x00007fff5a340000 - 0x00007fff5a35b000 	C:\WINDOWS\SYSTEM32\CRYPTSP.dll
0x00007fff59c50000 - 0x00007fff59c85000 	C:\WINDOWS\system32\rsaenh.dll
0x00007fff5a1e0000 - 0x00007fff5a208000 	C:\WINDOWS\SYSTEM32\USERENV.dll
0x00007fff5a570000 - 0x00007fff5a598000 	C:\WINDOWS\SYSTEM32\bcrypt.dll
0x00007fff5a360000 - 0x00007fff5a36c000 	C:\WINDOWS\SYSTEM32\CRYPTBASE.dll
0x00007fff59750000 - 0x00007fff5977d000 	C:\WINDOWS\SYSTEM32\IPHLPAPI.DLL
0x00007fff5bf60000 - 0x00007fff5bf69000 	C:\WINDOWS\System32\NSI.dll
0x00007fff54100000 - 0x00007fff54119000 	C:\WINDOWS\SYSTEM32\dhcpcsvc6.DLL
0x00007fff540e0000 - 0x00007fff540ff000 	C:\WINDOWS\SYSTEM32\dhcpcsvc.DLL
0x00007fff597c0000 - 0x00007fff598b2000 	C:\WINDOWS\SYSTEM32\DNSAPI.dll
0x00007fff545b0000 - 0x00007fff545b9000 	C:\Users\tomok\.vscode\extensions\redhat.java-1.13.0-win32-x64\jre\17.0.5-win32-x86_64\bin\management.dll
0x00007fff49610000 - 0x00007fff4961b000 	C:\Users\tomok\.vscode\extensions\redhat.java-1.13.0-win32-x64\jre\17.0.5-win32-x86_64\bin\management_ext.dll
0x00007fff5bed0000 - 0x00007fff5bed8000 	C:\WINDOWS\System32\PSAPI.DLL

dbghelp: loaded successfully - version: 4.0.5 - missing functions: none
symbol engine: initialized successfully - sym options: 0x614 - pdb path: .;c:\Users\tomok\.vscode\extensions\redhat.java-1.13.0-win32-x64\jre\17.0.5-win32-x86_64\bin;C:\WINDOWS\SYSTEM32;C:\WINDOWS\WinSxS\amd64_microsoft.windows.common-controls_6595b64144ccf1df_6.0.22621.436_none_a94247dbc10d8414;c:\Users\tomok\.vscode\extensions\redhat.java-1.13.0-win32-x64\jre\17.0.5-win32-x86_64\bin\server

VM Arguments:
jvm_args: -Dsts.lsp.client=vscode -Dsts.log.file=/dev/null -XX:TieredStopAtLevel=1 -Xlog:jni+resolve=off -Dspring.config.location=file:c:\Users\tomok\.vscode\extensions\pivotal.vscode-spring-boot-1.43.0\language-server\BOOT-INF\classes\application.properties 
java_command: org.springframework.ide.vscode.boot.app.BootLanguageServerBootApp
java_class_path (initial): c:\Users\tomok\.vscode\extensions\pivotal.vscode-spring-boot-1.43.0\language-server\BOOT-INF\classes;c:\Users\tomok\.vscode\extensions\pivotal.vscode-spring-boot-1.43.0\language-server\BOOT-INF\lib\annotations-23.1.0.jar;c:\Users\tomok\.vscode\extensions\pivotal.vscode-spring-boot-1.43.0\language-server\BOOT-INF\lib\ant-1.10.12.jar;c:\Users\tomok\.vscode\extensions\pivotal.vscode-spring-boot-1.43.0\language-server\BOOT-INF\lib\ant-launcher-1.10.12.jar;c:\Users\tomok\.vscode\extensions\pivotal.vscode-spring-boot-1.43.0\language-server\BOOT-INF\lib\antlr-runtime-3.5.2.jar;c:\Users\tomok\.vscode\extensions\pivotal.vscode-spring-boot-1.43.0\language-server\BOOT-INF\lib\antlr4-4.9.3.jar;c:\Users\tomok\.vscode\extensions\pivotal.vscode-spring-boot-1.43.0\language-server\BOOT-INF\lib\antlr4-runtime-4.9.3.jar;c:\Users\tomok\.vscode\extensions\pivotal.vscode-spring-boot-1.43.0\language-server\BOOT-INF\lib\apiguardian-api-1.1.2.jar;c:\Users\tomok\.vscode\extensions\pivotal.vscode-spring-boot-1.43.0\language-server\BOOT-INF\lib\asm-9.4.jar;c:\Users\tomok\.vscode\extensions\pivotal.vscode-spring-boot-1.43.0\language-server\BOOT-INF\lib\asm-analysis-9.4.jar;c:\Users\tomok\.vscode\extensions\pivotal.vscode-spring-boot-1.43.0\language-server\BOOT-INF\lib\asm-tree-9.4.jar;c:\Users\tomok\.vscode\extensions\pivotal.vscode-spring-boot-1.43.0\language-server\BOOT-INF\lib\asm-util-9.4.jar;c:\Users\tomok\.vscode\extensions\pivotal.vscode-spring-boot-1.43.0\language-server\BOOT-INF\lib\caffeine-3.1.2.jar;c:\Users\tomok\.vscode\extensions\pivotal.vscode-spring-boot-1.43.0\language-server\BOOT-INF\lib\checker-qual-3.12.0.jar;c:\Users\tomok\.vscode\extensions\pivotal.vscode-spring-boot-1.43.0\language-server\BOOT-INF\lib\ci-environment-9.1.0.jar;c:\Users\tomok\.vscode\extensions\pivotal.vscode-spring-boot-1.43.0\language-server\BOOT-INF\lib\classgraph-4.8.149.jar;c:\Users\tomok\.vscode\extensions\pivotal.vscode-spring-boot-1.43.0\language-server\BOOT-INF\lib\comm
Launcher Type: SUN_STANDARD

[Global flags]
     intx CICompilerCount                          = 4                                         {product} {ergonomic}
     uint ConcGCThreads                            = 2                                         {product} {ergonomic}
     uint G1ConcRefinementThreads                  = 8                                         {product} {ergonomic}
   size_t G1HeapRegionSize                         = 4194304                                   {product} {ergonomic}
    uintx GCDrainStackTargetSize                   = 64                                        {product} {ergonomic}
   size_t InitialHeapSize                          = 536870912                                 {product} {ergonomic}
   size_t MarkStackSize                            = 4194304                                   {product} {ergonomic}
   size_t MaxHeapSize                              = 8577351680                                {product} {ergonomic}
   size_t MaxNewSize                               = 5146411008                                {product} {ergonomic}
   size_t MinHeapDeltaBytes                        = 4194304                                   {product} {ergonomic}
   size_t MinHeapSize                              = 8388608                                   {product} {ergonomic}
    uintx NonProfiledCodeHeapSize                  = 0                                      {pd product} {ergonomic}
     bool ProfileInterpreter                       = false                                  {pd product} {command line}
    uintx ProfiledCodeHeapSize                     = 0                                      {pd product} {ergonomic}
   size_t SoftMaxHeapSize                          = 8577351680                             {manageable} {ergonomic}
     intx TieredStopAtLevel                        = 1                                         {product} {command line}
     bool UseCompressedClassPointers               = true                           {product lp64_product} {ergonomic}
     bool UseCompressedOops                        = true                           {product lp64_product} {ergonomic}
     bool UseG1GC                                  = true                                      {product} {ergonomic}
     bool UseLargePagesIndividualAllocation        = false                                  {pd product} {ergonomic}

Logging:
Log output configuration:
 #0: stdout all=warning,jni+resolve=off uptime,level,tags
 #1: stderr all=off uptime,level,tags

Environment Variables:
JAVA_HOME=C:\Program Files\AdoptOpenJDK\jdk-11.0.10.9-hotspot
PATH=C:\Users\tomok\AppData\Local\cloud-code\installer\google-cloud-sdk\bin;C:\Program Files\Common Files\Oracle\Java\javapath;C:\Program Files\NVIDIA GPU Computing Toolkit\CUDA\v11.2\bin;C:\Program Files\NVIDIA GPU Computing Toolkit\CUDA\v11.2\libnvvp;C:\Program Files\AdoptOpenJDK\jdk-11.0.10.9-hotspot\bin;C:\Program Files (x86)\Common Files\Oracle\Java\javapath;C:\Windows\system32;C:\Windows;C:\Windows\System32\Wbem;C:\Users\tomok\AppData\Local\Programs\Python\Python310;C:\Windows\System32\WindowsPowerShell\v1.0\;C:\Windows\System32\OpenSSH\;C:\Program Files (x86)\Intel\Intel(R) Management Engine Components\DAL;C:\Program Files\Intel\Intel(R) Management Engine Components\DAL;C:\Program Files (x86)\NVIDIA Corporation\PhysX\Common;C:\Program Files\Microsoft SQL Server\130\Tools\Binn\;C:\xampp\mysql\bin;C:\Program Files (x86)\sbt\bin;C:\Program Files (x86)\scala\bin;C:\WINDOWS\system32;C:\WINDOWS;C:\WINDOWS\System32\Wbem;C:\WINDOWS\System32\WindowsPowerShell\v1.0\;C:\WINDOWS\System32\OpenSSH\;C:\Program Files\Calibre2\;C:\Program Files\MongoDB\Server\4.4\bin;C:\apache-maven-3.6.3-bin\apache-maven-3.6.3\bin;C:\xampp\php;C:\Program Files\Graphviz\bin;C:\Anaconda3;C:\Anaconda3\Library\bin;C:\Anaconda3\Scripts;C:\Program Files\NVIDIA Corporation\NVIDIA NvDLISR;C:\Program Files\NVIDIA Corporation\Nsight Compute 2020.3.0\;C:\Program Files\dotnet\;C:\Program Files\Microsoft SQL Server\Client SDK\ODBC\170\Tools\Binn\;C:\composer;C:\WINDOWS\system32;C:\WINDOWS;C:\WINDOWS\System32\Wbem;C:\WINDOWS\System32\WindowsPowerShell\v1.0\;C:\WINDOWS\System32\OpenSSH\;C:\ProgramData\ComposerSetup\bin;C:\Program Files\nodejs\;C:\ProgramData\chocolatey\bin;D:\Applications\chromedriver_win32;C:\Program Files\Docker\Docker\resources\bin;C:\Program Files\PowerShell\7\;C:\Users\tomok\AppData\Local\Microsoft\WindowsApps;C:\Program Files\JetBrains\IntelliJ IDEA Community Edition 2019.3\bin;C:\Users\tomok\.dotnet\tools;C:\Users\tomok\AppData\Local\Microsoft\WindowsApps;C:\Users\tomok\AppData\Local\P
USERNAME=tomok
OS=Windows_NT
PROCESSOR_IDENTIFIER=Intel64 Family 6 Model 158 Stepping 13, GenuineIntel
TMP=C:\Users\tomok\AppData\Local\Temp
TEMP=C:\Users\tomok\AppData\Local\Temp



---------------  S Y S T E M  ---------------

OS:
 Windows 11 , 64 bit Build 22621 (10.0.22621.1037)
OS uptime: 18 days 3:32 hours
Hyper-V role detected

CPU: total 8 (initial active 8) (8 cores per cpu, 1 threads per core) family 6 model 158 stepping 13 microcode 0xde, cx8, cmov, fxsr, mmx, 3dnowpref, sse, sse2, sse3, ssse3, sse4.1, sse4.2, popcnt, lzcnt, tsc, tscinvbit, avx, avx2, aes, erms, clmul, bmi1, bmi2, adx, fma, vzeroupper, clflush, clflushopt, hv

Memory: 4k page, system-wide physical 32709M (14852M free)
TotalPageFile size 131013M (AvailPageFile size 30M)
current process WorkingSet (physical memory assigned to process): 119M, peak: 1381M
current process commit charge ("private bytes"): 277M, peak: 1415M

vm_info: OpenJDK 64-Bit Server VM (17.0.5+8) for windows-amd64 JRE (17.0.5+8), built on Oct 19 2022 04:48:13 by "temurin" with MS VC++ 16.7 (VS2019)

END.
