#
# There is insufficient memory for the Java Runtime Environment to continue.
# Native memory allocation (mmap) failed to map 658505728 bytes for G1 virtual space
# Possible reasons:
#   The system is out of physical RAM or swap space
#   The process is running with CompressedOops enabled, and the Java Heap may be blocking the growth of the native heap
# Possible solutions:
#   Reduce memory load on the system
#   Increase physical memory or swap space
#   Check if swap backing store is full
#   Decrease Java heap size (-Xmx/-Xms)
#   Decrease number of Java threads
#   Decrease Java thread stack sizes (-Xss)
#   Set larger code cache with -XX:ReservedCodeCacheSize=
#   JVM is running with Zero Based Compressed Oops mode in which the Java heap is
#     placed in the first 32GB address space. The Java Heap base address is the
#     maximum limit for the native heap growth. Please use -XX:HeapBaseMinAddress
#     to set the Java Heap base and to place the Java Heap above 32GB virtual address.
# This output file may be truncated or incomplete.
#
#  Out of Memory Error (os_windows.cpp:3541), pid=5244, tid=24904
#
# JRE version: OpenJDK Runtime Environment Temurin-17.0.4.1+1 (17.0.4.1+1) (build 17.0.4.1+1)
# Java VM: OpenJDK 64-Bit Server VM Temurin-17.0.4.1+1 (17.0.4.1+1, mixed mode, emulated-client, tiered, compressed oops, compressed class ptrs, g1 gc, windows-amd64)
# No core dump will be written. Minidumps are not enabled by default on client versions of Windows
#

---------------  S U M M A R Y ------------

Command Line: -Dsts.lsp.client=vscode -Dsts.log.file=/dev/null -XX:TieredStopAtLevel=1 -Xlog:jni+resolve=off -Dspring.config.location=file:c:\Users\tomok\.vscode\extensions\pivotal.vscode-spring-boot-1.40.0\language-server\BOOT-INF\classes\application.properties org.springframework.ide.vscode.boot.app.BootLanguageServerBootApp

Host: Intel(R) Core(TM) i7-9700K CPU @ 3.60GHz, 8 cores, 31G,  Windows 11 , 64 bit Build 22621 (10.0.22621.891)
Time: Tue Nov 22 12:39:30 2022  Windows 11 , 64 bit Build 22621 (10.0.22621.891) elapsed time: 18.356144 seconds (0d 0h 0m 18s)

---------------  T H R E A D  ---------------

Current thread (0x0000021a7fc937d0):  VMThread "VM Thread" [stack: 0x000000d723c00000,0x000000d723d00000] [id=24904]

Stack: [0x000000d723c00000,0x000000d723d00000]
Native frames: (J=compiled Java code, j=interpreted, Vv=VM code, C=native code)
V  [jvm.dll+0x67731a]
V  [jvm.dll+0x832284]
V  [jvm.dll+0x833a2e]
V  [jvm.dll+0x834093]
V  [jvm.dll+0x245775]
V  [jvm.dll+0x674209]
V  [jvm.dll+0x668a92]
V  [jvm.dll+0x30471b]
V  [jvm.dll+0x30bc66]
V  [jvm.dll+0x35ba9e]
V  [jvm.dll+0x35bccf]
V  [jvm.dll+0x2db5b8]
V  [jvm.dll+0x2d986c]
V  [jvm.dll+0x2d8e3c]
V  [jvm.dll+0x31cd9b]
V  [jvm.dll+0x83853b]
V  [jvm.dll+0x839274]
V  [jvm.dll+0x83978c]
V  [jvm.dll+0x839b64]
V  [jvm.dll+0x839c30]
V  [jvm.dll+0x7e240a]
V  [jvm.dll+0x6761a5]
C  [ucrtbase.dll+0x29363]
C  [KERNEL32.DLL+0x1244d]
C  [ntdll.dll+0x5dfb8]

VM_Operation (0x000000d726cfe5a0): G1CollectForAllocation, mode: safepoint, requested by thread 0x0000021a18f38e20


---------------  P R O C E S S  ---------------

Threads class SMR info:
_java_thread_list=0x0000021a1909ad90, length=51, elements={
0x0000021a7fcae540, 0x0000021a7fca60c0, 0x0000021a1649c290, 0x0000021a1649cb50,
0x0000021a1649f420, 0x0000021a1649fce0, 0x0000021a164a05a0, 0x0000021a164a2eb0,
0x0000021a166af4e0, 0x0000021a166bfe00, 0x0000021a165af0e0, 0x0000021a18baefe0,
0x0000021a18dbc330, 0x0000021a18dea220, 0x0000021a7ab7b5c0, 0x0000021a18e0e4c0,
0x0000021a18e605a0, 0x0000021a18e716b0, 0x0000021a18e73d30, 0x0000021a18d202b0,
0x0000021a18d1f910, 0x0000021a18d20c50, 0x0000021a18d20780, 0x0000021a18d1f440,
0x0000021a18d1fde0, 0x0000021a18f33c50, 0x0000021a18f392f0, 0x0000021a18f362d0,
0x0000021a18f36c70, 0x0000021a18f38950, 0x0000021a18f332b0, 0x0000021a18f31aa0,
0x0000021a18f37fb0, 0x0000021a18f32910, 0x0000021a18f32440, 0x0000021a18f367a0,
0x0000021a18f38e20, 0x0000021a18f34ac0, 0x0000021a18f33780, 0x0000021a18f34120,
0x0000021a18f34f90, 0x0000021a18f345f0, 0x0000021a18f32de0, 0x0000021a18f31f70,
0x0000021a18f35460, 0x0000021a18f37140, 0x0000021a18f35930, 0x0000021a18f35e00,
0x0000021a18f37610, 0x0000021a18f37ae0, 0x0000021a1b0092c0
}

Java Threads: ( => current thread )
  0x0000021a7fcae540 JavaThread "Reference Handler" daemon [_thread_blocked, id=28360, stack(0x000000d723d00000,0x000000d723e00000)]
  0x0000021a7fca60c0 JavaThread "Finalizer" daemon [_thread_blocked, id=35316, stack(0x000000d723e00000,0x000000d723f00000)]
  0x0000021a1649c290 JavaThread "Signal Dispatcher" daemon [_thread_blocked, id=25952, stack(0x000000d723f00000,0x000000d724000000)]
  0x0000021a1649cb50 JavaThread "Attach Listener" daemon [_thread_blocked, id=12256, stack(0x000000d724000000,0x000000d724100000)]
  0x0000021a1649f420 JavaThread "Service Thread" daemon [_thread_blocked, id=16456, stack(0x000000d724100000,0x000000d724200000)]
  0x0000021a1649fce0 JavaThread "Monitor Deflation Thread" daemon [_thread_blocked, id=10684, stack(0x000000d724200000,0x000000d724300000)]
  0x0000021a164a05a0 JavaThread "C1 CompilerThread0" daemon [_thread_blocked, id=20432, stack(0x000000d724300000,0x000000d724400000)]
  0x0000021a164a2eb0 JavaThread "Sweeper thread" daemon [_thread_blocked, id=36112, stack(0x000000d724400000,0x000000d724500000)]
  0x0000021a166af4e0 JavaThread "Notification Thread" daemon [_thread_blocked, id=19760, stack(0x000000d724600000,0x000000d724700000)]
  0x0000021a166bfe00 JavaThread "Common-Cleaner" daemon [_thread_blocked, id=5680, stack(0x000000d724800000,0x000000d724900000)]
  0x0000021a165af0e0 JavaThread "C1 CompilerThread1" daemon [_thread_blocked, id=31108, stack(0x000000d724500000,0x000000d724600000)]
  0x0000021a18baefe0 JavaThread "boundedElastic-evictor-1" daemon [_thread_blocked, id=29344, stack(0x000000d725300000,0x000000d725400000)]
  0x0000021a18dbc330 JavaThread "pool-9-thread-1" [_thread_blocked, id=2424, stack(0x000000d725500000,0x000000d725600000)]
  0x0000021a18dea220 JavaThread "LanguageServerApp-lifecycle" [_thread_blocked, id=10216, stack(0x000000d725600000,0x000000d725700000)]
  0x0000021a7ab7b5c0 JavaThread "DestroyJavaVM" [_thread_blocked, id=37256, stack(0x000000d723600000,0x000000d723700000)]
  0x0000021a18e0e4c0 JavaThread "pool-10-thread-1" [_thread_in_native, id=28012, stack(0x000000d725700000,0x000000d725800000)]
  0x0000021a18e605a0 JavaThread "Simple-Language-Server main thread" daemon [_thread_blocked, id=4552, stack(0x000000d725800000,0x000000d725900000)]
  0x0000021a18e716b0 JavaThread "ForkJoinPool.commonPool-worker-1" daemon [_thread_blocked, id=13184, stack(0x000000d725900000,0x000000d725a00000)]
  0x0000021a18e73d30 JavaThread "pool-7-thread-1" [_thread_blocked, id=22036, stack(0x000000d725a00000,0x000000d725b00000)]
  0x0000021a18d202b0 JavaThread "parallel-1" daemon [_thread_blocked, id=9752, stack(0x000000d725b00000,0x000000d725c00000)]
  0x0000021a18d1f910 JavaThread "parallel-2" daemon [_thread_blocked, id=18600, stack(0x000000d725c00000,0x000000d725d00000)]
  0x0000021a18d20c50 JavaThread "parallel-3" daemon [_thread_blocked, id=32428, stack(0x000000d725d00000,0x000000d725e00000)]
  0x0000021a18d20780 JavaThread "pool-4-thread-1" [_thread_blocked, id=33416, stack(0x000000d725e00000,0x000000d725f00000)]
  0x0000021a18d1f440 JavaThread "ForkJoinPool.commonPool-worker-2" daemon [_thread_blocked, id=38676, stack(0x000000d725f00000,0x000000d726000000)]
  0x0000021a18d1fde0 JavaThread "Reconciler-1" daemon [_thread_blocked, id=30428, stack(0x000000d726000000,0x000000d726100000)]
  0x0000021a18f33c50 JavaThread "ClassGraph-worker-0" daemon [_thread_blocked, id=17648, stack(0x000000d726100000,0x000000d726200000)]
  0x0000021a18f392f0 JavaThread "pool-4-thread-2" [_thread_blocked, id=34996, stack(0x000000d726200000,0x000000d726300000)]
  0x0000021a18f362d0 JavaThread "ClassGraph-worker-1" daemon [_thread_blocked, id=5976, stack(0x000000d726300000,0x000000d726400000)]
  0x0000021a18f36c70 JavaThread "ClassGraph-worker-2" daemon [_thread_blocked, id=26760, stack(0x000000d726400000,0x000000d726500000)]
  0x0000021a18f38950 JavaThread "ClassGraph-worker-3" daemon [_thread_blocked, id=26456, stack(0x000000d726500000,0x000000d726600000)]
  0x0000021a18f332b0 JavaThread "ClassGraph-worker-4" daemon [_thread_blocked, id=1028, stack(0x000000d726600000,0x000000d726700000)]
  0x0000021a18f31aa0 JavaThread "ClassGraph-worker-5" daemon [_thread_blocked, id=23988, stack(0x000000d726700000,0x000000d726800000)]
  0x0000021a18f37fb0 JavaThread "ClassGraph-worker-6" daemon [_thread_blocked, id=29328, stack(0x000000d726800000,0x000000d726900000)]
  0x0000021a18f32910 JavaThread "ClassGraph-worker-7" daemon [_thread_blocked, id=9392, stack(0x000000d726900000,0x000000d726a00000)]
  0x0000021a18f32440 JavaThread "ClassGraph-worker-8" daemon [_thread_blocked, id=13584, stack(0x000000d726a00000,0x000000d726b00000)]
  0x0000021a18f367a0 JavaThread "ClassGraph-worker-9" daemon [_thread_blocked, id=37488, stack(0x000000d726b00000,0x000000d726c00000)]
  0x0000021a18f38e20 JavaThread "ClassGraph-worker-10" daemon [_thread_blocked, id=26740, stack(0x000000d726c00000,0x000000d726d00000)]
  0x0000021a18f34ac0 JavaThread "ClassGraph-worker-11" daemon [_thread_blocked, id=12784, stack(0x000000d726d00000,0x000000d726e00000)]
  0x0000021a18f33780 JavaThread "ClassGraph-worker-12" daemon [_thread_blocked, id=25688, stack(0x000000d726e00000,0x000000d726f00000)]
  0x0000021a18f34120 JavaThread "ClassGraph-worker-13" daemon [_thread_blocked, id=6772, stack(0x000000d726f00000,0x000000d727000000)]
  0x0000021a18f34f90 JavaThread "pool-4-thread-3" [_thread_blocked, id=15600, stack(0x000000d727000000,0x000000d727100000)]
  0x0000021a18f345f0 JavaThread "pool-4-thread-4" [_thread_blocked, id=10492, stack(0x000000d727100000,0x000000d727200000)]
  0x0000021a18f32de0 JavaThread "pool-5-thread-1" [_thread_blocked, id=18864, stack(0x000000d727200000,0x000000d727300000)]
  0x0000021a18f31f70 JavaThread "parallel-4" daemon [_thread_blocked, id=30020, stack(0x000000d727300000,0x000000d727400000)]
  0x0000021a18f35460 JavaThread "parallel-5" daemon [_thread_blocked, id=16832, stack(0x000000d727400000,0x000000d727500000)]
  0x0000021a18f37140 JavaThread "Project-Reconciler-1" daemon [_thread_blocked, id=20892, stack(0x000000d727500000,0x000000d727600000)]
  0x0000021a18f35930 JavaThread "Project-Reconciler-2" daemon [_thread_blocked, id=22440, stack(0x000000d727600000,0x000000d727700000)]
  0x0000021a18f35e00 JavaThread "parallel-6" daemon [_thread_blocked, id=3220, stack(0x000000d727700000,0x000000d727800000)]
  0x0000021a18f37610 JavaThread "parallel-7" daemon [_thread_blocked, id=31444, stack(0x000000d727800000,0x000000d727900000)]
  0x0000021a18f37ae0 JavaThread "parallel-8" daemon [_thread_blocked, id=13012, stack(0x000000d727900000,0x000000d727a00000)]
  0x0000021a1b0092c0 JavaThread "pool-4-thread-5" [_thread_blocked, id=10548, stack(0x000000d727d00000,0x000000d727e00000)]

Other Threads:
=>0x0000021a7fc937d0 VMThread "VM Thread" [stack: 0x000000d723c00000,0x000000d723d00000] [id=24904]
  0x0000021a166af9b0 WatcherThread [stack: 0x000000d724700000,0x000000d724800000] [id=3684]
  0x0000021a7ac28920 GCTaskThread "GC Thread#0" [stack: 0x000000d723700000,0x000000d723800000] [id=26496]
  0x0000021a1736b030 GCTaskThread "GC Thread#1" [stack: 0x000000d724b00000,0x000000d724c00000] [id=35496]
  0x0000021a177f19c0 GCTaskThread "GC Thread#2" [stack: 0x000000d724c00000,0x000000d724d00000] [id=17716]
  0x0000021a176cffb0 GCTaskThread "GC Thread#3" [stack: 0x000000d724d00000,0x000000d724e00000] [id=27764]
  0x0000021a176d0260 GCTaskThread "GC Thread#4" [stack: 0x000000d724e00000,0x000000d724f00000] [id=25520]
  0x0000021a1755eff0 GCTaskThread "GC Thread#5" [stack: 0x000000d724f00000,0x000000d725000000] [id=26988]
  0x0000021a1755f2a0 GCTaskThread "GC Thread#6" [stack: 0x000000d725000000,0x000000d725100000] [id=16596]
  0x0000021a1755f550 GCTaskThread "GC Thread#7" [stack: 0x000000d725100000,0x000000d725200000] [id=3272]
  0x0000021a7ac39600 ConcurrentGCThread "G1 Main Marker" [stack: 0x000000d723800000,0x000000d723900000] [id=8892]
  0x0000021a7ac3af30 ConcurrentGCThread "G1 Conc#0" [stack: 0x000000d723900000,0x000000d723a00000] [id=8808]
  0x0000021a18673010 ConcurrentGCThread "G1 Conc#1" [stack: 0x000000d725400000,0x000000d725500000] [id=27976]
  0x0000021a7fb81330 ConcurrentGCThread "G1 Refine#0" [stack: 0x000000d723a00000,0x000000d723b00000] [id=28028]
  0x0000021a175568b0 ConcurrentGCThread "G1 Refine#1" [stack: 0x000000d725200000,0x000000d725300000] [id=29016]
  0x0000021a1761a580 ConcurrentGCThread "G1 Refine#2" [stack: 0x000000d727a00000,0x000000d727b00000] [id=34800]
  0x0000021a18930b20 ConcurrentGCThread "G1 Refine#3" [stack: 0x000000d727b00000,0x000000d727c00000] [id=22120]
  0x0000021a18931c60 ConcurrentGCThread "G1 Refine#4" [stack: 0x000000d727c00000,0x000000d727d00000] [id=9932]
  0x0000021a7fb81b60 ConcurrentGCThread "G1 Service" [stack: 0x000000d723b00000,0x000000d723c00000] [id=31228]

Threads with active compile tasks:

VM state: at safepoint (normal execution)

VM Mutex/Monitor currently owned by a thread:  ([mutex/lock_event])
[0x0000021a789ae850] Threads_lock - owner thread: 0x0000021a7fc937d0
[0x0000021a7ab783f0] Heap_lock - owner thread: 0x0000021a18f38e20

Heap address: 0x0000000600c00000, size: 8180 MB, Compressed Oops mode: Zero based, Oop shift amount: 3

CDS archive(s) not mapped
Compressed class space mapped at: 0x0000000800000000-0x0000000840000000, reserved size: 1073741824
Narrow klass base: 0x0000000800000000, Narrow klass shift: 0, Narrow klass range: 0x40000000

GC Precious Log:
 CPUs: 8 total, 8 available
 Memory: 32709M
 Large Page Support: Disabled
 NUMA Support: Disabled
 Compressed Oops: Enabled (Zero based)
 Heap Region Size: 4M
 Heap Min Capacity: 8M
 Heap Initial Capacity: 512M
 Heap Max Capacity: 8180M
 Pre-touch: Disabled
 Parallel Workers: 8
 Concurrent Workers: 2
 Concurrent Refinement Workers: 8
 Periodic GC: Disabled

Heap:
 garbage-first heap   total 880640K, used 208589K [0x0000000600c00000, 0x0000000800000000)
  region size 4096K, 12 young (49152K), 12 survivors (49152K)
 Metaspace       used 39347K, committed 39744K, reserved 1089536K
  class space    used 4988K, committed 5184K, reserved 1048576K

Heap Regions: E=young(eden), S=young(survivor), O=old, HS=humongous(starts), HC=humongous(continues), CS=collection set, F=free, OA=open archive, CA=closed archive, TAMS=top-at-mark-start (previous, next)
|   0|0x0000000600c00000, 0x0000000601000000, 0x0000000601000000|100%| O|  |TAMS 0x0000000601000000, 0x0000000600c00000| Untracked 
|   1|0x0000000601000000, 0x00000006013d6000, 0x0000000601400000| 95%| O|  |TAMS 0x00000006013d6000, 0x0000000601000000| Untracked 
|   2|0x0000000601400000, 0x0000000601800000, 0x0000000601800000|100%| O|  |TAMS 0x0000000601800000, 0x0000000601400000| Untracked 
|   3|0x0000000601800000, 0x0000000601c00000, 0x0000000601c00000|100%| O|  |TAMS 0x0000000601c00000, 0x0000000601800000| Untracked 
|   4|0x0000000601c00000, 0x0000000602000000, 0x0000000602000000|100%| O|  |TAMS 0x0000000602000000, 0x0000000601c00000| Untracked 
|   5|0x0000000602000000, 0x0000000602400000, 0x0000000602400000|100%| O|  |TAMS 0x0000000602400000, 0x0000000602000000| Untracked 
|   6|0x0000000602400000, 0x0000000602800000, 0x0000000602800000|100%| O|  |TAMS 0x0000000602800000, 0x0000000602400000| Untracked 
|   7|0x0000000602800000, 0x0000000602c00000, 0x0000000602c00000|100%| O|  |TAMS 0x0000000602b4e200, 0x0000000602800000| Untracked 
|   8|0x0000000602c00000, 0x0000000603000000, 0x0000000603000000|100%| O|  |TAMS 0x0000000602c00000, 0x0000000602c00000| Untracked 
|   9|0x0000000603000000, 0x0000000603400000, 0x0000000603400000|100%| O|  |TAMS 0x0000000603000000, 0x0000000603000000| Untracked 
|  10|0x0000000603400000, 0x0000000603800000, 0x0000000603800000|100%| O|  |TAMS 0x0000000603400000, 0x0000000603400000| Untracked 
|  11|0x0000000603800000, 0x0000000603c00000, 0x0000000603c00000|100%| O|  |TAMS 0x0000000603800000, 0x0000000603800000| Untracked 
|  12|0x0000000603c00000, 0x0000000604000000, 0x0000000604000000|100%| O|  |TAMS 0x0000000603c00000, 0x0000000603c00000| Untracked 
|  13|0x0000000604000000, 0x0000000604400000, 0x0000000604400000|100%| O|  |TAMS 0x0000000604000000, 0x0000000604000000| Untracked 
|  14|0x0000000604400000, 0x0000000604800000, 0x0000000604800000|100%| O|  |TAMS 0x0000000604400000, 0x0000000604400000| Untracked 
|  15|0x0000000604800000, 0x0000000604c00000, 0x0000000604c00000|100%| O|  |TAMS 0x0000000604800000, 0x0000000604800000| Untracked 
|  16|0x0000000604c00000, 0x0000000605000000, 0x0000000605000000|100%| O|  |TAMS 0x0000000604c00000, 0x0000000604c00000| Untracked 
|  17|0x0000000605000000, 0x0000000605400000, 0x0000000605400000|100%| O|  |TAMS 0x0000000605000000, 0x0000000605000000| Untracked 
|  18|0x0000000605400000, 0x0000000605800000, 0x0000000605800000|100%| O|  |TAMS 0x0000000605400000, 0x0000000605400000| Untracked 
|  19|0x0000000605800000, 0x0000000605c00000, 0x0000000605c00000|100%| O|  |TAMS 0x0000000605800000, 0x0000000605800000| Untracked 
|  20|0x0000000605c00000, 0x0000000606000000, 0x0000000606000000|100%| O|  |TAMS 0x0000000605c00000, 0x0000000605c00000| Untracked 
|  21|0x0000000606000000, 0x0000000606400000, 0x0000000606400000|100%| O|  |TAMS 0x0000000606000000, 0x0000000606000000| Untracked 
|  22|0x0000000606400000, 0x0000000606800000, 0x0000000606800000|100%| O|  |TAMS 0x0000000606400000, 0x0000000606400000| Untracked 
|  23|0x0000000606800000, 0x0000000606c00000, 0x0000000606c00000|100%| O|  |TAMS 0x0000000606800000, 0x0000000606800000| Untracked 
|  24|0x0000000606c00000, 0x0000000607000000, 0x0000000607000000|100%| O|  |TAMS 0x0000000606c00000, 0x0000000606c00000| Untracked 
|  25|0x0000000607000000, 0x0000000607400000, 0x0000000607400000|100%| O|  |TAMS 0x0000000607000000, 0x0000000607000000| Untracked 
|  26|0x0000000607400000, 0x0000000607800000, 0x0000000607800000|100%| O|  |TAMS 0x0000000607400000, 0x0000000607400000| Untracked 
|  27|0x0000000607800000, 0x0000000607c00000, 0x0000000607c00000|100%| O|  |TAMS 0x0000000607800000, 0x0000000607800000| Untracked 
|  28|0x0000000607c00000, 0x0000000608000000, 0x0000000608000000|100%| O|  |TAMS 0x0000000607c00000, 0x0000000607c00000| Untracked 
|  29|0x0000000608000000, 0x0000000608400000, 0x0000000608400000|100%| O|  |TAMS 0x0000000608000000, 0x0000000608000000| Untracked 
|  30|0x0000000608400000, 0x0000000608800000, 0x0000000608800000|100%| O|  |TAMS 0x0000000608400000, 0x0000000608400000| Untracked 
|  31|0x0000000608800000, 0x0000000608c00000, 0x0000000608c00000|100%| O|  |TAMS 0x0000000608800000, 0x0000000608800000| Untracked 
|  32|0x0000000608c00000, 0x0000000609000000, 0x0000000609000000|100%| O|  |TAMS 0x0000000608c00000, 0x0000000608c00000| Untracked 
|  33|0x0000000609000000, 0x0000000609400000, 0x0000000609400000|100%| O|  |TAMS 0x0000000609000000, 0x0000000609000000| Untracked 
|  34|0x0000000609400000, 0x0000000609800000, 0x0000000609800000|100%| O|  |TAMS 0x0000000609400000, 0x0000000609400000| Untracked 
|  35|0x0000000609800000, 0x0000000609c00000, 0x0000000609c00000|100%| O|  |TAMS 0x0000000609800000, 0x0000000609800000| Untracked 
|  36|0x0000000609c00000, 0x000000060a000000, 0x000000060a000000|100%| O|  |TAMS 0x0000000609c00000, 0x0000000609c00000| Untracked 
|  37|0x000000060a000000, 0x000000060a400000, 0x000000060a400000|100%| O|  |TAMS 0x000000060a000000, 0x000000060a000000| Untracked 
|  38|0x000000060a400000, 0x000000060a800000, 0x000000060a800000|100%| O|  |TAMS 0x000000060a400000, 0x000000060a400000| Untracked 
|  39|0x000000060a800000, 0x000000060a899000, 0x000000060ac00000| 14%| O|  |TAMS 0x000000060a800000, 0x000000060a800000| Untracked 
|  40|0x000000060ac00000, 0x000000060ac00000, 0x000000060b000000|  0%| F|  |TAMS 0x000000060ac00000, 0x000000060ac00000| Untracked 
|  41|0x000000060b000000, 0x000000060b000000, 0x000000060b400000|  0%| F|  |TAMS 0x000000060b000000, 0x000000060b000000| Untracked 
|  42|0x000000060b400000, 0x000000060b400000, 0x000000060b800000|  0%| F|  |TAMS 0x000000060b400000, 0x000000060b400000| Untracked 
|  43|0x000000060b800000, 0x000000060b800000, 0x000000060bc00000|  0%| F|  |TAMS 0x000000060b800000, 0x000000060b800000| Untracked 
|  44|0x000000060bc00000, 0x000000060bc00000, 0x000000060c000000|  0%| F|  |TAMS 0x000000060bc00000, 0x000000060bc00000| Untracked 
|  45|0x000000060c000000, 0x000000060c000000, 0x000000060c400000|  0%| F|  |TAMS 0x000000060c000000, 0x000000060c000000| Untracked 
|  46|0x000000060c400000, 0x000000060c400000, 0x000000060c800000|  0%| F|  |TAMS 0x000000060c400000, 0x000000060c400000| Untracked 
|  47|0x000000060c800000, 0x000000060c800000, 0x000000060cc00000|  0%| F|  |TAMS 0x000000060c800000, 0x000000060c800000| Untracked 
|  48|0x000000060cc00000, 0x000000060cc00000, 0x000000060d000000|  0%| F|  |TAMS 0x000000060cc00000, 0x000000060cc00000| Untracked 
|  49|0x000000060d000000, 0x000000060d000000, 0x000000060d400000|  0%| F|  |TAMS 0x000000060d000000, 0x000000060d000000| Untracked 
|  50|0x000000060d400000, 0x000000060d400000, 0x000000060d800000|  0%| F|  |TAMS 0x000000060d400000, 0x000000060d400000| Untracked 
|  51|0x000000060d800000, 0x000000060d800000, 0x000000060dc00000|  0%| F|  |TAMS 0x000000060d800000, 0x000000060d800000| Untracked 
|  52|0x000000060dc00000, 0x000000060dc00000, 0x000000060e000000|  0%| F|  |TAMS 0x000000060dc00000, 0x000000060dc00000| Untracked 
|  53|0x000000060e000000, 0x000000060e000000, 0x000000060e400000|  0%| F|  |TAMS 0x000000060e000000, 0x000000060e000000| Untracked 
|  54|0x000000060e400000, 0x000000060e400000, 0x000000060e800000|  0%| F|  |TAMS 0x000000060e400000, 0x000000060e400000| Untracked 
|  55|0x000000060e800000, 0x000000060e800000, 0x000000060ec00000|  0%| F|  |TAMS 0x000000060e800000, 0x000000060e800000| Untracked 
|  56|0x000000060ec00000, 0x000000060ec00000, 0x000000060f000000|  0%| F|  |TAMS 0x000000060ec00000, 0x000000060ec00000| Untracked 
|  57|0x000000060f000000, 0x000000060f000000, 0x000000060f400000|  0%| F|  |TAMS 0x000000060f000000, 0x000000060f000000| Untracked 
|  58|0x000000060f400000, 0x000000060f400000, 0x000000060f800000|  0%| F|  |TAMS 0x000000060f400000, 0x000000060f400000| Untracked 
|  59|0x000000060f800000, 0x000000060f800000, 0x000000060fc00000|  0%| F|  |TAMS 0x000000060f800000, 0x000000060f800000| Untracked 
|  60|0x000000060fc00000, 0x000000060fc00000, 0x0000000610000000|  0%| F|  |TAMS 0x000000060fc00000, 0x000000060fc00000| Untracked 
|  61|0x0000000610000000, 0x0000000610000000, 0x0000000610400000|  0%| F|  |TAMS 0x0000000610000000, 0x0000000610000000| Untracked 
|  62|0x0000000610400000, 0x0000000610400000, 0x0000000610800000|  0%| F|  |TAMS 0x0000000610400000, 0x0000000610400000| Untracked 
|  63|0x0000000610800000, 0x0000000610800000, 0x0000000610c00000|  0%| F|  |TAMS 0x0000000610800000, 0x0000000610800000| Untracked 
|  64|0x0000000610c00000, 0x0000000610c00000, 0x0000000611000000|  0%| F|  |TAMS 0x0000000610c00000, 0x0000000610c00000| Untracked 
|  65|0x0000000611000000, 0x0000000611000000, 0x0000000611400000|  0%| F|  |TAMS 0x0000000611000000, 0x0000000611000000| Untracked 
|  66|0x0000000611400000, 0x0000000611400000, 0x0000000611800000|  0%| F|  |TAMS 0x0000000611400000, 0x0000000611400000| Untracked 
|  67|0x0000000611800000, 0x0000000611800000, 0x0000000611c00000|  0%| F|  |TAMS 0x0000000611800000, 0x0000000611800000| Untracked 
|  68|0x0000000611c00000, 0x0000000611c00000, 0x0000000612000000|  0%| F|  |TAMS 0x0000000611c00000, 0x0000000611c00000| Untracked 
|  69|0x0000000612000000, 0x0000000612000000, 0x0000000612400000|  0%| F|  |TAMS 0x0000000612000000, 0x0000000612000000| Untracked 
|  70|0x0000000612400000, 0x0000000612400000, 0x0000000612800000|  0%| F|  |TAMS 0x0000000612400000, 0x0000000612400000| Untracked 
|  71|0x0000000612800000, 0x0000000612800000, 0x0000000612c00000|  0%| F|  |TAMS 0x0000000612800000, 0x0000000612800000| Untracked 
|  72|0x0000000612c00000, 0x0000000612c00000, 0x0000000613000000|  0%| F|  |TAMS 0x0000000612c00000, 0x0000000612c00000| Untracked 
|  73|0x0000000613000000, 0x0000000613000000, 0x0000000613400000|  0%| F|  |TAMS 0x0000000613000000, 0x0000000613000000| Untracked 
|  74|0x0000000613400000, 0x00000006137444a8, 0x0000000613800000| 81%| S|CS|TAMS 0x0000000613400000, 0x0000000613400000| Complete 
|  75|0x0000000613800000, 0x0000000613c00000, 0x0000000613c00000|100%| S|CS|TAMS 0x0000000613800000, 0x0000000613800000| Complete 
|  76|0x0000000613c00000, 0x0000000614000000, 0x0000000614000000|100%| S|CS|TAMS 0x0000000613c00000, 0x0000000613c00000| Complete 
|  77|0x0000000614000000, 0x0000000614400000, 0x0000000614400000|100%| S|CS|TAMS 0x0000000614000000, 0x0000000614000000| Complete 
|  78|0x0000000614400000, 0x0000000614800000, 0x0000000614800000|100%| S|CS|TAMS 0x0000000614400000, 0x0000000614400000| Complete 
|  79|0x0000000614800000, 0x0000000614c00000, 0x0000000614c00000|100%| S|CS|TAMS 0x0000000614800000, 0x0000000614800000| Complete 
|  80|0x0000000614c00000, 0x0000000614c00000, 0x0000000615000000|  0%| F|  |TAMS 0x0000000614c00000, 0x0000000614c00000| Untracked 
|  81|0x0000000615000000, 0x0000000615000000, 0x0000000615400000|  0%| F|  |TAMS 0x0000000615000000, 0x0000000615000000| Untracked 
|  82|0x0000000615400000, 0x0000000615400000, 0x0000000615800000|  0%| F|  |TAMS 0x0000000615400000, 0x0000000615400000| Untracked 
|  83|0x0000000615800000, 0x0000000615800000, 0x0000000615c00000|  0%| F|  |TAMS 0x0000000615800000, 0x0000000615800000| Untracked 
|  84|0x0000000615c00000, 0x0000000615c00000, 0x0000000616000000|  0%| F|  |TAMS 0x0000000615c00000, 0x0000000615c00000| Untracked 
|  85|0x0000000616000000, 0x0000000616000000, 0x0000000616400000|  0%| F|  |TAMS 0x0000000616000000, 0x0000000616000000| Untracked 
|  86|0x0000000616400000, 0x0000000616400000, 0x0000000616800000|  0%| F|  |TAMS 0x0000000616400000, 0x0000000616400000| Untracked 
|  87|0x0000000616800000, 0x0000000616800000, 0x0000000616c00000|  0%| F|  |TAMS 0x0000000616800000, 0x0000000616800000| Untracked 
|  88|0x0000000616c00000, 0x0000000616c00000, 0x0000000617000000|  0%| F|  |TAMS 0x0000000616c00000, 0x0000000616c00000| Untracked 
|  89|0x0000000617000000, 0x0000000617000000, 0x0000000617400000|  0%| F|  |TAMS 0x0000000617000000, 0x0000000617000000| Untracked 
|  90|0x0000000617400000, 0x0000000617400000, 0x0000000617800000|  0%| F|  |TAMS 0x0000000617400000, 0x0000000617400000| Untracked 
|  91|0x0000000617800000, 0x0000000617c00000, 0x0000000617c00000|100%| S|CS|TAMS 0x0000000617800000, 0x0000000617800000| Complete 
|  92|0x0000000617c00000, 0x0000000618000000, 0x0000000618000000|100%| S|CS|TAMS 0x0000000617c00000, 0x0000000617c00000| Complete 
|  93|0x0000000618000000, 0x0000000618400000, 0x0000000618400000|100%| S|CS|TAMS 0x0000000618000000, 0x0000000618000000| Complete 
|  94|0x0000000618400000, 0x0000000618800000, 0x0000000618800000|100%| S|CS|TAMS 0x0000000618400000, 0x0000000618400000| Complete 
|  95|0x0000000618800000, 0x0000000618c00000, 0x0000000618c00000|100%| S|CS|TAMS 0x0000000618800000, 0x0000000618800000| Complete 
|  96|0x0000000618c00000, 0x0000000619000000, 0x0000000619000000|100%| S|CS|TAMS 0x0000000618c00000, 0x0000000618c00000| Complete 
|  97|0x0000000619000000, 0x0000000619000000, 0x0000000619400000|  0%| F|  |TAMS 0x0000000619000000, 0x0000000619000000| Untracked 
|  98|0x0000000619400000, 0x0000000619400000, 0x0000000619800000|  0%| F|  |TAMS 0x0000000619400000, 0x0000000619400000| Untracked 
|  99|0x0000000619800000, 0x0000000619800000, 0x0000000619c00000|  0%| F|  |TAMS 0x0000000619800000, 0x0000000619800000| Untracked 
| 100|0x0000000619c00000, 0x0000000619c00000, 0x000000061a000000|  0%| F|  |TAMS 0x0000000619c00000, 0x0000000619c00000| Untracked 
| 101|0x000000061a000000, 0x000000061a000000, 0x000000061a400000|  0%| F|  |TAMS 0x000000061a000000, 0x000000061a000000| Untracked 
| 102|0x000000061a400000, 0x000000061a400000, 0x000000061a800000|  0%| F|  |TAMS 0x000000061a400000, 0x000000061a400000| Untracked 
| 103|0x000000061a800000, 0x000000061a800000, 0x000000061ac00000|  0%| F|  |TAMS 0x000000061a800000, 0x000000061a800000| Untracked 
| 104|0x000000061ac00000, 0x000000061ac00000, 0x000000061b000000|  0%| F|  |TAMS 0x000000061ac00000, 0x000000061ac00000| Untracked 
| 105|0x000000061b000000, 0x000000061b000000, 0x000000061b400000|  0%| F|  |TAMS 0x000000061b000000, 0x000000061b000000| Untracked 
| 106|0x000000061b400000, 0x000000061b400000, 0x000000061b800000|  0%| F|  |TAMS 0x000000061b400000, 0x000000061b400000| Untracked 
| 107|0x000000061b800000, 0x000000061b800000, 0x000000061bc00000|  0%| F|  |TAMS 0x000000061b800000, 0x000000061b800000| Untracked 
| 108|0x000000061bc00000, 0x000000061bc00000, 0x000000061c000000|  0%| F|  |TAMS 0x000000061bc00000, 0x000000061bc00000| Untracked 
| 109|0x000000061c000000, 0x000000061c000000, 0x000000061c400000|  0%| F|  |TAMS 0x000000061c000000, 0x000000061c000000| Untracked 
| 110|0x000000061c400000, 0x000000061c400000, 0x000000061c800000|  0%| F|  |TAMS 0x000000061c400000, 0x000000061c400000| Untracked 
| 111|0x000000061c800000, 0x000000061c800000, 0x000000061cc00000|  0%| F|  |TAMS 0x000000061c800000, 0x000000061c800000| Untracked 
| 112|0x000000061cc00000, 0x000000061cc00000, 0x000000061d000000|  0%| F|  |TAMS 0x000000061cc00000, 0x000000061cc00000| Untracked 
| 113|0x000000061d000000, 0x000000061d000000, 0x000000061d400000|  0%| F|  |TAMS 0x000000061d000000, 0x000000061d000000| Untracked 
| 114|0x000000061d400000, 0x000000061d400000, 0x000000061d800000|  0%| F|  |TAMS 0x000000061d400000, 0x000000061d400000| Untracked 
| 115|0x000000061d800000, 0x000000061d800000, 0x000000061dc00000|  0%| F|  |TAMS 0x000000061d800000, 0x000000061d800000| Untracked 
| 116|0x000000061dc00000, 0x000000061dc00000, 0x000000061e000000|  0%| F|  |TAMS 0x000000061dc00000, 0x000000061dc00000| Untracked 
| 117|0x000000061e000000, 0x000000061e000000, 0x000000061e400000|  0%| F|  |TAMS 0x000000061e000000, 0x000000061e000000| Untracked 
| 118|0x000000061e400000, 0x000000061e400000, 0x000000061e800000|  0%| F|  |TAMS 0x000000061e400000, 0x000000061e400000| Untracked 
| 119|0x000000061e800000, 0x000000061e800000, 0x000000061ec00000|  0%| F|  |TAMS 0x000000061e800000, 0x000000061e800000| Untracked 
| 120|0x000000061ec00000, 0x000000061ec00000, 0x000000061f000000|  0%| F|  |TAMS 0x000000061ec00000, 0x000000061ec00000| Untracked 
| 121|0x000000061f000000, 0x000000061f000000, 0x000000061f400000|  0%| F|  |TAMS 0x000000061f000000, 0x000000061f000000| Untracked 
| 122|0x000000061f400000, 0x000000061f400000, 0x000000061f800000|  0%| F|  |TAMS 0x000000061f400000, 0x000000061f400000| Untracked 
| 123|0x000000061f800000, 0x000000061f800000, 0x000000061fc00000|  0%| F|  |TAMS 0x000000061f800000, 0x000000061f800000| Untracked 
| 124|0x000000061fc00000, 0x000000061fc00000, 0x0000000620000000|  0%| F|  |TAMS 0x000000061fc00000, 0x000000061fc00000| Untracked 
| 125|0x0000000620000000, 0x0000000620000000, 0x0000000620400000|  0%| F|  |TAMS 0x0000000620000000, 0x0000000620000000| Untracked 
| 126|0x0000000620400000, 0x0000000620400000, 0x0000000620800000|  0%| F|  |TAMS 0x0000000620400000, 0x0000000620400000| Untracked 
| 127|0x0000000620800000, 0x0000000620800000, 0x0000000620c00000|  0%| F|  |TAMS 0x0000000620800000, 0x0000000620800000| Untracked 
| 128|0x0000000620c00000, 0x0000000620c00000, 0x0000000621000000|  0%| F|  |TAMS 0x0000000620c00000, 0x0000000620c00000| Untracked 
| 129|0x0000000621000000, 0x0000000621000000, 0x0000000621400000|  0%| F|  |TAMS 0x0000000621000000, 0x0000000621000000| Untracked 
| 130|0x0000000621400000, 0x0000000621400000, 0x0000000621800000|  0%| F|  |TAMS 0x0000000621400000, 0x0000000621400000| Untracked 
| 131|0x0000000621800000, 0x0000000621800000, 0x0000000621c00000|  0%| F|  |TAMS 0x0000000621800000, 0x0000000621800000| Untracked 
| 132|0x0000000621c00000, 0x0000000621c00000, 0x0000000622000000|  0%| F|  |TAMS 0x0000000621c00000, 0x0000000621c00000| Untracked 
| 133|0x0000000622000000, 0x0000000622000000, 0x0000000622400000|  0%| F|  |TAMS 0x0000000622000000, 0x0000000622000000| Untracked 
| 134|0x0000000622400000, 0x0000000622400000, 0x0000000622800000|  0%| F|  |TAMS 0x0000000622400000, 0x0000000622400000| Untracked 
| 135|0x0000000622800000, 0x0000000622800000, 0x0000000622c00000|  0%| F|  |TAMS 0x0000000622800000, 0x0000000622800000| Untracked 
| 136|0x0000000622c00000, 0x0000000622c00000, 0x0000000623000000|  0%| F|  |TAMS 0x0000000622c00000, 0x0000000622c00000| Untracked 
| 137|0x0000000623000000, 0x0000000623000000, 0x0000000623400000|  0%| F|  |TAMS 0x0000000623000000, 0x0000000623000000| Untracked 
| 138|0x0000000623400000, 0x0000000623400000, 0x0000000623800000|  0%| F|  |TAMS 0x0000000623400000, 0x0000000623400000| Untracked 
| 139|0x0000000623800000, 0x0000000623800000, 0x0000000623c00000|  0%| F|  |TAMS 0x0000000623800000, 0x0000000623800000| Untracked 
| 140|0x0000000623c00000, 0x0000000623c00000, 0x0000000624000000|  0%| F|  |TAMS 0x0000000623c00000, 0x0000000623c00000| Untracked 
| 141|0x0000000624000000, 0x0000000624000000, 0x0000000624400000|  0%| F|  |TAMS 0x0000000624000000, 0x0000000624000000| Untracked 
| 142|0x0000000624400000, 0x0000000624400000, 0x0000000624800000|  0%| F|  |TAMS 0x0000000624400000, 0x0000000624400000| Untracked 
| 143|0x0000000624800000, 0x0000000624800000, 0x0000000624c00000|  0%| F|  |TAMS 0x0000000624800000, 0x0000000624800000| Untracked 
| 144|0x0000000624c00000, 0x0000000624c00000, 0x0000000625000000|  0%| F|  |TAMS 0x0000000624c00000, 0x0000000624c00000| Untracked 
| 145|0x0000000625000000, 0x0000000625000000, 0x0000000625400000|  0%| F|  |TAMS 0x0000000625000000, 0x0000000625000000| Untracked 
| 146|0x0000000625400000, 0x0000000625400000, 0x0000000625800000|  0%| F|  |TAMS 0x0000000625400000, 0x0000000625400000| Untracked 
| 147|0x0000000625800000, 0x0000000625800000, 0x0000000625c00000|  0%| F|  |TAMS 0x0000000625800000, 0x0000000625800000| Untracked 
| 148|0x0000000625c00000, 0x0000000625c00000, 0x0000000626000000|  0%| F|  |TAMS 0x0000000625c00000, 0x0000000625c00000| Untracked 
| 149|0x0000000626000000, 0x0000000626000000, 0x0000000626400000|  0%| F|  |TAMS 0x0000000626000000, 0x0000000626000000| Untracked 
| 150|0x0000000626400000, 0x0000000626400000, 0x0000000626800000|  0%| F|  |TAMS 0x0000000626400000, 0x0000000626400000| Untracked 
| 151|0x0000000626800000, 0x0000000626800000, 0x0000000626c00000|  0%| F|  |TAMS 0x0000000626800000, 0x0000000626800000| Untracked 
| 152|0x0000000626c00000, 0x0000000626c00000, 0x0000000627000000|  0%| F|  |TAMS 0x0000000626c00000, 0x0000000626c00000| Untracked 
| 153|0x0000000627000000, 0x0000000627000000, 0x0000000627400000|  0%| F|  |TAMS 0x0000000627000000, 0x0000000627000000| Untracked 
| 154|0x0000000627400000, 0x0000000627400000, 0x0000000627800000|  0%| F|  |TAMS 0x0000000627400000, 0x0000000627400000| Untracked 
| 155|0x0000000627800000, 0x0000000627800000, 0x0000000627c00000|  0%| F|  |TAMS 0x0000000627800000, 0x0000000627800000| Untracked 
| 156|0x0000000627c00000, 0x0000000627c00000, 0x0000000628000000|  0%| F|  |TAMS 0x0000000627c00000, 0x0000000627c00000| Untracked 
| 157|0x0000000628000000, 0x0000000628000000, 0x0000000628400000|  0%| F|  |TAMS 0x0000000628000000, 0x0000000628000000| Untracked 
| 158|0x0000000628400000, 0x0000000628400000, 0x0000000628800000|  0%| F|  |TAMS 0x0000000628400000, 0x0000000628400000| Untracked 
| 159|0x0000000628800000, 0x0000000628800000, 0x0000000628c00000|  0%| F|  |TAMS 0x0000000628800000, 0x0000000628800000| Untracked 
| 160|0x0000000628c00000, 0x0000000628c00000, 0x0000000629000000|  0%| F|  |TAMS 0x0000000628c00000, 0x0000000628c00000| Untracked 
| 161|0x0000000629000000, 0x0000000629000000, 0x0000000629400000|  0%| F|  |TAMS 0x0000000629000000, 0x0000000629000000| Untracked 
| 162|0x0000000629400000, 0x0000000629400000, 0x0000000629800000|  0%| F|  |TAMS 0x0000000629400000, 0x0000000629400000| Untracked 
| 163|0x0000000629800000, 0x0000000629800000, 0x0000000629c00000|  0%| F|  |TAMS 0x0000000629800000, 0x0000000629800000| Untracked 
| 164|0x0000000629c00000, 0x0000000629c00000, 0x000000062a000000|  0%| F|  |TAMS 0x0000000629c00000, 0x0000000629c00000| Untracked 
| 165|0x000000062a000000, 0x000000062a000000, 0x000000062a400000|  0%| F|  |TAMS 0x000000062a000000, 0x000000062a000000| Untracked 
| 166|0x000000062a400000, 0x000000062a400000, 0x000000062a800000|  0%| F|  |TAMS 0x000000062a400000, 0x000000062a400000| Untracked 
| 167|0x000000062a800000, 0x000000062a800000, 0x000000062ac00000|  0%| F|  |TAMS 0x000000062a800000, 0x000000062a800000| Untracked 
| 168|0x000000062ac00000, 0x000000062ac00000, 0x000000062b000000|  0%| F|  |TAMS 0x000000062ac00000, 0x000000062ac00000| Untracked 
| 169|0x000000062b000000, 0x000000062b000000, 0x000000062b400000|  0%| F|  |TAMS 0x000000062b000000, 0x000000062b000000| Untracked 
| 170|0x000000062b400000, 0x000000062b400000, 0x000000062b800000|  0%| F|  |TAMS 0x000000062b400000, 0x000000062b400000| Untracked 
| 171|0x000000062b800000, 0x000000062b800000, 0x000000062bc00000|  0%| F|  |TAMS 0x000000062b800000, 0x000000062b800000| Untracked 
| 172|0x000000062bc00000, 0x000000062bc00000, 0x000000062c000000|  0%| F|  |TAMS 0x000000062bc00000, 0x000000062bc00000| Untracked 
| 173|0x000000062c000000, 0x000000062c000000, 0x000000062c400000|  0%| F|  |TAMS 0x000000062c000000, 0x000000062c000000| Untracked 
| 174|0x000000062c400000, 0x000000062c400000, 0x000000062c800000|  0%| F|  |TAMS 0x000000062c400000, 0x000000062c400000| Untracked 
| 175|0x000000062c800000, 0x000000062c800000, 0x000000062cc00000|  0%| F|  |TAMS 0x000000062c800000, 0x000000062c800000| Untracked 
| 176|0x000000062cc00000, 0x000000062cc00000, 0x000000062d000000|  0%| F|  |TAMS 0x000000062cc00000, 0x000000062cc00000| Untracked 
| 177|0x000000062d000000, 0x000000062d000000, 0x000000062d400000|  0%| F|  |TAMS 0x000000062d000000, 0x000000062d000000| Untracked 
| 178|0x000000062d400000, 0x000000062d400000, 0x000000062d800000|  0%| F|  |TAMS 0x000000062d400000, 0x000000062d400000| Untracked 
| 179|0x000000062d800000, 0x000000062d800000, 0x000000062dc00000|  0%| F|  |TAMS 0x000000062d800000, 0x000000062d800000| Untracked 
| 180|0x000000062dc00000, 0x000000062dc00000, 0x000000062e000000|  0%| F|  |TAMS 0x000000062dc00000, 0x000000062dc00000| Untracked 
| 181|0x000000062e000000, 0x000000062e000000, 0x000000062e400000|  0%| F|  |TAMS 0x000000062e000000, 0x000000062e000000| Untracked 
| 182|0x000000062e400000, 0x000000062e400000, 0x000000062e800000|  0%| F|  |TAMS 0x000000062e400000, 0x000000062e400000| Untracked 
| 183|0x000000062e800000, 0x000000062e800000, 0x000000062ec00000|  0%| F|  |TAMS 0x000000062e800000, 0x000000062e800000| Untracked 
| 184|0x000000062ec00000, 0x000000062ec00000, 0x000000062f000000|  0%| F|  |TAMS 0x000000062ec00000, 0x000000062ec00000| Untracked 
| 185|0x000000062f000000, 0x000000062f000000, 0x000000062f400000|  0%| F|  |TAMS 0x000000062f000000, 0x000000062f000000| Untracked 
| 186|0x000000062f400000, 0x000000062f400000, 0x000000062f800000|  0%| F|  |TAMS 0x000000062f400000, 0x000000062f400000| Untracked 
| 187|0x000000062f800000, 0x000000062f800000, 0x000000062fc00000|  0%| F|  |TAMS 0x000000062f800000, 0x000000062f800000| Untracked 
| 188|0x000000062fc00000, 0x000000062fc00000, 0x0000000630000000|  0%| F|  |TAMS 0x000000062fc00000, 0x000000062fc00000| Untracked 
| 189|0x0000000630000000, 0x0000000630000000, 0x0000000630400000|  0%| F|  |TAMS 0x0000000630000000, 0x0000000630000000| Untracked 
| 190|0x0000000630400000, 0x0000000630400000, 0x0000000630800000|  0%| F|  |TAMS 0x0000000630400000, 0x0000000630400000| Untracked 
| 191|0x0000000630800000, 0x0000000630800000, 0x0000000630c00000|  0%| F|  |TAMS 0x0000000630800000, 0x0000000630800000| Untracked 
| 192|0x0000000630c00000, 0x0000000630c00000, 0x0000000631000000|  0%| F|  |TAMS 0x0000000630c00000, 0x0000000630c00000| Untracked 
| 193|0x0000000631000000, 0x0000000631000000, 0x0000000631400000|  0%| F|  |TAMS 0x0000000631000000, 0x0000000631000000| Untracked 
| 194|0x0000000631400000, 0x0000000631400000, 0x0000000631800000|  0%| F|  |TAMS 0x0000000631400000, 0x0000000631400000| Untracked 
| 195|0x0000000631800000, 0x0000000631800000, 0x0000000631c00000|  0%| F|  |TAMS 0x0000000631800000, 0x0000000631800000| Untracked 
| 196|0x0000000631c00000, 0x0000000631c00000, 0x0000000632000000|  0%| F|  |TAMS 0x0000000631c00000, 0x0000000631c00000| Untracked 
| 197|0x0000000632000000, 0x0000000632000000, 0x0000000632400000|  0%| F|  |TAMS 0x0000000632000000, 0x0000000632000000| Untracked 
| 198|0x0000000632400000, 0x0000000632400000, 0x0000000632800000|  0%| F|  |TAMS 0x0000000632400000, 0x0000000632400000| Untracked 
| 199|0x0000000632800000, 0x0000000632800000, 0x0000000632c00000|  0%| F|  |TAMS 0x0000000632800000, 0x0000000632800000| Untracked 
| 200|0x0000000632c00000, 0x0000000632c00000, 0x0000000633000000|  0%| F|  |TAMS 0x0000000632c00000, 0x0000000632c00000| Untracked 
| 201|0x0000000633000000, 0x0000000633000000, 0x0000000633400000|  0%| F|  |TAMS 0x0000000633000000, 0x0000000633000000| Untracked 
| 202|0x0000000633400000, 0x0000000633400000, 0x0000000633800000|  0%| F|  |TAMS 0x0000000633400000, 0x0000000633400000| Untracked 
| 203|0x0000000633800000, 0x0000000633800000, 0x0000000633c00000|  0%| F|  |TAMS 0x0000000633800000, 0x0000000633800000| Untracked 
| 204|0x0000000633c00000, 0x0000000633c00000, 0x0000000634000000|  0%| F|  |TAMS 0x0000000633c00000, 0x0000000633c00000| Untracked 
| 205|0x0000000634000000, 0x0000000634000000, 0x0000000634400000|  0%| F|  |TAMS 0x0000000634000000, 0x0000000634000000| Untracked 
| 206|0x0000000634400000, 0x0000000634400000, 0x0000000634800000|  0%| F|  |TAMS 0x0000000634400000, 0x0000000634400000| Untracked 
| 207|0x0000000634800000, 0x0000000634800000, 0x0000000634c00000|  0%| F|  |TAMS 0x0000000634800000, 0x0000000634800000| Untracked 
| 208|0x0000000634c00000, 0x0000000634c00000, 0x0000000635000000|  0%| F|  |TAMS 0x0000000634c00000, 0x0000000634c00000| Untracked 
| 209|0x0000000635000000, 0x0000000635000000, 0x0000000635400000|  0%| F|  |TAMS 0x0000000635000000, 0x0000000635000000| Untracked 
| 210|0x0000000635400000, 0x0000000635400000, 0x0000000635800000|  0%| F|  |TAMS 0x0000000635400000, 0x0000000635400000| Untracked 
| 211|0x0000000635800000, 0x0000000635800000, 0x0000000635c00000|  0%| F|  |TAMS 0x0000000635800000, 0x0000000635800000| Untracked 
| 212|0x0000000635c00000, 0x0000000635c00000, 0x0000000636000000|  0%| F|  |TAMS 0x0000000635c00000, 0x0000000635c00000| Untracked 
| 213|0x0000000636000000, 0x0000000636000000, 0x0000000636400000|  0%| F|  |TAMS 0x0000000636000000, 0x0000000636000000| Untracked 
| 214|0x0000000636400000, 0x0000000636400000, 0x0000000636800000|  0%| F|  |TAMS 0x0000000636400000, 0x0000000636400000| Untracked 

Card table byte_map: [0x0000021a7e910000,0x0000021a7f910000] _byte_map_base: 0x0000021a7b90a000

Marking Bits (Prev, Next): (CMBitMap*) 0x0000021a7ac28d80, (CMBitMap*) 0x0000021a7ac28d40
 Prev Bits: [0x0000021a0bfd0000, 0x0000021a13fa0000)
 Next Bits: [0x0000021a04000000, 0x0000021a0bfd0000)

Polling page: 0x0000021a7a340000

Metaspace:

Usage:
  Non-class:     33.55 MB used.
      Class:      4.87 MB used.
       Both:     38.43 MB used.

Virtual space:
  Non-class space:       40.00 MB reserved,      33.75 MB ( 84%) committed,  5 nodes.
      Class space:        1.00 GB reserved,       5.06 MB ( <1%) committed,  1 nodes.
             Both:        1.04 GB reserved,      38.81 MB (  4%) committed. 

Chunk freelists:
   Non-Class:  1.86 MB
       Class:  2.91 MB
        Both:  4.77 MB

MaxMetaspaceSize: unlimited
CompressedClassSpaceSize: 1.00 GB
Initial GC threshold: 21.00 MB
Current GC threshold: 64.19 MB
CDS: off
MetaspaceReclaimPolicy: balanced
 - commit_granule_bytes: 65536.
 - commit_granule_words: 8192.
 - virtual_space_node_default_size: 1048576.
 - enlarge_chunks_in_place: 1.
 - new_chunks_are_fully_committed: 0.
 - uncommit_free_chunks: 1.
 - use_allocation_guard: 0.
 - handle_deallocations: 1.


Internal statistics:

num_allocs_failed_limit: 11.
num_arena_births: 410.
num_arena_deaths: 0.
num_vsnodes_births: 6.
num_vsnodes_deaths: 0.
num_space_committed: 621.
num_space_uncommitted: 0.
num_chunks_returned_to_freelist: 11.
num_chunks_taken_from_freelist: 1592.
num_chunk_merges: 11.
num_chunk_splits: 1096.
num_chunks_enlarged: 827.
num_purges: 0.
num_inconsistent_stats: 0.

CodeCache: size=49152Kb used=8945Kb max_used=10052Kb free=40206Kb
 bounds [0x0000021a00000000, 0x0000021a009e0000, 0x0000021a03000000]
 total_blobs=4823 nmethods=4284 adapters=465
 compilation: enabled
              stopped_count=0, restarted_count=0
 full_count=0

Compilation events (20 events):
Event: 18.256 Thread 0x0000021a164a05a0 4276       1       sun.nio.fs.WindowsException::fillInStackTrace (2 bytes)
Event: 18.256 Thread 0x0000021a165af0e0 4275       1       sun.nio.fs.WindowsException::<init> (15 bytes)
Event: 18.256 Thread 0x0000021a164a05a0 nmethod 4276 0x0000021a003fd510 code [0x0000021a003fd6a0, 0x0000021a003fd778]
Event: 18.256 Thread 0x0000021a164a05a0 4277       1       java.io.IOException::<init> (6 bytes)
Event: 18.256 Thread 0x0000021a164a05a0 nmethod 4277 0x0000021a003fd210 code [0x0000021a003fd3a0, 0x0000021a003fd488]
Event: 18.256 Thread 0x0000021a165af0e0 nmethod 4275 0x0000021a003fcd90 code [0x0000021a003fcf40, 0x0000021a003fd198]
Event: 18.259 Thread 0x0000021a165af0e0 4278       1       sun.nio.fs.WindowsException::rethrowAsIOException (39 bytes)
Event: 18.259 Thread 0x0000021a164a05a0 4279       1       sun.nio.fs.WindowsException::translateToIOException (109 bytes)
Event: 18.259 Thread 0x0000021a165af0e0 nmethod 4278 0x0000021a003fca10 code [0x0000021a003fcba0, 0x0000021a003fcca8]
Event: 18.259 Thread 0x0000021a165af0e0 4280       1       java.nio.file.NoSuchFileException::<init> (8 bytes)
Event: 18.259 Thread 0x0000021a165af0e0 nmethod 4280 0x0000021a003fc610 code [0x0000021a003fc7a0, 0x0000021a003fc968]
Event: 18.259 Thread 0x0000021a164a05a0 nmethod 4279 0x0000021a003fba90 code [0x0000021a003fbcc0, 0x0000021a003fc3a8]
Event: 18.259 Thread 0x0000021a165af0e0 4281       1       java.nio.file.FileSystemException::<init> (16 bytes)
Event: 18.259 Thread 0x0000021a165af0e0 nmethod 4281 0x0000021a003fb690 code [0x0000021a003fb820, 0x0000021a003fb9c8]
Event: 18.280 Thread 0x0000021a165af0e0 4282   !   1       nonapi.io.github.classgraph.utils.FileUtils::canReadAndIsFile (24 bytes)
Event: 18.280 Thread 0x0000021a165af0e0 nmethod 4282 0x0000021a003fae10 code [0x0000021a003fb000, 0x0000021a003fb438]
Event: 18.296 Thread 0x0000021a165af0e0 4283       1       io.github.classgraph.AnnotationParameterValueList::<init> (5 bytes)
Event: 18.296 Thread 0x0000021a164a05a0 4284       1       io.github.classgraph.MappableInfoList::<init> (5 bytes)
Event: 18.296 Thread 0x0000021a164a05a0 nmethod 4284 0x0000021a003faa90 code [0x0000021a003fac20, 0x0000021a003fad58]
Event: 18.296 Thread 0x0000021a165af0e0 nmethod 4283 0x0000021a003fa710 code [0x0000021a003fa8a0, 0x0000021a003fa9d8]

GC Heap History (20 events):
Event: 15.734 GC heap after
{Heap after GC invocations=17 (full 0):
 garbage-first heap   total 163840K, used 65219K [0x0000000600c00000, 0x0000000800000000)
  region size 4096K, 1 young (4096K), 1 survivors (4096K)
 Metaspace       used 39114K, committed 39424K, reserved 1089536K
  class space    used 4965K, committed 5120K, reserved 1048576K
}
Event: 15.742 GC heap before
{Heap before GC invocations=17 (full 0):
 garbage-first heap   total 163840K, used 110275K [0x0000000600c00000, 0x0000000800000000)
  region size 4096K, 13 young (53248K), 1 survivors (4096K)
 Metaspace       used 39127K, committed 39488K, reserved 1089536K
  class space    used 4967K, committed 5184K, reserved 1048576K
}
Event: 15.744 GC heap after
{Heap after GC invocations=18 (full 0):
 garbage-first heap   total 163840K, used 67086K [0x0000000600c00000, 0x0000000800000000)
  region size 4096K, 2 young (8192K), 2 survivors (8192K)
 Metaspace       used 39127K, committed 39488K, reserved 1089536K
  class space    used 4967K, committed 5184K, reserved 1048576K
}
Event: 15.754 GC heap before
{Heap before GC invocations=18 (full 0):
 garbage-first heap   total 163840K, used 112142K [0x0000000600c00000, 0x0000000800000000)
  region size 4096K, 14 young (57344K), 2 survivors (8192K)
 Metaspace       used 39179K, committed 39552K, reserved 1089536K
  class space    used 4975K, committed 5184K, reserved 1048576K
}
Event: 15.757 GC heap after
{Heap after GC invocations=19 (full 0):
 garbage-first heap   total 434176K, used 68950K [0x0000000600c00000, 0x0000000800000000)
  region size 4096K, 2 young (8192K), 2 survivors (8192K)
 Metaspace       used 39179K, committed 39552K, reserved 1089536K
  class space    used 4975K, committed 5184K, reserved 1048576K
}
Event: 15.822 GC heap before
{Heap before GC invocations=19 (full 0):
 garbage-first heap   total 434176K, used 298326K [0x0000000600c00000, 0x0000000800000000)
  region size 4096K, 59 young (241664K), 2 survivors (8192K)
 Metaspace       used 39210K, committed 39616K, reserved 1089536K
  class space    used 4978K, committed 5184K, reserved 1048576K
}
Event: 15.827 GC heap after
{Heap after GC invocations=20 (full 0):
 garbage-first heap   total 434176K, used 78319K [0x0000000600c00000, 0x0000000800000000)
  region size 4096K, 4 young (16384K), 4 survivors (16384K)
 Metaspace       used 39210K, committed 39616K, reserved 1089536K
  class space    used 4978K, committed 5184K, reserved 1048576K
}
Event: 15.874 GC heap before
{Heap before GC invocations=20 (full 0):
 garbage-first heap   total 434176K, used 315887K [0x0000000600c00000, 0x0000000800000000)
  region size 4096K, 63 young (258048K), 4 survivors (16384K)
 Metaspace       used 39211K, committed 39616K, reserved 1089536K
  class space    used 4978K, committed 5184K, reserved 1048576K
}
Event: 15.882 GC heap after
{Heap after GC invocations=21 (full 0):
 garbage-first heap   total 434176K, used 88052K [0x0000000600c00000, 0x0000000800000000)
  region size 4096K, 7 young (28672K), 7 survivors (28672K)
 Metaspace       used 39211K, committed 39616K, reserved 1089536K
  class space    used 4978K, committed 5184K, reserved 1048576K
}
Event: 15.965 GC heap before
{Heap before GC invocations=21 (full 0):
 garbage-first heap   total 434176K, used 313332K [0x0000000600c00000, 0x0000000800000000)
  region size 4096K, 64 young (262144K), 7 survivors (28672K)
 Metaspace       used 39211K, committed 39616K, reserved 1089536K
  class space    used 4978K, committed 5184K, reserved 1048576K
}
Event: 15.975 GC heap after
{Heap after GC invocations=22 (full 0):
 garbage-first heap   total 434176K, used 98148K [0x0000000600c00000, 0x0000000800000000)
  region size 4096K, 5 young (20480K), 5 survivors (20480K)
 Metaspace       used 39211K, committed 39616K, reserved 1089536K
  class space    used 4978K, committed 5184K, reserved 1048576K
}
Event: 16.007 GC heap before
{Heap before GC invocations=22 (full 0):
 garbage-first heap   total 434176K, used 331620K [0x0000000600c00000, 0x0000000800000000)
  region size 4096K, 63 young (258048K), 5 survivors (20480K)
 Metaspace       used 39211K, committed 39616K, reserved 1089536K
  class space    used 4978K, committed 5184K, reserved 1048576K
}
Event: 16.015 GC heap after
{Heap after GC invocations=23 (full 0):
 garbage-first heap   total 880640K, used 107323K [0x0000000600c00000, 0x0000000800000000)
  region size 4096K, 5 young (20480K), 5 survivors (20480K)
 Metaspace       used 39211K, committed 39616K, reserved 1089536K
  class space    used 4978K, committed 5184K, reserved 1048576K
}
Event: 16.343 GC heap before
{Heap before GC invocations=23 (full 0):
 garbage-first heap   total 880640K, used 611131K [0x0000000600c00000, 0x0000000800000000)
  region size 4096K, 129 young (528384K), 5 survivors (20480K)
 Metaspace       used 39346K, committed 39744K, reserved 1089536K
  class space    used 4988K, committed 5184K, reserved 1048576K
}
Event: 16.352 GC heap after
{Heap after GC invocations=24 (full 0):
 garbage-first heap   total 880640K, used 135823K [0x0000000600c00000, 0x0000000800000000)
  region size 4096K, 12 young (49152K), 12 survivors (49152K)
 Metaspace       used 39346K, committed 39744K, reserved 1089536K
  class space    used 4988K, committed 5184K, reserved 1048576K
}
Event: 17.028 GC heap before
{Heap before GC invocations=24 (full 0):
 garbage-first heap   total 880640K, used 610959K [0x0000000600c00000, 0x0000000800000000)
  region size 4096K, 129 young (528384K), 12 survivors (49152K)
 Metaspace       used 39347K, committed 39744K, reserved 1089536K
  class space    used 4988K, committed 5184K, reserved 1048576K
}
Event: 17.044 GC heap after
{Heap after GC invocations=25 (full 0):
 garbage-first heap   total 880640K, used 161855K [0x0000000600c00000, 0x0000000800000000)
  region size 4096K, 14 young (57344K), 14 survivors (57344K)
 Metaspace       used 39347K, committed 39744K, reserved 1089536K
  class space    used 4988K, committed 5184K, reserved 1048576K
}
Event: 17.603 GC heap before
{Heap before GC invocations=25 (full 0):
 garbage-first heap   total 880640K, used 628799K [0x0000000600c00000, 0x0000000800000000)
  region size 4096K, 129 young (528384K), 14 survivors (57344K)
 Metaspace       used 39347K, committed 39744K, reserved 1089536K
  class space    used 4988K, committed 5184K, reserved 1048576K
}
Event: 17.618 GC heap after
{Heap after GC invocations=26 (full 0):
 garbage-first heap   total 880640K, used 185687K [0x0000000600c00000, 0x0000000800000000)
  region size 4096K, 13 young (53248K), 13 survivors (53248K)
 Metaspace       used 39347K, committed 39744K, reserved 1089536K
  class space    used 4988K, committed 5184K, reserved 1048576K
}
Event: 18.320 GC heap before
{Heap before GC invocations=26 (full 0):
 garbage-first heap   total 880640K, used 656727K [0x0000000600c00000, 0x0000000800000000)
  region size 4096K, 129 young (528384K), 13 survivors (53248K)
 Metaspace       used 39347K, committed 39744K, reserved 1089536K
  class space    used 4988K, committed 5184K, reserved 1048576K
}

Deoptimization events (14 events):
Event: 11.802 Thread 0x0000021a7ab7b5c0 DEOPT PACKING pc=0x0000021a0056f3f9 sp=0x000000d7236fd280
Event: 11.802 Thread 0x0000021a7ab7b5c0 DEOPT UNPACKING pc=0x0000021a00052b43 sp=0x000000d7236fc760 mode 3
Event: 12.480 Thread 0x0000021a7ab7b5c0 DEOPT PACKING pc=0x0000021a00681b55 sp=0x000000d7236fb090
Event: 12.480 Thread 0x0000021a7ab7b5c0 DEOPT UNPACKING pc=0x0000021a00052b43 sp=0x000000d7236fa5a8 mode 3
Event: 13.083 Thread 0x0000021a7ab7b5c0 DEOPT PACKING pc=0x0000021a006fb0f9 sp=0x000000d7236fc660
Event: 13.083 Thread 0x0000021a7ab7b5c0 DEOPT UNPACKING pc=0x0000021a00052b43 sp=0x000000d7236fbb40 mode 3
Event: 13.486 Thread 0x0000021a18e605a0 DEOPT PACKING pc=0x0000021a007b32ed sp=0x000000d7258fe180
Event: 13.486 Thread 0x0000021a18e605a0 DEOPT UNPACKING pc=0x0000021a00052b43 sp=0x000000d7258fd6a8 mode 3
Event: 13.590 Thread 0x0000021a18e716b0 DEOPT PACKING pc=0x0000021a007cee93 sp=0x000000d7259fe5b0
Event: 13.590 Thread 0x0000021a18e716b0 DEOPT UNPACKING pc=0x0000021a00052b43 sp=0x000000d7259fdaf8 mode 3
Event: 13.666 Thread 0x0000021a18e0e4c0 DEOPT PACKING pc=0x0000021a0056bc89 sp=0x000000d7257fdbd0
Event: 13.666 Thread 0x0000021a18e0e4c0 DEOPT UNPACKING pc=0x0000021a00052b43 sp=0x000000d7257fd060 mode 3
Event: 14.174 Thread 0x0000021a18e605a0 DEOPT PACKING pc=0x0000021a0056901f sp=0x000000d7258ff1b0
Event: 14.175 Thread 0x0000021a18e605a0 DEOPT UNPACKING pc=0x0000021a00052b43 sp=0x000000d7258fe608 mode 3

Classes unloaded (0 events):
No events

Classes redefined (0 events):
No events

Internal exceptions (20 events):
Event: 18.287 Thread 0x0000021a18f362d0 Exception <a 'sun/nio/fs/WindowsException'{0x000000061c79edd0}> (0x000000061c79edd0) 
thrown [s\src\hotspot\share\prims\jni.cpp, line 516]
Event: 18.288 Thread 0x0000021a18f362d0 Exception <a 'sun/nio/fs/WindowsException'{0x000000061c79f330}> (0x000000061c79f330) 
thrown [s\src\hotspot\share\prims\jni.cpp, line 516]
Event: 18.288 Thread 0x0000021a18f33780 Exception <a 'sun/nio/fs/WindowsException'{0x000000061b2430a8}> (0x000000061b2430a8) 
thrown [s\src\hotspot\share\prims\jni.cpp, line 516]
Event: 18.288 Thread 0x0000021a18f33780 Exception <a 'sun/nio/fs/WindowsException'{0x000000061b243610}> (0x000000061b243610) 
thrown [s\src\hotspot\share\prims\jni.cpp, line 516]
Event: 18.290 Thread 0x0000021a18f36c70 Exception <a 'sun/nio/fs/WindowsException'{0x000000061ac94ec0}> (0x000000061ac94ec0) 
thrown [s\src\hotspot\share\prims\jni.cpp, line 516]
Event: 18.290 Thread 0x0000021a18f36c70 Exception <a 'sun/nio/fs/WindowsException'{0x000000061ac95440}> (0x000000061ac95440) 
thrown [s\src\hotspot\share\prims\jni.cpp, line 516]
Event: 18.291 Thread 0x0000021a18f32440 Exception <a 'sun/nio/fs/WindowsException'{0x000000061adb1ee0}> (0x000000061adb1ee0) 
thrown [s\src\hotspot\share\prims\jni.cpp, line 516]
Event: 18.291 Thread 0x0000021a18f32440 Exception <a 'sun/nio/fs/WindowsException'{0x000000061adb23b0}> (0x000000061adb23b0) 
thrown [s\src\hotspot\share\prims\jni.cpp, line 516]
Event: 18.292 Thread 0x0000021a18f34ac0 Exception <a 'sun/nio/fs/WindowsException'{0x000000061bab6b70}> (0x000000061bab6b70) 
thrown [s\src\hotspot\share\prims\jni.cpp, line 516]
Event: 18.293 Thread 0x0000021a18f34ac0 Exception <a 'sun/nio/fs/WindowsException'{0x000000061bab7040}> (0x000000061bab7040) 
thrown [s\src\hotspot\share\prims\jni.cpp, line 516]
Event: 18.311 Thread 0x0000021a18f34120 Exception <a 'sun/nio/fs/WindowsException'{0x000000061a6bcba0}> (0x000000061a6bcba0) 
thrown [s\src\hotspot\share\prims\jni.cpp, line 516]
Event: 18.311 Thread 0x0000021a18f34120 Exception <a 'sun/nio/fs/WindowsException'{0x000000061a6bd0e0}> (0x000000061a6bd0e0) 
thrown [s\src\hotspot\share\prims\jni.cpp, line 516]
Event: 18.311 Thread 0x0000021a18f362d0 Exception <a 'sun/nio/fs/WindowsException'{0x000000061a0374b0}> (0x000000061a0374b0) 
thrown [s\src\hotspot\share\prims\jni.cpp, line 516]
Event: 18.311 Thread 0x0000021a18f362d0 Exception <a 'sun/nio/fs/WindowsException'{0x000000061a037930}> (0x000000061a037930) 
thrown [s\src\hotspot\share\prims\jni.cpp, line 516]
Event: 18.311 Thread 0x0000021a18f367a0 Exception <a 'sun/nio/fs/WindowsException'{0x000000061a1c0018}> (0x000000061a1c0018) 
thrown [s\src\hotspot\share\prims\jni.cpp, line 516]
Event: 18.311 Thread 0x0000021a18f367a0 Exception <a 'sun/nio/fs/WindowsException'{0x000000061a1c04c8}> (0x000000061a1c04c8) 
thrown [s\src\hotspot\share\prims\jni.cpp, line 516]
Event: 18.312 Thread 0x0000021a18f32910 Exception <a 'sun/nio/fs/WindowsException'{0x000000061aac4010}> (0x000000061aac4010) 
thrown [s\src\hotspot\share\prims\jni.cpp, line 516]
Event: 18.312 Thread 0x0000021a18f32910 Exception <a 'sun/nio/fs/WindowsException'{0x000000061aac4460}> (0x000000061aac4460) 
thrown [s\src\hotspot\share\prims\jni.cpp, line 516]
Event: 18.313 Thread 0x0000021a18f367a0 Exception <a 'sun/nio/fs/WindowsException'{0x000000061a1cbfb0}> (0x000000061a1cbfb0) 
thrown [s\src\hotspot\share\prims\jni.cpp, line 516]
Event: 18.313 Thread 0x0000021a18f367a0 Exception <a 'sun/nio/fs/WindowsException'{0x000000061a1cc450}> (0x000000061a1cc450) 
thrown [s\src\hotspot\share\prims\jni.cpp, line 516]

VM Operations (20 events):
Event: 15.827 Executing VM operation: G1CollectForAllocation done
Event: 15.861 Executing VM operation: G1CollectForAllocation
Event: 15.874 Executing VM operation: G1CollectForAllocation done
Event: 15.874 Executing VM operation: G1CollectForAllocation
Event: 15.882 Executing VM operation: G1CollectForAllocation done
Event: 15.926 Executing VM operation: G1CollectForAllocation
Event: 15.932 Executing VM operation: G1CollectForAllocation done
Event: 15.965 Executing VM operation: G1CollectForAllocation
Event: 15.975 Executing VM operation: G1CollectForAllocation done
Event: 16.006 Executing VM operation: G1CollectForAllocation
Event: 16.007 Executing VM operation: G1CollectForAllocation done
Event: 16.007 Executing VM operation: G1CollectForAllocation
Event: 16.015 Executing VM operation: G1CollectForAllocation done
Event: 16.343 Executing VM operation: G1CollectForAllocation
Event: 16.352 Executing VM operation: G1CollectForAllocation done
Event: 17.028 Executing VM operation: G1CollectForAllocation
Event: 17.045 Executing VM operation: G1CollectForAllocation done
Event: 17.603 Executing VM operation: G1CollectForAllocation
Event: 17.619 Executing VM operation: G1CollectForAllocation done
Event: 18.320 Executing VM operation: G1CollectForAllocation

Events (20 events):
Event: 15.032 loading class java/util/stream/Collectors$1PairBox
Event: 15.032 loading class java/util/stream/Collectors$1PairBox done
Event: 15.032 loading class java/util/stream/Collectors$1OptionalBox
Event: 15.032 loading class java/util/stream/Collectors$1OptionalBox done
Event: 15.032 loading class jdk/internal/module/SystemModuleFinders$ModuleContentSpliterator
Event: 15.033 loading class jdk/internal/module/SystemModuleFinders$ModuleContentSpliterator done
Event: 15.033 loading class jdk/internal/jimage/ImageReader$SharedImageReader$LocationVisitor
Event: 15.033 loading class jdk/internal/jimage/ImageReader$SharedImageReader$LocationVisitor done
Event: 15.033 loading class jdk/internal/jimage/ImageReader$Resource
Event: 15.033 loading class jdk/internal/jimage/ImageReader$Resource done
Event: 15.033 loading class java/util/stream/LongStream
Event: 15.033 loading class java/util/concurrent/locks/AbstractQueuedSynchronizer$SharedNode
Event: 15.033 loading class java/util/concurrent/locks/AbstractQueuedSynchronizer$SharedNode done
Event: 15.033 loading class java/util/stream/LongStream done
Event: 15.033 loading class java/util/stream/DoubleStream
Event: 15.034 loading class java/util/stream/DoubleStream done
Event: 15.048 Thread 0x0000021a18f37ae0 Thread added: 0x0000021a18f37ae0
Event: 17.677 Thread 0x0000021a1b0092c0 Thread added: 0x0000021a1b0092c0
Event: 17.890 Thread 0x0000021a1780b030 Thread exited: 0x0000021a1780b030
Event: 17.890 Thread 0x0000021a176688b0 Thread exited: 0x0000021a176688b0


Dynamic libraries:
0x00007ff786a10000 - 0x00007ff786a1e000 	c:\Users\tomok\.vscode\extensions\redhat.java-1.12.0-win32-x64\jre\17.0.4.1-win32-x86_64\bin\java.exe
0x00007fff0eb50000 - 0x00007fff0ed64000 	C:\WINDOWS\SYSTEM32\ntdll.dll
0x00007fff0de60000 - 0x00007fff0df22000 	C:\WINDOWS\System32\KERNEL32.DLL
0x00007fff0c490000 - 0x00007fff0c82d000 	C:\WINDOWS\System32\KERNELBASE.dll
0x00007fff0bf80000 - 0x00007fff0c091000 	C:\WINDOWS\System32\ucrtbase.dll
0x00007ffede870000 - 0x00007ffede888000 	c:\Users\tomok\.vscode\extensions\redhat.java-1.12.0-win32-x64\jre\17.0.4.1-win32-x86_64\bin\jli.dll
0x00007fff0dba0000 - 0x00007fff0dd4d000 	C:\WINDOWS\System32\USER32.dll
0x00007fff0c8b0000 - 0x00007fff0c8d6000 	C:\WINDOWS\System32\win32u.dll
0x00007fff0cc70000 - 0x00007fff0cc99000 	C:\WINDOWS\System32\GDI32.dll
0x00007fff0c0a0000 - 0x00007fff0c1b2000 	C:\WINDOWS\System32\gdi32full.dll
0x00007fff0c1c0000 - 0x00007fff0c25a000 	C:\WINDOWS\System32\msvcp_win.dll
0x00007ffede0a0000 - 0x00007ffede0b9000 	c:\Users\tomok\.vscode\extensions\redhat.java-1.12.0-win32-x64\jre\17.0.4.1-win32-x86_64\bin\VCRUNTIME140.dll
0x00007ffef1590000 - 0x00007ffef181e000 	C:\WINDOWS\WinSxS\amd64_microsoft.windows.common-controls_6595b64144ccf1df_6.0.22621.436_none_a94247dbc10d8414\COMCTL32.dll
0x00007fff0e260000 - 0x00007fff0e307000 	C:\WINDOWS\System32\msvcrt.dll
0x00007fff0e210000 - 0x00007fff0e242000 	C:\WINDOWS\System32\IMM32.DLL
0x00007ffee8b10000 - 0x00007ffee8b1c000 	c:\Users\tomok\.vscode\extensions\redhat.java-1.12.0-win32-x64\jre\17.0.4.1-win32-x86_64\bin\vcruntime140_1.dll
0x00007ffec5d10000 - 0x00007ffec5da1000 	c:\Users\tomok\.vscode\extensions\redhat.java-1.12.0-win32-x64\jre\17.0.4.1-win32-x86_64\bin\msvcp140.dll
0x00007ffe52510000 - 0x00007ffe53156000 	c:\Users\tomok\.vscode\extensions\redhat.java-1.12.0-win32-x64\jre\17.0.4.1-win32-x86_64\bin\server\jvm.dll
0x00007fff0df40000 - 0x00007fff0dfee000 	C:\WINDOWS\System32\ADVAPI32.dll
0x00007fff0d580000 - 0x00007fff0d624000 	C:\WINDOWS\System32\sechost.dll
0x00007fff0e010000 - 0x00007fff0e125000 	C:\WINDOWS\System32\RPCRT4.dll
0x00007fff0e250000 - 0x00007fff0e258000 	C:\WINDOWS\System32\PSAPI.DLL
0x00007ffee6490000 - 0x00007ffee6499000 	C:\WINDOWS\SYSTEM32\WSOCK32.dll
0x00007fff0e310000 - 0x00007fff0e381000 	C:\WINDOWS\System32\WS2_32.dll
0x00007fff05820000 - 0x00007fff05854000 	C:\WINDOWS\SYSTEM32\WINMM.dll
0x00007fff04800000 - 0x00007fff0480a000 	C:\WINDOWS\SYSTEM32\VERSION.dll
0x00007fff0b0a0000 - 0x00007fff0b0b8000 	C:\WINDOWS\SYSTEM32\kernel.appcore.dll
0x00007ffee8ad0000 - 0x00007ffee8ada000 	c:\Users\tomok\.vscode\extensions\redhat.java-1.12.0-win32-x64\jre\17.0.4.1-win32-x86_64\bin\jimage.dll
0x00007ffef6320000 - 0x00007ffef654e000 	C:\WINDOWS\SYSTEM32\DBGHELP.DLL
0x00007fff0e5c0000 - 0x00007fff0e94a000 	C:\WINDOWS\System32\combase.dll
0x00007fff0e130000 - 0x00007fff0e207000 	C:\WINDOWS\System32\OLEAUT32.dll
0x00007ffef5820000 - 0x00007ffef5852000 	C:\WINDOWS\SYSTEM32\dbgcore.DLL
0x00007fff0c830000 - 0x00007fff0c8ab000 	C:\WINDOWS\System32\bcryptPrimitives.dll
0x00007ffedb6d0000 - 0x00007ffedb6f5000 	c:\Users\tomok\.vscode\extensions\redhat.java-1.12.0-win32-x64\jre\17.0.4.1-win32-x86_64\bin\java.dll
0x00007ffedd320000 - 0x00007ffedd338000 	c:\Users\tomok\.vscode\extensions\redhat.java-1.12.0-win32-x64\jre\17.0.4.1-win32-x86_64\bin\zip.dll
0x00007fff0cda0000 - 0x00007fff0d580000 	C:\WINDOWS\System32\SHELL32.dll
0x00007fff09f80000 - 0x00007fff0a848000 	C:\WINDOWS\SYSTEM32\windows.storage.dll
0x00007fff09e40000 - 0x00007fff09f7e000 	C:\WINDOWS\SYSTEM32\wintypes.dll
0x00007fff0cca0000 - 0x00007fff0cd91000 	C:\WINDOWS\System32\SHCORE.dll
0x00007fff0e560000 - 0x00007fff0e5be000 	C:\WINDOWS\System32\shlwapi.dll
0x00007fff0beb0000 - 0x00007fff0bed1000 	C:\WINDOWS\SYSTEM32\profapi.dll
0x00007ffedbfb0000 - 0x00007ffedbfc9000 	C:\Users\tomok\.vscode\extensions\redhat.java-1.12.0-win32-x64\jre\17.0.4.1-win32-x86_64\bin\net.dll
0x00007fff05430000 - 0x00007fff0555f000 	C:\WINDOWS\SYSTEM32\WINHTTP.dll
0x00007fff0b4f0000 - 0x00007fff0b559000 	C:\WINDOWS\system32\mswsock.dll
0x00007ffedb300000 - 0x00007ffedb315000 	C:\Users\tomok\.vscode\extensions\redhat.java-1.12.0-win32-x64\jre\17.0.4.1-win32-x86_64\bin\nio.dll
0x00007ffee78c0000 - 0x00007ffee78d0000 	c:\Users\tomok\.vscode\extensions\redhat.java-1.12.0-win32-x64\jre\17.0.4.1-win32-x86_64\bin\verify.dll
0x00007ffee3e10000 - 0x00007ffee3e19000 	C:\Users\tomok\.vscode\extensions\redhat.java-1.12.0-win32-x64\jre\17.0.4.1-win32-x86_64\bin\management.dll
0x00007ffee1c10000 - 0x00007ffee1c1b000 	C:\Users\tomok\.vscode\extensions\redhat.java-1.12.0-win32-x64\jre\17.0.4.1-win32-x86_64\bin\management_ext.dll
0x00007ffef4bf0000 - 0x00007ffef4c07000 	C:\WINDOWS\system32\napinsp.dll
0x00007ffef4bb0000 - 0x00007ffef4bcb000 	C:\WINDOWS\system32\pnrpnsp.dll
0x00007fff0ab80000 - 0x00007fff0ac72000 	C:\WINDOWS\SYSTEM32\DNSAPI.dll
0x00007fff0ab10000 - 0x00007fff0ab3d000 	C:\WINDOWS\SYSTEM32\IPHLPAPI.DLL
0x00007fff0e390000 - 0x00007fff0e399000 	C:\WINDOWS\System32\NSI.dll
0x00007ffef4b90000 - 0x00007ffef4ba1000 	C:\WINDOWS\System32\winrnr.dll
0x00007ffef4b70000 - 0x00007ffef4b85000 	C:\WINDOWS\system32\wshbth.dll
0x00007ffef4870000 - 0x00007ffef4891000 	C:\WINDOWS\system32\nlansp_c.dll
0x00007fff03940000 - 0x00007fff0394a000 	C:\Windows\System32\rasadhlp.dll
0x00007fff042f0000 - 0x00007fff04373000 	C:\WINDOWS\System32\fwpuclnt.dll
0x00007fff0b730000 - 0x00007fff0b74b000 	C:\WINDOWS\SYSTEM32\CRYPTSP.dll
0x00007fff0b010000 - 0x00007fff0b045000 	C:\WINDOWS\system32\rsaenh.dll
0x00007fff0b590000 - 0x00007fff0b5b8000 	C:\WINDOWS\SYSTEM32\USERENV.dll
0x00007fff0b920000 - 0x00007fff0b948000 	C:\WINDOWS\SYSTEM32\bcrypt.dll
0x00007fff0b6f0000 - 0x00007fff0b6fc000 	C:\WINDOWS\SYSTEM32\CRYPTBASE.dll
0x00007fff05300000 - 0x00007fff05319000 	C:\WINDOWS\SYSTEM32\dhcpcsvc6.DLL
0x00007fff052e0000 - 0x00007fff052ff000 	C:\WINDOWS\SYSTEM32\dhcpcsvc.DLL

dbghelp: loaded successfully - version: 4.0.5 - missing functions: none
symbol engine: initialized successfully - sym options: 0x614 - pdb path: .;c:\Users\tomok\.vscode\extensions\redhat.java-1.12.0-win32-x64\jre\17.0.4.1-win32-x86_64\bin;C:\WINDOWS\SYSTEM32;C:\WINDOWS\WinSxS\amd64_microsoft.windows.common-controls_6595b64144ccf1df_6.0.22621.436_none_a94247dbc10d8414;c:\Users\tomok\.vscode\extensions\redhat.java-1.12.0-win32-x64\jre\17.0.4.1-win32-x86_64\bin\server

VM Arguments:
jvm_args: -Dsts.lsp.client=vscode -Dsts.log.file=/dev/null -XX:TieredStopAtLevel=1 -Xlog:jni+resolve=off -Dspring.config.location=file:c:\Users\tomok\.vscode\extensions\pivotal.vscode-spring-boot-1.40.0\language-server\BOOT-INF\classes\application.properties 
java_command: org.springframework.ide.vscode.boot.app.BootLanguageServerBootApp
java_class_path (initial): c:\Users\tomok\.vscode\extensions\pivotal.vscode-spring-boot-1.40.0\language-server\BOOT-INF\classes;c:\Users\tomok\.vscode\extensions\pivotal.vscode-spring-boot-1.40.0\language-server\BOOT-INF\lib\annotations-23.0.0.jar;c:\Users\tomok\.vscode\extensions\pivotal.vscode-spring-boot-1.40.0\language-server\BOOT-INF\lib\ant-1.10.12.jar;c:\Users\tomok\.vscode\extensions\pivotal.vscode-spring-boot-1.40.0\language-server\BOOT-INF\lib\ant-launcher-1.10.12.jar;c:\Users\tomok\.vscode\extensions\pivotal.vscode-spring-boot-1.40.0\language-server\BOOT-INF\lib\antlr-runtime-3.5.2.jar;c:\Users\tomok\.vscode\extensions\pivotal.vscode-spring-boot-1.40.0\language-server\BOOT-INF\lib\antlr4-4.9.3.jar;c:\Users\tomok\.vscode\extensions\pivotal.vscode-spring-boot-1.40.0\language-server\BOOT-INF\lib\antlr4-runtime-4.9.3.jar;c:\Users\tomok\.vscode\extensions\pivotal.vscode-spring-boot-1.40.0\language-server\BOOT-INF\lib\asm-9.3.jar;c:\Users\tomok\.vscode\extensions\pivotal.vscode-spring-boot-1.40.0\language-server\BOOT-INF\lib\asm-analysis-9.3.jar;c:\Users\tomok\.vscode\extensions\pivotal.vscode-spring-boot-1.40.0\language-server\BOOT-INF\lib\asm-tree-9.3.jar;c:\Users\tomok\.vscode\extensions\pivotal.vscode-spring-boot-1.40.0\language-server\BOOT-INF\lib\asm-util-9.3.jar;c:\Users\tomok\.vscode\extensions\pivotal.vscode-spring-boot-1.40.0\language-server\BOOT-INF\lib\byte-buddy-1.12.13.jar;c:\Users\tomok\.vscode\extensions\pivotal.vscode-spring-boot-1.40.0\language-server\BOOT-INF\lib\caffeine-2.9.3.jar;c:\Users\tomok\.vscode\extensions\pivotal.vscode-spring-boot-1.40.0\language-server\BOOT-INF\lib\checker-qual-3.12.0.jar;c:\Users\tomok\.vscode\extensions\pivotal.vscode-spring-boot-1.40.0\language-server\BOOT-INF\lib\classgraph-4.8.149.jar;c:\Users\tomok\.vscode\extensions\pivotal.vscode-spring-boot-1.40.0\language-server\BOOT-INF\lib\commons-codec-1.15.jar;c:\Users\tomok\.vscode\extensions\pivotal.vscode-spring-boot-1.40.0\language-server\BOOT-INF\lib\commons-c
Launcher Type: SUN_STANDARD

[Global flags]
     intx CICompilerCount                          = 4                                         {product} {ergonomic}
     uint ConcGCThreads                            = 2                                         {product} {ergonomic}
     uint G1ConcRefinementThreads                  = 8                                         {product} {ergonomic}
   size_t G1HeapRegionSize                         = 4194304                                   {product} {ergonomic}
    uintx GCDrainStackTargetSize                   = 64                                        {product} {ergonomic}
   size_t InitialHeapSize                          = 536870912                                 {product} {ergonomic}
   size_t MarkStackSize                            = 4194304                                   {product} {ergonomic}
   size_t MaxHeapSize                              = 8577351680                                {product} {ergonomic}
   size_t MaxNewSize                               = 5146411008                                {product} {ergonomic}
   size_t MinHeapDeltaBytes                        = 4194304                                   {product} {ergonomic}
   size_t MinHeapSize                              = 8388608                                   {product} {ergonomic}
    uintx NonProfiledCodeHeapSize                  = 0                                      {pd product} {ergonomic}
     bool ProfileInterpreter                       = false                                  {pd product} {command line}
    uintx ProfiledCodeHeapSize                     = 0                                      {pd product} {ergonomic}
   size_t SoftMaxHeapSize                          = 8577351680                             {manageable} {ergonomic}
     intx TieredStopAtLevel                        = 1                                         {product} {command line}
     bool UseCompressedClassPointers               = true                           {product lp64_product} {ergonomic}
     bool UseCompressedOops                        = true                           {product lp64_product} {ergonomic}
     bool UseG1GC                                  = true                                      {product} {ergonomic}
     bool UseLargePagesIndividualAllocation        = false                                  {pd product} {ergonomic}

Logging:
Log output configuration:
 #0: stdout all=warning,jni+resolve=off uptime,level,tags
 #1: stderr all=off uptime,level,tags

Environment Variables:
JAVA_HOME=C:\Program Files\AdoptOpenJDK\jdk-11.0.10.9-hotspot
PATH=C:\Users\tomok\AppData\Local\cloud-code\installer\google-cloud-sdk\bin;C:\Program Files\Common Files\Oracle\Java\javapath;C:\Program Files\NVIDIA GPU Computing Toolkit\CUDA\v11.2\bin;C:\Program Files\NVIDIA GPU Computing Toolkit\CUDA\v11.2\libnvvp;C:\Program Files\AdoptOpenJDK\jdk-11.0.10.9-hotspot\bin;C:\Program Files (x86)\Common Files\Oracle\Java\javapath;C:\Windows\system32;C:\Windows;C:\Windows\System32\Wbem;C:\Users\tomok\AppData\Local\Programs\Python\Python310;C:\Windows\System32\WindowsPowerShell\v1.0\;C:\Windows\System32\OpenSSH\;C:\Program Files (x86)\Intel\Intel(R) Management Engine Components\DAL;C:\Program Files\Intel\Intel(R) Management Engine Components\DAL;C:\Program Files (x86)\NVIDIA Corporation\PhysX\Common;C:\Program Files\Microsoft SQL Server\130\Tools\Binn\;C:\xampp\mysql\bin;C:\Program Files (x86)\sbt\bin;C:\Program Files (x86)\scala\bin;C:\WINDOWS\system32;C:\WINDOWS;C:\WINDOWS\System32\Wbem;C:\WINDOWS\System32\WindowsPowerShell\v1.0\;C:\WINDOWS\System32\OpenSSH\;C:\Program Files\Calibre2\;C:\Program Files\MongoDB\Server\4.4\bin;C:\apache-maven-3.6.3-bin\apache-maven-3.6.3\bin;C:\xampp\php;C:\Program Files\Graphviz\bin;C:\Anaconda3;C:\Anaconda3\Library\bin;C:\Anaconda3\Scripts;C:\Program Files\NVIDIA Corporation\NVIDIA NvDLISR;C:\Program Files\NVIDIA Corporation\Nsight Compute 2020.3.0\;C:\Program Files\dotnet\;C:\Program Files\Microsoft SQL Server\Client SDK\ODBC\170\Tools\Binn\;C:\composer;C:\WINDOWS\system32;C:\WINDOWS;C:\WINDOWS\System32\Wbem;C:\WINDOWS\System32\WindowsPowerShell\v1.0\;C:\WINDOWS\System32\OpenSSH\;C:\ProgramData\ComposerSetup\bin;C:\Program Files\nodejs\;C:\ProgramData\chocolatey\bin;D:\Applications\chromedriver_win32;C:\Program Files\Docker\Docker\resources\bin;C:\ProgramData\DockerDesktop\version-bin;C:\Program Files\PowerShell\7\;C:\Users\tomok\AppData\Local\Microsoft\WindowsApps;C:\Program Files\JetBrains\IntelliJ IDEA Community Edition 2019.3\bin;C:\Users\tomok\.dotnet\tools;C:\Users\tomok\AppData\Local\Microsoft\W
USERNAME=tomok
OS=Windows_NT
PROCESSOR_IDENTIFIER=Intel64 Family 6 Model 158 Stepping 13, GenuineIntel
TMP=C:\Users\tomok\AppData\Local\Temp
TEMP=C:\Users\tomok\AppData\Local\Temp



---------------  S Y S T E M  ---------------

OS:
 Windows 11 , 64 bit Build 22621 (10.0.22621.891)
OS uptime: 7 days 3:16 hours
Hyper-V role detected

CPU: total 8 (initial active 8) (8 cores per cpu, 1 threads per core) family 6 model 158 stepping 13 microcode 0xde, cx8, cmov, fxsr, mmx, 3dnowpref, sse, sse2, sse3, ssse3, sse4.1, sse4.2, popcnt, lzcnt, tsc, tscinvbit, avx, avx2, aes, erms, clmul, bmi1, bmi2, adx, fma, vzeroupper, clflush, clflushopt, hv

Memory: 4k page, system-wide physical 32709M (10186M free)
TotalPageFile size 131013M (AvailPageFile size 206M)
current process WorkingSet (physical memory assigned to process): 1006M, peak: 1006M
current process commit charge ("private bytes"): 1033M, peak: 1661M

vm_info: OpenJDK 64-Bit Server VM (17.0.4.1+1) for windows-amd64 JRE (17.0.4.1+1), built on Aug 17 2022 07:42:43 by "temurin" with MS VC++ 16.7 (VS2019)

END.
