#
# There is insufficient memory for the Java Runtime Environment to continue.
# Native memory allocation (mmap) failed to map 968884224 bytes for G1 virtual space
# Possible reasons:
#   The system is out of physical RAM or swap space
#   The process is running with CompressedOops enabled, and the Java Heap may be blocking the growth of the native heap
# Possible solutions:
#   Reduce memory load on the system
#   Increase physical memory or swap space
#   Check if swap backing store is full
#   Decrease Java heap size (-Xmx/-Xms)
#   Decrease number of Java threads
#   Decrease Java thread stack sizes (-Xss)
#   Set larger code cache with -XX:ReservedCodeCacheSize=
#   JVM is running with Zero Based Compressed Oops mode in which the Java heap is
#     placed in the first 32GB address space. The Java Heap base address is the
#     maximum limit for the native heap growth. Please use -XX:HeapBaseMinAddress
#     to set the Java Heap base and to place the Java Heap above 32GB virtual address.
# This output file may be truncated or incomplete.
#
#  Out of Memory Error (os_windows.cpp:3541), pid=23300, tid=17712
#
# JRE version: OpenJDK Runtime Environment Temurin-17.0.4.1+1 (17.0.4.1+1) (build 17.0.4.1+1)
# Java VM: OpenJDK 64-Bit Server VM Temurin-17.0.4.1+1 (17.0.4.1+1, mixed mode, emulated-client, tiered, compressed oops, compressed class ptrs, g1 gc, windows-amd64)
# No core dump will be written. Minidumps are not enabled by default on client versions of Windows
#

---------------  S U M M A R Y ------------

Command Line: -Dsts.lsp.client=vscode -Dsts.log.file=/dev/null -XX:TieredStopAtLevel=1 -Xlog:jni+resolve=off -Dspring.config.location=file:c:\Users\tomok\.vscode\extensions\pivotal.vscode-spring-boot-1.40.0\language-server\BOOT-INF\classes\application.properties org.springframework.ide.vscode.boot.app.BootLanguageServerBootApp

Host: Intel(R) Core(TM) i7-9700K CPU @ 3.60GHz, 8 cores, 31G,  Windows 11 , 64 bit Build 22621 (10.0.22621.891)
Time: Tue Nov 22 13:28:37 2022  Windows 11 , 64 bit Build 22621 (10.0.22621.891) elapsed time: 4.429193 seconds (0d 0h 0m 4s)

---------------  T H R E A D  ---------------

Current thread (0x0000015e7e912960):  VMThread "VM Thread" [stack: 0x00000014ebc00000,0x00000014ebd00000] [id=17712]

Stack: [0x00000014ebc00000,0x00000014ebd00000]
Native frames: (J=compiled Java code, j=interpreted, Vv=VM code, C=native code)
V  [jvm.dll+0x67731a]
V  [jvm.dll+0x832284]
V  [jvm.dll+0x833a2e]
V  [jvm.dll+0x834093]
V  [jvm.dll+0x245775]
V  [jvm.dll+0x674209]
V  [jvm.dll+0x668a92]
V  [jvm.dll+0x30471b]
V  [jvm.dll+0x30bc66]
V  [jvm.dll+0x35ba9e]
V  [jvm.dll+0x35bccf]
V  [jvm.dll+0x2db5b8]
V  [jvm.dll+0x2d986c]
V  [jvm.dll+0x2d8e3c]
V  [jvm.dll+0x31cd9b]
V  [jvm.dll+0x83853b]
V  [jvm.dll+0x839274]
V  [jvm.dll+0x83978c]
V  [jvm.dll+0x839b64]
V  [jvm.dll+0x839c30]
V  [jvm.dll+0x7e240a]
V  [jvm.dll+0x6761a5]
C  [ucrtbase.dll+0x29363]
C  [KERNEL32.DLL+0x1244d]
C  [ntdll.dll+0x5dfb8]

VM_Operation (0x00000014eeafeb10): G1CollectForAllocation, mode: safepoint, requested by thread 0x0000015e01d65c50


---------------  P R O C E S S  ---------------

Threads class SMR info:
_java_thread_list=0x0000015e0215b430, length=45, elements={
0x0000015e7e92b390, 0x0000015e7e92c0d0, 0x0000015e7f141770, 0x0000015e7f175010,
0x0000015e7f1798f0, 0x0000015e7f17a1b0, 0x0000015e7f184a90, 0x0000015e7f188890,
0x0000015e7f376fd0, 0x0000015e7f385540, 0x0000015e7f392890, 0x0000015e00ff23e0,
0x0000015e00ff28f0, 0x0000015e01954de0, 0x0000015e0194b330, 0x0000015e01b6d8b0,
0x0000015e61859050, 0x0000015e01bcbd20, 0x0000015e01c02fe0, 0x0000015e01c0b4c0,
0x0000015e01c34a30, 0x0000015e01c41ec0, 0x0000015e01c6ab70, 0x0000015e01c6a6a0,
0x0000015e01c6b510, 0x0000015e01c6c380, 0x0000015e01c6b9e0, 0x0000015e01c6cd20,
0x0000015e01c6c850, 0x0000015e01c6d1f0, 0x0000015e01c6b040, 0x0000015e01c69830,
0x0000015e01c69d00, 0x0000015e01c6beb0, 0x0000015e01c6a1d0, 0x0000015e01d66120,
0x0000015e01d65c50, 0x0000015e01d63aa0, 0x0000015e01d64de0, 0x0000015e01d605b0,
0x0000015e01d665f0, 0x0000015e01d652b0, 0x0000015e01d66ac0, 0x0000015e01d600e0,
0x0000015e01d61420
}

Java Threads: ( => current thread )
  0x0000015e7e92b390 JavaThread "Reference Handler" daemon [_thread_blocked, id=28620, stack(0x00000014ebd00000,0x00000014ebe00000)]
  0x0000015e7e92c0d0 JavaThread "Finalizer" daemon [_thread_blocked, id=36448, stack(0x00000014ebe00000,0x00000014ebf00000)]
  0x0000015e7f141770 JavaThread "Signal Dispatcher" daemon [_thread_blocked, id=23804, stack(0x00000014ebf00000,0x00000014ec000000)]
  0x0000015e7f175010 JavaThread "Attach Listener" daemon [_thread_blocked, id=30468, stack(0x00000014ec000000,0x00000014ec100000)]
  0x0000015e7f1798f0 JavaThread "Service Thread" daemon [_thread_blocked, id=24284, stack(0x00000014ec100000,0x00000014ec200000)]
  0x0000015e7f17a1b0 JavaThread "Monitor Deflation Thread" daemon [_thread_blocked, id=22648, stack(0x00000014ec200000,0x00000014ec300000)]
  0x0000015e7f184a90 JavaThread "C1 CompilerThread0" daemon [_thread_blocked, id=7156, stack(0x00000014ec300000,0x00000014ec400000)]
  0x0000015e7f188890 JavaThread "Sweeper thread" daemon [_thread_blocked, id=8856, stack(0x00000014ec400000,0x00000014ec500000)]
  0x0000015e7f376fd0 JavaThread "C1 CompilerThread1" daemon [_thread_blocked, id=32244, stack(0x00000014ec500000,0x00000014ec600000)]
  0x0000015e7f385540 JavaThread "Notification Thread" daemon [_thread_blocked, id=10916, stack(0x00000014ec600000,0x00000014ec700000)]
  0x0000015e7f392890 JavaThread "Common-Cleaner" daemon [_thread_blocked, id=37820, stack(0x00000014ec800000,0x00000014ec900000)]
  0x0000015e00ff23e0 JavaThread "C1 CompilerThread2" daemon [_thread_blocked, id=16640, stack(0x00000014ec900000,0x00000014eca00000)]
  0x0000015e00ff28f0 JavaThread "C1 CompilerThread3" daemon [_thread_blocked, id=13188, stack(0x00000014eca00000,0x00000014ecb00000)]
  0x0000015e01954de0 JavaThread "boundedElastic-evictor-1" daemon [_thread_blocked, id=26412, stack(0x00000014ed300000,0x00000014ed400000)]
  0x0000015e0194b330 JavaThread "pool-9-thread-1" [_thread_blocked, id=8304, stack(0x00000014ed500000,0x00000014ed600000)]
  0x0000015e01b6d8b0 JavaThread "LanguageServerApp-lifecycle" [_thread_blocked, id=36748, stack(0x00000014ed600000,0x00000014ed700000)]
  0x0000015e61859050 JavaThread "DestroyJavaVM" [_thread_blocked, id=4908, stack(0x00000014eb600000,0x00000014eb700000)]
  0x0000015e01bcbd20 JavaThread "pool-10-thread-1" [_thread_in_native, id=29628, stack(0x00000014ed700000,0x00000014ed800000)]
  0x0000015e01c02fe0 JavaThread "Simple-Language-Server main thread" daemon [_thread_blocked, id=20576, stack(0x00000014ed800000,0x00000014ed900000)]
  0x0000015e01c0b4c0 JavaThread "ForkJoinPool.commonPool-worker-1" daemon [_thread_blocked, id=13168, stack(0x00000014ed900000,0x00000014eda00000)]
  0x0000015e01c34a30 JavaThread "pool-7-thread-1" [_thread_blocked, id=24644, stack(0x00000014eda00000,0x00000014edb00000)]
  0x0000015e01c41ec0 JavaThread "parallel-1" daemon [_thread_blocked, id=34620, stack(0x00000014edb00000,0x00000014edc00000)]
  0x0000015e01c6ab70 JavaThread "pool-4-thread-1" [_thread_blocked, id=20320, stack(0x00000014edc00000,0x00000014edd00000)]
  0x0000015e01c6a6a0 JavaThread "ForkJoinPool.commonPool-worker-2" daemon [_thread_blocked, id=19244, stack(0x00000014edd00000,0x00000014ede00000)]
  0x0000015e01c6b510 JavaThread "pool-4-thread-2" [_thread_blocked, id=3724, stack(0x00000014ede00000,0x00000014edf00000)]
  0x0000015e01c6c380 JavaThread "ClassGraph-worker-0" daemon [_thread_blocked, id=37852, stack(0x00000014edf00000,0x00000014ee000000)]
  0x0000015e01c6b9e0 JavaThread "ClassGraph-worker-1" daemon [_thread_blocked, id=7140, stack(0x00000014ee000000,0x00000014ee100000)]
  0x0000015e01c6cd20 JavaThread "parallel-2" daemon [_thread_blocked, id=22564, stack(0x00000014ee100000,0x00000014ee200000)]
  0x0000015e01c6c850 JavaThread "ClassGraph-worker-2" daemon [_thread_blocked, id=23896, stack(0x00000014ee200000,0x00000014ee300000)]
  0x0000015e01c6d1f0 JavaThread "ClassGraph-worker-3" daemon [_thread_blocked, id=19060, stack(0x00000014ee300000,0x00000014ee400000)]
  0x0000015e01c6b040 JavaThread "ClassGraph-worker-4" daemon [_thread_blocked, id=32648, stack(0x00000014ee400000,0x00000014ee500000)]
  0x0000015e01c69830 JavaThread "ClassGraph-worker-5" daemon [_thread_blocked, id=3792, stack(0x00000014ee500000,0x00000014ee600000)]
  0x0000015e01c69d00 JavaThread "ClassGraph-worker-6" daemon [_thread_blocked, id=29584, stack(0x00000014ee600000,0x00000014ee700000)]
  0x0000015e01c6beb0 JavaThread "ClassGraph-worker-7" daemon [_thread_blocked, id=23168, stack(0x00000014ee700000,0x00000014ee800000)]
  0x0000015e01c6a1d0 JavaThread "ClassGraph-worker-8" daemon [_thread_blocked, id=13552, stack(0x00000014ee800000,0x00000014ee900000)]
  0x0000015e01d66120 JavaThread "ClassGraph-worker-9" daemon [_thread_blocked, id=25384, stack(0x00000014ee900000,0x00000014eea00000)]
  0x0000015e01d65c50 JavaThread "ClassGraph-worker-10" daemon [_thread_blocked, id=29348, stack(0x00000014eea00000,0x00000014eeb00000)]
  0x0000015e01d63aa0 JavaThread "ClassGraph-worker-11" daemon [_thread_blocked, id=3432, stack(0x00000014eeb00000,0x00000014eec00000)]
  0x0000015e01d64de0 JavaThread "ClassGraph-worker-12" daemon [_thread_blocked, id=9992, stack(0x00000014eec00000,0x00000014eed00000)]
  0x0000015e01d605b0 JavaThread "ClassGraph-worker-13" daemon [_thread_blocked, id=22432, stack(0x00000014eed00000,0x00000014eee00000)]
  0x0000015e01d665f0 JavaThread "Reconciler-1" daemon [_thread_blocked, id=3940, stack(0x00000014eee00000,0x00000014eef00000)]
  0x0000015e01d652b0 JavaThread "pool-5-thread-1" [_thread_blocked, id=3224, stack(0x00000014eef00000,0x00000014ef000000)]
  0x0000015e01d66ac0 JavaThread "parallel-3" daemon [_thread_blocked, id=32072, stack(0x00000014ef000000,0x00000014ef100000)]
  0x0000015e01d600e0 JavaThread "parallel-4" daemon [_thread_blocked, id=23272, stack(0x00000014ef100000,0x00000014ef200000)]
  0x0000015e01d61420 JavaThread "Project-Reconciler-1" daemon [_thread_blocked, id=15788, stack(0x00000014ef200000,0x00000014ef300000)]

Other Threads:
=>0x0000015e7e912960 VMThread "VM Thread" [stack: 0x00000014ebc00000,0x00000014ebd00000] [id=17712]
  0x0000015e7f131850 WatcherThread [stack: 0x00000014ec700000,0x00000014ec800000] [id=18952]
  0x0000015e61906880 GCTaskThread "GC Thread#0" [stack: 0x00000014eb700000,0x00000014eb800000] [id=8692]
  0x0000015e011ce8b0 GCTaskThread "GC Thread#1" [stack: 0x00000014ecb00000,0x00000014ecc00000] [id=36112]
  0x0000015e011f1390 GCTaskThread "GC Thread#2" [stack: 0x00000014ecc00000,0x00000014ecd00000] [id=14480]
  0x0000015e011f1640 GCTaskThread "GC Thread#3" [stack: 0x00000014ecd00000,0x00000014ece00000] [id=29016]
  0x0000015e011f18f0 GCTaskThread "GC Thread#4" [stack: 0x00000014ece00000,0x00000014ecf00000] [id=14032]
  0x0000015e011f1ba0 GCTaskThread "GC Thread#5" [stack: 0x00000014ecf00000,0x00000014ed000000] [id=17900]
  0x0000015e0109fbc0 GCTaskThread "GC Thread#6" [stack: 0x00000014ed000000,0x00000014ed100000] [id=20652]
  0x0000015e0109fe70 GCTaskThread "GC Thread#7" [stack: 0x00000014ed100000,0x00000014ed200000] [id=34280]
  0x0000015e61917660 ConcurrentGCThread "G1 Main Marker" [stack: 0x00000014eb800000,0x00000014eb900000] [id=8708]
  0x0000015e619180e0 ConcurrentGCThread "G1 Conc#0" [stack: 0x00000014eb900000,0x00000014eba00000] [id=34076]
  0x0000015e015f1540 ConcurrentGCThread "G1 Conc#1" [stack: 0x00000014ed400000,0x00000014ed500000] [id=512]
  0x0000015e7e800f10 ConcurrentGCThread "G1 Refine#0" [stack: 0x00000014eba00000,0x00000014ebb00000] [id=10684]
  0x0000015e0120f2f0 ConcurrentGCThread "G1 Refine#1" [stack: 0x00000014ed200000,0x00000014ed300000] [id=1144]
  0x0000015e045fe050 ConcurrentGCThread "G1 Refine#2" [stack: 0x00000014ef300000,0x00000014ef400000] [id=13856]
  0x0000015e7e8015e0 ConcurrentGCThread "G1 Service" [stack: 0x00000014ebb00000,0x00000014ebc00000] [id=31048]

Threads with active compile tasks:

VM state: at safepoint (normal execution)

VM Mutex/Monitor currently owned by a thread:  ([mutex/lock_event])
[0x0000015e616af800] Threads_lock - owner thread: 0x0000015e7e912960
[0x0000015e618575b0] Heap_lock - owner thread: 0x0000015e01d65c50

Heap address: 0x0000000600c00000, size: 8180 MB, Compressed Oops mode: Zero based, Oop shift amount: 3

CDS archive(s) not mapped
Compressed class space mapped at: 0x0000000800000000-0x0000000840000000, reserved size: 1073741824
Narrow klass base: 0x0000000800000000, Narrow klass shift: 0, Narrow klass range: 0x40000000

GC Precious Log:
 CPUs: 8 total, 8 available
 Memory: 32709M
 Large Page Support: Disabled
 NUMA Support: Disabled
 Compressed Oops: Enabled (Zero based)
 Heap Region Size: 4M
 Heap Min Capacity: 8M
 Heap Initial Capacity: 512M
 Heap Max Capacity: 8180M
 Pre-touch: Disabled
 Parallel Workers: 8
 Concurrent Workers: 2
 Concurrent Refinement Workers: 8
 Periodic GC: Disabled

Heap:
 garbage-first heap   total 946176K, used 202848K [0x0000000600c00000, 0x0000000800000000)
  region size 4096K, 13 young (53248K), 13 survivors (53248K)
 Metaspace       used 39174K, committed 39488K, reserved 1089536K
  class space    used 4958K, committed 5120K, reserved 1048576K

Heap Regions: E=young(eden), S=young(survivor), O=old, HS=humongous(starts), HC=humongous(continues), CS=collection set, F=free, OA=open archive, CA=closed archive, TAMS=top-at-mark-start (previous, next)
|   0|0x0000000600c00000, 0x0000000601000000, 0x0000000601000000|100%| O|  |TAMS 0x0000000601000000, 0x0000000600c00000| Untracked 
|   1|0x0000000601000000, 0x00000006013cf600, 0x0000000601400000| 95%| O|  |TAMS 0x00000006013cf600, 0x0000000601000000| Untracked 
|   2|0x0000000601400000, 0x0000000601800000, 0x0000000601800000|100%| O|  |TAMS 0x0000000601800000, 0x0000000601400000| Untracked 
|   3|0x0000000601800000, 0x0000000601c00000, 0x0000000601c00000|100%| O|  |TAMS 0x0000000601c00000, 0x0000000601800000| Untracked 
|   4|0x0000000601c00000, 0x0000000602000000, 0x0000000602000000|100%| O|  |TAMS 0x0000000602000000, 0x0000000601c00000| Untracked 
|   5|0x0000000602000000, 0x000000060235ba00, 0x0000000602400000| 83%| O|  |TAMS 0x000000060235ba00, 0x0000000602000000| Untracked 
|   6|0x0000000602400000, 0x0000000602800000, 0x0000000602800000|100%| O|  |TAMS 0x0000000602800000, 0x0000000602400000| Untracked 
|   7|0x0000000602800000, 0x0000000602c00000, 0x0000000602c00000|100%| O|  |TAMS 0x0000000602c00000, 0x0000000602800000| Untracked 
|   8|0x0000000602c00000, 0x0000000603000000, 0x0000000603000000|100%| O|  |TAMS 0x0000000603000000, 0x0000000602c00000| Untracked 
|   9|0x0000000603000000, 0x0000000603400000, 0x0000000603400000|100%| O|  |TAMS 0x0000000603400000, 0x0000000603000000| Untracked 
|  10|0x0000000603400000, 0x0000000603800000, 0x0000000603800000|100%| O|  |TAMS 0x0000000603800000, 0x0000000603400000| Untracked 
|  11|0x0000000603800000, 0x0000000603c00000, 0x0000000603c00000|100%| O|  |TAMS 0x0000000603c00000, 0x0000000603800000| Untracked 
|  12|0x0000000603c00000, 0x0000000604000000, 0x0000000604000000|100%| O|  |TAMS 0x0000000604000000, 0x0000000603c00000| Untracked 
|  13|0x0000000604000000, 0x0000000604400000, 0x0000000604400000|100%| O|  |TAMS 0x0000000604400000, 0x0000000604000000| Untracked 
|  14|0x0000000604400000, 0x0000000604800000, 0x0000000604800000|100%| O|  |TAMS 0x00000006045b4600, 0x0000000604400000| Untracked 
|  15|0x0000000604800000, 0x0000000604c00000, 0x0000000604c00000|100%| O|  |TAMS 0x0000000604800000, 0x0000000604800000| Untracked 
|  16|0x0000000604c00000, 0x0000000604c9bc00, 0x0000000605000000| 15%| O|  |TAMS 0x0000000604c00000, 0x0000000604c00000| Untracked 
|  17|0x0000000605000000, 0x0000000605400000, 0x0000000605400000|100%| O|  |TAMS 0x0000000605000000, 0x0000000605000000| Untracked 
|  18|0x0000000605400000, 0x0000000605800000, 0x0000000605800000|100%| O|  |TAMS 0x0000000605400000, 0x0000000605400000| Untracked 
|  19|0x0000000605800000, 0x0000000605c00000, 0x0000000605c00000|100%| O|  |TAMS 0x0000000605800000, 0x0000000605800000| Untracked 
|  20|0x0000000605c00000, 0x0000000606000000, 0x0000000606000000|100%| O|  |TAMS 0x0000000605c00000, 0x0000000605c00000| Untracked 
|  21|0x0000000606000000, 0x0000000606400000, 0x0000000606400000|100%| O|  |TAMS 0x0000000606000000, 0x0000000606000000| Untracked 
|  22|0x0000000606400000, 0x0000000606800000, 0x0000000606800000|100%| O|  |TAMS 0x0000000606400000, 0x0000000606400000| Untracked 
|  23|0x0000000606800000, 0x0000000606c00000, 0x0000000606c00000|100%| O|  |TAMS 0x0000000606800000, 0x0000000606800000| Untracked 
|  24|0x0000000606c00000, 0x0000000607000000, 0x0000000607000000|100%| O|  |TAMS 0x0000000606c00000, 0x0000000606c00000| Untracked 
|  25|0x0000000607000000, 0x0000000607400000, 0x0000000607400000|100%| O|  |TAMS 0x0000000607000000, 0x0000000607000000| Untracked 
|  26|0x0000000607400000, 0x0000000607800000, 0x0000000607800000|100%| O|  |TAMS 0x0000000607400000, 0x0000000607400000| Untracked 
|  27|0x0000000607800000, 0x0000000607c00000, 0x0000000607c00000|100%| O|  |TAMS 0x0000000607800000, 0x0000000607800000| Untracked 
|  28|0x0000000607c00000, 0x0000000608000000, 0x0000000608000000|100%| O|  |TAMS 0x0000000607c00000, 0x0000000607c00000| Untracked 
|  29|0x0000000608000000, 0x0000000608400000, 0x0000000608400000|100%| O|  |TAMS 0x0000000608000000, 0x0000000608000000| Untracked 
|  30|0x0000000608400000, 0x0000000608800000, 0x0000000608800000|100%| O|  |TAMS 0x0000000608400000, 0x0000000608400000| Untracked 
|  31|0x0000000608800000, 0x0000000608c00000, 0x0000000608c00000|100%| O|  |TAMS 0x0000000608800000, 0x0000000608800000| Untracked 
|  32|0x0000000608c00000, 0x0000000609000000, 0x0000000609000000|100%| O|  |TAMS 0x0000000608c00000, 0x0000000608c00000| Untracked 
|  33|0x0000000609000000, 0x0000000609400000, 0x0000000609400000|100%| O|  |TAMS 0x0000000609000000, 0x0000000609000000| Untracked 
|  34|0x0000000609400000, 0x0000000609800000, 0x0000000609800000|100%| O|  |TAMS 0x0000000609400000, 0x0000000609400000| Untracked 
|  35|0x0000000609800000, 0x0000000609c00000, 0x0000000609c00000|100%| O|  |TAMS 0x0000000609800000, 0x0000000609800000| Untracked 
|  36|0x0000000609c00000, 0x000000060a000000, 0x000000060a000000|100%| O|  |TAMS 0x0000000609c00000, 0x0000000609c00000| Untracked 
|  37|0x000000060a000000, 0x000000060a26ba00, 0x000000060a400000| 60%| O|  |TAMS 0x000000060a000000, 0x000000060a000000| Untracked 
|  38|0x000000060a400000, 0x000000060a400000, 0x000000060a800000|  0%| F|  |TAMS 0x000000060a400000, 0x000000060a400000| Untracked 
|  39|0x000000060a800000, 0x000000060a800000, 0x000000060ac00000|  0%| F|  |TAMS 0x000000060a800000, 0x000000060a800000| Untracked 
|  40|0x000000060ac00000, 0x000000060ac00000, 0x000000060b000000|  0%| F|  |TAMS 0x000000060ac00000, 0x000000060ac00000| Untracked 
|  41|0x000000060b000000, 0x000000060b000000, 0x000000060b400000|  0%| F|  |TAMS 0x000000060b000000, 0x000000060b000000| Untracked 
|  42|0x000000060b400000, 0x000000060b400000, 0x000000060b800000|  0%| F|  |TAMS 0x000000060b400000, 0x000000060b400000| Untracked 
|  43|0x000000060b800000, 0x000000060b800000, 0x000000060bc00000|  0%| F|  |TAMS 0x000000060b800000, 0x000000060b800000| Untracked 
|  44|0x000000060bc00000, 0x000000060bc00000, 0x000000060c000000|  0%| F|  |TAMS 0x000000060bc00000, 0x000000060bc00000| Untracked 
|  45|0x000000060c000000, 0x000000060c000000, 0x000000060c400000|  0%| F|  |TAMS 0x000000060c000000, 0x000000060c000000| Untracked 
|  46|0x000000060c400000, 0x000000060c400000, 0x000000060c800000|  0%| F|  |TAMS 0x000000060c400000, 0x000000060c400000| Untracked 
|  47|0x000000060c800000, 0x000000060c800000, 0x000000060cc00000|  0%| F|  |TAMS 0x000000060c800000, 0x000000060c800000| Untracked 
|  48|0x000000060cc00000, 0x000000060cc00000, 0x000000060d000000|  0%| F|  |TAMS 0x000000060cc00000, 0x000000060cc00000| Untracked 
|  49|0x000000060d000000, 0x000000060d000000, 0x000000060d400000|  0%| F|  |TAMS 0x000000060d000000, 0x000000060d000000| Untracked 
|  50|0x000000060d400000, 0x000000060d400000, 0x000000060d800000|  0%| F|  |TAMS 0x000000060d400000, 0x000000060d400000| Untracked 
|  51|0x000000060d800000, 0x000000060d800000, 0x000000060dc00000|  0%| F|  |TAMS 0x000000060d800000, 0x000000060d800000| Untracked 
|  52|0x000000060dc00000, 0x000000060dc00000, 0x000000060e000000|  0%| F|  |TAMS 0x000000060dc00000, 0x000000060dc00000| Untracked 
|  53|0x000000060e000000, 0x000000060e000000, 0x000000060e400000|  0%| F|  |TAMS 0x000000060e000000, 0x000000060e000000| Untracked 
|  54|0x000000060e400000, 0x000000060e400000, 0x000000060e800000|  0%| F|  |TAMS 0x000000060e400000, 0x000000060e400000| Untracked 
|  55|0x000000060e800000, 0x000000060e800000, 0x000000060ec00000|  0%| F|  |TAMS 0x000000060e800000, 0x000000060e800000| Untracked 
|  56|0x000000060ec00000, 0x000000060ec00000, 0x000000060f000000|  0%| F|  |TAMS 0x000000060ec00000, 0x000000060ec00000| Untracked 
|  57|0x000000060f000000, 0x000000060f000000, 0x000000060f400000|  0%| F|  |TAMS 0x000000060f000000, 0x000000060f000000| Untracked 
|  58|0x000000060f400000, 0x000000060f400000, 0x000000060f800000|  0%| F|  |TAMS 0x000000060f400000, 0x000000060f400000| Untracked 
|  59|0x000000060f800000, 0x000000060f800000, 0x000000060fc00000|  0%| F|  |TAMS 0x000000060f800000, 0x000000060f800000| Untracked 
|  60|0x000000060fc00000, 0x000000060fc00000, 0x0000000610000000|  0%| F|  |TAMS 0x000000060fc00000, 0x000000060fc00000| Untracked 
|  61|0x0000000610000000, 0x0000000610000000, 0x0000000610400000|  0%| F|  |TAMS 0x0000000610000000, 0x0000000610000000| Untracked 
|  62|0x0000000610400000, 0x0000000610400000, 0x0000000610800000|  0%| F|  |TAMS 0x0000000610400000, 0x0000000610400000| Untracked 
|  63|0x0000000610800000, 0x0000000610800000, 0x0000000610c00000|  0%| F|  |TAMS 0x0000000610800000, 0x0000000610800000| Untracked 
|  64|0x0000000610c00000, 0x0000000610c00000, 0x0000000611000000|  0%| F|  |TAMS 0x0000000610c00000, 0x0000000610c00000| Untracked 
|  65|0x0000000611000000, 0x0000000611000000, 0x0000000611400000|  0%| F|  |TAMS 0x0000000611000000, 0x0000000611000000| Untracked 
|  66|0x0000000611400000, 0x0000000611400000, 0x0000000611800000|  0%| F|  |TAMS 0x0000000611400000, 0x0000000611400000| Untracked 
|  67|0x0000000611800000, 0x0000000611800000, 0x0000000611c00000|  0%| F|  |TAMS 0x0000000611800000, 0x0000000611800000| Untracked 
|  68|0x0000000611c00000, 0x0000000611c00000, 0x0000000612000000|  0%| F|  |TAMS 0x0000000611c00000, 0x0000000611c00000| Untracked 
|  69|0x0000000612000000, 0x0000000612000000, 0x0000000612400000|  0%| F|  |TAMS 0x0000000612000000, 0x0000000612000000| Untracked 
|  70|0x0000000612400000, 0x0000000612400000, 0x0000000612800000|  0%| F|  |TAMS 0x0000000612400000, 0x0000000612400000| Untracked 
|  71|0x0000000612800000, 0x0000000612800000, 0x0000000612c00000|  0%| F|  |TAMS 0x0000000612800000, 0x0000000612800000| Untracked 
|  72|0x0000000612c00000, 0x0000000612c00000, 0x0000000613000000|  0%| F|  |TAMS 0x0000000612c00000, 0x0000000612c00000| Untracked 
|  73|0x0000000613000000, 0x0000000613000000, 0x0000000613400000|  0%| F|  |TAMS 0x0000000613000000, 0x0000000613000000| Untracked 
|  74|0x0000000613400000, 0x0000000613400000, 0x0000000613800000|  0%| F|  |TAMS 0x0000000613400000, 0x0000000613400000| Untracked 
|  75|0x0000000613800000, 0x0000000613800000, 0x0000000613c00000|  0%| F|  |TAMS 0x0000000613800000, 0x0000000613800000| Untracked 
|  76|0x0000000613c00000, 0x0000000613c00000, 0x0000000614000000|  0%| F|  |TAMS 0x0000000613c00000, 0x0000000613c00000| Untracked 
|  77|0x0000000614000000, 0x0000000614000000, 0x0000000614400000|  0%| F|  |TAMS 0x0000000614000000, 0x0000000614000000| Untracked 
|  78|0x0000000614400000, 0x0000000614400000, 0x0000000614800000|  0%| F|  |TAMS 0x0000000614400000, 0x0000000614400000| Untracked 
|  79|0x0000000614800000, 0x0000000614800000, 0x0000000614c00000|  0%| F|  |TAMS 0x0000000614800000, 0x0000000614800000| Untracked 
|  80|0x0000000614c00000, 0x0000000614fe5de8, 0x0000000615000000| 97%| S|CS|TAMS 0x0000000614c00000, 0x0000000614c00000| Complete 
|  81|0x0000000615000000, 0x0000000615400000, 0x0000000615400000|100%| S|CS|TAMS 0x0000000615000000, 0x0000000615000000| Complete 
|  82|0x0000000615400000, 0x0000000615800000, 0x0000000615800000|100%| S|CS|TAMS 0x0000000615400000, 0x0000000615400000| Complete 
|  83|0x0000000615800000, 0x0000000615c00000, 0x0000000615c00000|100%| S|CS|TAMS 0x0000000615800000, 0x0000000615800000| Complete 
|  84|0x0000000615c00000, 0x0000000616000000, 0x0000000616000000|100%| S|CS|TAMS 0x0000000615c00000, 0x0000000615c00000| Complete 
|  85|0x0000000616000000, 0x0000000616400000, 0x0000000616400000|100%| S|CS|TAMS 0x0000000616000000, 0x0000000616000000| Complete 
|  86|0x0000000616400000, 0x0000000616800000, 0x0000000616800000|100%| S|CS|TAMS 0x0000000616400000, 0x0000000616400000| Complete 
|  87|0x0000000616800000, 0x0000000616c00000, 0x0000000616c00000|100%| S|CS|TAMS 0x0000000616800000, 0x0000000616800000| Complete 
|  88|0x0000000616c00000, 0x0000000617000000, 0x0000000617000000|100%| S|CS|TAMS 0x0000000616c00000, 0x0000000616c00000| Complete 
|  89|0x0000000617000000, 0x0000000617400000, 0x0000000617400000|100%| S|CS|TAMS 0x0000000617000000, 0x0000000617000000| Complete 
|  90|0x0000000617400000, 0x0000000617800000, 0x0000000617800000|100%| S|CS|TAMS 0x0000000617400000, 0x0000000617400000| Complete 
|  91|0x0000000617800000, 0x0000000617800000, 0x0000000617c00000|  0%| F|  |TAMS 0x0000000617800000, 0x0000000617800000| Untracked 
|  92|0x0000000617c00000, 0x0000000617c00000, 0x0000000618000000|  0%| F|  |TAMS 0x0000000617c00000, 0x0000000617c00000| Untracked 
|  93|0x0000000618000000, 0x0000000618000000, 0x0000000618400000|  0%| F|  |TAMS 0x0000000618000000, 0x0000000618000000| Untracked 
|  94|0x0000000618400000, 0x0000000618400000, 0x0000000618800000|  0%| F|  |TAMS 0x0000000618400000, 0x0000000618400000| Untracked 
|  95|0x0000000618800000, 0x0000000618800000, 0x0000000618c00000|  0%| F|  |TAMS 0x0000000618800000, 0x0000000618800000| Untracked 
|  96|0x0000000618c00000, 0x0000000618c00000, 0x0000000619000000|  0%| F|  |TAMS 0x0000000618c00000, 0x0000000618c00000| Untracked 
|  97|0x0000000619000000, 0x0000000619400000, 0x0000000619400000|100%| S|CS|TAMS 0x0000000619000000, 0x0000000619000000| Complete 
|  98|0x0000000619400000, 0x0000000619800000, 0x0000000619800000|100%| S|CS|TAMS 0x0000000619400000, 0x0000000619400000| Complete 
|  99|0x0000000619800000, 0x0000000619800000, 0x0000000619c00000|  0%| F|  |TAMS 0x0000000619800000, 0x0000000619800000| Untracked 
| 100|0x0000000619c00000, 0x0000000619c00000, 0x000000061a000000|  0%| F|  |TAMS 0x0000000619c00000, 0x0000000619c00000| Untracked 
| 101|0x000000061a000000, 0x000000061a000000, 0x000000061a400000|  0%| F|  |TAMS 0x000000061a000000, 0x000000061a000000| Untracked 
| 102|0x000000061a400000, 0x000000061a400000, 0x000000061a800000|  0%| F|  |TAMS 0x000000061a400000, 0x000000061a400000| Untracked 
| 103|0x000000061a800000, 0x000000061a800000, 0x000000061ac00000|  0%| F|  |TAMS 0x000000061a800000, 0x000000061a800000| Untracked 
| 104|0x000000061ac00000, 0x000000061ac00000, 0x000000061b000000|  0%| F|  |TAMS 0x000000061ac00000, 0x000000061ac00000| Untracked 
| 105|0x000000061b000000, 0x000000061b000000, 0x000000061b400000|  0%| F|  |TAMS 0x000000061b000000, 0x000000061b000000| Untracked 
| 106|0x000000061b400000, 0x000000061b400000, 0x000000061b800000|  0%| F|  |TAMS 0x000000061b400000, 0x000000061b400000| Untracked 
| 107|0x000000061b800000, 0x000000061b800000, 0x000000061bc00000|  0%| F|  |TAMS 0x000000061b800000, 0x000000061b800000| Untracked 
| 108|0x000000061bc00000, 0x000000061bc00000, 0x000000061c000000|  0%| F|  |TAMS 0x000000061bc00000, 0x000000061bc00000| Untracked 
| 109|0x000000061c000000, 0x000000061c000000, 0x000000061c400000|  0%| F|  |TAMS 0x000000061c000000, 0x000000061c000000| Untracked 
| 110|0x000000061c400000, 0x000000061c400000, 0x000000061c800000|  0%| F|  |TAMS 0x000000061c400000, 0x000000061c400000| Untracked 
| 111|0x000000061c800000, 0x000000061c800000, 0x000000061cc00000|  0%| F|  |TAMS 0x000000061c800000, 0x000000061c800000| Untracked 
| 112|0x000000061cc00000, 0x000000061cc00000, 0x000000061d000000|  0%| F|  |TAMS 0x000000061cc00000, 0x000000061cc00000| Untracked 
| 113|0x000000061d000000, 0x000000061d000000, 0x000000061d400000|  0%| F|  |TAMS 0x000000061d000000, 0x000000061d000000| Untracked 
| 114|0x000000061d400000, 0x000000061d400000, 0x000000061d800000|  0%| F|  |TAMS 0x000000061d400000, 0x000000061d400000| Untracked 
| 115|0x000000061d800000, 0x000000061d800000, 0x000000061dc00000|  0%| F|  |TAMS 0x000000061d800000, 0x000000061d800000| Untracked 
| 116|0x000000061dc00000, 0x000000061dc00000, 0x000000061e000000|  0%| F|  |TAMS 0x000000061dc00000, 0x000000061dc00000| Untracked 
| 117|0x000000061e000000, 0x000000061e000000, 0x000000061e400000|  0%| F|  |TAMS 0x000000061e000000, 0x000000061e000000| Untracked 
| 118|0x000000061e400000, 0x000000061e400000, 0x000000061e800000|  0%| F|  |TAMS 0x000000061e400000, 0x000000061e400000| Untracked 
| 119|0x000000061e800000, 0x000000061e800000, 0x000000061ec00000|  0%| F|  |TAMS 0x000000061e800000, 0x000000061e800000| Untracked 
| 120|0x000000061ec00000, 0x000000061ec00000, 0x000000061f000000|  0%| F|  |TAMS 0x000000061ec00000, 0x000000061ec00000| Untracked 
| 121|0x000000061f000000, 0x000000061f000000, 0x000000061f400000|  0%| F|  |TAMS 0x000000061f000000, 0x000000061f000000| Untracked 
| 122|0x000000061f400000, 0x000000061f400000, 0x000000061f800000|  0%| F|  |TAMS 0x000000061f400000, 0x000000061f400000| Untracked 
| 123|0x000000061f800000, 0x000000061f800000, 0x000000061fc00000|  0%| F|  |TAMS 0x000000061f800000, 0x000000061f800000| Untracked 
| 124|0x000000061fc00000, 0x000000061fc00000, 0x0000000620000000|  0%| F|  |TAMS 0x000000061fc00000, 0x000000061fc00000| Untracked 
| 125|0x0000000620000000, 0x0000000620000000, 0x0000000620400000|  0%| F|  |TAMS 0x0000000620000000, 0x0000000620000000| Untracked 
| 126|0x0000000620400000, 0x0000000620400000, 0x0000000620800000|  0%| F|  |TAMS 0x0000000620400000, 0x0000000620400000| Untracked 
| 127|0x0000000620800000, 0x0000000620800000, 0x0000000620c00000|  0%| F|  |TAMS 0x0000000620800000, 0x0000000620800000| Untracked 
| 128|0x0000000620c00000, 0x0000000620c00000, 0x0000000621000000|  0%| F|  |TAMS 0x0000000620c00000, 0x0000000620c00000| Untracked 
| 129|0x0000000621000000, 0x0000000621000000, 0x0000000621400000|  0%| F|  |TAMS 0x0000000621000000, 0x0000000621000000| Untracked 
| 130|0x0000000621400000, 0x0000000621400000, 0x0000000621800000|  0%| F|  |TAMS 0x0000000621400000, 0x0000000621400000| Untracked 
| 131|0x0000000621800000, 0x0000000621800000, 0x0000000621c00000|  0%| F|  |TAMS 0x0000000621800000, 0x0000000621800000| Untracked 
| 132|0x0000000621c00000, 0x0000000621c00000, 0x0000000622000000|  0%| F|  |TAMS 0x0000000621c00000, 0x0000000621c00000| Untracked 
| 133|0x0000000622000000, 0x0000000622000000, 0x0000000622400000|  0%| F|  |TAMS 0x0000000622000000, 0x0000000622000000| Untracked 
| 134|0x0000000622400000, 0x0000000622400000, 0x0000000622800000|  0%| F|  |TAMS 0x0000000622400000, 0x0000000622400000| Untracked 
| 135|0x0000000622800000, 0x0000000622800000, 0x0000000622c00000|  0%| F|  |TAMS 0x0000000622800000, 0x0000000622800000| Untracked 
| 136|0x0000000622c00000, 0x0000000622c00000, 0x0000000623000000|  0%| F|  |TAMS 0x0000000622c00000, 0x0000000622c00000| Untracked 
| 137|0x0000000623000000, 0x0000000623000000, 0x0000000623400000|  0%| F|  |TAMS 0x0000000623000000, 0x0000000623000000| Untracked 
| 138|0x0000000623400000, 0x0000000623400000, 0x0000000623800000|  0%| F|  |TAMS 0x0000000623400000, 0x0000000623400000| Untracked 
| 139|0x0000000623800000, 0x0000000623800000, 0x0000000623c00000|  0%| F|  |TAMS 0x0000000623800000, 0x0000000623800000| Untracked 
| 140|0x0000000623c00000, 0x0000000623c00000, 0x0000000624000000|  0%| F|  |TAMS 0x0000000623c00000, 0x0000000623c00000| Untracked 
| 141|0x0000000624000000, 0x0000000624000000, 0x0000000624400000|  0%| F|  |TAMS 0x0000000624000000, 0x0000000624000000| Untracked 
| 142|0x0000000624400000, 0x0000000624400000, 0x0000000624800000|  0%| F|  |TAMS 0x0000000624400000, 0x0000000624400000| Untracked 
| 143|0x0000000624800000, 0x0000000624800000, 0x0000000624c00000|  0%| F|  |TAMS 0x0000000624800000, 0x0000000624800000| Untracked 
| 144|0x0000000624c00000, 0x0000000624c00000, 0x0000000625000000|  0%| F|  |TAMS 0x0000000624c00000, 0x0000000624c00000| Untracked 
| 145|0x0000000625000000, 0x0000000625000000, 0x0000000625400000|  0%| F|  |TAMS 0x0000000625000000, 0x0000000625000000| Untracked 
| 146|0x0000000625400000, 0x0000000625400000, 0x0000000625800000|  0%| F|  |TAMS 0x0000000625400000, 0x0000000625400000| Untracked 
| 147|0x0000000625800000, 0x0000000625800000, 0x0000000625c00000|  0%| F|  |TAMS 0x0000000625800000, 0x0000000625800000| Untracked 
| 148|0x0000000625c00000, 0x0000000625c00000, 0x0000000626000000|  0%| F|  |TAMS 0x0000000625c00000, 0x0000000625c00000| Untracked 
| 149|0x0000000626000000, 0x0000000626000000, 0x0000000626400000|  0%| F|  |TAMS 0x0000000626000000, 0x0000000626000000| Untracked 
| 150|0x0000000626400000, 0x0000000626400000, 0x0000000626800000|  0%| F|  |TAMS 0x0000000626400000, 0x0000000626400000| Untracked 
| 151|0x0000000626800000, 0x0000000626800000, 0x0000000626c00000|  0%| F|  |TAMS 0x0000000626800000, 0x0000000626800000| Untracked 
| 152|0x0000000626c00000, 0x0000000626c00000, 0x0000000627000000|  0%| F|  |TAMS 0x0000000626c00000, 0x0000000626c00000| Untracked 
| 153|0x0000000627000000, 0x0000000627000000, 0x0000000627400000|  0%| F|  |TAMS 0x0000000627000000, 0x0000000627000000| Untracked 
| 154|0x0000000627400000, 0x0000000627400000, 0x0000000627800000|  0%| F|  |TAMS 0x0000000627400000, 0x0000000627400000| Untracked 
| 155|0x0000000627800000, 0x0000000627800000, 0x0000000627c00000|  0%| F|  |TAMS 0x0000000627800000, 0x0000000627800000| Untracked 
| 156|0x0000000627c00000, 0x0000000627c00000, 0x0000000628000000|  0%| F|  |TAMS 0x0000000627c00000, 0x0000000627c00000| Untracked 
| 157|0x0000000628000000, 0x0000000628000000, 0x0000000628400000|  0%| F|  |TAMS 0x0000000628000000, 0x0000000628000000| Untracked 
| 158|0x0000000628400000, 0x0000000628400000, 0x0000000628800000|  0%| F|  |TAMS 0x0000000628400000, 0x0000000628400000| Untracked 
| 159|0x0000000628800000, 0x0000000628800000, 0x0000000628c00000|  0%| F|  |TAMS 0x0000000628800000, 0x0000000628800000| Untracked 
| 160|0x0000000628c00000, 0x0000000628c00000, 0x0000000629000000|  0%| F|  |TAMS 0x0000000628c00000, 0x0000000628c00000| Untracked 
| 161|0x0000000629000000, 0x0000000629000000, 0x0000000629400000|  0%| F|  |TAMS 0x0000000629000000, 0x0000000629000000| Untracked 
| 162|0x0000000629400000, 0x0000000629400000, 0x0000000629800000|  0%| F|  |TAMS 0x0000000629400000, 0x0000000629400000| Untracked 
| 163|0x0000000629800000, 0x0000000629800000, 0x0000000629c00000|  0%| F|  |TAMS 0x0000000629800000, 0x0000000629800000| Untracked 
| 164|0x0000000629c00000, 0x0000000629c00000, 0x000000062a000000|  0%| F|  |TAMS 0x0000000629c00000, 0x0000000629c00000| Untracked 
| 165|0x000000062a000000, 0x000000062a000000, 0x000000062a400000|  0%| F|  |TAMS 0x000000062a000000, 0x000000062a000000| Untracked 
| 166|0x000000062a400000, 0x000000062a400000, 0x000000062a800000|  0%| F|  |TAMS 0x000000062a400000, 0x000000062a400000| Untracked 
| 167|0x000000062a800000, 0x000000062a800000, 0x000000062ac00000|  0%| F|  |TAMS 0x000000062a800000, 0x000000062a800000| Untracked 
| 168|0x000000062ac00000, 0x000000062ac00000, 0x000000062b000000|  0%| F|  |TAMS 0x000000062ac00000, 0x000000062ac00000| Untracked 
| 169|0x000000062b000000, 0x000000062b000000, 0x000000062b400000|  0%| F|  |TAMS 0x000000062b000000, 0x000000062b000000| Untracked 
| 170|0x000000062b400000, 0x000000062b400000, 0x000000062b800000|  0%| F|  |TAMS 0x000000062b400000, 0x000000062b400000| Untracked 
| 171|0x000000062b800000, 0x000000062b800000, 0x000000062bc00000|  0%| F|  |TAMS 0x000000062b800000, 0x000000062b800000| Untracked 
| 172|0x000000062bc00000, 0x000000062bc00000, 0x000000062c000000|  0%| F|  |TAMS 0x000000062bc00000, 0x000000062bc00000| Untracked 
| 173|0x000000062c000000, 0x000000062c000000, 0x000000062c400000|  0%| F|  |TAMS 0x000000062c000000, 0x000000062c000000| Untracked 
| 174|0x000000062c400000, 0x000000062c400000, 0x000000062c800000|  0%| F|  |TAMS 0x000000062c400000, 0x000000062c400000| Untracked 
| 175|0x000000062c800000, 0x000000062c800000, 0x000000062cc00000|  0%| F|  |TAMS 0x000000062c800000, 0x000000062c800000| Untracked 
| 176|0x000000062cc00000, 0x000000062cc00000, 0x000000062d000000|  0%| F|  |TAMS 0x000000062cc00000, 0x000000062cc00000| Untracked 
| 177|0x000000062d000000, 0x000000062d000000, 0x000000062d400000|  0%| F|  |TAMS 0x000000062d000000, 0x000000062d000000| Untracked 
| 178|0x000000062d400000, 0x000000062d400000, 0x000000062d800000|  0%| F|  |TAMS 0x000000062d400000, 0x000000062d400000| Untracked 
| 179|0x000000062d800000, 0x000000062d800000, 0x000000062dc00000|  0%| F|  |TAMS 0x000000062d800000, 0x000000062d800000| Untracked 
| 180|0x000000062dc00000, 0x000000062dc00000, 0x000000062e000000|  0%| F|  |TAMS 0x000000062dc00000, 0x000000062dc00000| Untracked 
| 181|0x000000062e000000, 0x000000062e000000, 0x000000062e400000|  0%| F|  |TAMS 0x000000062e000000, 0x000000062e000000| Untracked 
| 182|0x000000062e400000, 0x000000062e400000, 0x000000062e800000|  0%| F|  |TAMS 0x000000062e400000, 0x000000062e400000| Untracked 
| 183|0x000000062e800000, 0x000000062e800000, 0x000000062ec00000|  0%| F|  |TAMS 0x000000062e800000, 0x000000062e800000| Untracked 
| 184|0x000000062ec00000, 0x000000062ec00000, 0x000000062f000000|  0%| F|  |TAMS 0x000000062ec00000, 0x000000062ec00000| Untracked 
| 185|0x000000062f000000, 0x000000062f000000, 0x000000062f400000|  0%| F|  |TAMS 0x000000062f000000, 0x000000062f000000| Untracked 
| 186|0x000000062f400000, 0x000000062f400000, 0x000000062f800000|  0%| F|  |TAMS 0x000000062f400000, 0x000000062f400000| Untracked 
| 187|0x000000062f800000, 0x000000062f800000, 0x000000062fc00000|  0%| F|  |TAMS 0x000000062f800000, 0x000000062f800000| Untracked 
| 188|0x000000062fc00000, 0x000000062fc00000, 0x0000000630000000|  0%| F|  |TAMS 0x000000062fc00000, 0x000000062fc00000| Untracked 
| 189|0x0000000630000000, 0x0000000630000000, 0x0000000630400000|  0%| F|  |TAMS 0x0000000630000000, 0x0000000630000000| Untracked 
| 190|0x0000000630400000, 0x0000000630400000, 0x0000000630800000|  0%| F|  |TAMS 0x0000000630400000, 0x0000000630400000| Untracked 
| 191|0x0000000630800000, 0x0000000630800000, 0x0000000630c00000|  0%| F|  |TAMS 0x0000000630800000, 0x0000000630800000| Untracked 
| 192|0x0000000630c00000, 0x0000000630c00000, 0x0000000631000000|  0%| F|  |TAMS 0x0000000630c00000, 0x0000000630c00000| Untracked 
| 193|0x0000000631000000, 0x0000000631000000, 0x0000000631400000|  0%| F|  |TAMS 0x0000000631000000, 0x0000000631000000| Untracked 
| 194|0x0000000631400000, 0x0000000631400000, 0x0000000631800000|  0%| F|  |TAMS 0x0000000631400000, 0x0000000631400000| Untracked 
| 195|0x0000000631800000, 0x0000000631800000, 0x0000000631c00000|  0%| F|  |TAMS 0x0000000631800000, 0x0000000631800000| Untracked 
| 196|0x0000000631c00000, 0x0000000631c00000, 0x0000000632000000|  0%| F|  |TAMS 0x0000000631c00000, 0x0000000631c00000| Untracked 
| 197|0x0000000632000000, 0x0000000632000000, 0x0000000632400000|  0%| F|  |TAMS 0x0000000632000000, 0x0000000632000000| Untracked 
| 198|0x0000000632400000, 0x0000000632400000, 0x0000000632800000|  0%| F|  |TAMS 0x0000000632400000, 0x0000000632400000| Untracked 
| 199|0x0000000632800000, 0x0000000632800000, 0x0000000632c00000|  0%| F|  |TAMS 0x0000000632800000, 0x0000000632800000| Untracked 
| 200|0x0000000632c00000, 0x0000000632c00000, 0x0000000633000000|  0%| F|  |TAMS 0x0000000632c00000, 0x0000000632c00000| Untracked 
| 201|0x0000000633000000, 0x0000000633000000, 0x0000000633400000|  0%| F|  |TAMS 0x0000000633000000, 0x0000000633000000| Untracked 
| 202|0x0000000633400000, 0x0000000633400000, 0x0000000633800000|  0%| F|  |TAMS 0x0000000633400000, 0x0000000633400000| Untracked 
| 203|0x0000000633800000, 0x0000000633800000, 0x0000000633c00000|  0%| F|  |TAMS 0x0000000633800000, 0x0000000633800000| Untracked 
| 204|0x0000000633c00000, 0x0000000633c00000, 0x0000000634000000|  0%| F|  |TAMS 0x0000000633c00000, 0x0000000633c00000| Untracked 
| 205|0x0000000634000000, 0x0000000634000000, 0x0000000634400000|  0%| F|  |TAMS 0x0000000634000000, 0x0000000634000000| Untracked 
| 206|0x0000000634400000, 0x0000000634400000, 0x0000000634800000|  0%| F|  |TAMS 0x0000000634400000, 0x0000000634400000| Untracked 
| 207|0x0000000634800000, 0x0000000634800000, 0x0000000634c00000|  0%| F|  |TAMS 0x0000000634800000, 0x0000000634800000| Untracked 
| 208|0x0000000634c00000, 0x0000000634c00000, 0x0000000635000000|  0%| F|  |TAMS 0x0000000634c00000, 0x0000000634c00000| Untracked 
| 209|0x0000000635000000, 0x0000000635000000, 0x0000000635400000|  0%| F|  |TAMS 0x0000000635000000, 0x0000000635000000| Untracked 
| 210|0x0000000635400000, 0x0000000635400000, 0x0000000635800000|  0%| F|  |TAMS 0x0000000635400000, 0x0000000635400000| Untracked 
| 211|0x0000000635800000, 0x0000000635800000, 0x0000000635c00000|  0%| F|  |TAMS 0x0000000635800000, 0x0000000635800000| Untracked 
| 212|0x0000000635c00000, 0x0000000635c00000, 0x0000000636000000|  0%| F|  |TAMS 0x0000000635c00000, 0x0000000635c00000| Untracked 
| 213|0x0000000636000000, 0x0000000636000000, 0x0000000636400000|  0%| F|  |TAMS 0x0000000636000000, 0x0000000636000000| Untracked 
| 214|0x0000000636400000, 0x0000000636400000, 0x0000000636800000|  0%| F|  |TAMS 0x0000000636400000, 0x0000000636400000| Untracked 
| 215|0x0000000636800000, 0x0000000636800000, 0x0000000636c00000|  0%| F|  |TAMS 0x0000000636800000, 0x0000000636800000| Untracked 
| 216|0x0000000636c00000, 0x0000000636c00000, 0x0000000637000000|  0%| F|  |TAMS 0x0000000636c00000, 0x0000000636c00000| Untracked 
| 217|0x0000000637000000, 0x0000000637000000, 0x0000000637400000|  0%| F|  |TAMS 0x0000000637000000, 0x0000000637000000| Untracked 
| 218|0x0000000637400000, 0x0000000637400000, 0x0000000637800000|  0%| F|  |TAMS 0x0000000637400000, 0x0000000637400000| Untracked 
| 219|0x0000000637800000, 0x0000000637800000, 0x0000000637c00000|  0%| F|  |TAMS 0x0000000637800000, 0x0000000637800000| Untracked 
| 220|0x0000000637c00000, 0x0000000637c00000, 0x0000000638000000|  0%| F|  |TAMS 0x0000000637c00000, 0x0000000637c00000| Untracked 
| 221|0x0000000638000000, 0x0000000638000000, 0x0000000638400000|  0%| F|  |TAMS 0x0000000638000000, 0x0000000638000000| Untracked 
| 222|0x0000000638400000, 0x0000000638400000, 0x0000000638800000|  0%| F|  |TAMS 0x0000000638400000, 0x0000000638400000| Untracked 
| 223|0x0000000638800000, 0x0000000638800000, 0x0000000638c00000|  0%| F|  |TAMS 0x0000000638800000, 0x0000000638800000| Untracked 
| 224|0x0000000638c00000, 0x0000000638c00000, 0x0000000639000000|  0%| F|  |TAMS 0x0000000638c00000, 0x0000000638c00000| Untracked 
| 225|0x0000000639000000, 0x0000000639000000, 0x0000000639400000|  0%| F|  |TAMS 0x0000000639000000, 0x0000000639000000| Untracked 
| 226|0x0000000639400000, 0x0000000639400000, 0x0000000639800000|  0%| F|  |TAMS 0x0000000639400000, 0x0000000639400000| Untracked 
| 227|0x0000000639800000, 0x0000000639800000, 0x0000000639c00000|  0%| F|  |TAMS 0x0000000639800000, 0x0000000639800000| Untracked 
| 228|0x0000000639c00000, 0x0000000639c00000, 0x000000063a000000|  0%| F|  |TAMS 0x0000000639c00000, 0x0000000639c00000| Untracked 
| 229|0x000000063a000000, 0x000000063a000000, 0x000000063a400000|  0%| F|  |TAMS 0x000000063a000000, 0x000000063a000000| Untracked 
| 230|0x000000063a400000, 0x000000063a400000, 0x000000063a800000|  0%| F|  |TAMS 0x000000063a400000, 0x000000063a400000| Untracked 

Card table byte_map: [0x0000015e6a5f0000,0x0000015e6b5f0000] _byte_map_base: 0x0000015e675ea000

Marking Bits (Prev, Next): (CMBitMap*) 0x0000015e61906de0, (CMBitMap*) 0x0000015e61906da0
 Prev Bits: [0x0000015e745c0000, 0x0000015e7c590000)
 Next Bits: [0x0000015e6c5f0000, 0x0000015e745c0000)

Polling page: 0x0000015e61920000

Metaspace:

Usage:
  Non-class:     33.41 MB used.
      Class:      4.84 MB used.
       Both:     38.26 MB used.

Virtual space:
  Non-class space:       40.00 MB reserved,      33.56 MB ( 84%) committed,  5 nodes.
      Class space:        1.00 GB reserved,       5.00 MB ( <1%) committed,  1 nodes.
             Both:        1.04 GB reserved,      38.56 MB (  4%) committed. 

Chunk freelists:
   Non-Class:  1.50 MB
       Class:  3.00 MB
        Both:  4.50 MB

MaxMetaspaceSize: unlimited
CompressedClassSpaceSize: 1.00 GB
Initial GC threshold: 21.00 MB
Current GC threshold: 64.06 MB
CDS: off
MetaspaceReclaimPolicy: balanced
 - commit_granule_bytes: 65536.
 - commit_granule_words: 8192.
 - virtual_space_node_default_size: 1048576.
 - enlarge_chunks_in_place: 1.
 - new_chunks_are_fully_committed: 0.
 - uncommit_free_chunks: 1.
 - use_allocation_guard: 0.
 - handle_deallocations: 1.


Internal statistics:

num_allocs_failed_limit: 6.
num_arena_births: 384.
num_arena_deaths: 0.
num_vsnodes_births: 6.
num_vsnodes_deaths: 0.
num_space_committed: 617.
num_space_uncommitted: 0.
num_chunks_returned_to_freelist: 6.
num_chunks_taken_from_freelist: 1538.
num_chunk_merges: 6.
num_chunk_splits: 1060.
num_chunks_enlarged: 815.
num_purges: 0.
num_inconsistent_stats: 0.

CodeCache: size=49152Kb used=9939Kb max_used=9939Kb free=39212Kb
 bounds [0x0000015e65cf0000, 0x0000015e666b0000, 0x0000015e68cf0000]
 total_blobs=4722 nmethods=4182 adapters=464
 compilation: enabled
              stopped_count=0, restarted_count=0
 full_count=0

Compilation events (20 events):
Event: 3.728 Thread 0x0000015e00ff23e0 nmethod 4173 0x0000015e6669c110 code [0x0000015e6669c2c0, 0x0000015e6669c4e8]
Event: 3.728 Thread 0x0000015e00ff23e0 4175       1       io.github.classgraph.Classfile::extendScanningUpwardsFromAnnotationParameterValues (166 bytes)
Event: 3.728 Thread 0x0000015e00ff23e0 nmethod 4175 0x0000015e6669c590 code [0x0000015e6669c820, 0x0000015e6669d048]
Event: 3.729 Thread 0x0000015e00ff28f0 nmethod 4174 0x0000015e6669d590 code [0x0000015e6669d860, 0x0000015e6669e1e8]
Event: 3.729 Thread 0x0000015e00ff23e0 4176       1       io.github.classgraph.AnnotationParameterValue::getValue (19 bytes)
Event: 3.729 Thread 0x0000015e00ff28f0 4177       1       io.github.classgraph.ObjectTypedValueWrapper::get (7 bytes)
Event: 3.729 Thread 0x0000015e00ff28f0 nmethod 4177 0x0000015e6669e490 code [0x0000015e6669e620, 0x0000015e6669e708]
Event: 3.729 Thread 0x0000015e00ff23e0 nmethod 4176 0x0000015e6669e790 code [0x0000015e6669e920, 0x0000015e6669ea48]
Event: 3.729 Thread 0x0000015e7f376fd0 nmethod 4172 0x0000015e6669eb10 code [0x0000015e6669ef00, 0x0000015e666a0ca8]
Event: 3.729 Thread 0x0000015e7f184a90 nmethod 4171 0x0000015e666a1290 code [0x0000015e666a1700, 0x0000015e666a2b18]
Event: 3.912 Thread 0x0000015e7f376fd0 4178       1       io.github.classgraph.ClasspathElementZip::getResource (12 bytes)
Event: 3.912 Thread 0x0000015e7f376fd0 nmethod 4178 0x0000015e666a3590 code [0x0000015e666a3720, 0x0000015e666a3848]
Event: 3.916 Thread 0x0000015e7f184a90 4179       1       java.lang.Throwable::<init> (34 bytes)
Event: 3.916 Thread 0x0000015e7f184a90 nmethod 4179 0x0000015e666a3910 code [0x0000015e666a3ac0, 0x0000015e666a3d68]
Event: 3.946 Thread 0x0000015e7f376fd0 4180       1       io.github.classgraph.ClasspathElementModule::getResource (23 bytes)
Event: 3.946 Thread 0x0000015e7f376fd0 nmethod 4180 0x0000015e666a3e10 code [0x0000015e666a3fc0, 0x0000015e666a4368]
Event: 3.946 Thread 0x0000015e7f184a90 4181       1       sun.nio.fs.WindowsException::lastError (5 bytes)
Event: 3.946 Thread 0x0000015e7f184a90 nmethod 4181 0x0000015e666a4490 code [0x0000015e666a4620, 0x0000015e666a46f8]
Event: 3.966 Thread 0x0000015e7f184a90 4182       1       java.lang.Exception::<init> (6 bytes)
Event: 3.967 Thread 0x0000015e7f184a90 nmethod 4182 0x0000015e666a4790 code [0x0000015e666a4940, 0x0000015e666a4be8]

GC Heap History (20 events):
Event: 2.801 GC heap after
{Heap after GC invocations=16 (full 0):
 garbage-first heap   total 122880K, used 65344K [0x0000000600c00000, 0x0000000800000000)
  region size 4096K, 2 young (8192K), 2 survivors (8192K)
 Metaspace       used 38940K, committed 39296K, reserved 1089536K
  class space    used 4937K, committed 5120K, reserved 1048576K
}
Event: 2.806 GC heap before
{Heap before GC invocations=16 (full 0):
 garbage-first heap   total 122880K, used 81728K [0x0000000600c00000, 0x0000000800000000)
  region size 4096K, 7 young (28672K), 2 survivors (8192K)
 Metaspace       used 38960K, committed 39296K, reserved 1089536K
  class space    used 4938K, committed 5120K, reserved 1048576K
}
Event: 2.816 GC heap after
{Heap after GC invocations=17 (full 0):
 garbage-first heap   total 323584K, used 67219K [0x0000000600c00000, 0x0000000800000000)
  region size 4096K, 1 young (4096K), 1 survivors (4096K)
 Metaspace       used 38960K, committed 39296K, reserved 1089536K
  class space    used 4938K, committed 5120K, reserved 1048576K
}
Event: 2.844 GC heap before
{Heap before GC invocations=17 (full 0):
 garbage-first heap   total 323584K, used 181907K [0x0000000600c00000, 0x0000000800000000)
  region size 4096K, 30 young (122880K), 1 survivors (4096K)
 Metaspace       used 38969K, committed 39296K, reserved 1089536K
  class space    used 4943K, committed 5120K, reserved 1048576K
}
Event: 2.847 GC heap after
{Heap after GC invocations=18 (full 0):
 garbage-first heap   total 323584K, used 71154K [0x0000000600c00000, 0x0000000800000000)
  region size 4096K, 2 young (8192K), 2 survivors (8192K)
 Metaspace       used 38969K, committed 39296K, reserved 1089536K
  class space    used 4943K, committed 5120K, reserved 1048576K
}
Event: 2.878 GC heap before
{Heap before GC invocations=19 (full 0):
 garbage-first heap   total 315392K, used 218610K [0x0000000600c00000, 0x0000000800000000)
  region size 4096K, 40 young (163840K), 2 survivors (8192K)
 Metaspace       used 39044K, committed 39424K, reserved 1089536K
  class space    used 4949K, committed 5120K, reserved 1048576K
}
Event: 2.882 GC heap after
{Heap after GC invocations=20 (full 0):
 garbage-first heap   total 315392K, used 77153K [0x0000000600c00000, 0x0000000800000000)
  region size 4096K, 3 young (12288K), 3 survivors (12288K)
 Metaspace       used 39044K, committed 39424K, reserved 1089536K
  class space    used 4949K, committed 5120K, reserved 1048576K
}
Event: 2.899 GC heap before
{Heap before GC invocations=20 (full 0):
 garbage-first heap   total 315392K, used 220513K [0x0000000600c00000, 0x0000000800000000)
  region size 4096K, 39 young (159744K), 3 survivors (12288K)
 Metaspace       used 39044K, committed 39424K, reserved 1089536K
  class space    used 4950K, committed 5120K, reserved 1048576K
}
Event: 2.904 GC heap after
{Heap after GC invocations=21 (full 0):
 garbage-first heap   total 315392K, used 83062K [0x0000000600c00000, 0x0000000800000000)
  region size 4096K, 3 young (12288K), 3 survivors (12288K)
 Metaspace       used 39044K, committed 39424K, reserved 1089536K
  class space    used 4950K, committed 5120K, reserved 1048576K
}
Event: 2.921 GC heap before
{Heap before GC invocations=21 (full 0):
 garbage-first heap   total 315392K, used 226422K [0x0000000600c00000, 0x0000000800000000)
  region size 4096K, 39 young (159744K), 3 survivors (12288K)
 Metaspace       used 39044K, committed 39424K, reserved 1089536K
  class space    used 4950K, committed 5120K, reserved 1048576K
}
Event: 2.926 GC heap after
{Heap after GC invocations=22 (full 0):
 garbage-first heap   total 315392K, used 89797K [0x0000000600c00000, 0x0000000800000000)
  region size 4096K, 4 young (16384K), 4 survivors (16384K)
 Metaspace       used 39044K, committed 39424K, reserved 1089536K
  class space    used 4950K, committed 5120K, reserved 1048576K
}
Event: 2.943 GC heap before
{Heap before GC invocations=22 (full 0):
 garbage-first heap   total 315392K, used 233157K [0x0000000600c00000, 0x0000000800000000)
  region size 4096K, 41 young (167936K), 4 survivors (16384K)
 Metaspace       used 39044K, committed 39424K, reserved 1089536K
  class space    used 4950K, committed 5120K, reserved 1048576K
}
Event: 2.950 GC heap after
{Heap after GC invocations=23 (full 0):
 garbage-first heap   total 946176K, used 96115K [0x0000000600c00000, 0x0000000800000000)
  region size 4096K, 4 young (16384K), 4 survivors (16384K)
 Metaspace       used 39044K, committed 39424K, reserved 1089536K
  class space    used 4950K, committed 5120K, reserved 1048576K
}
Event: 3.047 GC heap before
{Heap before GC invocations=23 (full 0):
 garbage-first heap   total 946176K, used 640883K [0x0000000600c00000, 0x0000000800000000)
  region size 4096K, 138 young (565248K), 4 survivors (16384K)
 Metaspace       used 39044K, committed 39424K, reserved 1089536K
  class space    used 4950K, committed 5120K, reserved 1048576K
}
Event: 3.057 GC heap after
{Heap after GC invocations=24 (full 0):
 garbage-first heap   total 946176K, used 118119K [0x0000000600c00000, 0x0000000800000000)
  region size 4096K, 9 young (36864K), 9 survivors (36864K)
 Metaspace       used 39044K, committed 39424K, reserved 1089536K
  class space    used 4950K, committed 5120K, reserved 1048576K
}
Event: 3.406 GC heap before
{Heap before GC invocations=24 (full 0):
 garbage-first heap   total 946176K, used 642407K [0x0000000600c00000, 0x0000000800000000)
  region size 4096K, 138 young (565248K), 9 survivors (36864K)
 Metaspace       used 39174K, committed 39488K, reserved 1089536K
  class space    used 4958K, committed 5120K, reserved 1048576K
}
Event: 3.420 GC heap after
{Heap after GC invocations=25 (full 0):
 garbage-first heap   total 946176K, used 149909K [0x0000000600c00000, 0x0000000800000000)
  region size 4096K, 17 young (69632K), 17 survivors (69632K)
 Metaspace       used 39174K, committed 39488K, reserved 1089536K
  class space    used 4958K, committed 5120K, reserved 1048576K
}
Event: 3.921 GC heap before
{Heap before GC invocations=25 (full 0):
 garbage-first heap   total 946176K, used 641429K [0x0000000600c00000, 0x0000000800000000)
  region size 4096K, 138 young (565248K), 17 survivors (69632K)
 Metaspace       used 39174K, committed 39488K, reserved 1089536K
  class space    used 4958K, committed 5120K, reserved 1048576K
}
Event: 3.941 GC heap after
{Heap after GC invocations=26 (full 0):
 garbage-first heap   total 946176K, used 174552K [0x0000000600c00000, 0x0000000800000000)
  region size 4096K, 14 young (57344K), 14 survivors (57344K)
 Metaspace       used 39174K, committed 39488K, reserved 1089536K
  class space    used 4958K, committed 5120K, reserved 1048576K
}
Event: 4.410 GC heap before
{Heap before GC invocations=26 (full 0):
 garbage-first heap   total 946176K, used 678360K [0x0000000600c00000, 0x0000000800000000)
  region size 4096K, 138 young (565248K), 14 survivors (57344K)
 Metaspace       used 39174K, committed 39488K, reserved 1089536K
  class space    used 4958K, committed 5120K, reserved 1048576K
}

Deoptimization events (14 events):
Event: 1.259 Thread 0x0000015e61859050 DEOPT PACKING pc=0x0000015e6625edf9 sp=0x00000014eb6fd490
Event: 1.259 Thread 0x0000015e61859050 DEOPT UNPACKING pc=0x0000015e65d42b43 sp=0x00000014eb6fc970 mode 3
Event: 1.607 Thread 0x0000015e61859050 DEOPT PACKING pc=0x0000015e66374255 sp=0x00000014eb6fb2a0
Event: 1.607 Thread 0x0000015e61859050 DEOPT UNPACKING pc=0x0000015e65d42b43 sp=0x00000014eb6fa7b8 mode 3
Event: 2.054 Thread 0x0000015e61859050 DEOPT PACKING pc=0x0000015e663eccf9 sp=0x00000014eb6fc870
Event: 2.054 Thread 0x0000015e61859050 DEOPT UNPACKING pc=0x0000015e65d42b43 sp=0x00000014eb6fbd50 mode 3
Event: 2.251 Thread 0x0000015e01c02fe0 DEOPT PACKING pc=0x0000015e664a3b6d sp=0x00000014ed8fe300
Event: 2.251 Thread 0x0000015e01c02fe0 DEOPT UNPACKING pc=0x0000015e65d42b43 sp=0x00000014ed8fd828 mode 3
Event: 2.301 Thread 0x0000015e01c0b4c0 DEOPT PACKING pc=0x0000015e664bfb93 sp=0x00000014ed9fe340
Event: 2.301 Thread 0x0000015e01c0b4c0 DEOPT UNPACKING pc=0x0000015e65d42b43 sp=0x00000014ed9fd888 mode 3
Event: 2.325 Thread 0x0000015e01bcbd20 DEOPT PACKING pc=0x0000015e6625c909 sp=0x00000014ed7fda00
Event: 2.325 Thread 0x0000015e01bcbd20 DEOPT UNPACKING pc=0x0000015e65d42b43 sp=0x00000014ed7fce90 mode 3
Event: 2.540 Thread 0x0000015e01d66120 DEOPT PACKING pc=0x0000015e6625ab1f sp=0x00000014ee9ff0e0
Event: 2.540 Thread 0x0000015e01d66120 DEOPT UNPACKING pc=0x0000015e65d42b43 sp=0x00000014ee9fe538 mode 3

Classes unloaded (0 events):
No events

Classes redefined (0 events):
No events

Internal exceptions (20 events):
Event: 3.971 Thread 0x0000015e01c6c380 Exception <a 'sun/nio/fs/WindowsException'{0x0000000638cad728}> (0x0000000638cad728) 
thrown [s\src\hotspot\share\prims\jni.cpp, line 516]
Event: 3.971 Thread 0x0000015e01c6c380 Exception <a 'sun/nio/fs/WindowsException'{0x0000000638cadb78}> (0x0000000638cadb78) 
thrown [s\src\hotspot\share\prims\jni.cpp, line 516]
Event: 3.971 Thread 0x0000015e01d63aa0 Exception <a 'sun/nio/fs/WindowsException'{0x0000000639ecc8f8}> (0x0000000639ecc8f8) 
thrown [s\src\hotspot\share\prims\jni.cpp, line 516]
Event: 3.971 Thread 0x0000015e01d63aa0 Exception <a 'sun/nio/fs/WindowsException'{0x0000000639eccd48}> (0x0000000639eccd48) 
thrown [s\src\hotspot\share\prims\jni.cpp, line 516]
Event: 3.971 Thread 0x0000015e01c6b040 Exception <a 'sun/nio/fs/WindowsException'{0x0000000638aa10e0}> (0x0000000638aa10e0) 
thrown [s\src\hotspot\share\prims\jni.cpp, line 516]
Event: 3.971 Thread 0x0000015e01c6b040 Exception <a 'sun/nio/fs/WindowsException'{0x0000000638aa1548}> (0x0000000638aa1548) 
thrown [s\src\hotspot\share\prims\jni.cpp, line 516]
Event: 3.971 Thread 0x0000015e01c6b9e0 Exception <a 'sun/nio/fs/WindowsException'{0x00000006388441c8}> (0x00000006388441c8) 
thrown [s\src\hotspot\share\prims\jni.cpp, line 516]
Event: 3.971 Thread 0x0000015e01c6b9e0 Exception <a 'sun/nio/fs/WindowsException'{0x0000000638844618}> (0x0000000638844618) 
thrown [s\src\hotspot\share\prims\jni.cpp, line 516]
Event: 4.011 Thread 0x0000015e01d65c50 Exception <a 'sun/nio/fs/WindowsException'{0x0000000636efdf68}> (0x0000000636efdf68) 
thrown [s\src\hotspot\share\prims\jni.cpp, line 516]
Event: 4.011 Thread 0x0000015e01d65c50 Exception <a 'sun/nio/fs/WindowsException'{0x0000000636efe3e8}> (0x0000000636efe3e8) 
thrown [s\src\hotspot\share\prims\jni.cpp, line 516]
Event: 4.236 Thread 0x0000015e01d605b0 Exception <a 'sun/nio/fs/WindowsException'{0x0000000626aa0e10}> (0x0000000626aa0e10) 
thrown [s\src\hotspot\share\prims\jni.cpp, line 516]
Event: 4.236 Thread 0x0000015e01d605b0 Exception <a 'sun/nio/fs/WindowsException'{0x0000000626aa12c0}> (0x0000000626aa12c0) 
thrown [s\src\hotspot\share\prims\jni.cpp, line 516]
Event: 4.253 Thread 0x0000015e01c6b040 Exception <a 'sun/nio/fs/WindowsException'{0x0000000625010198}> (0x0000000625010198) 
thrown [s\src\hotspot\share\prims\jni.cpp, line 516]
Event: 4.254 Thread 0x0000015e01c6b040 Exception <a 'sun/nio/fs/WindowsException'{0x0000000625010630}> (0x0000000625010630) 
thrown [s\src\hotspot\share\prims\jni.cpp, line 516]
Event: 4.254 Thread 0x0000015e01c6b040 Exception <a 'sun/nio/fs/WindowsException'{0x0000000625011290}> (0x0000000625011290) 
thrown [s\src\hotspot\share\prims\jni.cpp, line 516]
Event: 4.254 Thread 0x0000015e01c6b040 Exception <a 'sun/nio/fs/WindowsException'{0x0000000625011700}> (0x0000000625011700) 
thrown [s\src\hotspot\share\prims\jni.cpp, line 516]
Event: 4.266 Thread 0x0000015e01d63aa0 Exception <a 'sun/nio/fs/WindowsException'{0x0000000624e99878}> (0x0000000624e99878) 
thrown [s\src\hotspot\share\prims\jni.cpp, line 516]
Event: 4.266 Thread 0x0000015e01d63aa0 Exception <a 'sun/nio/fs/WindowsException'{0x0000000624e99d68}> (0x0000000624e99d68) 
thrown [s\src\hotspot\share\prims\jni.cpp, line 516]
Event: 4.398 Thread 0x0000015e01c69830 Exception <a 'sun/nio/fs/WindowsException'{0x000000061c92f270}> (0x000000061c92f270) 
thrown [s\src\hotspot\share\prims\jni.cpp, line 516]
Event: 4.398 Thread 0x0000015e01c69830 Exception <a 'sun/nio/fs/WindowsException'{0x000000061c92f750}> (0x000000061c92f750) 
thrown [s\src\hotspot\share\prims\jni.cpp, line 516]

VM Operations (20 events):
Event: 2.921 Executing VM operation: G1CollectForAllocation done
Event: 2.921 Executing VM operation: G1CollectForAllocation
Event: 2.926 Executing VM operation: G1CollectForAllocation done
Event: 2.943 Executing VM operation: G1CollectForAllocation
Event: 2.943 Executing VM operation: G1CollectForAllocation done
Event: 2.943 Executing VM operation: G1CollectForAllocation
Event: 2.950 Executing VM operation: G1CollectForAllocation done
Event: 3.047 Executing VM operation: G1CollectForAllocation
Event: 3.047 Executing VM operation: G1CollectForAllocation done
Event: 3.047 Executing VM operation: G1CollectForAllocation
Event: 3.057 Executing VM operation: G1CollectForAllocation done
Event: 3.406 Executing VM operation: G1CollectForAllocation
Event: 3.406 Executing VM operation: G1CollectForAllocation done
Event: 3.406 Executing VM operation: G1CollectForAllocation
Event: 3.420 Executing VM operation: G1CollectForAllocation done
Event: 3.921 Executing VM operation: G1CollectForAllocation
Event: 3.942 Executing VM operation: G1CollectForAllocation done
Event: 4.410 Executing VM operation: G1CollectForAllocation
Event: 4.410 Executing VM operation: G1CollectForAllocation done
Event: 4.410 Executing VM operation: G1CollectForAllocation

Events (20 events):
Event: 2.619 loading class java/util/WeakHashMap$EntrySet
Event: 2.619 loading class java/util/WeakHashMap$EntrySet done
Event: 2.619 loading class java/util/WeakHashMap$EntryIterator
Event: 2.619 loading class java/util/WeakHashMap$HashIterator
Event: 2.619 loading class java/util/WeakHashMap$HashIterator done
Event: 2.619 loading class java/util/WeakHashMap$EntryIterator done
Event: 2.621 Thread 0x0000015e01d652b0 Thread added: 0x0000015e01d652b0
Event: 2.622 Thread 0x0000015e01d66ac0 Thread added: 0x0000015e01d66ac0
Event: 2.624 loading class java/security/NoSuchAlgorithmException
Event: 2.624 loading class java/security/NoSuchAlgorithmException done
Event: 2.625 loading class sun/security/provider/MD5
Event: 2.625 loading class sun/security/provider/MD5 done
Event: 2.625 loading class sun/security/provider/ByteArrayAccess$LE
Event: 2.625 loading class sun/security/provider/ByteArrayAccess$LE done
Event: 2.628 Thread 0x0000015e01d600e0 Thread added: 0x0000015e01d600e0
Event: 2.723 Thread 0x0000015e01d61420 Thread added: 0x0000015e01d61420
Event: 2.727 loading class java/nio/file/FileTreeIterator
Event: 2.727 loading class java/nio/file/FileTreeIterator done
Event: 2.728 loading class java/util/stream/ForEachOps$ForEachOp$OfRef
Event: 2.728 loading class java/util/stream/ForEachOps$ForEachOp$OfRef done


Dynamic libraries:
0x00007ff786a10000 - 0x00007ff786a1e000 	c:\Users\tomok\.vscode\extensions\redhat.java-1.12.0-win32-x64\jre\17.0.4.1-win32-x86_64\bin\java.exe
0x00007fff0eb50000 - 0x00007fff0ed64000 	C:\WINDOWS\SYSTEM32\ntdll.dll
0x00007fff0de60000 - 0x00007fff0df22000 	C:\WINDOWS\System32\KERNEL32.DLL
0x00007fff0c490000 - 0x00007fff0c82d000 	C:\WINDOWS\System32\KERNELBASE.dll
0x00007fff0bf80000 - 0x00007fff0c091000 	C:\WINDOWS\System32\ucrtbase.dll
0x00007ffee0df0000 - 0x00007ffee0e08000 	c:\Users\tomok\.vscode\extensions\redhat.java-1.12.0-win32-x64\jre\17.0.4.1-win32-x86_64\bin\jli.dll
0x00007ffee0cf0000 - 0x00007ffee0d09000 	c:\Users\tomok\.vscode\extensions\redhat.java-1.12.0-win32-x64\jre\17.0.4.1-win32-x86_64\bin\VCRUNTIME140.dll
0x00007fff0dba0000 - 0x00007fff0dd4d000 	C:\WINDOWS\System32\USER32.dll
0x00007ffef1590000 - 0x00007ffef181e000 	C:\WINDOWS\WinSxS\amd64_microsoft.windows.common-controls_6595b64144ccf1df_6.0.22621.436_none_a94247dbc10d8414\COMCTL32.dll
0x00007fff0c8b0000 - 0x00007fff0c8d6000 	C:\WINDOWS\System32\win32u.dll
0x00007fff0e260000 - 0x00007fff0e307000 	C:\WINDOWS\System32\msvcrt.dll
0x00007fff0cc70000 - 0x00007fff0cc99000 	C:\WINDOWS\System32\GDI32.dll
0x00007fff0c0a0000 - 0x00007fff0c1b2000 	C:\WINDOWS\System32\gdi32full.dll
0x00007fff0c1c0000 - 0x00007fff0c25a000 	C:\WINDOWS\System32\msvcp_win.dll
0x00007fff0e210000 - 0x00007fff0e242000 	C:\WINDOWS\System32\IMM32.DLL
0x00007ffef6720000 - 0x00007ffef672c000 	c:\Users\tomok\.vscode\extensions\redhat.java-1.12.0-win32-x64\jre\17.0.4.1-win32-x86_64\bin\vcruntime140_1.dll
0x00007ffeca000000 - 0x00007ffeca091000 	c:\Users\tomok\.vscode\extensions\redhat.java-1.12.0-win32-x64\jre\17.0.4.1-win32-x86_64\bin\msvcp140.dll
0x00007ffe76890000 - 0x00007ffe774d6000 	c:\Users\tomok\.vscode\extensions\redhat.java-1.12.0-win32-x64\jre\17.0.4.1-win32-x86_64\bin\server\jvm.dll
0x00007fff0df40000 - 0x00007fff0dfee000 	C:\WINDOWS\System32\ADVAPI32.dll
0x00007fff0d580000 - 0x00007fff0d624000 	C:\WINDOWS\System32\sechost.dll
0x00007fff0e010000 - 0x00007fff0e125000 	C:\WINDOWS\System32\RPCRT4.dll
0x00007fff0e250000 - 0x00007fff0e258000 	C:\WINDOWS\System32\PSAPI.DLL
0x00007ffee6490000 - 0x00007ffee6499000 	C:\WINDOWS\SYSTEM32\WSOCK32.dll
0x00007fff0e310000 - 0x00007fff0e381000 	C:\WINDOWS\System32\WS2_32.dll
0x00007fff05820000 - 0x00007fff05854000 	C:\WINDOWS\SYSTEM32\WINMM.dll
0x00007fff04800000 - 0x00007fff0480a000 	C:\WINDOWS\SYSTEM32\VERSION.dll
0x00007fff0b0a0000 - 0x00007fff0b0b8000 	C:\WINDOWS\SYSTEM32\kernel.appcore.dll
0x00007ffeec050000 - 0x00007ffeec05a000 	c:\Users\tomok\.vscode\extensions\redhat.java-1.12.0-win32-x64\jre\17.0.4.1-win32-x86_64\bin\jimage.dll
0x00007ffef6320000 - 0x00007ffef654e000 	C:\WINDOWS\SYSTEM32\DBGHELP.DLL
0x00007fff0e5c0000 - 0x00007fff0e94a000 	C:\WINDOWS\System32\combase.dll
0x00007fff0e130000 - 0x00007fff0e207000 	C:\WINDOWS\System32\OLEAUT32.dll
0x00007ffef5820000 - 0x00007ffef5852000 	C:\WINDOWS\SYSTEM32\dbgcore.DLL
0x00007fff0c830000 - 0x00007fff0c8ab000 	C:\WINDOWS\System32\bcryptPrimitives.dll
0x00007ffee03f0000 - 0x00007ffee0415000 	c:\Users\tomok\.vscode\extensions\redhat.java-1.12.0-win32-x64\jre\17.0.4.1-win32-x86_64\bin\java.dll
0x00007ffedfc20000 - 0x00007ffedfc38000 	c:\Users\tomok\.vscode\extensions\redhat.java-1.12.0-win32-x64\jre\17.0.4.1-win32-x86_64\bin\zip.dll
0x00007fff0cda0000 - 0x00007fff0d580000 	C:\WINDOWS\System32\SHELL32.dll
0x00007fff09f80000 - 0x00007fff0a848000 	C:\WINDOWS\SYSTEM32\windows.storage.dll
0x00007fff09e40000 - 0x00007fff09f7e000 	C:\WINDOWS\SYSTEM32\wintypes.dll
0x00007fff0cca0000 - 0x00007fff0cd91000 	C:\WINDOWS\System32\SHCORE.dll
0x00007fff0e560000 - 0x00007fff0e5be000 	C:\WINDOWS\System32\shlwapi.dll
0x00007fff0beb0000 - 0x00007fff0bed1000 	C:\WINDOWS\SYSTEM32\profapi.dll
0x00007ffedec60000 - 0x00007ffedec79000 	C:\Users\tomok\.vscode\extensions\redhat.java-1.12.0-win32-x64\jre\17.0.4.1-win32-x86_64\bin\net.dll
0x00007fff05430000 - 0x00007fff0555f000 	C:\WINDOWS\SYSTEM32\WINHTTP.dll
0x00007fff0b4f0000 - 0x00007fff0b559000 	C:\WINDOWS\system32\mswsock.dll
0x00007ffede0b0000 - 0x00007ffede0c5000 	C:\Users\tomok\.vscode\extensions\redhat.java-1.12.0-win32-x64\jre\17.0.4.1-win32-x86_64\bin\nio.dll
0x00007ffeebec0000 - 0x00007ffeebed0000 	c:\Users\tomok\.vscode\extensions\redhat.java-1.12.0-win32-x64\jre\17.0.4.1-win32-x86_64\bin\verify.dll
0x00007ffee8ad0000 - 0x00007ffee8ad9000 	C:\Users\tomok\.vscode\extensions\redhat.java-1.12.0-win32-x64\jre\17.0.4.1-win32-x86_64\bin\management.dll
0x00007ffee8510000 - 0x00007ffee851b000 	C:\Users\tomok\.vscode\extensions\redhat.java-1.12.0-win32-x64\jre\17.0.4.1-win32-x86_64\bin\management_ext.dll
0x00007ffef4bf0000 - 0x00007ffef4c07000 	C:\WINDOWS\system32\napinsp.dll
0x00007ffef4bb0000 - 0x00007ffef4bcb000 	C:\WINDOWS\system32\pnrpnsp.dll
0x00007fff0ab80000 - 0x00007fff0ac72000 	C:\WINDOWS\SYSTEM32\DNSAPI.dll
0x00007fff0ab10000 - 0x00007fff0ab3d000 	C:\WINDOWS\SYSTEM32\IPHLPAPI.DLL
0x00007fff0e390000 - 0x00007fff0e399000 	C:\WINDOWS\System32\NSI.dll
0x00007ffef4b90000 - 0x00007ffef4ba1000 	C:\WINDOWS\System32\winrnr.dll
0x00007ffef4b70000 - 0x00007ffef4b85000 	C:\WINDOWS\system32\wshbth.dll
0x00007ffef4870000 - 0x00007ffef4891000 	C:\WINDOWS\system32\nlansp_c.dll
0x00007fff03940000 - 0x00007fff0394a000 	C:\Windows\System32\rasadhlp.dll
0x00007fff042f0000 - 0x00007fff04373000 	C:\WINDOWS\System32\fwpuclnt.dll
0x00007fff0b730000 - 0x00007fff0b74b000 	C:\WINDOWS\SYSTEM32\CRYPTSP.dll
0x00007fff0b010000 - 0x00007fff0b045000 	C:\WINDOWS\system32\rsaenh.dll
0x00007fff0b590000 - 0x00007fff0b5b8000 	C:\WINDOWS\SYSTEM32\USERENV.dll
0x00007fff0b920000 - 0x00007fff0b948000 	C:\WINDOWS\SYSTEM32\bcrypt.dll
0x00007fff0b6f0000 - 0x00007fff0b6fc000 	C:\WINDOWS\SYSTEM32\CRYPTBASE.dll
0x00007fff05300000 - 0x00007fff05319000 	C:\WINDOWS\SYSTEM32\dhcpcsvc6.DLL
0x00007fff052e0000 - 0x00007fff052ff000 	C:\WINDOWS\SYSTEM32\dhcpcsvc.DLL

dbghelp: loaded successfully - version: 4.0.5 - missing functions: none
symbol engine: initialized successfully - sym options: 0x614 - pdb path: .;c:\Users\tomok\.vscode\extensions\redhat.java-1.12.0-win32-x64\jre\17.0.4.1-win32-x86_64\bin;C:\WINDOWS\SYSTEM32;C:\WINDOWS\WinSxS\amd64_microsoft.windows.common-controls_6595b64144ccf1df_6.0.22621.436_none_a94247dbc10d8414;c:\Users\tomok\.vscode\extensions\redhat.java-1.12.0-win32-x64\jre\17.0.4.1-win32-x86_64\bin\server

VM Arguments:
jvm_args: -Dsts.lsp.client=vscode -Dsts.log.file=/dev/null -XX:TieredStopAtLevel=1 -Xlog:jni+resolve=off -Dspring.config.location=file:c:\Users\tomok\.vscode\extensions\pivotal.vscode-spring-boot-1.40.0\language-server\BOOT-INF\classes\application.properties 
java_command: org.springframework.ide.vscode.boot.app.BootLanguageServerBootApp
java_class_path (initial): c:\Users\tomok\.vscode\extensions\pivotal.vscode-spring-boot-1.40.0\language-server\BOOT-INF\classes;c:\Users\tomok\.vscode\extensions\pivotal.vscode-spring-boot-1.40.0\language-server\BOOT-INF\lib\annotations-23.0.0.jar;c:\Users\tomok\.vscode\extensions\pivotal.vscode-spring-boot-1.40.0\language-server\BOOT-INF\lib\ant-1.10.12.jar;c:\Users\tomok\.vscode\extensions\pivotal.vscode-spring-boot-1.40.0\language-server\BOOT-INF\lib\ant-launcher-1.10.12.jar;c:\Users\tomok\.vscode\extensions\pivotal.vscode-spring-boot-1.40.0\language-server\BOOT-INF\lib\antlr-runtime-3.5.2.jar;c:\Users\tomok\.vscode\extensions\pivotal.vscode-spring-boot-1.40.0\language-server\BOOT-INF\lib\antlr4-4.9.3.jar;c:\Users\tomok\.vscode\extensions\pivotal.vscode-spring-boot-1.40.0\language-server\BOOT-INF\lib\antlr4-runtime-4.9.3.jar;c:\Users\tomok\.vscode\extensions\pivotal.vscode-spring-boot-1.40.0\language-server\BOOT-INF\lib\asm-9.3.jar;c:\Users\tomok\.vscode\extensions\pivotal.vscode-spring-boot-1.40.0\language-server\BOOT-INF\lib\asm-analysis-9.3.jar;c:\Users\tomok\.vscode\extensions\pivotal.vscode-spring-boot-1.40.0\language-server\BOOT-INF\lib\asm-tree-9.3.jar;c:\Users\tomok\.vscode\extensions\pivotal.vscode-spring-boot-1.40.0\language-server\BOOT-INF\lib\asm-util-9.3.jar;c:\Users\tomok\.vscode\extensions\pivotal.vscode-spring-boot-1.40.0\language-server\BOOT-INF\lib\byte-buddy-1.12.13.jar;c:\Users\tomok\.vscode\extensions\pivotal.vscode-spring-boot-1.40.0\language-server\BOOT-INF\lib\caffeine-2.9.3.jar;c:\Users\tomok\.vscode\extensions\pivotal.vscode-spring-boot-1.40.0\language-server\BOOT-INF\lib\checker-qual-3.12.0.jar;c:\Users\tomok\.vscode\extensions\pivotal.vscode-spring-boot-1.40.0\language-server\BOOT-INF\lib\classgraph-4.8.149.jar;c:\Users\tomok\.vscode\extensions\pivotal.vscode-spring-boot-1.40.0\language-server\BOOT-INF\lib\commons-codec-1.15.jar;c:\Users\tomok\.vscode\extensions\pivotal.vscode-spring-boot-1.40.0\language-server\BOOT-INF\lib\commons-c
Launcher Type: SUN_STANDARD

[Global flags]
     intx CICompilerCount                          = 4                                         {product} {ergonomic}
     uint ConcGCThreads                            = 2                                         {product} {ergonomic}
     uint G1ConcRefinementThreads                  = 8                                         {product} {ergonomic}
   size_t G1HeapRegionSize                         = 4194304                                   {product} {ergonomic}
    uintx GCDrainStackTargetSize                   = 64                                        {product} {ergonomic}
   size_t InitialHeapSize                          = 536870912                                 {product} {ergonomic}
   size_t MarkStackSize                            = 4194304                                   {product} {ergonomic}
   size_t MaxHeapSize                              = 8577351680                                {product} {ergonomic}
   size_t MaxNewSize                               = 5146411008                                {product} {ergonomic}
   size_t MinHeapDeltaBytes                        = 4194304                                   {product} {ergonomic}
   size_t MinHeapSize                              = 8388608                                   {product} {ergonomic}
    uintx NonProfiledCodeHeapSize                  = 0                                      {pd product} {ergonomic}
     bool ProfileInterpreter                       = false                                  {pd product} {command line}
    uintx ProfiledCodeHeapSize                     = 0                                      {pd product} {ergonomic}
   size_t SoftMaxHeapSize                          = 8577351680                             {manageable} {ergonomic}
     intx TieredStopAtLevel                        = 1                                         {product} {command line}
     bool UseCompressedClassPointers               = true                           {product lp64_product} {ergonomic}
     bool UseCompressedOops                        = true                           {product lp64_product} {ergonomic}
     bool UseG1GC                                  = true                                      {product} {ergonomic}
     bool UseLargePagesIndividualAllocation        = false                                  {pd product} {ergonomic}

Logging:
Log output configuration:
 #0: stdout all=warning,jni+resolve=off uptime,level,tags
 #1: stderr all=off uptime,level,tags

Environment Variables:
JAVA_HOME=C:\Program Files\AdoptOpenJDK\jdk-11.0.10.9-hotspot
PATH=C:\Users\tomok\AppData\Local\cloud-code\installer\google-cloud-sdk\bin;C:\Program Files\Common Files\Oracle\Java\javapath;C:\Program Files\NVIDIA GPU Computing Toolkit\CUDA\v11.2\bin;C:\Program Files\NVIDIA GPU Computing Toolkit\CUDA\v11.2\libnvvp;C:\Program Files\AdoptOpenJDK\jdk-11.0.10.9-hotspot\bin;C:\Program Files (x86)\Common Files\Oracle\Java\javapath;C:\Windows\system32;C:\Windows;C:\Windows\System32\Wbem;C:\Users\tomok\AppData\Local\Programs\Python\Python310;C:\Windows\System32\WindowsPowerShell\v1.0\;C:\Windows\System32\OpenSSH\;C:\Program Files (x86)\Intel\Intel(R) Management Engine Components\DAL;C:\Program Files\Intel\Intel(R) Management Engine Components\DAL;C:\Program Files (x86)\NVIDIA Corporation\PhysX\Common;C:\Program Files\Microsoft SQL Server\130\Tools\Binn\;C:\xampp\mysql\bin;C:\Program Files (x86)\sbt\bin;C:\Program Files (x86)\scala\bin;C:\WINDOWS\system32;C:\WINDOWS;C:\WINDOWS\System32\Wbem;C:\WINDOWS\System32\WindowsPowerShell\v1.0\;C:\WINDOWS\System32\OpenSSH\;C:\Program Files\Calibre2\;C:\Program Files\MongoDB\Server\4.4\bin;C:\apache-maven-3.6.3-bin\apache-maven-3.6.3\bin;C:\xampp\php;C:\Program Files\Graphviz\bin;C:\Anaconda3;C:\Anaconda3\Library\bin;C:\Anaconda3\Scripts;C:\Program Files\NVIDIA Corporation\NVIDIA NvDLISR;C:\Program Files\NVIDIA Corporation\Nsight Compute 2020.3.0\;C:\Program Files\dotnet\;C:\Program Files\Microsoft SQL Server\Client SDK\ODBC\170\Tools\Binn\;C:\composer;C:\WINDOWS\system32;C:\WINDOWS;C:\WINDOWS\System32\Wbem;C:\WINDOWS\System32\WindowsPowerShell\v1.0\;C:\WINDOWS\System32\OpenSSH\;C:\ProgramData\ComposerSetup\bin;C:\Program Files\nodejs\;C:\ProgramData\chocolatey\bin;D:\Applications\chromedriver_win32;C:\Program Files\Docker\Docker\resources\bin;C:\ProgramData\DockerDesktop\version-bin;C:\Program Files\PowerShell\7\;C:\Users\tomok\AppData\Local\Microsoft\WindowsApps;C:\Program Files\JetBrains\IntelliJ IDEA Community Edition 2019.3\bin;C:\Users\tomok\.dotnet\tools;C:\Users\tomok\AppData\Local\Microsoft\W
USERNAME=tomok
OS=Windows_NT
PROCESSOR_IDENTIFIER=Intel64 Family 6 Model 158 Stepping 13, GenuineIntel
TMP=C:\Users\tomok\AppData\Local\Temp
TEMP=C:\Users\tomok\AppData\Local\Temp



---------------  S Y S T E M  ---------------

OS:
 Windows 11 , 64 bit Build 22621 (10.0.22621.891)
OS uptime: 7 days 4:05 hours
Hyper-V role detected

CPU: total 8 (initial active 8) (8 cores per cpu, 1 threads per core) family 6 model 158 stepping 13 microcode 0xde, cx8, cmov, fxsr, mmx, 3dnowpref, sse, sse2, sse3, ssse3, sse4.1, sse4.2, popcnt, lzcnt, tsc, tscinvbit, avx, avx2, aes, erms, clmul, bmi1, bmi2, adx, fma, vzeroupper, clflush, clflushopt, hv

Memory: 4k page, system-wide physical 32709M (11642M free)
TotalPageFile size 131013M (AvailPageFile size 523M)
current process WorkingSet (physical memory assigned to process): 1078M, peak: 1078M
current process commit charge ("private bytes"): 1103M, peak: 2027M

vm_info: OpenJDK 64-Bit Server VM (17.0.4.1+1) for windows-amd64 JRE (17.0.4.1+1), built on Aug 17 2022 07:42:43 by "temurin" with MS VC++ 16.7 (VS2019)

END.
