#
# There is insufficient memory for the Java Runtime Environment to continue.
# Native memory allocation (mmap) failed to map 96468992 bytes for G1 virtual space
# Possible reasons:
#   The system is out of physical RAM or swap space
#   The process is running with CompressedOops enabled, and the Java Heap may be blocking the growth of the native heap
# Possible solutions:
#   Reduce memory load on the system
#   Increase physical memory or swap space
#   Check if swap backing store is full
#   Decrease Java heap size (-Xmx/-Xms)
#   Decrease number of Java threads
#   Decrease Java thread stack sizes (-Xss)
#   Set larger code cache with -XX:ReservedCodeCacheSize=
#   JVM is running with Zero Based Compressed Oops mode in which the Java heap is
#     placed in the first 32GB address space. The Java Heap base address is the
#     maximum limit for the native heap growth. Please use -XX:HeapBaseMinAddress
#     to set the Java Heap base and to place the Java Heap above 32GB virtual address.
# This output file may be truncated or incomplete.
#
#  Out of Memory Error (os_windows.cpp:3541), pid=16788, tid=28172
#
# JRE version: OpenJDK Runtime Environment Temurin-17.0.4.1+1 (17.0.4.1+1) (build 17.0.4.1+1)
# Java VM: OpenJDK 64-Bit Server VM Temurin-17.0.4.1+1 (17.0.4.1+1, mixed mode, emulated-client, tiered, compressed oops, compressed class ptrs, g1 gc, windows-amd64)
# No core dump will be written. Minidumps are not enabled by default on client versions of Windows
#

---------------  S U M M A R Y ------------

Command Line: -Dsts.lsp.client=vscode -Dsts.log.file=/dev/null -XX:TieredStopAtLevel=1 -Xlog:jni+resolve=off -Dspring.config.location=file:c:\Users\tomok\.vscode\extensions\pivotal.vscode-spring-boot-1.40.0\language-server\BOOT-INF\classes\application.properties org.springframework.ide.vscode.boot.app.BootLanguageServerBootApp

Host: Intel(R) Core(TM) i7-9700K CPU @ 3.60GHz, 8 cores, 31G,  Windows 11 , 64 bit Build 22621 (10.0.22621.891)
Time: Tue Nov 22 11:58:42 2022  Windows 11 , 64 bit Build 22621 (10.0.22621.891) elapsed time: 10.794077 seconds (0d 0h 0m 10s)

---------------  T H R E A D  ---------------

Current thread (0x00000224e92dc9e0):  VMThread "VM Thread" [stack: 0x000000c0a1900000,0x000000c0a1a00000] [id=28172]

Stack: [0x000000c0a1900000,0x000000c0a1a00000]
Native frames: (J=compiled Java code, j=interpreted, Vv=VM code, C=native code)
V  [jvm.dll+0x67731a]
V  [jvm.dll+0x832284]
V  [jvm.dll+0x833a2e]
V  [jvm.dll+0x834093]
V  [jvm.dll+0x245775]
V  [jvm.dll+0x674209]
V  [jvm.dll+0x668a92]
V  [jvm.dll+0x30471b]
V  [jvm.dll+0x30bc66]
V  [jvm.dll+0x35ba9e]
V  [jvm.dll+0x35bccf]
V  [jvm.dll+0x2db5b8]
V  [jvm.dll+0x2d986c]
V  [jvm.dll+0x2d8e3c]
V  [jvm.dll+0x31cd9b]
V  [jvm.dll+0x83853b]
V  [jvm.dll+0x839274]
V  [jvm.dll+0x83978c]
V  [jvm.dll+0x839b64]
V  [jvm.dll+0x839c30]
V  [jvm.dll+0x7e240a]
V  [jvm.dll+0x6761a5]
C  [ucrtbase.dll+0x29363]
C  [KERNEL32.DLL+0x1244d]
C  [ntdll.dll+0x5dfb8]

VM_Operation (0x000000c0a45fdcc0): G1CollectForAllocation, mode: safepoint, requested by thread 0x00000224eb1a87b0


---------------  P R O C E S S  ---------------

Threads class SMR info:
_java_thread_list=0x00000224eb149a00, length=46, elements={
0x00000224e8ada8d0, 0x00000224e8adb480, 0x00000224e9336290, 0x00000224e9336c40,
0x00000224e93375f0, 0x00000224e9337fa0, 0x00000224e9338950, 0x00000224e93537d0,
0x00000224e955a980, 0x00000224e95653c0, 0x00000224ea778f40, 0x00000224ea83e440,
0x00000224eaf8d940, 0x00000224ea56bca0, 0x00000224eb092990, 0x00000224e943e810,
0x00000224cda886f0, 0x00000224eb10a980, 0x00000224eb1367f0, 0x00000224eb13f6b0,
0x00000224eb1615f0, 0x00000224eb1971c0, 0x00000224eb1aa490, 0x00000224eb1a9620,
0x00000224eb1a82e0, 0x00000224eb1a7e10, 0x00000224eb1a9150, 0x00000224eb1a9af0,
0x00000224eb1a9fc0, 0x00000224eb1aa960, 0x00000224eb1aae30, 0x00000224eb1ab300,
0x00000224eb1a8c80, 0x00000224eb1a7940, 0x00000224eb1a87b0, 0x00000224eb39cc50,
0x00000224eb398420, 0x00000224eb39d120, 0x00000224eb39c780, 0x00000224eb39b440,
0x00000224eb399760, 0x00000224eb39b910, 0x00000224eb397f50, 0x00000224eb39d5f0,
0x00000224eb39dac0, 0x00000224eb39e460
}

Java Threads: ( => current thread )
  0x00000224e8ada8d0 JavaThread "Reference Handler" daemon [_thread_blocked, id=20312, stack(0x000000c0a1a00000,0x000000c0a1b00000)]
  0x00000224e8adb480 JavaThread "Finalizer" daemon [_thread_blocked, id=37168, stack(0x000000c0a1b00000,0x000000c0a1c00000)]
  0x00000224e9336290 JavaThread "Signal Dispatcher" daemon [_thread_blocked, id=7248, stack(0x000000c0a1c00000,0x000000c0a1d00000)]
  0x00000224e9336c40 JavaThread "Attach Listener" daemon [_thread_blocked, id=25004, stack(0x000000c0a1d00000,0x000000c0a1e00000)]
  0x00000224e93375f0 JavaThread "Service Thread" daemon [_thread_blocked, id=26552, stack(0x000000c0a1e00000,0x000000c0a1f00000)]
  0x00000224e9337fa0 JavaThread "Monitor Deflation Thread" daemon [_thread_blocked, id=19916, stack(0x000000c0a1f00000,0x000000c0a2000000)]
  0x00000224e9338950 JavaThread "C1 CompilerThread0" daemon [_thread_blocked, id=38344, stack(0x000000c0a2000000,0x000000c0a2100000)]
  0x00000224e93537d0 JavaThread "Sweeper thread" daemon [_thread_blocked, id=5784, stack(0x000000c0a2100000,0x000000c0a2200000)]
  0x00000224e955a980 JavaThread "Notification Thread" daemon [_thread_blocked, id=724, stack(0x000000c0a2300000,0x000000c0a2400000)]
  0x00000224e95653c0 JavaThread "Common-Cleaner" daemon [_thread_blocked, id=9344, stack(0x000000c0a2500000,0x000000c0a2600000)]
  0x00000224ea778f40 JavaThread "C1 CompilerThread1" daemon [_thread_blocked, id=34988, stack(0x000000c0a2200000,0x000000c0a2300000)]
  0x00000224ea83e440 JavaThread "C1 CompilerThread2" daemon [_thread_blocked, id=30096, stack(0x000000c0a2600000,0x000000c0a2700000)]
  0x00000224eaf8d940 JavaThread "C1 CompilerThread3" daemon [_thread_blocked, id=37000, stack(0x000000c0a2700000,0x000000c0a2800000)]
  0x00000224ea56bca0 JavaThread "boundedElastic-evictor-1" daemon [_thread_blocked, id=23392, stack(0x000000c0a3000000,0x000000c0a3100000)]
  0x00000224eb092990 JavaThread "pool-9-thread-1" [_thread_blocked, id=38600, stack(0x000000c0a3200000,0x000000c0a3300000)]
  0x00000224e943e810 JavaThread "LanguageServerApp-lifecycle" [_thread_blocked, id=33824, stack(0x000000c0a3300000,0x000000c0a3400000)]
  0x00000224cda886f0 JavaThread "DestroyJavaVM" [_thread_blocked, id=28120, stack(0x000000c0a1300000,0x000000c0a1400000)]
  0x00000224eb10a980 JavaThread "pool-10-thread-1" [_thread_in_native, id=33908, stack(0x000000c0a3400000,0x000000c0a3500000)]
  0x00000224eb1367f0 JavaThread "Simple-Language-Server main thread" daemon [_thread_blocked, id=31312, stack(0x000000c0a3500000,0x000000c0a3600000)]
  0x00000224eb13f6b0 JavaThread "ForkJoinPool.commonPool-worker-1" daemon [_thread_blocked, id=14320, stack(0x000000c0a3600000,0x000000c0a3700000)]
  0x00000224eb1615f0 JavaThread "pool-7-thread-1" [_thread_blocked, id=7220, stack(0x000000c0a3700000,0x000000c0a3800000)]
  0x00000224eb1971c0 JavaThread "parallel-1" daemon [_thread_blocked, id=19084, stack(0x000000c0a3800000,0x000000c0a3900000)]
  0x00000224eb1aa490 JavaThread "parallel-2" daemon [_thread_blocked, id=22584, stack(0x000000c0a3900000,0x000000c0a3a00000)]
  0x00000224eb1a9620 JavaThread "pool-4-thread-1" [_thread_blocked, id=38708, stack(0x000000c0a3a00000,0x000000c0a3b00000)]
  0x00000224eb1a82e0 JavaThread "ClassGraph-worker-0" daemon [_thread_blocked, id=22180, stack(0x000000c0a3b00000,0x000000c0a3c00000)]
  0x00000224eb1a7e10 JavaThread "ClassGraph-worker-1" daemon [_thread_blocked, id=33012, stack(0x000000c0a3c00000,0x000000c0a3d00000)]
  0x00000224eb1a9150 JavaThread "ClassGraph-worker-2" daemon [_thread_blocked, id=34604, stack(0x000000c0a3d00000,0x000000c0a3e00000)]
  0x00000224eb1a9af0 JavaThread "ClassGraph-worker-3" daemon [_thread_blocked, id=25784, stack(0x000000c0a3e00000,0x000000c0a3f00000)]
  0x00000224eb1a9fc0 JavaThread "ClassGraph-worker-4" daemon [_thread_blocked, id=28132, stack(0x000000c0a3f00000,0x000000c0a4000000)]
  0x00000224eb1aa960 JavaThread "ClassGraph-worker-5" daemon [_thread_blocked, id=18944, stack(0x000000c0a4000000,0x000000c0a4100000)]
  0x00000224eb1aae30 JavaThread "ClassGraph-worker-6" daemon [_thread_blocked, id=3852, stack(0x000000c0a4100000,0x000000c0a4200000)]
  0x00000224eb1ab300 JavaThread "ClassGraph-worker-7" daemon [_thread_blocked, id=29168, stack(0x000000c0a4200000,0x000000c0a4300000)]
  0x00000224eb1a8c80 JavaThread "ClassGraph-worker-8" daemon [_thread_blocked, id=29156, stack(0x000000c0a4300000,0x000000c0a4400000)]
  0x00000224eb1a7940 JavaThread "ClassGraph-worker-9" daemon [_thread_blocked, id=21708, stack(0x000000c0a4400000,0x000000c0a4500000)]
  0x00000224eb1a87b0 JavaThread "ClassGraph-worker-10" daemon [_thread_blocked, id=6744, stack(0x000000c0a4500000,0x000000c0a4600000)]
  0x00000224eb39cc50 JavaThread "ClassGraph-worker-11" daemon [_thread_blocked, id=11180, stack(0x000000c0a4600000,0x000000c0a4700000)]
  0x00000224eb398420 JavaThread "ClassGraph-worker-12" daemon [_thread_blocked, id=23328, stack(0x000000c0a4700000,0x000000c0a4800000)]
  0x00000224eb39d120 JavaThread "ClassGraph-worker-13" daemon [_thread_blocked, id=32608, stack(0x000000c0a4800000,0x000000c0a4900000)]
  0x00000224eb39c780 JavaThread "parallel-3" daemon [_thread_blocked, id=22056, stack(0x000000c0a4900000,0x000000c0a4a00000)]
  0x00000224eb39b440 JavaThread "Reconciler-1" daemon [_thread_blocked, id=28436, stack(0x000000c0a4a00000,0x000000c0a4b00000)]
  0x00000224eb399760 JavaThread "pool-4-thread-2" [_thread_blocked, id=2424, stack(0x000000c0a4b00000,0x000000c0a4c00000)]
  0x00000224eb39b910 JavaThread "pool-5-thread-1" [_thread_blocked, id=28756, stack(0x000000c0a4c00000,0x000000c0a4d00000)]
  0x00000224eb397f50 JavaThread "parallel-4" daemon [_thread_blocked, id=13232, stack(0x000000c0a4e00000,0x000000c0a4f00000)]
  0x00000224eb39d5f0 JavaThread "parallel-5" daemon [_thread_blocked, id=31160, stack(0x000000c0a4f00000,0x000000c0a5000000)]
  0x00000224eb39dac0 JavaThread "Project-Reconciler-1" daemon [_thread_blocked, id=33212, stack(0x000000c0a5000000,0x000000c0a5100000)]
  0x00000224eb39e460 JavaThread "Project-Reconciler-2" daemon [_thread_blocked, id=34268, stack(0x000000c0a5100000,0x000000c0a5200000)]

Other Threads:
=>0x00000224e92dc9e0 VMThread "VM Thread" [stack: 0x000000c0a1900000,0x000000c0a1a00000] [id=28172]
  0x00000224e955af60 WatcherThread [stack: 0x000000c0a2400000,0x000000c0a2500000] [id=14140]
  0x00000224cdb36fe0 GCTaskThread "GC Thread#0" [stack: 0x000000c0a1400000,0x000000c0a1500000] [id=24400]
  0x00000224ea7f5680 GCTaskThread "GC Thread#1" [stack: 0x000000c0a2800000,0x000000c0a2900000] [id=34888]
  0x00000224ea7f5930 GCTaskThread "GC Thread#2" [stack: 0x000000c0a2900000,0x000000c0a2a00000] [id=15500]
  0x00000224ea7ba410 GCTaskThread "GC Thread#3" [stack: 0x000000c0a2a00000,0x000000c0a2b00000] [id=31436]
  0x00000224ea7ba6c0 GCTaskThread "GC Thread#4" [stack: 0x000000c0a2b00000,0x000000c0a2c00000] [id=32908]
  0x00000224ea7ba970 GCTaskThread "GC Thread#5" [stack: 0x000000c0a2c00000,0x000000c0a2d00000] [id=35652]
  0x00000224ea7bac20 GCTaskThread "GC Thread#6" [stack: 0x000000c0a2d00000,0x000000c0a2e00000] [id=33632]
  0x00000224ea7baed0 GCTaskThread "GC Thread#7" [stack: 0x000000c0a2e00000,0x000000c0a2f00000] [id=13492]
  0x00000224cdb47eb0 ConcurrentGCThread "G1 Main Marker" [stack: 0x000000c0a1500000,0x000000c0a1600000] [id=28960]
  0x00000224cdb48a20 ConcurrentGCThread "G1 Conc#0" [stack: 0x000000c0a1600000,0x000000c0a1700000] [id=27680]
  0x00000224eac37020 ConcurrentGCThread "G1 Conc#1" [stack: 0x000000c0a3100000,0x000000c0a3200000] [id=11292]
  0x00000224cdb4e410 ConcurrentGCThread "G1 Refine#0" [stack: 0x000000c0a1700000,0x000000c0a1800000] [id=8388]
  0x00000224ea85d2d0 ConcurrentGCThread "G1 Refine#1" [stack: 0x000000c0a2f00000,0x000000c0a3000000] [id=17760]
  0x00000224edc36cc0 ConcurrentGCThread "G1 Refine#2" [stack: 0x000000c0a5200000,0x000000c0a5300000] [id=21936]
  0x00000224edaea830 ConcurrentGCThread "G1 Refine#3" [stack: 0x000000c0a5300000,0x000000c0a5400000] [id=4616]
  0x00000224e89e36a0 ConcurrentGCThread "G1 Service" [stack: 0x000000c0a1800000,0x000000c0a1900000] [id=13628]

Threads with active compile tasks:

VM state: at safepoint (normal execution)

VM Mutex/Monitor currently owned by a thread:  ([mutex/lock_event])
[0x00000224cb8bf890] Threads_lock - owner thread: 0x00000224e92dc9e0
[0x00000224cda86b30] Heap_lock - owner thread: 0x00000224eb1a87b0

Heap address: 0x0000000600c00000, size: 8180 MB, Compressed Oops mode: Zero based, Oop shift amount: 3

CDS archive(s) not mapped
Compressed class space mapped at: 0x0000000800000000-0x0000000840000000, reserved size: 1073741824
Narrow klass base: 0x0000000800000000, Narrow klass shift: 0, Narrow klass range: 0x40000000

GC Precious Log:
 CPUs: 8 total, 8 available
 Memory: 32709M
 Large Page Support: Disabled
 NUMA Support: Disabled
 Compressed Oops: Enabled (Zero based)
 Heap Region Size: 4M
 Heap Min Capacity: 8M
 Heap Initial Capacity: 512M
 Heap Max Capacity: 8180M
 Pre-touch: Disabled
 Parallel Workers: 8
 Concurrent Workers: 2
 Concurrent Refinement Workers: 8
 Periodic GC: Disabled

Heap:
 garbage-first heap   total 524288K, used 75417K [0x0000000600c00000, 0x0000000800000000)
  region size 4096K, 4 young (16384K), 4 survivors (16384K)
 Metaspace       used 39021K, committed 39360K, reserved 1089536K
  class space    used 4943K, committed 5120K, reserved 1048576K

Heap Regions: E=young(eden), S=young(survivor), O=old, HS=humongous(starts), HC=humongous(continues), CS=collection set, F=free, OA=open archive, CA=closed archive, TAMS=top-at-mark-start (previous, next)
|   0|0x0000000600c00000, 0x0000000601000000, 0x0000000601000000|100%| O|  |TAMS 0x0000000601000000, 0x0000000600c00000| Untracked 
|   1|0x0000000601000000, 0x00000006013c9e00, 0x0000000601400000| 94%| O|  |TAMS 0x00000006013c9e00, 0x0000000601000000| Untracked 
|   2|0x0000000601400000, 0x0000000601800000, 0x0000000601800000|100%| O|  |TAMS 0x0000000601800000, 0x0000000601400000| Untracked 
|   3|0x0000000601800000, 0x0000000601c00000, 0x0000000601c00000|100%| O|  |TAMS 0x0000000601800000, 0x0000000601800000| Untracked 
|   4|0x0000000601c00000, 0x0000000602000000, 0x0000000602000000|100%| O|  |TAMS 0x0000000601c75400, 0x0000000601c00000| Untracked 
|   5|0x0000000602000000, 0x0000000602400000, 0x0000000602400000|100%| O|  |TAMS 0x0000000602000000, 0x0000000602000000| Untracked 
|   6|0x0000000602400000, 0x0000000602800000, 0x0000000602800000|100%| O|  |TAMS 0x0000000602400000, 0x0000000602400000| Untracked 
|   7|0x0000000602800000, 0x0000000602c00000, 0x0000000602c00000|100%| O|  |TAMS 0x0000000602800000, 0x0000000602800000| Untracked 
|   8|0x0000000602c00000, 0x0000000603000000, 0x0000000603000000|100%| O|  |TAMS 0x0000000602c00000, 0x0000000602c00000| Untracked 
|   9|0x0000000603000000, 0x0000000603400000, 0x0000000603400000|100%| O|  |TAMS 0x0000000603000000, 0x0000000603000000| Untracked 
|  10|0x0000000603400000, 0x0000000603800000, 0x0000000603800000|100%| O|  |TAMS 0x0000000603400000, 0x0000000603400000| Untracked 
|  11|0x0000000603800000, 0x0000000603c00000, 0x0000000603c00000|100%| O|  |TAMS 0x0000000603800000, 0x0000000603800000| Untracked 
|  12|0x0000000603c00000, 0x0000000604000000, 0x0000000604000000|100%| O|  |TAMS 0x0000000603c00000, 0x0000000603c00000| Untracked 
|  13|0x0000000604000000, 0x0000000604400000, 0x0000000604400000|100%| O|  |TAMS 0x0000000604000000, 0x0000000604000000| Untracked 
|  14|0x0000000604400000, 0x0000000604800000, 0x0000000604800000|100%| O|  |TAMS 0x0000000604400000, 0x0000000604400000| Untracked 
|  15|0x0000000604800000, 0x00000006048b3000, 0x0000000604c00000| 17%| O|  |TAMS 0x0000000604800000, 0x0000000604800000| Untracked 
|  16|0x0000000604c00000, 0x0000000604c00000, 0x0000000605000000|  0%| F|  |TAMS 0x0000000604c00000, 0x0000000604c00000| Untracked 
|  17|0x0000000605000000, 0x0000000605000000, 0x0000000605400000|  0%| F|  |TAMS 0x0000000605000000, 0x0000000605000000| Untracked 
|  18|0x0000000605400000, 0x0000000605400000, 0x0000000605800000|  0%| F|  |TAMS 0x0000000605400000, 0x0000000605400000| Untracked 
|  19|0x0000000605800000, 0x0000000605800000, 0x0000000605c00000|  0%| F|  |TAMS 0x0000000605800000, 0x0000000605800000| Untracked 
|  20|0x0000000605c00000, 0x0000000605c00000, 0x0000000606000000|  0%| F|  |TAMS 0x0000000605c00000, 0x0000000605c00000| Untracked 
|  21|0x0000000606000000, 0x0000000606000000, 0x0000000606400000|  0%| F|  |TAMS 0x0000000606000000, 0x0000000606000000| Untracked 
|  22|0x0000000606400000, 0x0000000606400000, 0x0000000606800000|  0%| F|  |TAMS 0x0000000606400000, 0x0000000606400000| Untracked 
|  23|0x0000000606800000, 0x0000000606800000, 0x0000000606c00000|  0%| F|  |TAMS 0x0000000606800000, 0x0000000606800000| Untracked 
|  24|0x0000000606c00000, 0x0000000606c00000, 0x0000000607000000|  0%| F|  |TAMS 0x0000000606c00000, 0x0000000606c00000| Untracked 
|  25|0x0000000607000000, 0x0000000607000000, 0x0000000607400000|  0%| F|  |TAMS 0x0000000607000000, 0x0000000607000000| Untracked 
|  26|0x0000000607400000, 0x0000000607400000, 0x0000000607800000|  0%| F|  |TAMS 0x0000000607400000, 0x0000000607400000| Untracked 
|  27|0x0000000607800000, 0x0000000607800000, 0x0000000607c00000|  0%| F|  |TAMS 0x0000000607800000, 0x0000000607800000| Untracked 
|  28|0x0000000607c00000, 0x0000000607c00000, 0x0000000608000000|  0%| F|  |TAMS 0x0000000607c00000, 0x0000000607c00000| Untracked 
|  29|0x0000000608000000, 0x0000000608000000, 0x0000000608400000|  0%| F|  |TAMS 0x0000000608000000, 0x0000000608000000| Untracked 
|  30|0x0000000608400000, 0x0000000608400000, 0x0000000608800000|  0%| F|  |TAMS 0x0000000608400000, 0x0000000608400000| Untracked 
|  31|0x0000000608800000, 0x0000000608800000, 0x0000000608c00000|  0%| F|  |TAMS 0x0000000608800000, 0x0000000608800000| Untracked 
|  32|0x0000000608c00000, 0x0000000608c00000, 0x0000000609000000|  0%| F|  |TAMS 0x0000000608c00000, 0x0000000608c00000| Untracked 
|  33|0x0000000609000000, 0x0000000609000000, 0x0000000609400000|  0%| F|  |TAMS 0x0000000609000000, 0x0000000609000000| Untracked 
|  34|0x0000000609400000, 0x0000000609529810, 0x0000000609800000| 29%| S|CS|TAMS 0x0000000609400000, 0x0000000609400000| Complete 
|  35|0x0000000609800000, 0x0000000609c00000, 0x0000000609c00000|100%| S|CS|TAMS 0x0000000609800000, 0x0000000609800000| Complete 
|  36|0x0000000609c00000, 0x000000060a000000, 0x000000060a000000|100%| S|CS|TAMS 0x0000000609c00000, 0x0000000609c00000| Complete 
|  37|0x000000060a000000, 0x000000060a400000, 0x000000060a400000|100%| S|CS|TAMS 0x000000060a000000, 0x000000060a000000| Complete 
|  38|0x000000060a400000, 0x000000060a400000, 0x000000060a800000|  0%| F|  |TAMS 0x000000060a400000, 0x000000060a400000| Untracked 
|  39|0x000000060a800000, 0x000000060a800000, 0x000000060ac00000|  0%| F|  |TAMS 0x000000060a800000, 0x000000060a800000| Untracked 
|  40|0x000000060ac00000, 0x000000060ac00000, 0x000000060b000000|  0%| F|  |TAMS 0x000000060ac00000, 0x000000060ac00000| Untracked 
|  41|0x000000060b000000, 0x000000060b000000, 0x000000060b400000|  0%| F|  |TAMS 0x000000060b000000, 0x000000060b000000| Untracked 
|  42|0x000000060b400000, 0x000000060b400000, 0x000000060b800000|  0%| F|  |TAMS 0x000000060b400000, 0x000000060b400000| Untracked 
|  43|0x000000060b800000, 0x000000060b800000, 0x000000060bc00000|  0%| F|  |TAMS 0x000000060b800000, 0x000000060b800000| Untracked 
|  44|0x000000060bc00000, 0x000000060bc00000, 0x000000060c000000|  0%| F|  |TAMS 0x000000060bc00000, 0x000000060bc00000| Untracked 
|  45|0x000000060c000000, 0x000000060c000000, 0x000000060c400000|  0%| F|  |TAMS 0x000000060c000000, 0x000000060c000000| Untracked 
|  46|0x000000060c400000, 0x000000060c400000, 0x000000060c800000|  0%| F|  |TAMS 0x000000060c400000, 0x000000060c400000| Untracked 
|  47|0x000000060c800000, 0x000000060c800000, 0x000000060cc00000|  0%| F|  |TAMS 0x000000060c800000, 0x000000060c800000| Untracked 
|  48|0x000000060cc00000, 0x000000060cc00000, 0x000000060d000000|  0%| F|  |TAMS 0x000000060cc00000, 0x000000060cc00000| Untracked 
|  49|0x000000060d000000, 0x000000060d000000, 0x000000060d400000|  0%| F|  |TAMS 0x000000060d000000, 0x000000060d000000| Untracked 
|  50|0x000000060d400000, 0x000000060d400000, 0x000000060d800000|  0%| F|  |TAMS 0x000000060d400000, 0x000000060d400000| Untracked 
|  51|0x000000060d800000, 0x000000060d800000, 0x000000060dc00000|  0%| F|  |TAMS 0x000000060d800000, 0x000000060d800000| Untracked 
|  52|0x000000060dc00000, 0x000000060dc00000, 0x000000060e000000|  0%| F|  |TAMS 0x000000060dc00000, 0x000000060dc00000| Untracked 
|  53|0x000000060e000000, 0x000000060e000000, 0x000000060e400000|  0%| F|  |TAMS 0x000000060e000000, 0x000000060e000000| Untracked 
|  54|0x000000060e400000, 0x000000060e400000, 0x000000060e800000|  0%| F|  |TAMS 0x000000060e400000, 0x000000060e400000| Untracked 
|  55|0x000000060e800000, 0x000000060e800000, 0x000000060ec00000|  0%| F|  |TAMS 0x000000060e800000, 0x000000060e800000| Untracked 
|  56|0x000000060ec00000, 0x000000060ec00000, 0x000000060f000000|  0%| F|  |TAMS 0x000000060ec00000, 0x000000060ec00000| Untracked 
|  57|0x000000060f000000, 0x000000060f000000, 0x000000060f400000|  0%| F|  |TAMS 0x000000060f000000, 0x000000060f000000| Untracked 
|  58|0x000000060f400000, 0x000000060f400000, 0x000000060f800000|  0%| F|  |TAMS 0x000000060f400000, 0x000000060f400000| Untracked 
|  59|0x000000060f800000, 0x000000060f800000, 0x000000060fc00000|  0%| F|  |TAMS 0x000000060f800000, 0x000000060f800000| Untracked 
|  60|0x000000060fc00000, 0x000000060fc00000, 0x0000000610000000|  0%| F|  |TAMS 0x000000060fc00000, 0x000000060fc00000| Untracked 
|  61|0x0000000610000000, 0x0000000610000000, 0x0000000610400000|  0%| F|  |TAMS 0x0000000610000000, 0x0000000610000000| Untracked 
|  62|0x0000000610400000, 0x0000000610400000, 0x0000000610800000|  0%| F|  |TAMS 0x0000000610400000, 0x0000000610400000| Untracked 
|  63|0x0000000610800000, 0x0000000610800000, 0x0000000610c00000|  0%| F|  |TAMS 0x0000000610800000, 0x0000000610800000| Untracked 
|  64|0x0000000610c00000, 0x0000000610c00000, 0x0000000611000000|  0%| F|  |TAMS 0x0000000610c00000, 0x0000000610c00000| Untracked 
|  65|0x0000000611000000, 0x0000000611000000, 0x0000000611400000|  0%| F|  |TAMS 0x0000000611000000, 0x0000000611000000| Untracked 
|  66|0x0000000611400000, 0x0000000611400000, 0x0000000611800000|  0%| F|  |TAMS 0x0000000611400000, 0x0000000611400000| Untracked 
|  67|0x0000000611800000, 0x0000000611800000, 0x0000000611c00000|  0%| F|  |TAMS 0x0000000611800000, 0x0000000611800000| Untracked 
|  68|0x0000000611c00000, 0x0000000611c00000, 0x0000000612000000|  0%| F|  |TAMS 0x0000000611c00000, 0x0000000611c00000| Untracked 
|  69|0x0000000612000000, 0x0000000612000000, 0x0000000612400000|  0%| F|  |TAMS 0x0000000612000000, 0x0000000612000000| Untracked 
|  70|0x0000000612400000, 0x0000000612400000, 0x0000000612800000|  0%| F|  |TAMS 0x0000000612400000, 0x0000000612400000| Untracked 
|  71|0x0000000612800000, 0x0000000612800000, 0x0000000612c00000|  0%| F|  |TAMS 0x0000000612800000, 0x0000000612800000| Untracked 
|  72|0x0000000612c00000, 0x0000000612c00000, 0x0000000613000000|  0%| F|  |TAMS 0x0000000612c00000, 0x0000000612c00000| Untracked 
|  73|0x0000000613000000, 0x0000000613000000, 0x0000000613400000|  0%| F|  |TAMS 0x0000000613000000, 0x0000000613000000| Untracked 
|  74|0x0000000613400000, 0x0000000613400000, 0x0000000613800000|  0%| F|  |TAMS 0x0000000613400000, 0x0000000613400000| Untracked 
|  75|0x0000000613800000, 0x0000000613800000, 0x0000000613c00000|  0%| F|  |TAMS 0x0000000613800000, 0x0000000613800000| Untracked 
|  76|0x0000000613c00000, 0x0000000613c00000, 0x0000000614000000|  0%| F|  |TAMS 0x0000000613c00000, 0x0000000613c00000| Untracked 
|  77|0x0000000614000000, 0x0000000614000000, 0x0000000614400000|  0%| F|  |TAMS 0x0000000614000000, 0x0000000614000000| Untracked 
|  78|0x0000000614400000, 0x0000000614400000, 0x0000000614800000|  0%| F|  |TAMS 0x0000000614400000, 0x0000000614400000| Untracked 
|  79|0x0000000614800000, 0x0000000614800000, 0x0000000614c00000|  0%| F|  |TAMS 0x0000000614800000, 0x0000000614800000| Untracked 
|  80|0x0000000614c00000, 0x0000000614c00000, 0x0000000615000000|  0%| F|  |TAMS 0x0000000614c00000, 0x0000000614c00000| Untracked 
|  81|0x0000000615000000, 0x0000000615000000, 0x0000000615400000|  0%| F|  |TAMS 0x0000000615000000, 0x0000000615000000| Untracked 
|  82|0x0000000615400000, 0x0000000615400000, 0x0000000615800000|  0%| F|  |TAMS 0x0000000615400000, 0x0000000615400000| Untracked 
|  83|0x0000000615800000, 0x0000000615800000, 0x0000000615c00000|  0%| F|  |TAMS 0x0000000615800000, 0x0000000615800000| Untracked 
|  84|0x0000000615c00000, 0x0000000615c00000, 0x0000000616000000|  0%| F|  |TAMS 0x0000000615c00000, 0x0000000615c00000| Untracked 
|  85|0x0000000616000000, 0x0000000616000000, 0x0000000616400000|  0%| F|  |TAMS 0x0000000616000000, 0x0000000616000000| Untracked 
|  86|0x0000000616400000, 0x0000000616400000, 0x0000000616800000|  0%| F|  |TAMS 0x0000000616400000, 0x0000000616400000| Untracked 
|  87|0x0000000616800000, 0x0000000616800000, 0x0000000616c00000|  0%| F|  |TAMS 0x0000000616800000, 0x0000000616800000| Untracked 
|  88|0x0000000616c00000, 0x0000000616c00000, 0x0000000617000000|  0%| F|  |TAMS 0x0000000616c00000, 0x0000000616c00000| Untracked 
|  89|0x0000000617000000, 0x0000000617000000, 0x0000000617400000|  0%| F|  |TAMS 0x0000000617000000, 0x0000000617000000| Untracked 
|  90|0x0000000617400000, 0x0000000617400000, 0x0000000617800000|  0%| F|  |TAMS 0x0000000617400000, 0x0000000617400000| Untracked 
|  91|0x0000000617800000, 0x0000000617800000, 0x0000000617c00000|  0%| F|  |TAMS 0x0000000617800000, 0x0000000617800000| Untracked 
|  92|0x0000000617c00000, 0x0000000617c00000, 0x0000000618000000|  0%| F|  |TAMS 0x0000000617c00000, 0x0000000617c00000| Untracked 
|  93|0x0000000618000000, 0x0000000618000000, 0x0000000618400000|  0%| F|  |TAMS 0x0000000618000000, 0x0000000618000000| Untracked 
|  94|0x0000000618400000, 0x0000000618400000, 0x0000000618800000|  0%| F|  |TAMS 0x0000000618400000, 0x0000000618400000| Untracked 
|  95|0x0000000618800000, 0x0000000618800000, 0x0000000618c00000|  0%| F|  |TAMS 0x0000000618800000, 0x0000000618800000| Untracked 
|  96|0x0000000618c00000, 0x0000000618c00000, 0x0000000619000000|  0%| F|  |TAMS 0x0000000618c00000, 0x0000000618c00000| Untracked 
|  97|0x0000000619000000, 0x0000000619000000, 0x0000000619400000|  0%| F|  |TAMS 0x0000000619000000, 0x0000000619000000| Untracked 
|  98|0x0000000619400000, 0x0000000619400000, 0x0000000619800000|  0%| F|  |TAMS 0x0000000619400000, 0x0000000619400000| Untracked 
|  99|0x0000000619800000, 0x0000000619800000, 0x0000000619c00000|  0%| F|  |TAMS 0x0000000619800000, 0x0000000619800000| Untracked 
| 100|0x0000000619c00000, 0x0000000619c00000, 0x000000061a000000|  0%| F|  |TAMS 0x0000000619c00000, 0x0000000619c00000| Untracked 
| 101|0x000000061a000000, 0x000000061a000000, 0x000000061a400000|  0%| F|  |TAMS 0x000000061a000000, 0x000000061a000000| Untracked 
| 102|0x000000061a400000, 0x000000061a400000, 0x000000061a800000|  0%| F|  |TAMS 0x000000061a400000, 0x000000061a400000| Untracked 
| 103|0x000000061a800000, 0x000000061a800000, 0x000000061ac00000|  0%| F|  |TAMS 0x000000061a800000, 0x000000061a800000| Untracked 
| 104|0x000000061ac00000, 0x000000061ac00000, 0x000000061b000000|  0%| F|  |TAMS 0x000000061ac00000, 0x000000061ac00000| Untracked 
| 105|0x000000061b000000, 0x000000061b000000, 0x000000061b400000|  0%| F|  |TAMS 0x000000061b000000, 0x000000061b000000| Untracked 
| 106|0x000000061b400000, 0x000000061b400000, 0x000000061b800000|  0%| F|  |TAMS 0x000000061b400000, 0x000000061b400000| Untracked 
| 107|0x000000061b800000, 0x000000061b800000, 0x000000061bc00000|  0%| F|  |TAMS 0x000000061b800000, 0x000000061b800000| Untracked 
| 108|0x000000061bc00000, 0x000000061bc00000, 0x000000061c000000|  0%| F|  |TAMS 0x000000061bc00000, 0x000000061bc00000| Untracked 
| 109|0x000000061c000000, 0x000000061c000000, 0x000000061c400000|  0%| F|  |TAMS 0x000000061c000000, 0x000000061c000000| Untracked 
| 110|0x000000061c400000, 0x000000061c400000, 0x000000061c800000|  0%| F|  |TAMS 0x000000061c400000, 0x000000061c400000| Untracked 
| 111|0x000000061c800000, 0x000000061c800000, 0x000000061cc00000|  0%| F|  |TAMS 0x000000061c800000, 0x000000061c800000| Untracked 
| 112|0x000000061cc00000, 0x000000061cc00000, 0x000000061d000000|  0%| F|  |TAMS 0x000000061cc00000, 0x000000061cc00000| Untracked 
| 113|0x000000061d000000, 0x000000061d000000, 0x000000061d400000|  0%| F|  |TAMS 0x000000061d000000, 0x000000061d000000| Untracked 
| 114|0x000000061d400000, 0x000000061d400000, 0x000000061d800000|  0%| F|  |TAMS 0x000000061d400000, 0x000000061d400000| Untracked 
| 115|0x000000061d800000, 0x000000061d800000, 0x000000061dc00000|  0%| F|  |TAMS 0x000000061d800000, 0x000000061d800000| Untracked 
| 116|0x000000061dc00000, 0x000000061dc00000, 0x000000061e000000|  0%| F|  |TAMS 0x000000061dc00000, 0x000000061dc00000| Untracked 
| 117|0x000000061e000000, 0x000000061e000000, 0x000000061e400000|  0%| F|  |TAMS 0x000000061e000000, 0x000000061e000000| Untracked 
| 118|0x000000061e400000, 0x000000061e400000, 0x000000061e800000|  0%| F|  |TAMS 0x000000061e400000, 0x000000061e400000| Untracked 
| 119|0x000000061e800000, 0x000000061e800000, 0x000000061ec00000|  0%| F|  |TAMS 0x000000061e800000, 0x000000061e800000| Untracked 
| 120|0x000000061ec00000, 0x000000061ec00000, 0x000000061f000000|  0%| F|  |TAMS 0x000000061ec00000, 0x000000061ec00000| Untracked 
| 121|0x000000061f000000, 0x000000061f000000, 0x000000061f400000|  0%| F|  |TAMS 0x000000061f000000, 0x000000061f000000| Untracked 
| 122|0x000000061f400000, 0x000000061f400000, 0x000000061f800000|  0%| F|  |TAMS 0x000000061f400000, 0x000000061f400000| Untracked 
| 123|0x000000061f800000, 0x000000061f800000, 0x000000061fc00000|  0%| F|  |TAMS 0x000000061f800000, 0x000000061f800000| Untracked 
| 124|0x000000061fc00000, 0x000000061fc00000, 0x0000000620000000|  0%| F|  |TAMS 0x000000061fc00000, 0x000000061fc00000| Untracked 
| 125|0x0000000620000000, 0x0000000620000000, 0x0000000620400000|  0%| F|  |TAMS 0x0000000620000000, 0x0000000620000000| Untracked 
| 126|0x0000000620400000, 0x0000000620400000, 0x0000000620800000|  0%| F|  |TAMS 0x0000000620400000, 0x0000000620400000| Untracked 
| 127|0x0000000620800000, 0x0000000620800000, 0x0000000620c00000|  0%| F|  |TAMS 0x0000000620800000, 0x0000000620800000| Untracked 

Card table byte_map: [0x00000224d4820000,0x00000224d5820000] _byte_map_base: 0x00000224d181a000

Marking Bits (Prev, Next): (CMBitMap*) 0x00000224cdb375f0, (CMBitMap*) 0x00000224cdb37630
 Prev Bits: [0x00000224d6820000, 0x00000224de7f0000)
 Next Bits: [0x00000224de7f0000, 0x00000224e67c0000)

Polling page: 0x00000224cb9d0000

Metaspace:

Usage:
  Non-class:     33.28 MB used.
      Class:      4.83 MB used.
       Both:     38.11 MB used.

Virtual space:
  Non-class space:       40.00 MB reserved,      33.44 MB ( 84%) committed,  5 nodes.
      Class space:        1.00 GB reserved,       5.00 MB ( <1%) committed,  1 nodes.
             Both:        1.04 GB reserved,      38.44 MB (  4%) committed. 

Chunk freelists:
   Non-Class:  2.12 MB
       Class:  3.02 MB
        Both:  5.14 MB

MaxMetaspaceSize: unlimited
CompressedClassSpaceSize: 1.00 GB
Initial GC threshold: 21.00 MB
Current GC threshold: 59.31 MB
CDS: off
MetaspaceReclaimPolicy: balanced
 - commit_granule_bytes: 65536.
 - commit_granule_words: 8192.
 - virtual_space_node_default_size: 1048576.
 - enlarge_chunks_in_place: 1.
 - new_chunks_are_fully_committed: 0.
 - uncommit_free_chunks: 1.
 - use_allocation_guard: 0.
 - handle_deallocations: 1.


Internal statistics:

num_allocs_failed_limit: 6.
num_arena_births: 384.
num_arena_deaths: 0.
num_vsnodes_births: 6.
num_vsnodes_deaths: 0.
num_space_committed: 615.
num_space_uncommitted: 0.
num_chunks_returned_to_freelist: 6.
num_chunks_taken_from_freelist: 1540.
num_chunk_merges: 6.
num_chunk_splits: 1053.
num_chunks_enlarged: 810.
num_purges: 0.
num_inconsistent_stats: 0.

CodeCache: size=49152Kb used=9768Kb max_used=9768Kb free=39383Kb
 bounds [0x00000224d0710000, 0x00000224d10a0000, 0x00000224d3710000]
 total_blobs=4622 nmethods=4082 adapters=464
 compilation: enabled
              stopped_count=0, restarted_count=0
 full_count=0

Compilation events (20 events):
Event: 10.747 Thread 0x00000224ea778f40 4073       1       jdk.internal.module.SystemModuleFinders$SystemModuleReader$$Lambda$130/0x00000008001e9928::apply (12 bytes)
Event: 10.747 Thread 0x00000224eaf8d940 4075   !   1       nonapi.io.github.classgraph.fileslice.reader.ClassfileReader::close (43 bytes)
Event: 10.754 Thread 0x00000224ea778f40 nmethod 4073 0x00000224d1090890 code [0x00000224d1090a20, 0x00000224d1090b48]
Event: 10.754 Thread 0x00000224ea778f40 4077   !   1       jdk.internal.reflect.GeneratedMethodAccessor28::invoke (67 bytes)
Event: 10.754 Thread 0x00000224eaf8d940 nmethod 4075 0x00000224d1090c10 code [0x00000224d1090dc0, 0x00000224d1090f98]
Event: 10.754 Thread 0x00000224eaf8d940 4079       1       io.github.classgraph.ClasspathElementModule$1$1::<init> (16 bytes)
Event: 10.754 Thread 0x00000224eaf8d940 nmethod 4079 0x00000224d1091090 code [0x00000224d1091220, 0x00000224d1091418]
Event: 10.754 Thread 0x00000224eaf8d940 4080       1       nonapi.io.github.classgraph.utils.ProxyingInputStream::<init> (10 bytes)
Event: 10.755 Thread 0x00000224eaf8d940 nmethod 4080 0x00000224d1091490 code [0x00000224d1091620, 0x00000224d1091738]
Event: 10.755 Thread 0x00000224ea778f40 nmethod 4077 0x00000224d1091790 code [0x00000224d1091980, 0x00000224d1091df8]
Event: 10.755 Thread 0x00000224eaf8d940 4074       1       nonapi.io.github.classgraph.fileslice.reader.ClassfileReader::<init> (29 bytes)
Event: 10.755 Thread 0x00000224ea778f40 4069       1       java.util.Optional::map (30 bytes)
Event: 10.755 Thread 0x00000224e9338950 nmethod 4071 0x00000224d1092090 code [0x00000224d1092280, 0x00000224d1092808]
Event: 10.755 Thread 0x00000224e9338950 4072       1       jdk.internal.module.SystemModuleFinders$SystemModuleReader$$Lambda$130/0x00000008001e9928::<init> (10 bytes)
Event: 10.755 Thread 0x00000224e9338950 nmethod 4072 0x00000224d1092b10 code [0x00000224d1092ca0, 0x00000224d1092db8]
Event: 10.755 Thread 0x00000224eaf8d940 nmethod 4074 0x00000224d1092e10 code [0x00000224d1092fa0, 0x00000224d1093238]
Event: 10.755 Thread 0x00000224ea778f40 nmethod 4069 0x00000224d1093310 code [0x00000224d10934c0, 0x00000224d1093798]
Event: 10.766 Thread 0x00000224ea83e440 nmethod 4061 0x00000224d1093890 code [0x00000224d10940c0, 0x00000224d1096de8]
Event: 10.771 Thread 0x00000224ea83e440 4082  s!   1       jdk.internal.loader.URLClassPath::getLoader (196 bytes)
Event: 10.774 Thread 0x00000224ea83e440 nmethod 4082 0x00000224d1098c10 code [0x00000224d1098ec0, 0x00000224d1099938]

GC Heap History (20 events):
Event: 8.836 GC heap after
{Heap after GC invocations=6 (full 0):
 garbage-first heap   total 57344K, used 16012K [0x0000000600c00000, 0x0000000800000000)
  region size 4096K, 1 young (4096K), 1 survivors (4096K)
 Metaspace       used 28116K, committed 28416K, reserved 1081344K
  class space    used 3513K, committed 3648K, reserved 1048576K
}
Event: 9.048 GC heap before
{Heap before GC invocations=6 (full 0):
 garbage-first heap   total 57344K, used 32396K [0x0000000600c00000, 0x0000000800000000)
  region size 4096K, 5 young (20480K), 1 survivors (4096K)
 Metaspace       used 31244K, committed 31552K, reserved 1081344K
  class space    used 3941K, committed 4096K, reserved 1048576K
}
Event: 9.053 GC heap after
{Heap after GC invocations=7 (full 0):
 garbage-first heap   total 57344K, used 17278K [0x0000000600c00000, 0x0000000800000000)
  region size 4096K, 1 young (4096K), 1 survivors (4096K)
 Metaspace       used 31244K, committed 31552K, reserved 1081344K
  class space    used 3941K, committed 4096K, reserved 1048576K
}
Event: 9.260 GC heap before
{Heap before GC invocations=7 (full 0):
 garbage-first heap   total 57344K, used 33662K [0x0000000600c00000, 0x0000000800000000)
  region size 4096K, 5 young (20480K), 1 survivors (4096K)
 Metaspace       used 34252K, committed 34496K, reserved 1081344K
  class space    used 4386K, committed 4480K, reserved 1048576K
}
Event: 9.263 GC heap after
{Heap after GC invocations=8 (full 0):
 garbage-first heap   total 57344K, used 18340K [0x0000000600c00000, 0x0000000800000000)
  region size 4096K, 1 young (4096K), 1 survivors (4096K)
 Metaspace       used 34252K, committed 34496K, reserved 1081344K
  class space    used 4386K, committed 4480K, reserved 1048576K
}
Event: 9.333 GC heap before
{Heap before GC invocations=8 (full 0):
 garbage-first heap   total 57344K, used 30628K [0x0000000600c00000, 0x0000000800000000)
  region size 4096K, 5 young (20480K), 1 survivors (4096K)
 Metaspace       used 35586K, committed 35968K, reserved 1081344K
  class space    used 4610K, committed 4800K, reserved 1048576K
}
Event: 9.336 GC heap after
{Heap after GC invocations=9 (full 0):
 garbage-first heap   total 57344K, used 20732K [0x0000000600c00000, 0x0000000800000000)
  region size 4096K, 1 young (4096K), 1 survivors (4096K)
 Metaspace       used 35586K, committed 35968K, reserved 1081344K
  class space    used 4610K, committed 4800K, reserved 1048576K
}
Event: 9.363 GC heap before
{Heap before GC invocations=9 (full 0):
 garbage-first heap   total 57344K, used 33020K [0x0000000600c00000, 0x0000000800000000)
  region size 4096K, 5 young (20480K), 1 survivors (4096K)
 Metaspace       used 35989K, committed 36352K, reserved 1081344K
  class space    used 4625K, committed 4800K, reserved 1048576K
}
Event: 9.365 GC heap after
{Heap after GC invocations=10 (full 0):
 garbage-first heap   total 57344K, used 23183K [0x0000000600c00000, 0x0000000800000000)
  region size 4096K, 1 young (4096K), 1 survivors (4096K)
 Metaspace       used 35989K, committed 36352K, reserved 1081344K
  class space    used 4625K, committed 4800K, reserved 1048576K
}
Event: 9.396 GC heap before
{Heap before GC invocations=11 (full 0):
 garbage-first heap   total 57344K, used 31375K [0x0000000600c00000, 0x0000000800000000)
  region size 4096K, 4 young (16384K), 1 survivors (4096K)
 Metaspace       used 36272K, committed 36608K, reserved 1081344K
  class space    used 4657K, committed 4800K, reserved 1048576K
}
Event: 9.397 GC heap after
{Heap after GC invocations=12 (full 0):
 garbage-first heap   total 57344K, used 25667K [0x0000000600c00000, 0x0000000800000000)
  region size 4096K, 1 young (4096K), 1 survivors (4096K)
 Metaspace       used 36272K, committed 36608K, reserved 1081344K
  class space    used 4657K, committed 4800K, reserved 1048576K
}
Event: 9.409 GC heap before
{Heap before GC invocations=12 (full 0):
 garbage-first heap   total 57344K, used 29763K [0x0000000600c00000, 0x0000000800000000)
  region size 4096K, 2 young (8192K), 1 survivors (4096K)
 Metaspace       used 36425K, committed 36800K, reserved 1081344K
  class space    used 4680K, committed 4864K, reserved 1048576K
}
Event: 9.411 GC heap after
{Heap after GC invocations=13 (full 0):
 garbage-first heap   total 290816K, used 25901K [0x0000000600c00000, 0x0000000800000000)
  region size 4096K, 1 young (4096K), 1 survivors (4096K)
 Metaspace       used 36425K, committed 36800K, reserved 1081344K
  class space    used 4680K, committed 4864K, reserved 1048576K
}
Event: 10.710 GC heap before
{Heap before GC invocations=13 (full 0):
 garbage-first heap   total 290816K, used 185645K [0x0000000600c00000, 0x0000000800000000)
  region size 4096K, 41 young (167936K), 1 survivors (4096K)
 Metaspace       used 38909K, committed 39296K, reserved 1089536K
  class space    used 4930K, committed 5120K, reserved 1048576K
}
Event: 10.729 GC heap after
{Heap after GC invocations=14 (full 0):
 garbage-first heap   total 290816K, used 61049K [0x0000000600c00000, 0x0000000800000000)
  region size 4096K, 6 young (24576K), 6 survivors (24576K)
 Metaspace       used 38909K, committed 39296K, reserved 1089536K
  class space    used 4930K, committed 5120K, reserved 1048576K
}
Event: 10.747 GC heap before
{Heap before GC invocations=14 (full 0):
 garbage-first heap   total 290816K, used 155257K [0x0000000600c00000, 0x0000000800000000)
  region size 4096K, 30 young (122880K), 6 survivors (24576K)
 Metaspace       used 38924K, committed 39296K, reserved 1089536K
  class space    used 4930K, committed 5120K, reserved 1048576K
}
Event: 10.754 GC heap after
{Heap after GC invocations=15 (full 0):
 garbage-first heap   total 290816K, used 66915K [0x0000000600c00000, 0x0000000800000000)
  region size 4096K, 2 young (8192K), 2 survivors (8192K)
 Metaspace       used 38924K, committed 39296K, reserved 1089536K
  class space    used 4930K, committed 5120K, reserved 1048576K
}
Event: 10.771 GC heap before
{Heap before GC invocations=15 (full 0):
 garbage-first heap   total 290816K, used 173411K [0x0000000600c00000, 0x0000000800000000)
  region size 4096K, 29 young (118784K), 2 survivors (8192K)
 Metaspace       used 39021K, committed 39360K, reserved 1089536K
  class space    used 4943K, committed 5120K, reserved 1048576K
}
Event: 10.774 GC heap after
{Heap after GC invocations=16 (full 0):
 garbage-first heap   total 290816K, used 70878K [0x0000000600c00000, 0x0000000800000000)
  region size 4096K, 3 young (12288K), 3 survivors (12288K)
 Metaspace       used 39021K, committed 39360K, reserved 1089536K
  class space    used 4943K, committed 5120K, reserved 1048576K
}
Event: 10.789 GC heap before
{Heap before GC invocations=16 (full 0):
 garbage-first heap   total 290816K, used 189662K [0x0000000600c00000, 0x0000000800000000)
  region size 4096K, 33 young (135168K), 3 survivors (12288K)
 Metaspace       used 39021K, committed 39360K, reserved 1089536K
  class space    used 4943K, committed 5120K, reserved 1048576K
}

Deoptimization events (12 events):
Event: 3.080 Thread 0x00000224cda886f0 DEOPT PACKING pc=0x00000224d0c7b279 sp=0x000000c0a13fd290
Event: 3.080 Thread 0x00000224cda886f0 DEOPT UNPACKING pc=0x00000224d0762b43 sp=0x000000c0a13fc770 mode 3
Event: 8.723 Thread 0x00000224cda886f0 DEOPT PACKING pc=0x00000224d089b355 sp=0x000000c0a13fb180
Event: 8.723 Thread 0x00000224cda886f0 DEOPT UNPACKING pc=0x00000224d0762b43 sp=0x000000c0a13fa698 mode 3
Event: 9.238 Thread 0x00000224eb1367f0 DEOPT PACKING pc=0x00000224d0ec2e6d sp=0x000000c0a35fd7f0
Event: 9.238 Thread 0x00000224eb1367f0 DEOPT UNPACKING pc=0x00000224d0762b43 sp=0x000000c0a35fcd08 mode 3
Event: 9.290 Thread 0x00000224eb13f6b0 DEOPT PACKING pc=0x00000224d0eddf13 sp=0x000000c0a36fe910
Event: 9.290 Thread 0x00000224eb13f6b0 DEOPT UNPACKING pc=0x00000224d0762b43 sp=0x000000c0a36fde58 mode 3
Event: 9.311 Thread 0x00000224eb10a980 DEOPT PACKING pc=0x00000224d0c78a09 sp=0x000000c0a34fdc10
Event: 9.311 Thread 0x00000224eb10a980 DEOPT UNPACKING pc=0x00000224d0762b43 sp=0x000000c0a34fd0a0 mode 3
Event: 9.820 Thread 0x00000224eb1367f0 DEOPT PACKING pc=0x00000224d0c7609f sp=0x000000c0a35ff2a0
Event: 9.820 Thread 0x00000224eb1367f0 DEOPT UNPACKING pc=0x00000224d0762b43 sp=0x000000c0a35fe6f8 mode 3

Classes unloaded (0 events):
No events

Classes redefined (0 events):
No events

Internal exceptions (20 events):
Event: 9.309 Thread 0x00000224eb1a7e10 Exception <a 'sun/nio/fs/WindowsException'{0x000000061eed4980}> (0x000000061eed4980) 
thrown [s\src\hotspot\share\prims\jni.cpp, line 516]
Event: 9.309 Thread 0x00000224eb1a7e10 Exception <a 'sun/nio/fs/WindowsException'{0x000000061eed4d28}> (0x000000061eed4d28) 
thrown [s\src\hotspot\share\prims\jni.cpp, line 516]
Event: 9.310 Thread 0x00000224eb1a7e10 Exception <a 'sun/nio/fs/WindowsException'{0x000000061eed5728}> (0x000000061eed5728) 
thrown [s\src\hotspot\share\prims\jni.cpp, line 516]
Event: 9.310 Thread 0x00000224eb1a7e10 Exception <a 'sun/nio/fs/WindowsException'{0x000000061eed5ae8}> (0x000000061eed5ae8) 
thrown [s\src\hotspot\share\prims\jni.cpp, line 516]
Event: 9.310 Thread 0x00000224eb1a7e10 Exception <a 'sun/nio/fs/WindowsException'{0x000000061eed64e8}> (0x000000061eed64e8) 
thrown [s\src\hotspot\share\prims\jni.cpp, line 516]
Event: 9.310 Thread 0x00000224eb1a7e10 Exception <a 'sun/nio/fs/WindowsException'{0x000000061eed6898}> (0x000000061eed6898) 
thrown [s\src\hotspot\share\prims\jni.cpp, line 516]
Event: 9.310 Thread 0x00000224eb1a7e10 Exception <a 'sun/nio/fs/WindowsException'{0x000000061eed7298}> (0x000000061eed7298) 
thrown [s\src\hotspot\share\prims\jni.cpp, line 516]
Event: 9.310 Thread 0x00000224eb1a7e10 Exception <a 'sun/nio/fs/WindowsException'{0x000000061eed7658}> (0x000000061eed7658) 
thrown [s\src\hotspot\share\prims\jni.cpp, line 516]
Event: 9.310 Thread 0x00000224eb1a7e10 Exception <a 'sun/nio/fs/WindowsException'{0x000000061eed8080}> (0x000000061eed8080) 
thrown [s\src\hotspot\share\prims\jni.cpp, line 516]
Event: 9.310 Thread 0x00000224eb1a7e10 Exception <a 'sun/nio/fs/WindowsException'{0x000000061eed8460}> (0x000000061eed8460) 
thrown [s\src\hotspot\share\prims\jni.cpp, line 516]
Event: 9.310 Thread 0x00000224eb1a7e10 Exception <a 'sun/nio/fs/WindowsException'{0x000000061eed8e98}> (0x000000061eed8e98) 
thrown [s\src\hotspot\share\prims\jni.cpp, line 516]
Event: 9.311 Thread 0x00000224eb1a7e10 Exception <a 'sun/nio/fs/WindowsException'{0x000000061eed9288}> (0x000000061eed9288) 
thrown [s\src\hotspot\share\prims\jni.cpp, line 516]
Event: 9.311 Thread 0x00000224eb1a7e10 Exception <a 'sun/nio/fs/WindowsException'{0x000000061eed9cb0}> (0x000000061eed9cb0) 
thrown [s\src\hotspot\share\prims\jni.cpp, line 516]
Event: 9.311 Thread 0x00000224eb1a7e10 Exception <a 'sun/nio/fs/WindowsException'{0x000000061eeda0a0}> (0x000000061eeda0a0) 
thrown [s\src\hotspot\share\prims\jni.cpp, line 516]
Event: 9.512 Thread 0x00000224eb1367f0 Exception <a 'java/lang/NoSuchMethodError'{0x0000000610ef1c68}: 'java.lang.Object java.lang.invoke.Invokers$Holder.invoke_MT(java.lang.Object, java.lang.Object, java.lang.Object)'> (0x0000000610ef1c68) 
thrown [s\src\hotspot\share\interpreter\linkResolver.cpp, line 759]
Event: 9.557 Thread 0x00000224eb1367f0 Exception <a 'java/lang/NoSuchMethodError'{0x000000061052b0e8}: 'java.lang.Object java.lang.invoke.DirectMethodHandle$Holder.newInvokeSpecial(java.lang.Object, java.lang.Object, int)'> (0x000000061052b0e8) 
thrown [s\src\hotspot\share\interpreter\linkResolver.cpp, line 759]
Event: 9.560 Thread 0x00000224eb39b910 Exception <a 'java/lang/NoSuchMethodError'{0x00000006105b69d8}: 'java.lang.Object java.lang.invoke.Invokers$Holder.linkToTargetMethod(java.lang.Object, long, java.lang.Object)'> (0x00000006105b69d8) 
thrown [s\src\hotspot\share\interpreter\linkResolver.cpp, line 759]
Event: 9.564 Thread 0x00000224eb39b910 Exception <a 'sun/nio/fs/WindowsException'{0x0000000610645830}> (0x0000000610645830) 
thrown [s\src\hotspot\share\prims\jni.cpp, line 516]
Event: 9.825 Thread 0x00000224eb39b910 Exception <a 'sun/nio/fs/WindowsException'{0x00000006106508b0}> (0x00000006106508b0) 
thrown [s\src\hotspot\share\prims\jni.cpp, line 516]
Event: 9.929 Thread 0x00000224eb39e460 Exception <a 'sun/nio/fs/WindowsException'{0x0000000610034bf0}> (0x0000000610034bf0) 
thrown [s\src\hotspot\share\prims\jni.cpp, line 516]

VM Operations (20 events):
Event: 10.448 Executing VM operation: Cleanup done
Event: 10.709 Executing VM operation: G1CollectForAllocation
Event: 10.710 Executing VM operation: G1CollectForAllocation done
Event: 10.710 Executing VM operation: G1CollectForAllocation
Event: 10.729 Executing VM operation: G1CollectForAllocation done
Event: 10.747 Executing VM operation: G1CollectForAllocation
Event: 10.747 Executing VM operation: G1CollectForAllocation done
Event: 10.747 Executing VM operation: G1CollectForAllocation
Event: 10.755 Executing VM operation: G1CollectForAllocation done
Event: 10.757 Executing VM operation: HandshakeAllThreads
Event: 10.758 Executing VM operation: HandshakeAllThreads done
Event: 10.768 Executing VM operation: HandshakeAllThreads
Event: 10.769 Executing VM operation: HandshakeAllThreads done
Event: 10.771 Executing VM operation: G1CollectForAllocation
Event: 10.771 Executing VM operation: G1CollectForAllocation done
Event: 10.771 Executing VM operation: G1CollectForAllocation
Event: 10.774 Executing VM operation: G1CollectForAllocation done
Event: 10.788 Executing VM operation: G1CollectForAllocation
Event: 10.789 Executing VM operation: G1CollectForAllocation done
Event: 10.789 Executing VM operation: G1CollectForAllocation

Events (20 events):
Event: 10.372 loading class java/util/DoubleSummaryStatistics
Event: 10.372 loading class java/util/function/DoubleConsumer
Event: 10.372 loading class java/util/function/DoubleConsumer done
Event: 10.372 loading class java/util/DoubleSummaryStatistics done
Event: 10.372 loading class java/util/stream/Collectors$1PairBox
Event: 10.372 loading class java/util/stream/Collectors$1PairBox done
Event: 10.373 loading class java/util/stream/Collectors$1OptionalBox
Event: 10.373 loading class java/util/stream/Collectors$1OptionalBox done
Event: 10.373 loading class java/util/concurrent/locks/AbstractQueuedSynchronizer$SharedNode
Event: 10.373 loading class java/util/concurrent/locks/AbstractQueuedSynchronizer$SharedNode done
Event: 10.373 loading class jdk/internal/module/SystemModuleFinders$ModuleContentSpliterator
Event: 10.373 loading class jdk/internal/module/SystemModuleFinders$ModuleContentSpliterator done
Event: 10.373 loading class jdk/internal/jimage/ImageReader$SharedImageReader$LocationVisitor
Event: 10.373 loading class jdk/internal/jimage/ImageReader$SharedImageReader$LocationVisitor done
Event: 10.374 loading class jdk/internal/jimage/ImageReader$Resource
Event: 10.374 loading class jdk/internal/jimage/ImageReader$Resource done
Event: 10.374 loading class java/util/stream/LongStream
Event: 10.374 loading class java/util/stream/LongStream done
Event: 10.374 loading class java/util/stream/DoubleStream
Event: 10.374 loading class java/util/stream/DoubleStream done


Dynamic libraries:
0x00007ff786a10000 - 0x00007ff786a1e000 	c:\Users\tomok\.vscode\extensions\redhat.java-1.12.0-win32-x64\jre\17.0.4.1-win32-x86_64\bin\java.exe
0x00007fff0eb50000 - 0x00007fff0ed64000 	C:\WINDOWS\SYSTEM32\ntdll.dll
0x00007fff0de60000 - 0x00007fff0df22000 	C:\WINDOWS\System32\KERNEL32.DLL
0x00007fff0c490000 - 0x00007fff0c82d000 	C:\WINDOWS\System32\KERNELBASE.dll
0x00007fff0bf80000 - 0x00007fff0c091000 	C:\WINDOWS\System32\ucrtbase.dll
0x00007ffede0a0000 - 0x00007ffede0b9000 	c:\Users\tomok\.vscode\extensions\redhat.java-1.12.0-win32-x64\jre\17.0.4.1-win32-x86_64\bin\VCRUNTIME140.dll
0x00007ffede870000 - 0x00007ffede888000 	c:\Users\tomok\.vscode\extensions\redhat.java-1.12.0-win32-x64\jre\17.0.4.1-win32-x86_64\bin\jli.dll
0x00007fff0dba0000 - 0x00007fff0dd4d000 	C:\WINDOWS\System32\USER32.dll
0x00007fff0c8b0000 - 0x00007fff0c8d6000 	C:\WINDOWS\System32\win32u.dll
0x00007ffef1590000 - 0x00007ffef181e000 	C:\WINDOWS\WinSxS\amd64_microsoft.windows.common-controls_6595b64144ccf1df_6.0.22621.436_none_a94247dbc10d8414\COMCTL32.dll
0x00007fff0cc70000 - 0x00007fff0cc99000 	C:\WINDOWS\System32\GDI32.dll
0x00007fff0e260000 - 0x00007fff0e307000 	C:\WINDOWS\System32\msvcrt.dll
0x00007fff0c0a0000 - 0x00007fff0c1b2000 	C:\WINDOWS\System32\gdi32full.dll
0x00007fff0c1c0000 - 0x00007fff0c25a000 	C:\WINDOWS\System32\msvcp_win.dll
0x00007fff0e210000 - 0x00007fff0e242000 	C:\WINDOWS\System32\IMM32.DLL
0x00007fff066f0000 - 0x00007fff066fc000 	c:\Users\tomok\.vscode\extensions\redhat.java-1.12.0-win32-x64\jre\17.0.4.1-win32-x86_64\bin\vcruntime140_1.dll
0x00007ffef6750000 - 0x00007ffef67e1000 	c:\Users\tomok\.vscode\extensions\redhat.java-1.12.0-win32-x64\jre\17.0.4.1-win32-x86_64\bin\msvcp140.dll
0x00007ffe59470000 - 0x00007ffe5a0b6000 	c:\Users\tomok\.vscode\extensions\redhat.java-1.12.0-win32-x64\jre\17.0.4.1-win32-x86_64\bin\server\jvm.dll
0x00007fff0df40000 - 0x00007fff0dfee000 	C:\WINDOWS\System32\ADVAPI32.dll
0x00007fff0d580000 - 0x00007fff0d624000 	C:\WINDOWS\System32\sechost.dll
0x00007fff0e010000 - 0x00007fff0e125000 	C:\WINDOWS\System32\RPCRT4.dll
0x00007fff0e250000 - 0x00007fff0e258000 	C:\WINDOWS\System32\PSAPI.DLL
0x00007fff05820000 - 0x00007fff05854000 	C:\WINDOWS\SYSTEM32\WINMM.dll
0x00007fff04800000 - 0x00007fff0480a000 	C:\WINDOWS\SYSTEM32\VERSION.dll
0x00007ffee6490000 - 0x00007ffee6499000 	C:\WINDOWS\SYSTEM32\WSOCK32.dll
0x00007fff0e310000 - 0x00007fff0e381000 	C:\WINDOWS\System32\WS2_32.dll
0x00007fff0b0a0000 - 0x00007fff0b0b8000 	C:\WINDOWS\SYSTEM32\kernel.appcore.dll
0x00007fff064b0000 - 0x00007fff064ba000 	c:\Users\tomok\.vscode\extensions\redhat.java-1.12.0-win32-x64\jre\17.0.4.1-win32-x86_64\bin\jimage.dll
0x00007ffef6320000 - 0x00007ffef654e000 	C:\WINDOWS\SYSTEM32\DBGHELP.DLL
0x00007fff0e5c0000 - 0x00007fff0e94a000 	C:\WINDOWS\System32\combase.dll
0x00007fff0e130000 - 0x00007fff0e207000 	C:\WINDOWS\System32\OLEAUT32.dll
0x00007ffef5820000 - 0x00007ffef5852000 	C:\WINDOWS\SYSTEM32\dbgcore.DLL
0x00007fff0c830000 - 0x00007fff0c8ab000 	C:\WINDOWS\System32\bcryptPrimitives.dll
0x00007fff017a0000 - 0x00007fff017c5000 	c:\Users\tomok\.vscode\extensions\redhat.java-1.12.0-win32-x64\jre\17.0.4.1-win32-x86_64\bin\java.dll
0x00007fff05960000 - 0x00007fff05978000 	c:\Users\tomok\.vscode\extensions\redhat.java-1.12.0-win32-x64\jre\17.0.4.1-win32-x86_64\bin\zip.dll
0x00007fff0cda0000 - 0x00007fff0d580000 	C:\WINDOWS\System32\SHELL32.dll
0x00007fff09f80000 - 0x00007fff0a848000 	C:\WINDOWS\SYSTEM32\windows.storage.dll
0x00007fff09e40000 - 0x00007fff09f7e000 	C:\WINDOWS\SYSTEM32\wintypes.dll
0x00007fff0cca0000 - 0x00007fff0cd91000 	C:\WINDOWS\System32\SHCORE.dll
0x00007fff0e560000 - 0x00007fff0e5be000 	C:\WINDOWS\System32\shlwapi.dll
0x00007fff0beb0000 - 0x00007fff0bed1000 	C:\WINDOWS\SYSTEM32\profapi.dll
0x00007fff05890000 - 0x00007fff058a9000 	C:\Users\tomok\.vscode\extensions\redhat.java-1.12.0-win32-x64\jre\17.0.4.1-win32-x86_64\bin\net.dll
0x00007fff05430000 - 0x00007fff0555f000 	C:\WINDOWS\SYSTEM32\WINHTTP.dll
0x00007fff0b4f0000 - 0x00007fff0b559000 	C:\WINDOWS\system32\mswsock.dll
0x00007fff00d40000 - 0x00007fff00d55000 	C:\Users\tomok\.vscode\extensions\redhat.java-1.12.0-win32-x64\jre\17.0.4.1-win32-x86_64\bin\nio.dll
0x00007fff019e0000 - 0x00007fff019f0000 	c:\Users\tomok\.vscode\extensions\redhat.java-1.12.0-win32-x64\jre\17.0.4.1-win32-x86_64\bin\verify.dll
0x00007fff00ce0000 - 0x00007fff00ce9000 	C:\Users\tomok\.vscode\extensions\redhat.java-1.12.0-win32-x64\jre\17.0.4.1-win32-x86_64\bin\management.dll
0x00007fff00c90000 - 0x00007fff00c9b000 	C:\Users\tomok\.vscode\extensions\redhat.java-1.12.0-win32-x64\jre\17.0.4.1-win32-x86_64\bin\management_ext.dll
0x00007ffef4bf0000 - 0x00007ffef4c07000 	C:\WINDOWS\system32\napinsp.dll
0x00007ffef4bb0000 - 0x00007ffef4bcb000 	C:\WINDOWS\system32\pnrpnsp.dll
0x00007fff0ab80000 - 0x00007fff0ac72000 	C:\WINDOWS\SYSTEM32\DNSAPI.dll
0x00007fff0ab10000 - 0x00007fff0ab3d000 	C:\WINDOWS\SYSTEM32\IPHLPAPI.DLL
0x00007fff0e390000 - 0x00007fff0e399000 	C:\WINDOWS\System32\NSI.dll
0x00007ffef4b90000 - 0x00007ffef4ba1000 	C:\WINDOWS\System32\winrnr.dll
0x00007ffef4b70000 - 0x00007ffef4b85000 	C:\WINDOWS\system32\wshbth.dll
0x00007ffef4870000 - 0x00007ffef4891000 	C:\WINDOWS\system32\nlansp_c.dll
0x00007fff03940000 - 0x00007fff0394a000 	C:\Windows\System32\rasadhlp.dll
0x00007fff042f0000 - 0x00007fff04373000 	C:\WINDOWS\System32\fwpuclnt.dll
0x00007fff0b730000 - 0x00007fff0b74b000 	C:\WINDOWS\SYSTEM32\CRYPTSP.dll
0x00007fff0b010000 - 0x00007fff0b045000 	C:\WINDOWS\system32\rsaenh.dll
0x00007fff0b590000 - 0x00007fff0b5b8000 	C:\WINDOWS\SYSTEM32\USERENV.dll
0x00007fff0b920000 - 0x00007fff0b948000 	C:\WINDOWS\SYSTEM32\bcrypt.dll
0x00007fff0b6f0000 - 0x00007fff0b6fc000 	C:\WINDOWS\SYSTEM32\CRYPTBASE.dll
0x00007fff05300000 - 0x00007fff05319000 	C:\WINDOWS\SYSTEM32\dhcpcsvc6.DLL
0x00007fff052e0000 - 0x00007fff052ff000 	C:\WINDOWS\SYSTEM32\dhcpcsvc.DLL

dbghelp: loaded successfully - version: 4.0.5 - missing functions: none
symbol engine: initialized successfully - sym options: 0x614 - pdb path: .;c:\Users\tomok\.vscode\extensions\redhat.java-1.12.0-win32-x64\jre\17.0.4.1-win32-x86_64\bin;C:\WINDOWS\SYSTEM32;C:\WINDOWS\WinSxS\amd64_microsoft.windows.common-controls_6595b64144ccf1df_6.0.22621.436_none_a94247dbc10d8414;c:\Users\tomok\.vscode\extensions\redhat.java-1.12.0-win32-x64\jre\17.0.4.1-win32-x86_64\bin\server

VM Arguments:
jvm_args: -Dsts.lsp.client=vscode -Dsts.log.file=/dev/null -XX:TieredStopAtLevel=1 -Xlog:jni+resolve=off -Dspring.config.location=file:c:\Users\tomok\.vscode\extensions\pivotal.vscode-spring-boot-1.40.0\language-server\BOOT-INF\classes\application.properties 
java_command: org.springframework.ide.vscode.boot.app.BootLanguageServerBootApp
java_class_path (initial): c:\Users\tomok\.vscode\extensions\pivotal.vscode-spring-boot-1.40.0\language-server\BOOT-INF\classes;c:\Users\tomok\.vscode\extensions\pivotal.vscode-spring-boot-1.40.0\language-server\BOOT-INF\lib\annotations-23.0.0.jar;c:\Users\tomok\.vscode\extensions\pivotal.vscode-spring-boot-1.40.0\language-server\BOOT-INF\lib\ant-1.10.12.jar;c:\Users\tomok\.vscode\extensions\pivotal.vscode-spring-boot-1.40.0\language-server\BOOT-INF\lib\ant-launcher-1.10.12.jar;c:\Users\tomok\.vscode\extensions\pivotal.vscode-spring-boot-1.40.0\language-server\BOOT-INF\lib\antlr-runtime-3.5.2.jar;c:\Users\tomok\.vscode\extensions\pivotal.vscode-spring-boot-1.40.0\language-server\BOOT-INF\lib\antlr4-4.9.3.jar;c:\Users\tomok\.vscode\extensions\pivotal.vscode-spring-boot-1.40.0\language-server\BOOT-INF\lib\antlr4-runtime-4.9.3.jar;c:\Users\tomok\.vscode\extensions\pivotal.vscode-spring-boot-1.40.0\language-server\BOOT-INF\lib\asm-9.3.jar;c:\Users\tomok\.vscode\extensions\pivotal.vscode-spring-boot-1.40.0\language-server\BOOT-INF\lib\asm-analysis-9.3.jar;c:\Users\tomok\.vscode\extensions\pivotal.vscode-spring-boot-1.40.0\language-server\BOOT-INF\lib\asm-tree-9.3.jar;c:\Users\tomok\.vscode\extensions\pivotal.vscode-spring-boot-1.40.0\language-server\BOOT-INF\lib\asm-util-9.3.jar;c:\Users\tomok\.vscode\extensions\pivotal.vscode-spring-boot-1.40.0\language-server\BOOT-INF\lib\byte-buddy-1.12.13.jar;c:\Users\tomok\.vscode\extensions\pivotal.vscode-spring-boot-1.40.0\language-server\BOOT-INF\lib\caffeine-2.9.3.jar;c:\Users\tomok\.vscode\extensions\pivotal.vscode-spring-boot-1.40.0\language-server\BOOT-INF\lib\checker-qual-3.12.0.jar;c:\Users\tomok\.vscode\extensions\pivotal.vscode-spring-boot-1.40.0\language-server\BOOT-INF\lib\classgraph-4.8.149.jar;c:\Users\tomok\.vscode\extensions\pivotal.vscode-spring-boot-1.40.0\language-server\BOOT-INF\lib\commons-codec-1.15.jar;c:\Users\tomok\.vscode\extensions\pivotal.vscode-spring-boot-1.40.0\language-server\BOOT-INF\lib\commons-c
Launcher Type: SUN_STANDARD

[Global flags]
     intx CICompilerCount                          = 4                                         {product} {ergonomic}
     uint ConcGCThreads                            = 2                                         {product} {ergonomic}
     uint G1ConcRefinementThreads                  = 8                                         {product} {ergonomic}
   size_t G1HeapRegionSize                         = 4194304                                   {product} {ergonomic}
    uintx GCDrainStackTargetSize                   = 64                                        {product} {ergonomic}
   size_t InitialHeapSize                          = 536870912                                 {product} {ergonomic}
   size_t MarkStackSize                            = 4194304                                   {product} {ergonomic}
   size_t MaxHeapSize                              = 8577351680                                {product} {ergonomic}
   size_t MaxNewSize                               = 5146411008                                {product} {ergonomic}
   size_t MinHeapDeltaBytes                        = 4194304                                   {product} {ergonomic}
   size_t MinHeapSize                              = 8388608                                   {product} {ergonomic}
    uintx NonProfiledCodeHeapSize                  = 0                                      {pd product} {ergonomic}
     bool ProfileInterpreter                       = false                                  {pd product} {command line}
    uintx ProfiledCodeHeapSize                     = 0                                      {pd product} {ergonomic}
   size_t SoftMaxHeapSize                          = 8577351680                             {manageable} {ergonomic}
     intx TieredStopAtLevel                        = 1                                         {product} {command line}
     bool UseCompressedClassPointers               = true                           {product lp64_product} {ergonomic}
     bool UseCompressedOops                        = true                           {product lp64_product} {ergonomic}
     bool UseG1GC                                  = true                                      {product} {ergonomic}
     bool UseLargePagesIndividualAllocation        = false                                  {pd product} {ergonomic}

Logging:
Log output configuration:
 #0: stdout all=warning,jni+resolve=off uptime,level,tags
 #1: stderr all=off uptime,level,tags

Environment Variables:
JAVA_HOME=C:\Program Files\AdoptOpenJDK\jdk-11.0.10.9-hotspot
PATH=C:\Users\tomok\AppData\Local\cloud-code\installer\google-cloud-sdk\bin;C:\Program Files\Common Files\Oracle\Java\javapath;C:\Program Files\NVIDIA GPU Computing Toolkit\CUDA\v11.2\bin;C:\Program Files\NVIDIA GPU Computing Toolkit\CUDA\v11.2\libnvvp;C:\Program Files\AdoptOpenJDK\jdk-11.0.10.9-hotspot\bin;C:\Program Files (x86)\Common Files\Oracle\Java\javapath;C:\Windows\system32;C:\Windows;C:\Windows\System32\Wbem;C:\Users\tomok\AppData\Local\Programs\Python\Python310;C:\Windows\System32\WindowsPowerShell\v1.0\;C:\Windows\System32\OpenSSH\;C:\Program Files (x86)\Intel\Intel(R) Management Engine Components\DAL;C:\Program Files\Intel\Intel(R) Management Engine Components\DAL;C:\Program Files (x86)\NVIDIA Corporation\PhysX\Common;C:\Program Files\Microsoft SQL Server\130\Tools\Binn\;C:\xampp\mysql\bin;C:\Program Files (x86)\sbt\bin;C:\Program Files (x86)\scala\bin;C:\WINDOWS\system32;C:\WINDOWS;C:\WINDOWS\System32\Wbem;C:\WINDOWS\System32\WindowsPowerShell\v1.0\;C:\WINDOWS\System32\OpenSSH\;C:\Program Files\Calibre2\;C:\Program Files\MongoDB\Server\4.4\bin;C:\apache-maven-3.6.3-bin\apache-maven-3.6.3\bin;C:\xampp\php;C:\Program Files\Graphviz\bin;C:\Anaconda3;C:\Anaconda3\Library\bin;C:\Anaconda3\Scripts;C:\Program Files\NVIDIA Corporation\NVIDIA NvDLISR;C:\Program Files\NVIDIA Corporation\Nsight Compute 2020.3.0\;C:\Program Files\dotnet\;C:\Program Files\Microsoft SQL Server\Client SDK\ODBC\170\Tools\Binn\;C:\composer;C:\WINDOWS\system32;C:\WINDOWS;C:\WINDOWS\System32\Wbem;C:\WINDOWS\System32\WindowsPowerShell\v1.0\;C:\WINDOWS\System32\OpenSSH\;C:\ProgramData\ComposerSetup\bin;C:\Program Files\nodejs\;C:\ProgramData\chocolatey\bin;D:\Applications\chromedriver_win32;C:\Program Files\Docker\Docker\resources\bin;C:\ProgramData\DockerDesktop\version-bin;C:\Program Files\PowerShell\7\;C:\Users\tomok\AppData\Local\Microsoft\WindowsApps;C:\Program Files\JetBrains\IntelliJ IDEA Community Edition 2019.3\bin;C:\Users\tomok\.dotnet\tools;C:\Users\tomok\AppData\Local\Microsoft\W
USERNAME=tomok
OS=Windows_NT
PROCESSOR_IDENTIFIER=Intel64 Family 6 Model 158 Stepping 13, GenuineIntel
TMP=C:\Users\tomok\AppData\Local\Temp
TEMP=C:\Users\tomok\AppData\Local\Temp



---------------  S Y S T E M  ---------------

OS:
 Windows 11 , 64 bit Build 22621 (10.0.22621.891)
OS uptime: 7 days 2:35 hours
Hyper-V role detected

CPU: total 8 (initial active 8) (8 cores per cpu, 1 threads per core) family 6 model 158 stepping 13 microcode 0xde, cx8, cmov, fxsr, mmx, 3dnowpref, sse, sse2, sse3, ssse3, sse4.1, sse4.2, popcnt, lzcnt, tsc, tscinvbit, avx, avx2, aes, erms, clmul, bmi1, bmi2, adx, fma, vzeroupper, clflush, clflushopt, hv

Memory: 4k page, system-wide physical 32709M (14096M free)
TotalPageFile size 131013M (AvailPageFile size 87M)
current process WorkingSet (physical memory assigned to process): 357M, peak: 357M
current process commit charge ("private bytes"): 670M, peak: 762M

vm_info: OpenJDK 64-Bit Server VM (17.0.4.1+1) for windows-amd64 JRE (17.0.4.1+1), built on Aug 17 2022 07:42:43 by "temurin" with MS VC++ 16.7 (VS2019)

END.
