#
# There is insufficient memory for the Java Runtime Environment to continue.
# Native memory allocation (mmap) failed to map 947912704 bytes for G1 virtual space
# Possible reasons:
#   The system is out of physical RAM or swap space
#   The process is running with CompressedOops enabled, and the Java Heap may be blocking the growth of the native heap
# Possible solutions:
#   Reduce memory load on the system
#   Increase physical memory or swap space
#   Check if swap backing store is full
#   Decrease Java heap size (-Xmx/-Xms)
#   Decrease number of Java threads
#   Decrease Java thread stack sizes (-Xss)
#   Set larger code cache with -XX:ReservedCodeCacheSize=
#   JVM is running with Zero Based Compressed Oops mode in which the Java heap is
#     placed in the first 32GB address space. The Java Heap base address is the
#     maximum limit for the native heap growth. Please use -XX:HeapBaseMinAddress
#     to set the Java Heap base and to place the Java Heap above 32GB virtual address.
# This output file may be truncated or incomplete.
#
#  Out of Memory Error (os_windows.cpp:3541), pid=32028, tid=29640
#
# JRE version: OpenJDK Runtime Environment Temurin-17.0.4.1+1 (17.0.4.1+1) (build 17.0.4.1+1)
# Java VM: OpenJDK 64-Bit Server VM Temurin-17.0.4.1+1 (17.0.4.1+1, mixed mode, emulated-client, tiered, compressed oops, compressed class ptrs, g1 gc, windows-amd64)
# No core dump will be written. Minidumps are not enabled by default on client versions of Windows
#

---------------  S U M M A R Y ------------

Command Line: -Dsts.lsp.client=vscode -Dsts.log.file=/dev/null -XX:TieredStopAtLevel=1 -Xlog:jni+resolve=off -Dspring.config.location=file:c:\Users\tomok\.vscode\extensions\pivotal.vscode-spring-boot-1.40.0\language-server\BOOT-INF\classes\application.properties org.springframework.ide.vscode.boot.app.BootLanguageServerBootApp

Host: Intel(R) Core(TM) i7-9700K CPU @ 3.60GHz, 8 cores, 31G,  Windows 11 , 64 bit Build 22621 (10.0.22621.891)
Time: Tue Nov 22 13:28:32 2022  Windows 11 , 64 bit Build 22621 (10.0.22621.891) elapsed time: 4.428422 seconds (0d 0h 0m 4s)

---------------  T H R E A D  ---------------

Current thread (0x000002e03272af30):  VMThread "VM Thread" [stack: 0x000000ef97d00000,0x000000ef97e00000] [id=29640]

Stack: [0x000000ef97d00000,0x000000ef97e00000]
Native frames: (J=compiled Java code, j=interpreted, Vv=VM code, C=native code)
V  [jvm.dll+0x67731a]
V  [jvm.dll+0x832284]
V  [jvm.dll+0x833a2e]
V  [jvm.dll+0x834093]
V  [jvm.dll+0x245775]
V  [jvm.dll+0x674209]
V  [jvm.dll+0x668a92]
V  [jvm.dll+0x30471b]
V  [jvm.dll+0x30bc66]
V  [jvm.dll+0x35ba9e]
V  [jvm.dll+0x35bccf]
V  [jvm.dll+0x2db5b8]
V  [jvm.dll+0x2d986c]
V  [jvm.dll+0x2d8e3c]
V  [jvm.dll+0x31cd9b]
V  [jvm.dll+0x83853b]
V  [jvm.dll+0x839274]
V  [jvm.dll+0x83978c]
V  [jvm.dll+0x839b64]
V  [jvm.dll+0x839c30]
V  [jvm.dll+0x7e240a]
V  [jvm.dll+0x6761a5]
C  [ucrtbase.dll+0x29363]
C  [KERNEL32.DLL+0x1244d]
C  [ntdll.dll+0x5dfb8]

VM_Operation (0x000000ef9a8fe4a0): G1CollectForAllocation, mode: safepoint, requested by thread 0x000002e035b7b250


---------------  P R O C E S S  ---------------

Threads class SMR info:
_java_thread_list=0x000002e0378bb4a0, length=45, elements={
0x000002e03271b2e0, 0x000002e032f54610, 0x000002e03273e6f0, 0x000002e032f97020,
0x000002e032f998f0, 0x000002e032f79f50, 0x000002e032f7c820, 0x000002e032f7d120,
0x000002e033190a80, 0x000002e03319efe0, 0x000002e0331a5560, 0x000002e0331a8a50,
0x000002e03437c760, 0x000002e0331a6d70, 0x000002e0331a5a30, 0x000002e0331a8f20,
0x000002e0331a7be0, 0x000002e0331a5f00, 0x000002e0331a80b0, 0x000002e0331a7240,
0x000002e0331a68a0, 0x000002e0331a8580, 0x000002e0331a63d0, 0x000002e0331a7710,
0x000002e035b7ad80, 0x000002e035b78230, 0x000002e035b79570, 0x000002e035b7a3e0,
0x000002e035b7a8b0, 0x000002e035b7c0c0, 0x000002e035b7c590, 0x000002e035b773c0,
0x000002e035b76550, 0x000002e035b79f10, 0x000002e035b7b250, 0x000002e035b7b720,
0x000002e035b7ca60, 0x000002e035b79a40, 0x000002e035b77d60, 0x000002e035b76a20,
0x000002e035b76ef0, 0x000002e035b77890, 0x000002e035b78700, 0x000002e035b7bbf0,
0x000002e035b7cf30
}

Java Threads: ( => current thread )
  0x000002e03271b2e0 JavaThread "Reference Handler" daemon [_thread_blocked, id=30496, stack(0x000000ef97e00000,0x000000ef97f00000)]
  0x000002e032f54610 JavaThread "Finalizer" daemon [_thread_blocked, id=30504, stack(0x000000ef97f00000,0x000000ef98000000)]
  0x000002e03273e6f0 JavaThread "Signal Dispatcher" daemon [_thread_blocked, id=37020, stack(0x000000ef98000000,0x000000ef98100000)]
  0x000002e032f97020 JavaThread "Attach Listener" daemon [_thread_blocked, id=35704, stack(0x000000ef98100000,0x000000ef98200000)]
  0x000002e032f998f0 JavaThread "Service Thread" daemon [_thread_blocked, id=19216, stack(0x000000ef98200000,0x000000ef98300000)]
  0x000002e032f79f50 JavaThread "Monitor Deflation Thread" daemon [_thread_blocked, id=25480, stack(0x000000ef98300000,0x000000ef98400000)]
  0x000002e032f7c820 JavaThread "C1 CompilerThread0" daemon [_thread_blocked, id=25520, stack(0x000000ef98400000,0x000000ef98500000)]
  0x000002e032f7d120 JavaThread "Sweeper thread" daemon [_thread_blocked, id=12956, stack(0x000000ef98500000,0x000000ef98600000)]
  0x000002e033190a80 JavaThread "C1 CompilerThread1" daemon [_thread_blocked, id=23452, stack(0x000000ef98600000,0x000000ef98700000)]
  0x000002e03319efe0 JavaThread "C1 CompilerThread2" daemon [_thread_blocked, id=32248, stack(0x000000ef98700000,0x000000ef98800000)]
  0x000002e0331a5560 JavaThread "Notification Thread" daemon [_thread_blocked, id=8360, stack(0x000000ef98800000,0x000000ef98900000)]
  0x000002e0331a8a50 JavaThread "Common-Cleaner" daemon [_thread_blocked, id=31132, stack(0x000000ef98a00000,0x000000ef98b00000)]
  0x000002e03437c760 JavaThread "C1 CompilerThread3" daemon [_thread_blocked, id=36552, stack(0x000000ef98b00000,0x000000ef98c00000)]
  0x000002e0331a6d70 JavaThread "boundedElastic-evictor-1" daemon [_thread_blocked, id=30268, stack(0x000000ef99300000,0x000000ef99400000)]
  0x000002e0331a5a30 JavaThread "pool-9-thread-1" [_thread_blocked, id=13064, stack(0x000000ef99500000,0x000000ef99600000)]
  0x000002e0331a8f20 JavaThread "LanguageServerApp-lifecycle" [_thread_blocked, id=17656, stack(0x000000ef99600000,0x000000ef99700000)]
  0x000002e0331a7be0 JavaThread "DestroyJavaVM" [_thread_blocked, id=11764, stack(0x000000ef97700000,0x000000ef97800000)]
  0x000002e0331a5f00 JavaThread "pool-10-thread-1" [_thread_in_native, id=37028, stack(0x000000ef99700000,0x000000ef99800000)]
  0x000002e0331a80b0 JavaThread "Simple-Language-Server main thread" daemon [_thread_blocked, id=8300, stack(0x000000ef99800000,0x000000ef99900000)]
  0x000002e0331a7240 JavaThread "ForkJoinPool.commonPool-worker-1" daemon [_thread_blocked, id=30924, stack(0x000000ef99900000,0x000000ef99a00000)]
  0x000002e0331a68a0 JavaThread "pool-7-thread-1" [_thread_blocked, id=38300, stack(0x000000ef99a00000,0x000000ef99b00000)]
  0x000002e0331a8580 JavaThread "parallel-1" daemon [_thread_blocked, id=30680, stack(0x000000ef99b00000,0x000000ef99c00000)]
  0x000002e0331a63d0 JavaThread "pool-4-thread-1" [_thread_blocked, id=30104, stack(0x000000ef99c00000,0x000000ef99d00000)]
  0x000002e0331a7710 JavaThread "ForkJoinPool.commonPool-worker-2" daemon [_thread_blocked, id=32632, stack(0x000000ef99d00000,0x000000ef99e00000)]
  0x000002e035b7ad80 JavaThread "pool-4-thread-2" [_thread_blocked, id=35220, stack(0x000000ef99e00000,0x000000ef99f00000)]
  0x000002e035b78230 JavaThread "parallel-2" daemon [_thread_blocked, id=8064, stack(0x000000ef99f00000,0x000000ef9a000000)]
  0x000002e035b79570 JavaThread "Reconciler-1" daemon [_thread_blocked, id=38776, stack(0x000000ef9a000000,0x000000ef9a100000)]
  0x000002e035b7a3e0 JavaThread "ClassGraph-worker-0" daemon [_thread_blocked, id=25716, stack(0x000000ef9a100000,0x000000ef9a200000)]
  0x000002e035b7a8b0 JavaThread "ClassGraph-worker-1" daemon [_thread_blocked, id=31280, stack(0x000000ef9a200000,0x000000ef9a300000)]
  0x000002e035b7c0c0 JavaThread "ClassGraph-worker-2" daemon [_thread_blocked, id=11020, stack(0x000000ef9a300000,0x000000ef9a400000)]
  0x000002e035b7c590 JavaThread "ClassGraph-worker-3" daemon [_thread_blocked, id=29156, stack(0x000000ef9a400000,0x000000ef9a500000)]
  0x000002e035b773c0 JavaThread "ClassGraph-worker-4" daemon [_thread_blocked, id=34420, stack(0x000000ef9a500000,0x000000ef9a600000)]
  0x000002e035b76550 JavaThread "ClassGraph-worker-5" daemon [_thread_blocked, id=26688, stack(0x000000ef9a600000,0x000000ef9a700000)]
  0x000002e035b79f10 JavaThread "ClassGraph-worker-6" daemon [_thread_blocked, id=22240, stack(0x000000ef9a700000,0x000000ef9a800000)]
  0x000002e035b7b250 JavaThread "ClassGraph-worker-7" daemon [_thread_blocked, id=31632, stack(0x000000ef9a800000,0x000000ef9a900000)]
  0x000002e035b7b720 JavaThread "ClassGraph-worker-8" daemon [_thread_blocked, id=14132, stack(0x000000ef9a900000,0x000000ef9aa00000)]
  0x000002e035b7ca60 JavaThread "ClassGraph-worker-9" daemon [_thread_blocked, id=2352, stack(0x000000ef9aa00000,0x000000ef9ab00000)]
  0x000002e035b79a40 JavaThread "ClassGraph-worker-10" daemon [_thread_blocked, id=34296, stack(0x000000ef9ab00000,0x000000ef9ac00000)]
  0x000002e035b77d60 JavaThread "ClassGraph-worker-11" daemon [_thread_blocked, id=17876, stack(0x000000ef9ac00000,0x000000ef9ad00000)]
  0x000002e035b76a20 JavaThread "ClassGraph-worker-12" daemon [_thread_blocked, id=27976, stack(0x000000ef9ad00000,0x000000ef9ae00000)]
  0x000002e035b76ef0 JavaThread "ClassGraph-worker-13" daemon [_thread_blocked, id=34972, stack(0x000000ef9ae00000,0x000000ef9af00000)]
  0x000002e035b77890 JavaThread "pool-5-thread-1" [_thread_blocked, id=7164, stack(0x000000ef9af00000,0x000000ef9b000000)]
  0x000002e035b78700 JavaThread "parallel-3" daemon [_thread_blocked, id=5856, stack(0x000000ef9b000000,0x000000ef9b100000)]
  0x000002e035b7bbf0 JavaThread "parallel-4" daemon [_thread_blocked, id=26632, stack(0x000000ef9b100000,0x000000ef9b200000)]
  0x000002e035b7cf30 JavaThread "Project-Reconciler-1" daemon [_thread_blocked, id=13652, stack(0x000000ef9b200000,0x000000ef9b300000)]

Other Threads:
=>0x000002e03272af30 VMThread "VM Thread" [stack: 0x000000ef97d00000,0x000000ef97e00000] [id=29640]
  0x000002e03254deb0 WatcherThread [stack: 0x000000ef98900000,0x000000ef98a00000] [id=8604]
  0x000002e017718300 GCTaskThread "GC Thread#0" [stack: 0x000000ef97800000,0x000000ef97900000] [id=20380]
  0x000002e0343fe3d0 GCTaskThread "GC Thread#1" [stack: 0x000000ef98c00000,0x000000ef98d00000] [id=13108]
  0x000002e0343fe680 GCTaskThread "GC Thread#2" [stack: 0x000000ef98d00000,0x000000ef98e00000] [id=14388]
  0x000002e0343fe930 GCTaskThread "GC Thread#3" [stack: 0x000000ef98e00000,0x000000ef98f00000] [id=19548]
  0x000002e0343febe0 GCTaskThread "GC Thread#4" [stack: 0x000000ef98f00000,0x000000ef99000000] [id=19340]
  0x000002e035009050 GCTaskThread "GC Thread#5" [stack: 0x000000ef99000000,0x000000ef99100000] [id=30488]
  0x000002e035009300 GCTaskThread "GC Thread#6" [stack: 0x000000ef99100000,0x000000ef99200000] [id=17648]
  0x000002e0350095b0 GCTaskThread "GC Thread#7" [stack: 0x000000ef99200000,0x000000ef99300000] [id=36796]
  0x000002e017729240 ConcurrentGCThread "G1 Main Marker" [stack: 0x000000ef97900000,0x000000ef97a00000] [id=25528]
  0x000002e01772ab70 ConcurrentGCThread "G1 Conc#0" [stack: 0x000000ef97a00000,0x000000ef97b00000] [id=27708]
  0x000002e03537a9f0 ConcurrentGCThread "G1 Conc#1" [stack: 0x000000ef99400000,0x000000ef99500000] [id=16844]
  0x000002e032614a60 ConcurrentGCThread "G1 Refine#0" [stack: 0x000000ef97b00000,0x000000ef97c00000] [id=14408]
  0x000002e037953e50 ConcurrentGCThread "G1 Refine#1" [stack: 0x000000ef9b300000,0x000000ef9b400000] [id=28872]
  0x000002e032615290 ConcurrentGCThread "G1 Service" [stack: 0x000000ef97c00000,0x000000ef97d00000] [id=25720]

Threads with active compile tasks:

VM state: at safepoint (normal execution)

VM Mutex/Monitor currently owned by a thread:  ([mutex/lock_event])
[0x000002e01548fb80] Threads_lock - owner thread: 0x000002e03272af30
[0x000002e01555b040] Heap_lock - owner thread: 0x000002e035b7b250

Heap address: 0x0000000600c00000, size: 8180 MB, Compressed Oops mode: Zero based, Oop shift amount: 3

CDS archive(s) not mapped
Compressed class space mapped at: 0x0000000800000000-0x0000000840000000, reserved size: 1073741824
Narrow klass base: 0x0000000800000000, Narrow klass shift: 0, Narrow klass range: 0x40000000

GC Precious Log:
 CPUs: 8 total, 8 available
 Memory: 32709M
 Large Page Support: Disabled
 NUMA Support: Disabled
 Compressed Oops: Enabled (Zero based)
 Heap Region Size: 4M
 Heap Min Capacity: 8M
 Heap Initial Capacity: 512M
 Heap Max Capacity: 8180M
 Pre-touch: Disabled
 Parallel Workers: 8
 Concurrent Workers: 2
 Concurrent Refinement Workers: 8
 Periodic GC: Disabled

Heap:
 garbage-first heap   total 647168K, used 144056K [0x0000000600c00000, 0x0000000800000000)
  region size 4096K, 10 young (40960K), 10 survivors (40960K)
 Metaspace       used 39181K, committed 39552K, reserved 1089536K
  class space    used 4958K, committed 5120K, reserved 1048576K

Heap Regions: E=young(eden), S=young(survivor), O=old, HS=humongous(starts), HC=humongous(continues), CS=collection set, F=free, OA=open archive, CA=closed archive, TAMS=top-at-mark-start (previous, next)
|   0|0x0000000600c00000, 0x0000000601000000, 0x0000000601000000|100%| O|  |TAMS 0x0000000601000000, 0x0000000600c00000| Untracked 
|   1|0x0000000601000000, 0x00000006013b6000, 0x0000000601400000| 92%| O|  |TAMS 0x00000006013b6000, 0x0000000601000000| Untracked 
|   2|0x0000000601400000, 0x0000000601800000, 0x0000000601800000|100%| O|  |TAMS 0x0000000601800000, 0x0000000601400000| Untracked 
|   3|0x0000000601800000, 0x0000000601c00000, 0x0000000601c00000|100%| O|  |TAMS 0x0000000601ac7e00, 0x0000000601800000| Untracked 
|   4|0x0000000601c00000, 0x0000000602000000, 0x0000000602000000|100%| O|  |TAMS 0x0000000601c00000, 0x0000000601c00000| Untracked 
|   5|0x0000000602000000, 0x0000000602400000, 0x0000000602400000|100%| O|  |TAMS 0x0000000602000000, 0x0000000602000000| Untracked 
|   6|0x0000000602400000, 0x0000000602800000, 0x0000000602800000|100%| O|  |TAMS 0x0000000602400000, 0x0000000602400000| Untracked 
|   7|0x0000000602800000, 0x0000000602c00000, 0x0000000602c00000|100%| O|  |TAMS 0x0000000602800000, 0x0000000602800000| Untracked 
|   8|0x0000000602c00000, 0x0000000603000000, 0x0000000603000000|100%| O|  |TAMS 0x0000000602c00000, 0x0000000602c00000| Untracked 
|   9|0x0000000603000000, 0x0000000603400000, 0x0000000603400000|100%| O|  |TAMS 0x0000000603000000, 0x0000000603000000| Untracked 
|  10|0x0000000603400000, 0x0000000603800000, 0x0000000603800000|100%| O|  |TAMS 0x0000000603400000, 0x0000000603400000| Untracked 
|  11|0x0000000603800000, 0x0000000603c00000, 0x0000000603c00000|100%| O|  |TAMS 0x0000000603800000, 0x0000000603800000| Untracked 
|  12|0x0000000603c00000, 0x0000000604000000, 0x0000000604000000|100%| O|  |TAMS 0x0000000603c00000, 0x0000000603c00000| Untracked 
|  13|0x0000000604000000, 0x0000000604400000, 0x0000000604400000|100%| O|  |TAMS 0x0000000604000000, 0x0000000604000000| Untracked 
|  14|0x0000000604400000, 0x0000000604800000, 0x0000000604800000|100%| O|  |TAMS 0x0000000604400000, 0x0000000604400000| Untracked 
|  15|0x0000000604800000, 0x0000000604c00000, 0x0000000604c00000|100%| O|  |TAMS 0x0000000604800000, 0x0000000604800000| Untracked 
|  16|0x0000000604c00000, 0x0000000605000000, 0x0000000605000000|100%| O|  |TAMS 0x0000000604c00000, 0x0000000604c00000| Untracked 
|  17|0x0000000605000000, 0x0000000605400000, 0x0000000605400000|100%| O|  |TAMS 0x0000000605000000, 0x0000000605000000| Untracked 
|  18|0x0000000605400000, 0x0000000605800000, 0x0000000605800000|100%| O|  |TAMS 0x0000000605400000, 0x0000000605400000| Untracked 
|  19|0x0000000605800000, 0x0000000605c00000, 0x0000000605c00000|100%| O|  |TAMS 0x0000000605800000, 0x0000000605800000| Untracked 
|  20|0x0000000605c00000, 0x0000000606000000, 0x0000000606000000|100%| O|  |TAMS 0x0000000605c00000, 0x0000000605c00000| Untracked 
|  21|0x0000000606000000, 0x0000000606400000, 0x0000000606400000|100%| O|  |TAMS 0x0000000606000000, 0x0000000606000000| Untracked 
|  22|0x0000000606400000, 0x0000000606800000, 0x0000000606800000|100%| O|  |TAMS 0x0000000606400000, 0x0000000606400000| Untracked 
|  23|0x0000000606800000, 0x0000000606c00000, 0x0000000606c00000|100%| O|  |TAMS 0x0000000606800000, 0x0000000606800000| Untracked 
|  24|0x0000000606c00000, 0x0000000607000000, 0x0000000607000000|100%| O|  |TAMS 0x0000000606c00000, 0x0000000606c00000| Untracked 
|  25|0x0000000607000000, 0x00000006071b8e00, 0x0000000607400000| 43%| O|  |TAMS 0x0000000607000000, 0x0000000607000000| Untracked 
|  26|0x0000000607400000, 0x0000000607400000, 0x0000000607800000|  0%| F|  |TAMS 0x0000000607400000, 0x0000000607400000| Untracked 
|  27|0x0000000607800000, 0x0000000607800000, 0x0000000607c00000|  0%| F|  |TAMS 0x0000000607800000, 0x0000000607800000| Untracked 
|  28|0x0000000607c00000, 0x0000000607c00000, 0x0000000608000000|  0%| F|  |TAMS 0x0000000607c00000, 0x0000000607c00000| Untracked 
|  29|0x0000000608000000, 0x0000000608000000, 0x0000000608400000|  0%| F|  |TAMS 0x0000000608000000, 0x0000000608000000| Untracked 
|  30|0x0000000608400000, 0x0000000608400000, 0x0000000608800000|  0%| F|  |TAMS 0x0000000608400000, 0x0000000608400000| Untracked 
|  31|0x0000000608800000, 0x0000000608800000, 0x0000000608c00000|  0%| F|  |TAMS 0x0000000608800000, 0x0000000608800000| Untracked 
|  32|0x0000000608c00000, 0x0000000608c00000, 0x0000000609000000|  0%| F|  |TAMS 0x0000000608c00000, 0x0000000608c00000| Untracked 
|  33|0x0000000609000000, 0x0000000609000000, 0x0000000609400000|  0%| F|  |TAMS 0x0000000609000000, 0x0000000609000000| Untracked 
|  34|0x0000000609400000, 0x0000000609400000, 0x0000000609800000|  0%| F|  |TAMS 0x0000000609400000, 0x0000000609400000| Untracked 
|  35|0x0000000609800000, 0x0000000609800000, 0x0000000609c00000|  0%| F|  |TAMS 0x0000000609800000, 0x0000000609800000| Untracked 
|  36|0x0000000609c00000, 0x0000000609c00000, 0x000000060a000000|  0%| F|  |TAMS 0x0000000609c00000, 0x0000000609c00000| Untracked 
|  37|0x000000060a000000, 0x000000060a000000, 0x000000060a400000|  0%| F|  |TAMS 0x000000060a000000, 0x000000060a000000| Untracked 
|  38|0x000000060a400000, 0x000000060a400000, 0x000000060a800000|  0%| F|  |TAMS 0x000000060a400000, 0x000000060a400000| Untracked 
|  39|0x000000060a800000, 0x000000060a800000, 0x000000060ac00000|  0%| F|  |TAMS 0x000000060a800000, 0x000000060a800000| Untracked 
|  40|0x000000060ac00000, 0x000000060ac00000, 0x000000060b000000|  0%| F|  |TAMS 0x000000060ac00000, 0x000000060ac00000| Untracked 
|  41|0x000000060b000000, 0x000000060b000000, 0x000000060b400000|  0%| F|  |TAMS 0x000000060b000000, 0x000000060b000000| Untracked 
|  42|0x000000060b400000, 0x000000060b400000, 0x000000060b800000|  0%| F|  |TAMS 0x000000060b400000, 0x000000060b400000| Untracked 
|  43|0x000000060b800000, 0x000000060b800000, 0x000000060bc00000|  0%| F|  |TAMS 0x000000060b800000, 0x000000060b800000| Untracked 
|  44|0x000000060bc00000, 0x000000060bc00000, 0x000000060c000000|  0%| F|  |TAMS 0x000000060bc00000, 0x000000060bc00000| Untracked 
|  45|0x000000060c000000, 0x000000060c000000, 0x000000060c400000|  0%| F|  |TAMS 0x000000060c000000, 0x000000060c000000| Untracked 
|  46|0x000000060c400000, 0x000000060c400000, 0x000000060c800000|  0%| F|  |TAMS 0x000000060c400000, 0x000000060c400000| Untracked 
|  47|0x000000060c800000, 0x000000060c800000, 0x000000060cc00000|  0%| F|  |TAMS 0x000000060c800000, 0x000000060c800000| Untracked 
|  48|0x000000060cc00000, 0x000000060cc00000, 0x000000060d000000|  0%| F|  |TAMS 0x000000060cc00000, 0x000000060cc00000| Untracked 
|  49|0x000000060d000000, 0x000000060d000000, 0x000000060d400000|  0%| F|  |TAMS 0x000000060d000000, 0x000000060d000000| Untracked 
|  50|0x000000060d400000, 0x000000060d400000, 0x000000060d800000|  0%| F|  |TAMS 0x000000060d400000, 0x000000060d400000| Untracked 
|  51|0x000000060d800000, 0x000000060d800000, 0x000000060dc00000|  0%| F|  |TAMS 0x000000060d800000, 0x000000060d800000| Untracked 
|  52|0x000000060dc00000, 0x000000060dc00000, 0x000000060e000000|  0%| F|  |TAMS 0x000000060dc00000, 0x000000060dc00000| Untracked 
|  53|0x000000060e000000, 0x000000060e000000, 0x000000060e400000|  0%| F|  |TAMS 0x000000060e000000, 0x000000060e000000| Untracked 
|  54|0x000000060e400000, 0x000000060e73f500, 0x000000060e800000| 81%| S|CS|TAMS 0x000000060e400000, 0x000000060e400000| Complete 
|  55|0x000000060e800000, 0x000000060ec00000, 0x000000060ec00000|100%| S|CS|TAMS 0x000000060e800000, 0x000000060e800000| Complete 
|  56|0x000000060ec00000, 0x000000060f000000, 0x000000060f000000|100%| S|CS|TAMS 0x000000060ec00000, 0x000000060ec00000| Complete 
|  57|0x000000060f000000, 0x000000060f400000, 0x000000060f400000|100%| S|CS|TAMS 0x000000060f000000, 0x000000060f000000| Complete 
|  58|0x000000060f400000, 0x000000060f800000, 0x000000060f800000|100%| S|CS|TAMS 0x000000060f400000, 0x000000060f400000| Complete 
|  59|0x000000060f800000, 0x000000060fc00000, 0x000000060fc00000|100%| S|CS|TAMS 0x000000060f800000, 0x000000060f800000| Complete 
|  60|0x000000060fc00000, 0x0000000610000000, 0x0000000610000000|100%| S|CS|TAMS 0x000000060fc00000, 0x000000060fc00000| Complete 
|  61|0x0000000610000000, 0x0000000610000000, 0x0000000610400000|  0%| F|  |TAMS 0x0000000610000000, 0x0000000610000000| Untracked 
|  62|0x0000000610400000, 0x0000000610400000, 0x0000000610800000|  0%| F|  |TAMS 0x0000000610400000, 0x0000000610400000| Untracked 
|  63|0x0000000610800000, 0x0000000610800000, 0x0000000610c00000|  0%| F|  |TAMS 0x0000000610800000, 0x0000000610800000| Untracked 
|  64|0x0000000610c00000, 0x0000000610c00000, 0x0000000611000000|  0%| F|  |TAMS 0x0000000610c00000, 0x0000000610c00000| Untracked 
|  65|0x0000000611000000, 0x0000000611000000, 0x0000000611400000|  0%| F|  |TAMS 0x0000000611000000, 0x0000000611000000| Untracked 
|  66|0x0000000611400000, 0x0000000611400000, 0x0000000611800000|  0%| F|  |TAMS 0x0000000611400000, 0x0000000611400000| Untracked 
|  67|0x0000000611800000, 0x0000000611c00000, 0x0000000611c00000|100%| S|CS|TAMS 0x0000000611800000, 0x0000000611800000| Complete 
|  68|0x0000000611c00000, 0x0000000612000000, 0x0000000612000000|100%| S|CS|TAMS 0x0000000611c00000, 0x0000000611c00000| Complete 
|  69|0x0000000612000000, 0x0000000612400000, 0x0000000612400000|100%| S|CS|TAMS 0x0000000612000000, 0x0000000612000000| Complete 
|  70|0x0000000612400000, 0x0000000612400000, 0x0000000612800000|  0%| F|  |TAMS 0x0000000612400000, 0x0000000612400000| Untracked 
|  71|0x0000000612800000, 0x0000000612800000, 0x0000000612c00000|  0%| F|  |TAMS 0x0000000612800000, 0x0000000612800000| Untracked 
|  72|0x0000000612c00000, 0x0000000612c00000, 0x0000000613000000|  0%| F|  |TAMS 0x0000000612c00000, 0x0000000612c00000| Untracked 
|  73|0x0000000613000000, 0x0000000613000000, 0x0000000613400000|  0%| F|  |TAMS 0x0000000613000000, 0x0000000613000000| Untracked 
|  74|0x0000000613400000, 0x0000000613400000, 0x0000000613800000|  0%| F|  |TAMS 0x0000000613400000, 0x0000000613400000| Untracked 
|  75|0x0000000613800000, 0x0000000613800000, 0x0000000613c00000|  0%| F|  |TAMS 0x0000000613800000, 0x0000000613800000| Untracked 
|  76|0x0000000613c00000, 0x0000000613c00000, 0x0000000614000000|  0%| F|  |TAMS 0x0000000613c00000, 0x0000000613c00000| Untracked 
|  77|0x0000000614000000, 0x0000000614000000, 0x0000000614400000|  0%| F|  |TAMS 0x0000000614000000, 0x0000000614000000| Untracked 
|  78|0x0000000614400000, 0x0000000614400000, 0x0000000614800000|  0%| F|  |TAMS 0x0000000614400000, 0x0000000614400000| Untracked 
|  79|0x0000000614800000, 0x0000000614800000, 0x0000000614c00000|  0%| F|  |TAMS 0x0000000614800000, 0x0000000614800000| Untracked 
|  80|0x0000000614c00000, 0x0000000614c00000, 0x0000000615000000|  0%| F|  |TAMS 0x0000000614c00000, 0x0000000614c00000| Untracked 
|  81|0x0000000615000000, 0x0000000615000000, 0x0000000615400000|  0%| F|  |TAMS 0x0000000615000000, 0x0000000615000000| Untracked 
|  82|0x0000000615400000, 0x0000000615400000, 0x0000000615800000|  0%| F|  |TAMS 0x0000000615400000, 0x0000000615400000| Untracked 
|  83|0x0000000615800000, 0x0000000615800000, 0x0000000615c00000|  0%| F|  |TAMS 0x0000000615800000, 0x0000000615800000| Untracked 
|  84|0x0000000615c00000, 0x0000000615c00000, 0x0000000616000000|  0%| F|  |TAMS 0x0000000615c00000, 0x0000000615c00000| Untracked 
|  85|0x0000000616000000, 0x0000000616000000, 0x0000000616400000|  0%| F|  |TAMS 0x0000000616000000, 0x0000000616000000| Untracked 
|  86|0x0000000616400000, 0x0000000616400000, 0x0000000616800000|  0%| F|  |TAMS 0x0000000616400000, 0x0000000616400000| Untracked 
|  87|0x0000000616800000, 0x0000000616800000, 0x0000000616c00000|  0%| F|  |TAMS 0x0000000616800000, 0x0000000616800000| Untracked 
|  88|0x0000000616c00000, 0x0000000616c00000, 0x0000000617000000|  0%| F|  |TAMS 0x0000000616c00000, 0x0000000616c00000| Untracked 
|  89|0x0000000617000000, 0x0000000617000000, 0x0000000617400000|  0%| F|  |TAMS 0x0000000617000000, 0x0000000617000000| Untracked 
|  90|0x0000000617400000, 0x0000000617400000, 0x0000000617800000|  0%| F|  |TAMS 0x0000000617400000, 0x0000000617400000| Untracked 
|  91|0x0000000617800000, 0x0000000617800000, 0x0000000617c00000|  0%| F|  |TAMS 0x0000000617800000, 0x0000000617800000| Untracked 
|  92|0x0000000617c00000, 0x0000000617c00000, 0x0000000618000000|  0%| F|  |TAMS 0x0000000617c00000, 0x0000000617c00000| Untracked 
|  93|0x0000000618000000, 0x0000000618000000, 0x0000000618400000|  0%| F|  |TAMS 0x0000000618000000, 0x0000000618000000| Untracked 
|  94|0x0000000618400000, 0x0000000618400000, 0x0000000618800000|  0%| F|  |TAMS 0x0000000618400000, 0x0000000618400000| Untracked 
|  95|0x0000000618800000, 0x0000000618800000, 0x0000000618c00000|  0%| F|  |TAMS 0x0000000618800000, 0x0000000618800000| Untracked 
|  96|0x0000000618c00000, 0x0000000618c00000, 0x0000000619000000|  0%| F|  |TAMS 0x0000000618c00000, 0x0000000618c00000| Untracked 
|  97|0x0000000619000000, 0x0000000619000000, 0x0000000619400000|  0%| F|  |TAMS 0x0000000619000000, 0x0000000619000000| Untracked 
|  98|0x0000000619400000, 0x0000000619400000, 0x0000000619800000|  0%| F|  |TAMS 0x0000000619400000, 0x0000000619400000| Untracked 
|  99|0x0000000619800000, 0x0000000619800000, 0x0000000619c00000|  0%| F|  |TAMS 0x0000000619800000, 0x0000000619800000| Untracked 
| 100|0x0000000619c00000, 0x0000000619c00000, 0x000000061a000000|  0%| F|  |TAMS 0x0000000619c00000, 0x0000000619c00000| Untracked 
| 101|0x000000061a000000, 0x000000061a000000, 0x000000061a400000|  0%| F|  |TAMS 0x000000061a000000, 0x000000061a000000| Untracked 
| 102|0x000000061a400000, 0x000000061a400000, 0x000000061a800000|  0%| F|  |TAMS 0x000000061a400000, 0x000000061a400000| Untracked 
| 103|0x000000061a800000, 0x000000061a800000, 0x000000061ac00000|  0%| F|  |TAMS 0x000000061a800000, 0x000000061a800000| Untracked 
| 104|0x000000061ac00000, 0x000000061ac00000, 0x000000061b000000|  0%| F|  |TAMS 0x000000061ac00000, 0x000000061ac00000| Untracked 
| 105|0x000000061b000000, 0x000000061b000000, 0x000000061b400000|  0%| F|  |TAMS 0x000000061b000000, 0x000000061b000000| Untracked 
| 106|0x000000061b400000, 0x000000061b400000, 0x000000061b800000|  0%| F|  |TAMS 0x000000061b400000, 0x000000061b400000| Untracked 
| 107|0x000000061b800000, 0x000000061b800000, 0x000000061bc00000|  0%| F|  |TAMS 0x000000061b800000, 0x000000061b800000| Untracked 
| 108|0x000000061bc00000, 0x000000061bc00000, 0x000000061c000000|  0%| F|  |TAMS 0x000000061bc00000, 0x000000061bc00000| Untracked 
| 109|0x000000061c000000, 0x000000061c000000, 0x000000061c400000|  0%| F|  |TAMS 0x000000061c000000, 0x000000061c000000| Untracked 
| 110|0x000000061c400000, 0x000000061c400000, 0x000000061c800000|  0%| F|  |TAMS 0x000000061c400000, 0x000000061c400000| Untracked 
| 111|0x000000061c800000, 0x000000061c800000, 0x000000061cc00000|  0%| F|  |TAMS 0x000000061c800000, 0x000000061c800000| Untracked 
| 112|0x000000061cc00000, 0x000000061cc00000, 0x000000061d000000|  0%| F|  |TAMS 0x000000061cc00000, 0x000000061cc00000| Untracked 
| 113|0x000000061d000000, 0x000000061d000000, 0x000000061d400000|  0%| F|  |TAMS 0x000000061d000000, 0x000000061d000000| Untracked 
| 114|0x000000061d400000, 0x000000061d400000, 0x000000061d800000|  0%| F|  |TAMS 0x000000061d400000, 0x000000061d400000| Untracked 
| 115|0x000000061d800000, 0x000000061d800000, 0x000000061dc00000|  0%| F|  |TAMS 0x000000061d800000, 0x000000061d800000| Untracked 
| 116|0x000000061dc00000, 0x000000061dc00000, 0x000000061e000000|  0%| F|  |TAMS 0x000000061dc00000, 0x000000061dc00000| Untracked 
| 117|0x000000061e000000, 0x000000061e000000, 0x000000061e400000|  0%| F|  |TAMS 0x000000061e000000, 0x000000061e000000| Untracked 
| 118|0x000000061e400000, 0x000000061e400000, 0x000000061e800000|  0%| F|  |TAMS 0x000000061e400000, 0x000000061e400000| Untracked 
| 119|0x000000061e800000, 0x000000061e800000, 0x000000061ec00000|  0%| F|  |TAMS 0x000000061e800000, 0x000000061e800000| Untracked 
| 120|0x000000061ec00000, 0x000000061ec00000, 0x000000061f000000|  0%| F|  |TAMS 0x000000061ec00000, 0x000000061ec00000| Untracked 
| 121|0x000000061f000000, 0x000000061f000000, 0x000000061f400000|  0%| F|  |TAMS 0x000000061f000000, 0x000000061f000000| Untracked 
| 122|0x000000061f400000, 0x000000061f400000, 0x000000061f800000|  0%| F|  |TAMS 0x000000061f400000, 0x000000061f400000| Untracked 
| 123|0x000000061f800000, 0x000000061f800000, 0x000000061fc00000|  0%| F|  |TAMS 0x000000061f800000, 0x000000061f800000| Untracked 
| 124|0x000000061fc00000, 0x000000061fc00000, 0x0000000620000000|  0%| F|  |TAMS 0x000000061fc00000, 0x000000061fc00000| Untracked 
| 125|0x0000000620000000, 0x0000000620000000, 0x0000000620400000|  0%| F|  |TAMS 0x0000000620000000, 0x0000000620000000| Untracked 
| 126|0x0000000620400000, 0x0000000620400000, 0x0000000620800000|  0%| F|  |TAMS 0x0000000620400000, 0x0000000620400000| Untracked 
| 127|0x0000000620800000, 0x0000000620800000, 0x0000000620c00000|  0%| F|  |TAMS 0x0000000620800000, 0x0000000620800000| Untracked 
| 128|0x0000000620c00000, 0x0000000620c00000, 0x0000000621000000|  0%| F|  |TAMS 0x0000000620c00000, 0x0000000620c00000| Untracked 
| 129|0x0000000621000000, 0x0000000621000000, 0x0000000621400000|  0%| F|  |TAMS 0x0000000621000000, 0x0000000621000000| Untracked 
| 130|0x0000000621400000, 0x0000000621400000, 0x0000000621800000|  0%| F|  |TAMS 0x0000000621400000, 0x0000000621400000| Untracked 
| 131|0x0000000621800000, 0x0000000621800000, 0x0000000621c00000|  0%| F|  |TAMS 0x0000000621800000, 0x0000000621800000| Untracked 
| 132|0x0000000621c00000, 0x0000000621c00000, 0x0000000622000000|  0%| F|  |TAMS 0x0000000621c00000, 0x0000000621c00000| Untracked 
| 133|0x0000000622000000, 0x0000000622000000, 0x0000000622400000|  0%| F|  |TAMS 0x0000000622000000, 0x0000000622000000| Untracked 
| 134|0x0000000622400000, 0x0000000622400000, 0x0000000622800000|  0%| F|  |TAMS 0x0000000622400000, 0x0000000622400000| Untracked 
| 135|0x0000000622800000, 0x0000000622800000, 0x0000000622c00000|  0%| F|  |TAMS 0x0000000622800000, 0x0000000622800000| Untracked 
| 136|0x0000000622c00000, 0x0000000622c00000, 0x0000000623000000|  0%| F|  |TAMS 0x0000000622c00000, 0x0000000622c00000| Untracked 
| 137|0x0000000623000000, 0x0000000623000000, 0x0000000623400000|  0%| F|  |TAMS 0x0000000623000000, 0x0000000623000000| Untracked 
| 138|0x0000000623400000, 0x0000000623400000, 0x0000000623800000|  0%| F|  |TAMS 0x0000000623400000, 0x0000000623400000| Untracked 
| 139|0x0000000623800000, 0x0000000623800000, 0x0000000623c00000|  0%| F|  |TAMS 0x0000000623800000, 0x0000000623800000| Untracked 
| 140|0x0000000623c00000, 0x0000000623c00000, 0x0000000624000000|  0%| F|  |TAMS 0x0000000623c00000, 0x0000000623c00000| Untracked 
| 141|0x0000000624000000, 0x0000000624000000, 0x0000000624400000|  0%| F|  |TAMS 0x0000000624000000, 0x0000000624000000| Untracked 
| 142|0x0000000624400000, 0x0000000624400000, 0x0000000624800000|  0%| F|  |TAMS 0x0000000624400000, 0x0000000624400000| Untracked 
| 143|0x0000000624800000, 0x0000000624800000, 0x0000000624c00000|  0%| F|  |TAMS 0x0000000624800000, 0x0000000624800000| Untracked 
| 144|0x0000000624c00000, 0x0000000624c00000, 0x0000000625000000|  0%| F|  |TAMS 0x0000000624c00000, 0x0000000624c00000| Untracked 
| 145|0x0000000625000000, 0x0000000625000000, 0x0000000625400000|  0%| F|  |TAMS 0x0000000625000000, 0x0000000625000000| Untracked 
| 146|0x0000000625400000, 0x0000000625400000, 0x0000000625800000|  0%| F|  |TAMS 0x0000000625400000, 0x0000000625400000| Untracked 
| 147|0x0000000625800000, 0x0000000625800000, 0x0000000625c00000|  0%| F|  |TAMS 0x0000000625800000, 0x0000000625800000| Untracked 
| 148|0x0000000625c00000, 0x0000000625c00000, 0x0000000626000000|  0%| F|  |TAMS 0x0000000625c00000, 0x0000000625c00000| Untracked 
| 149|0x0000000626000000, 0x0000000626000000, 0x0000000626400000|  0%| F|  |TAMS 0x0000000626000000, 0x0000000626000000| Untracked 
| 150|0x0000000626400000, 0x0000000626400000, 0x0000000626800000|  0%| F|  |TAMS 0x0000000626400000, 0x0000000626400000| Untracked 
| 151|0x0000000626800000, 0x0000000626800000, 0x0000000626c00000|  0%| F|  |TAMS 0x0000000626800000, 0x0000000626800000| Untracked 
| 152|0x0000000626c00000, 0x0000000626c00000, 0x0000000627000000|  0%| F|  |TAMS 0x0000000626c00000, 0x0000000626c00000| Untracked 
| 153|0x0000000627000000, 0x0000000627000000, 0x0000000627400000|  0%| F|  |TAMS 0x0000000627000000, 0x0000000627000000| Untracked 
| 154|0x0000000627400000, 0x0000000627400000, 0x0000000627800000|  0%| F|  |TAMS 0x0000000627400000, 0x0000000627400000| Untracked 
| 155|0x0000000627800000, 0x0000000627800000, 0x0000000627c00000|  0%| F|  |TAMS 0x0000000627800000, 0x0000000627800000| Untracked 
| 156|0x0000000627c00000, 0x0000000627c00000, 0x0000000628000000|  0%| F|  |TAMS 0x0000000627c00000, 0x0000000627c00000| Untracked 
| 157|0x0000000628000000, 0x0000000628000000, 0x0000000628400000|  0%| F|  |TAMS 0x0000000628000000, 0x0000000628000000| Untracked 

Card table byte_map: [0x000002e01e400000,0x000002e01f400000] _byte_map_base: 0x000002e01b3fa000

Marking Bits (Prev, Next): (CMBitMap*) 0x000002e017718820, (CMBitMap*) 0x000002e017718860
 Prev Bits: [0x000002e020400000, 0x000002e0283d0000)
 Next Bits: [0x000002e0283d0000, 0x000002e0303a0000)

Polling page: 0x000002e015630000

Metaspace:

Usage:
  Non-class:     33.42 MB used.
      Class:      4.84 MB used.
       Both:     38.26 MB used.

Virtual space:
  Non-class space:       40.00 MB reserved,      33.62 MB ( 84%) committed,  5 nodes.
      Class space:        1.00 GB reserved,       5.00 MB ( <1%) committed,  1 nodes.
             Both:        1.04 GB reserved,      38.62 MB (  4%) committed. 

Chunk freelists:
   Non-Class:  1.48 MB
       Class:  3.00 MB
        Both:  4.49 MB

MaxMetaspaceSize: unlimited
CompressedClassSpaceSize: 1.00 GB
Initial GC threshold: 21.00 MB
Current GC threshold: 59.19 MB
CDS: off
MetaspaceReclaimPolicy: balanced
 - commit_granule_bytes: 65536.
 - commit_granule_words: 8192.
 - virtual_space_node_default_size: 1048576.
 - enlarge_chunks_in_place: 1.
 - new_chunks_are_fully_committed: 0.
 - uncommit_free_chunks: 1.
 - use_allocation_guard: 0.
 - handle_deallocations: 1.


Internal statistics:

num_allocs_failed_limit: 6.
num_arena_births: 384.
num_arena_deaths: 0.
num_vsnodes_births: 6.
num_vsnodes_deaths: 0.
num_space_committed: 618.
num_space_uncommitted: 0.
num_chunks_returned_to_freelist: 6.
num_chunks_taken_from_freelist: 1555.
num_chunk_merges: 6.
num_chunk_splits: 1056.
num_chunks_enlarged: 807.
num_purges: 0.
num_inconsistent_stats: 0.

CodeCache: size=49152Kb used=9889Kb max_used=9889Kb free=39262Kb
 bounds [0x000002e01a2f0000, 0x000002e01aca0000, 0x000002e01d2f0000]
 total_blobs=4682 nmethods=4142 adapters=464
 compilation: enabled
              stopped_count=0, restarted_count=0
 full_count=0

Compilation events (20 events):
Event: 4.163 Thread 0x000002e03437c760 4133   !   1       nonapi.io.github.classgraph.fileslice.Slice$1::close (28 bytes)
Event: 4.163 Thread 0x000002e032f7c820 4134       1       io.github.classgraph.ClasspathElementZip$1::close (28 bytes)
Event: 4.164 Thread 0x000002e032f7c820 nmethod 4134 0x000002e01ac94a10 code [0x000002e01ac94be0, 0x000002e01ac94f78]
Event: 4.164 Thread 0x000002e03437c760 nmethod 4133 0x000002e01ac95190 code [0x000002e01ac95360, 0x000002e01ac95658]
Event: 4.169 Thread 0x000002e03437c760 4135       1       io.github.classgraph.ClasspathElementZip$1::openClassfile (13 bytes)
Event: 4.169 Thread 0x000002e03437c760 nmethod 4135 0x000002e01ac95810 code [0x000002e01ac959c0, 0x000002e01ac95ce8]
Event: 4.169 Thread 0x000002e03319efe0 4136   !   1       io.github.classgraph.ClasspathElementZip$1::open (79 bytes)
Event: 4.170 Thread 0x000002e03319efe0 nmethod 4136 0x000002e01ac95e10 code [0x000002e01ac96060, 0x000002e01ac96998]
Event: 4.342 Thread 0x000002e033190a80 4137       1       io.github.classgraph.PotentiallyUnmodifiableList$1::hasNext (22 bytes)
Event: 4.342 Thread 0x000002e03319efe0 4138       1       io.github.classgraph.ScanResultObject::<init> (5 bytes)
Event: 4.342 Thread 0x000002e03319efe0 nmethod 4138 0x000002e01ac96f10 code [0x000002e01ac970a0, 0x000002e01ac97158]
Event: 4.342 Thread 0x000002e033190a80 nmethod 4137 0x000002e01ac97210 code [0x000002e01ac973c0, 0x000002e01ac97508]
Event: 4.352 Thread 0x000002e033190a80 4139       1       io.github.classgraph.MethodInfo::getThrownExceptionNames (19 bytes)
Event: 4.352 Thread 0x000002e033190a80 nmethod 4139 0x000002e01ac97610 code [0x000002e01ac977a0, 0x000002e01ac97938]
Event: 4.352 Thread 0x000002e033190a80 4140       1       java.util.ArrayList::<init> (12 bytes)
Event: 4.352 Thread 0x000002e033190a80 nmethod 4140 0x000002e01ac97a10 code [0x000002e01ac97ba0, 0x000002e01ac97cd8]
Event: 4.359 Thread 0x000002e03437c760 4141       1       io.github.classgraph.PotentiallyUnmodifiableList::add (23 bytes)
Event: 4.359 Thread 0x000002e03319efe0 4142       1       io.github.classgraph.PotentiallyUnmodifiableList$1::next (10 bytes)
Event: 4.359 Thread 0x000002e03319efe0 nmethod 4142 0x000002e01ac97d90 code [0x000002e01ac97f20, 0x000002e01ac98008]
Event: 4.359 Thread 0x000002e03437c760 nmethod 4141 0x000002e01ac98090 code [0x000002e01ac98240, 0x000002e01ac98538]

GC Heap History (20 events):
Event: 3.391 GC heap after
{Heap after GC invocations=11 (full 0):
 garbage-first heap   total 57344K, used 22623K [0x0000000600c00000, 0x0000000800000000)
  region size 4096K, 1 young (4096K), 1 survivors (4096K)
 Metaspace       used 36172K, committed 36544K, reserved 1081344K
  class space    used 4653K, committed 4800K, reserved 1048576K
}
Event: 3.438 GC heap before
{Heap before GC invocations=11 (full 0):
 garbage-first heap   total 57344K, used 30815K [0x0000000600c00000, 0x0000000800000000)
  region size 4096K, 5 young (20480K), 1 survivors (4096K)
 Metaspace       used 36706K, committed 37056K, reserved 1081344K
  class space    used 4708K, committed 4864K, reserved 1048576K
}
Event: 3.440 GC heap after
{Heap after GC invocations=12 (full 0):
 garbage-first heap   total 57344K, used 24790K [0x0000000600c00000, 0x0000000800000000)
  region size 4096K, 1 young (4096K), 1 survivors (4096K)
 Metaspace       used 36706K, committed 37056K, reserved 1081344K
  class space    used 4708K, committed 4864K, reserved 1048576K
}
Event: 3.475 GC heap before
{Heap before GC invocations=12 (full 0):
 garbage-first heap   total 57344K, used 37078K [0x0000000600c00000, 0x0000000800000000)
  region size 4096K, 4 young (16384K), 1 survivors (4096K)
 Metaspace       used 37260K, committed 37568K, reserved 1089536K
  class space    used 4733K, committed 4864K, reserved 1048576K
}
Event: 3.477 GC heap after
{Heap after GC invocations=13 (full 0):
 garbage-first heap   total 290816K, used 26784K [0x0000000600c00000, 0x0000000800000000)
  region size 4096K, 1 young (4096K), 1 survivors (4096K)
 Metaspace       used 37260K, committed 37568K, reserved 1089536K
  class space    used 4733K, committed 4864K, reserved 1048576K
}
Event: 3.874 GC heap before
{Heap before GC invocations=13 (full 0):
 garbage-first heap   total 290816K, used 186528K [0x0000000600c00000, 0x0000000800000000)
  region size 4096K, 41 young (167936K), 1 survivors (4096K)
 Metaspace       used 38942K, committed 39296K, reserved 1089536K
  class space    used 4936K, committed 5120K, reserved 1048576K
}
Event: 3.891 GC heap after
{Heap after GC invocations=14 (full 0):
 garbage-first heap   total 290816K, used 61537K [0x0000000600c00000, 0x0000000800000000)
  region size 4096K, 6 young (24576K), 6 survivors (24576K)
 Metaspace       used 38942K, committed 39296K, reserved 1089536K
  class space    used 4936K, committed 5120K, reserved 1048576K
}
Event: 3.904 GC heap before
{Heap before GC invocations=14 (full 0):
 garbage-first heap   total 290816K, used 151649K [0x0000000600c00000, 0x0000000800000000)
  region size 4096K, 29 young (118784K), 6 survivors (24576K)
 Metaspace       used 39050K, committed 39424K, reserved 1089536K
  class space    used 4949K, committed 5120K, reserved 1048576K
}
Event: 3.912 GC heap after
{Heap after GC invocations=15 (full 0):
 garbage-first heap   total 290816K, used 67353K [0x0000000600c00000, 0x0000000800000000)
  region size 4096K, 2 young (8192K), 2 survivors (8192K)
 Metaspace       used 39050K, committed 39424K, reserved 1089536K
  class space    used 4949K, committed 5120K, reserved 1048576K
}
Event: 3.923 GC heap before
{Heap before GC invocations=15 (full 0):
 garbage-first heap   total 290816K, used 169753K [0x0000000600c00000, 0x0000000800000000)
  region size 4096K, 28 young (114688K), 2 survivors (8192K)
 Metaspace       used 39050K, committed 39424K, reserved 1089536K
  class space    used 4949K, committed 5120K, reserved 1048576K
}
Event: 3.926 GC heap after
{Heap after GC invocations=16 (full 0):
 garbage-first heap   total 290816K, used 70918K [0x0000000600c00000, 0x0000000800000000)
  region size 4096K, 3 young (12288K), 3 survivors (12288K)
 Metaspace       used 39050K, committed 39424K, reserved 1089536K
  class space    used 4949K, committed 5120K, reserved 1048576K
}
Event: 3.941 GC heap before
{Heap before GC invocations=16 (full 0):
 garbage-first heap   total 290816K, used 189702K [0x0000000600c00000, 0x0000000800000000)
  region size 4096K, 33 young (135168K), 3 survivors (12288K)
 Metaspace       used 39050K, committed 39424K, reserved 1089536K
  class space    used 4949K, committed 5120K, reserved 1048576K
}
Event: 3.946 GC heap after
{Heap after GC invocations=17 (full 0):
 garbage-first heap   total 647168K, used 75802K [0x0000000600c00000, 0x0000000800000000)
  region size 4096K, 4 young (16384K), 4 survivors (16384K)
 Metaspace       used 39050K, committed 39424K, reserved 1089536K
  class space    used 4949K, committed 5120K, reserved 1048576K
}
Event: 4.013 GC heap before
{Heap before GC invocations=17 (full 0):
 garbage-first heap   total 647168K, used 440346K [0x0000000600c00000, 0x0000000800000000)
  region size 4096K, 95 young (389120K), 4 survivors (16384K)
 Metaspace       used 39051K, committed 39424K, reserved 1089536K
  class space    used 4950K, committed 5120K, reserved 1048576K
}
Event: 4.020 GC heap after
{Heap after GC invocations=18 (full 0):
 garbage-first heap   total 647168K, used 90591K [0x0000000600c00000, 0x0000000800000000)
  region size 4096K, 7 young (28672K), 7 survivors (28672K)
 Metaspace       used 39051K, committed 39424K, reserved 1089536K
  class space    used 4950K, committed 5120K, reserved 1048576K
}
Event: 4.063 GC heap before
{Heap before GC invocations=18 (full 0):
 garbage-first heap   total 647168K, used 442847K [0x0000000600c00000, 0x0000000800000000)
  region size 4096K, 95 young (389120K), 7 survivors (28672K)
 Metaspace       used 39051K, committed 39424K, reserved 1089536K
  class space    used 4950K, committed 5120K, reserved 1048576K
}
Event: 4.073 GC heap after
{Heap after GC invocations=19 (full 0):
 garbage-first heap   total 647168K, used 104634K [0x0000000600c00000, 0x0000000800000000)
  region size 4096K, 10 young (40960K), 10 survivors (40960K)
 Metaspace       used 39051K, committed 39424K, reserved 1089536K
  class space    used 4950K, committed 5120K, reserved 1048576K
}
Event: 4.111 GC heap before
{Heap before GC invocations=19 (full 0):
 garbage-first heap   total 647168K, used 444602K [0x0000000600c00000, 0x0000000800000000)
  region size 4096K, 95 young (389120K), 10 survivors (40960K)
 Metaspace       used 39051K, committed 39424K, reserved 1089536K
  class space    used 4950K, committed 5120K, reserved 1048576K
}
Event: 4.124 GC heap after
{Heap after GC invocations=20 (full 0):
 garbage-first heap   total 647168K, used 125500K [0x0000000600c00000, 0x0000000800000000)
  region size 4096K, 9 young (36864K), 9 survivors (36864K)
 Metaspace       used 39051K, committed 39424K, reserved 1089536K
  class space    used 4950K, committed 5120K, reserved 1048576K
}
Event: 4.416 GC heap before
{Heap before GC invocations=20 (full 0):
 garbage-first heap   total 647168K, used 469564K [0x0000000600c00000, 0x0000000800000000)
  region size 4096K, 94 young (385024K), 9 survivors (36864K)
 Metaspace       used 39181K, committed 39552K, reserved 1089536K
  class space    used 4958K, committed 5120K, reserved 1048576K
}

Deoptimization events (14 events):
Event: 1.423 Thread 0x000002e01555be90 DEOPT PACKING pc=0x000002e01a85db79 sp=0x000000ef977fd710
Event: 1.423 Thread 0x000002e01555be90 DEOPT UNPACKING pc=0x000002e01a342b43 sp=0x000000ef977fcbf0 mode 3
Event: 1.927 Thread 0x000002e01555be90 DEOPT PACKING pc=0x000002e01a970d55 sp=0x000000ef977fb520
Event: 1.927 Thread 0x000002e01555be90 DEOPT UNPACKING pc=0x000002e01a342b43 sp=0x000000ef977faa38 mode 3
Event: 2.485 Thread 0x000002e01555be90 DEOPT PACKING pc=0x000002e01a9e8ff9 sp=0x000000ef977fcaf0
Event: 2.485 Thread 0x000002e01555be90 DEOPT UNPACKING pc=0x000002e01a342b43 sp=0x000000ef977fbfd0 mode 3
Event: 3.188 Thread 0x000002e0331a80b0 DEOPT PACKING pc=0x000002e01aaa0aed sp=0x000000ef998fe1b0
Event: 3.188 Thread 0x000002e0331a80b0 DEOPT UNPACKING pc=0x000002e01a342b43 sp=0x000000ef998fd6d8 mode 3
Event: 3.282 Thread 0x000002e0331a7240 DEOPT PACKING pc=0x000002e01aabdb13 sp=0x000000ef999fea60
Event: 3.282 Thread 0x000002e0331a7240 DEOPT UNPACKING pc=0x000002e01a342b43 sp=0x000000ef999fdfa8 mode 3
Event: 3.297 Thread 0x000002e0331a5f00 DEOPT PACKING pc=0x000002e01a85c609 sp=0x000000ef997fd8c0
Event: 3.297 Thread 0x000002e0331a5f00 DEOPT UNPACKING pc=0x000002e01a342b43 sp=0x000000ef997fcd50 mode 3
Event: 3.640 Thread 0x000002e0331a80b0 DEOPT PACKING pc=0x000002e01a85859f sp=0x000000ef998ff1e0
Event: 3.640 Thread 0x000002e0331a80b0 DEOPT UNPACKING pc=0x000002e01a342b43 sp=0x000000ef998fe638 mode 3

Classes unloaded (0 events):
No events

Classes redefined (0 events):
No events

Internal exceptions (20 events):
Event: 3.327 Thread 0x000002e035b7a3e0 Exception <a 'sun/nio/fs/WindowsException'{0x00000006039a17a8}> (0x00000006039a17a8) 
thrown [s\src\hotspot\share\prims\jni.cpp, line 516]
Event: 3.327 Thread 0x000002e035b7a3e0 Exception <a 'sun/nio/fs/WindowsException'{0x00000006039a1b68}> (0x00000006039a1b68) 
thrown [s\src\hotspot\share\prims\jni.cpp, line 516]
Event: 3.327 Thread 0x000002e035b7a3e0 Exception <a 'sun/nio/fs/WindowsException'{0x00000006039a2568}> (0x00000006039a2568) 
thrown [s\src\hotspot\share\prims\jni.cpp, line 516]
Event: 3.327 Thread 0x000002e035b7a3e0 Exception <a 'sun/nio/fs/WindowsException'{0x00000006039a2918}> (0x00000006039a2918) 
thrown [s\src\hotspot\share\prims\jni.cpp, line 516]
Event: 3.328 Thread 0x000002e035b7a3e0 Exception <a 'sun/nio/fs/WindowsException'{0x00000006039a3318}> (0x00000006039a3318) 
thrown [s\src\hotspot\share\prims\jni.cpp, line 516]
Event: 3.328 Thread 0x000002e035b7a3e0 Exception <a 'sun/nio/fs/WindowsException'{0x00000006039a36d8}> (0x00000006039a36d8) 
thrown [s\src\hotspot\share\prims\jni.cpp, line 516]
Event: 3.328 Thread 0x000002e035b7a3e0 Exception <a 'sun/nio/fs/WindowsException'{0x00000006039a4100}> (0x00000006039a4100) 
thrown [s\src\hotspot\share\prims\jni.cpp, line 516]
Event: 3.328 Thread 0x000002e035b7a3e0 Exception <a 'sun/nio/fs/WindowsException'{0x00000006039a44e0}> (0x00000006039a44e0) 
thrown [s\src\hotspot\share\prims\jni.cpp, line 516]
Event: 3.328 Thread 0x000002e035b7a3e0 Exception <a 'sun/nio/fs/WindowsException'{0x00000006039a4f18}> (0x00000006039a4f18) 
thrown [s\src\hotspot\share\prims\jni.cpp, line 516]
Event: 3.328 Thread 0x000002e035b7a3e0 Exception <a 'sun/nio/fs/WindowsException'{0x00000006039a5308}> (0x00000006039a5308) 
thrown [s\src\hotspot\share\prims\jni.cpp, line 516]
Event: 3.328 Thread 0x000002e035b7a3e0 Exception <a 'sun/nio/fs/WindowsException'{0x00000006039a5d30}> (0x00000006039a5d30) 
thrown [s\src\hotspot\share\prims\jni.cpp, line 516]
Event: 3.328 Thread 0x000002e035b7a3e0 Exception <a 'sun/nio/fs/WindowsException'{0x00000006039a6120}> (0x00000006039a6120) 
thrown [s\src\hotspot\share\prims\jni.cpp, line 516]
Event: 3.576 Thread 0x000002e0331a80b0 Exception <a 'java/lang/NoSuchMethodError'{0x000000060f7cc858}: 'java.lang.Object java.lang.invoke.Invokers$Holder.invoke_MT(java.lang.Object, java.lang.Object, java.lang.Object)'> (0x000000060f7cc858) 
thrown [s\src\hotspot\share\interpreter\linkResolver.cpp, line 759]
Event: 3.637 Thread 0x000002e0331a80b0 Exception <a 'java/lang/NoSuchMethodError'{0x000000060cf13b18}: 'java.lang.Object java.lang.invoke.DirectMethodHandle$Holder.newInvokeSpecial(java.lang.Object, java.lang.Object, int)'> (0x000000060cf13b18) 
thrown [s\src\hotspot\share\interpreter\linkResolver.cpp, line 759]
Event: 3.648 Thread 0x000002e035b77890 Exception <a 'java/lang/NoSuchMethodError'{0x000000060c746270}: 'java.lang.Object java.lang.invoke.Invokers$Holder.linkToTargetMethod(java.lang.Object, long, java.lang.Object)'> (0x000000060c746270) 
thrown [s\src\hotspot\share\interpreter\linkResolver.cpp, line 759]
Event: 3.654 Thread 0x000002e035b77890 Exception <a 'sun/nio/fs/WindowsException'{0x000000060c39eeb0}> (0x000000060c39eeb0) 
thrown [s\src\hotspot\share\prims\jni.cpp, line 516]
Event: 3.655 Thread 0x000002e035b77890 Exception <a 'sun/nio/fs/WindowsException'{0x000000060c3a9ed8}> (0x000000060c3a9ed8) 
thrown [s\src\hotspot\share\prims\jni.cpp, line 516]
Event: 3.748 Thread 0x000002e035b7cf30 Exception <a 'sun/nio/fs/WindowsException'{0x000000060b87ae08}> (0x000000060b87ae08) 
thrown [s\src\hotspot\share\prims\jni.cpp, line 516]
Event: 4.163 Thread 0x000002e035b773c0 Exception <a 'sun/nio/fs/WindowsException'{0x000000062119d668}> (0x000000062119d668) 
thrown [s\src\hotspot\share\prims\jni.cpp, line 516]
Event: 4.163 Thread 0x000002e035b773c0 Exception <a 'sun/nio/fs/WindowsException'{0x000000062119da38}> (0x000000062119da38) 
thrown [s\src\hotspot\share\prims\jni.cpp, line 516]

VM Operations (20 events):
Event: 3.923 Executing VM operation: G1CollectForAllocation done
Event: 3.923 Executing VM operation: G1CollectForAllocation
Event: 3.926 Executing VM operation: G1CollectForAllocation done
Event: 3.940 Executing VM operation: G1CollectForAllocation
Event: 3.941 Executing VM operation: G1CollectForAllocation done
Event: 3.941 Executing VM operation: G1CollectForAllocation
Event: 3.946 Executing VM operation: G1CollectForAllocation done
Event: 4.013 Executing VM operation: G1CollectForAllocation
Event: 4.013 Executing VM operation: G1CollectForAllocation done
Event: 4.013 Executing VM operation: G1CollectForAllocation
Event: 4.020 Executing VM operation: G1CollectForAllocation done
Event: 4.062 Executing VM operation: G1CollectForAllocation
Event: 4.062 Executing VM operation: G1CollectForAllocation done
Event: 4.062 Executing VM operation: G1CollectForAllocation
Event: 4.073 Executing VM operation: G1CollectForAllocation done
Event: 4.110 Executing VM operation: G1CollectForAllocation
Event: 4.111 Executing VM operation: G1CollectForAllocation done
Event: 4.111 Executing VM operation: G1CollectForAllocation
Event: 4.125 Executing VM operation: G1CollectForAllocation done
Event: 4.416 Executing VM operation: G1CollectForAllocation

Events (20 events):
Event: 3.634 loading class java/util/WeakHashMap$EntrySet
Event: 3.634 loading class java/util/WeakHashMap$EntrySet done
Event: 3.634 loading class java/util/WeakHashMap$EntryIterator
Event: 3.635 loading class java/util/WeakHashMap$HashIterator
Event: 3.635 loading class java/util/WeakHashMap$HashIterator done
Event: 3.635 loading class java/util/WeakHashMap$EntryIterator done
Event: 3.638 Thread 0x000002e035b77890 Thread added: 0x000002e035b77890
Event: 3.640 Thread 0x000002e035b78700 Thread added: 0x000002e035b78700
Event: 3.646 Thread 0x000002e035b7bbf0 Thread added: 0x000002e035b7bbf0
Event: 3.649 loading class java/security/NoSuchAlgorithmException
Event: 3.649 loading class java/security/NoSuchAlgorithmException done
Event: 3.650 loading class sun/security/provider/MD5
Event: 3.650 loading class sun/security/provider/MD5 done
Event: 3.650 loading class sun/security/provider/ByteArrayAccess$LE
Event: 3.650 loading class sun/security/provider/ByteArrayAccess$LE done
Event: 3.741 Thread 0x000002e035b7cf30 Thread added: 0x000002e035b7cf30
Event: 3.744 loading class java/nio/file/FileTreeIterator
Event: 3.744 loading class java/nio/file/FileTreeIterator done
Event: 3.745 loading class java/util/stream/ForEachOps$ForEachOp$OfRef
Event: 3.745 loading class java/util/stream/ForEachOps$ForEachOp$OfRef done


Dynamic libraries:
0x00007ff786a10000 - 0x00007ff786a1e000 	c:\Users\tomok\.vscode\extensions\redhat.java-1.12.0-win32-x64\jre\17.0.4.1-win32-x86_64\bin\java.exe
0x00007fff0eb50000 - 0x00007fff0ed64000 	C:\WINDOWS\SYSTEM32\ntdll.dll
0x00007fff0de60000 - 0x00007fff0df22000 	C:\WINDOWS\System32\KERNEL32.DLL
0x00007fff0c490000 - 0x00007fff0c82d000 	C:\WINDOWS\System32\KERNELBASE.dll
0x00007fff0bf80000 - 0x00007fff0c091000 	C:\WINDOWS\System32\ucrtbase.dll
0x00007ffee0df0000 - 0x00007ffee0e08000 	c:\Users\tomok\.vscode\extensions\redhat.java-1.12.0-win32-x64\jre\17.0.4.1-win32-x86_64\bin\jli.dll
0x00007ffee0cf0000 - 0x00007ffee0d09000 	c:\Users\tomok\.vscode\extensions\redhat.java-1.12.0-win32-x64\jre\17.0.4.1-win32-x86_64\bin\VCRUNTIME140.dll
0x00007fff0dba0000 - 0x00007fff0dd4d000 	C:\WINDOWS\System32\USER32.dll
0x00007fff0c8b0000 - 0x00007fff0c8d6000 	C:\WINDOWS\System32\win32u.dll
0x00007ffef1590000 - 0x00007ffef181e000 	C:\WINDOWS\WinSxS\amd64_microsoft.windows.common-controls_6595b64144ccf1df_6.0.22621.436_none_a94247dbc10d8414\COMCTL32.dll
0x00007fff0cc70000 - 0x00007fff0cc99000 	C:\WINDOWS\System32\GDI32.dll
0x00007fff0e260000 - 0x00007fff0e307000 	C:\WINDOWS\System32\msvcrt.dll
0x00007fff0c0a0000 - 0x00007fff0c1b2000 	C:\WINDOWS\System32\gdi32full.dll
0x00007fff0c1c0000 - 0x00007fff0c25a000 	C:\WINDOWS\System32\msvcp_win.dll
0x00007fff0e210000 - 0x00007fff0e242000 	C:\WINDOWS\System32\IMM32.DLL
0x00007ffef6720000 - 0x00007ffef672c000 	c:\Users\tomok\.vscode\extensions\redhat.java-1.12.0-win32-x64\jre\17.0.4.1-win32-x86_64\bin\vcruntime140_1.dll
0x00007ffeca000000 - 0x00007ffeca091000 	c:\Users\tomok\.vscode\extensions\redhat.java-1.12.0-win32-x64\jre\17.0.4.1-win32-x86_64\bin\msvcp140.dll
0x00007ffe76890000 - 0x00007ffe774d6000 	c:\Users\tomok\.vscode\extensions\redhat.java-1.12.0-win32-x64\jre\17.0.4.1-win32-x86_64\bin\server\jvm.dll
0x00007fff0df40000 - 0x00007fff0dfee000 	C:\WINDOWS\System32\ADVAPI32.dll
0x00007fff0d580000 - 0x00007fff0d624000 	C:\WINDOWS\System32\sechost.dll
0x00007fff0e010000 - 0x00007fff0e125000 	C:\WINDOWS\System32\RPCRT4.dll
0x00007fff0e250000 - 0x00007fff0e258000 	C:\WINDOWS\System32\PSAPI.DLL
0x00007fff05820000 - 0x00007fff05854000 	C:\WINDOWS\SYSTEM32\WINMM.dll
0x00007ffee6490000 - 0x00007ffee6499000 	C:\WINDOWS\SYSTEM32\WSOCK32.dll
0x00007fff0e310000 - 0x00007fff0e381000 	C:\WINDOWS\System32\WS2_32.dll
0x00007fff04800000 - 0x00007fff0480a000 	C:\WINDOWS\SYSTEM32\VERSION.dll
0x00007fff0b0a0000 - 0x00007fff0b0b8000 	C:\WINDOWS\SYSTEM32\kernel.appcore.dll
0x00007ffeec050000 - 0x00007ffeec05a000 	c:\Users\tomok\.vscode\extensions\redhat.java-1.12.0-win32-x64\jre\17.0.4.1-win32-x86_64\bin\jimage.dll
0x00007ffef6320000 - 0x00007ffef654e000 	C:\WINDOWS\SYSTEM32\DBGHELP.DLL
0x00007fff0e5c0000 - 0x00007fff0e94a000 	C:\WINDOWS\System32\combase.dll
0x00007fff0e130000 - 0x00007fff0e207000 	C:\WINDOWS\System32\OLEAUT32.dll
0x00007ffef5820000 - 0x00007ffef5852000 	C:\WINDOWS\SYSTEM32\dbgcore.DLL
0x00007fff0c830000 - 0x00007fff0c8ab000 	C:\WINDOWS\System32\bcryptPrimitives.dll
0x00007ffee03f0000 - 0x00007ffee0415000 	c:\Users\tomok\.vscode\extensions\redhat.java-1.12.0-win32-x64\jre\17.0.4.1-win32-x86_64\bin\java.dll
0x00007ffedfc20000 - 0x00007ffedfc38000 	c:\Users\tomok\.vscode\extensions\redhat.java-1.12.0-win32-x64\jre\17.0.4.1-win32-x86_64\bin\zip.dll
0x00007fff0cda0000 - 0x00007fff0d580000 	C:\WINDOWS\System32\SHELL32.dll
0x00007fff09f80000 - 0x00007fff0a848000 	C:\WINDOWS\SYSTEM32\windows.storage.dll
0x00007fff09e40000 - 0x00007fff09f7e000 	C:\WINDOWS\SYSTEM32\wintypes.dll
0x00007fff0cca0000 - 0x00007fff0cd91000 	C:\WINDOWS\System32\SHCORE.dll
0x00007fff0e560000 - 0x00007fff0e5be000 	C:\WINDOWS\System32\shlwapi.dll
0x00007fff0beb0000 - 0x00007fff0bed1000 	C:\WINDOWS\SYSTEM32\profapi.dll
0x00007ffedf660000 - 0x00007ffedf679000 	C:\Users\tomok\.vscode\extensions\redhat.java-1.12.0-win32-x64\jre\17.0.4.1-win32-x86_64\bin\net.dll
0x00007fff05430000 - 0x00007fff0555f000 	C:\WINDOWS\SYSTEM32\WINHTTP.dll
0x00007fff0b4f0000 - 0x00007fff0b559000 	C:\WINDOWS\system32\mswsock.dll
0x00007ffedec60000 - 0x00007ffedec75000 	C:\Users\tomok\.vscode\extensions\redhat.java-1.12.0-win32-x64\jre\17.0.4.1-win32-x86_64\bin\nio.dll
0x00007ffeebec0000 - 0x00007ffeebed0000 	c:\Users\tomok\.vscode\extensions\redhat.java-1.12.0-win32-x64\jre\17.0.4.1-win32-x86_64\bin\verify.dll
0x00007ffee8ad0000 - 0x00007ffee8ad9000 	C:\Users\tomok\.vscode\extensions\redhat.java-1.12.0-win32-x64\jre\17.0.4.1-win32-x86_64\bin\management.dll
0x00007ffee8510000 - 0x00007ffee851b000 	C:\Users\tomok\.vscode\extensions\redhat.java-1.12.0-win32-x64\jre\17.0.4.1-win32-x86_64\bin\management_ext.dll
0x00007ffef4bf0000 - 0x00007ffef4c07000 	C:\WINDOWS\system32\napinsp.dll
0x00007ffef4bb0000 - 0x00007ffef4bcb000 	C:\WINDOWS\system32\pnrpnsp.dll
0x00007fff0ab80000 - 0x00007fff0ac72000 	C:\WINDOWS\SYSTEM32\DNSAPI.dll
0x00007fff0ab10000 - 0x00007fff0ab3d000 	C:\WINDOWS\SYSTEM32\IPHLPAPI.DLL
0x00007fff0e390000 - 0x00007fff0e399000 	C:\WINDOWS\System32\NSI.dll
0x00007ffef4b90000 - 0x00007ffef4ba1000 	C:\WINDOWS\System32\winrnr.dll
0x00007ffef4b70000 - 0x00007ffef4b85000 	C:\WINDOWS\system32\wshbth.dll
0x00007ffef4870000 - 0x00007ffef4891000 	C:\WINDOWS\system32\nlansp_c.dll
0x00007fff03940000 - 0x00007fff0394a000 	C:\Windows\System32\rasadhlp.dll
0x00007fff042f0000 - 0x00007fff04373000 	C:\WINDOWS\System32\fwpuclnt.dll
0x00007fff0b730000 - 0x00007fff0b74b000 	C:\WINDOWS\SYSTEM32\CRYPTSP.dll
0x00007fff0b010000 - 0x00007fff0b045000 	C:\WINDOWS\system32\rsaenh.dll
0x00007fff0b590000 - 0x00007fff0b5b8000 	C:\WINDOWS\SYSTEM32\USERENV.dll
0x00007fff0b920000 - 0x00007fff0b948000 	C:\WINDOWS\SYSTEM32\bcrypt.dll
0x00007fff0b6f0000 - 0x00007fff0b6fc000 	C:\WINDOWS\SYSTEM32\CRYPTBASE.dll
0x00007fff05300000 - 0x00007fff05319000 	C:\WINDOWS\SYSTEM32\dhcpcsvc6.DLL
0x00007fff052e0000 - 0x00007fff052ff000 	C:\WINDOWS\SYSTEM32\dhcpcsvc.DLL

dbghelp: loaded successfully - version: 4.0.5 - missing functions: none
symbol engine: initialized successfully - sym options: 0x614 - pdb path: .;c:\Users\tomok\.vscode\extensions\redhat.java-1.12.0-win32-x64\jre\17.0.4.1-win32-x86_64\bin;C:\WINDOWS\SYSTEM32;C:\WINDOWS\WinSxS\amd64_microsoft.windows.common-controls_6595b64144ccf1df_6.0.22621.436_none_a94247dbc10d8414;c:\Users\tomok\.vscode\extensions\redhat.java-1.12.0-win32-x64\jre\17.0.4.1-win32-x86_64\bin\server

VM Arguments:
jvm_args: -Dsts.lsp.client=vscode -Dsts.log.file=/dev/null -XX:TieredStopAtLevel=1 -Xlog:jni+resolve=off -Dspring.config.location=file:c:\Users\tomok\.vscode\extensions\pivotal.vscode-spring-boot-1.40.0\language-server\BOOT-INF\classes\application.properties 
java_command: org.springframework.ide.vscode.boot.app.BootLanguageServerBootApp
java_class_path (initial): c:\Users\tomok\.vscode\extensions\pivotal.vscode-spring-boot-1.40.0\language-server\BOOT-INF\classes;c:\Users\tomok\.vscode\extensions\pivotal.vscode-spring-boot-1.40.0\language-server\BOOT-INF\lib\annotations-23.0.0.jar;c:\Users\tomok\.vscode\extensions\pivotal.vscode-spring-boot-1.40.0\language-server\BOOT-INF\lib\ant-1.10.12.jar;c:\Users\tomok\.vscode\extensions\pivotal.vscode-spring-boot-1.40.0\language-server\BOOT-INF\lib\ant-launcher-1.10.12.jar;c:\Users\tomok\.vscode\extensions\pivotal.vscode-spring-boot-1.40.0\language-server\BOOT-INF\lib\antlr-runtime-3.5.2.jar;c:\Users\tomok\.vscode\extensions\pivotal.vscode-spring-boot-1.40.0\language-server\BOOT-INF\lib\antlr4-4.9.3.jar;c:\Users\tomok\.vscode\extensions\pivotal.vscode-spring-boot-1.40.0\language-server\BOOT-INF\lib\antlr4-runtime-4.9.3.jar;c:\Users\tomok\.vscode\extensions\pivotal.vscode-spring-boot-1.40.0\language-server\BOOT-INF\lib\asm-9.3.jar;c:\Users\tomok\.vscode\extensions\pivotal.vscode-spring-boot-1.40.0\language-server\BOOT-INF\lib\asm-analysis-9.3.jar;c:\Users\tomok\.vscode\extensions\pivotal.vscode-spring-boot-1.40.0\language-server\BOOT-INF\lib\asm-tree-9.3.jar;c:\Users\tomok\.vscode\extensions\pivotal.vscode-spring-boot-1.40.0\language-server\BOOT-INF\lib\asm-util-9.3.jar;c:\Users\tomok\.vscode\extensions\pivotal.vscode-spring-boot-1.40.0\language-server\BOOT-INF\lib\byte-buddy-1.12.13.jar;c:\Users\tomok\.vscode\extensions\pivotal.vscode-spring-boot-1.40.0\language-server\BOOT-INF\lib\caffeine-2.9.3.jar;c:\Users\tomok\.vscode\extensions\pivotal.vscode-spring-boot-1.40.0\language-server\BOOT-INF\lib\checker-qual-3.12.0.jar;c:\Users\tomok\.vscode\extensions\pivotal.vscode-spring-boot-1.40.0\language-server\BOOT-INF\lib\classgraph-4.8.149.jar;c:\Users\tomok\.vscode\extensions\pivotal.vscode-spring-boot-1.40.0\language-server\BOOT-INF\lib\commons-codec-1.15.jar;c:\Users\tomok\.vscode\extensions\pivotal.vscode-spring-boot-1.40.0\language-server\BOOT-INF\lib\commons-c
Launcher Type: SUN_STANDARD

[Global flags]
     intx CICompilerCount                          = 4                                         {product} {ergonomic}
     uint ConcGCThreads                            = 2                                         {product} {ergonomic}
     uint G1ConcRefinementThreads                  = 8                                         {product} {ergonomic}
   size_t G1HeapRegionSize                         = 4194304                                   {product} {ergonomic}
    uintx GCDrainStackTargetSize                   = 64                                        {product} {ergonomic}
   size_t InitialHeapSize                          = 536870912                                 {product} {ergonomic}
   size_t MarkStackSize                            = 4194304                                   {product} {ergonomic}
   size_t MaxHeapSize                              = 8577351680                                {product} {ergonomic}
   size_t MaxNewSize                               = 5146411008                                {product} {ergonomic}
   size_t MinHeapDeltaBytes                        = 4194304                                   {product} {ergonomic}
   size_t MinHeapSize                              = 8388608                                   {product} {ergonomic}
    uintx NonProfiledCodeHeapSize                  = 0                                      {pd product} {ergonomic}
     bool ProfileInterpreter                       = false                                  {pd product} {command line}
    uintx ProfiledCodeHeapSize                     = 0                                      {pd product} {ergonomic}
   size_t SoftMaxHeapSize                          = 8577351680                             {manageable} {ergonomic}
     intx TieredStopAtLevel                        = 1                                         {product} {command line}
     bool UseCompressedClassPointers               = true                           {product lp64_product} {ergonomic}
     bool UseCompressedOops                        = true                           {product lp64_product} {ergonomic}
     bool UseG1GC                                  = true                                      {product} {ergonomic}
     bool UseLargePagesIndividualAllocation        = false                                  {pd product} {ergonomic}

Logging:
Log output configuration:
 #0: stdout all=warning,jni+resolve=off uptime,level,tags
 #1: stderr all=off uptime,level,tags

Environment Variables:
JAVA_HOME=C:\Program Files\AdoptOpenJDK\jdk-11.0.10.9-hotspot
PATH=C:\Users\tomok\AppData\Local\cloud-code\installer\google-cloud-sdk\bin;C:\Program Files\Common Files\Oracle\Java\javapath;C:\Program Files\NVIDIA GPU Computing Toolkit\CUDA\v11.2\bin;C:\Program Files\NVIDIA GPU Computing Toolkit\CUDA\v11.2\libnvvp;C:\Program Files\AdoptOpenJDK\jdk-11.0.10.9-hotspot\bin;C:\Program Files (x86)\Common Files\Oracle\Java\javapath;C:\Windows\system32;C:\Windows;C:\Windows\System32\Wbem;C:\Users\tomok\AppData\Local\Programs\Python\Python310;C:\Windows\System32\WindowsPowerShell\v1.0\;C:\Windows\System32\OpenSSH\;C:\Program Files (x86)\Intel\Intel(R) Management Engine Components\DAL;C:\Program Files\Intel\Intel(R) Management Engine Components\DAL;C:\Program Files (x86)\NVIDIA Corporation\PhysX\Common;C:\Program Files\Microsoft SQL Server\130\Tools\Binn\;C:\xampp\mysql\bin;C:\Program Files (x86)\sbt\bin;C:\Program Files (x86)\scala\bin;C:\WINDOWS\system32;C:\WINDOWS;C:\WINDOWS\System32\Wbem;C:\WINDOWS\System32\WindowsPowerShell\v1.0\;C:\WINDOWS\System32\OpenSSH\;C:\Program Files\Calibre2\;C:\Program Files\MongoDB\Server\4.4\bin;C:\apache-maven-3.6.3-bin\apache-maven-3.6.3\bin;C:\xampp\php;C:\Program Files\Graphviz\bin;C:\Anaconda3;C:\Anaconda3\Library\bin;C:\Anaconda3\Scripts;C:\Program Files\NVIDIA Corporation\NVIDIA NvDLISR;C:\Program Files\NVIDIA Corporation\Nsight Compute 2020.3.0\;C:\Program Files\dotnet\;C:\Program Files\Microsoft SQL Server\Client SDK\ODBC\170\Tools\Binn\;C:\composer;C:\WINDOWS\system32;C:\WINDOWS;C:\WINDOWS\System32\Wbem;C:\WINDOWS\System32\WindowsPowerShell\v1.0\;C:\WINDOWS\System32\OpenSSH\;C:\ProgramData\ComposerSetup\bin;C:\Program Files\nodejs\;C:\ProgramData\chocolatey\bin;D:\Applications\chromedriver_win32;C:\Program Files\Docker\Docker\resources\bin;C:\ProgramData\DockerDesktop\version-bin;C:\Program Files\PowerShell\7\;C:\Users\tomok\AppData\Local\Microsoft\WindowsApps;C:\Program Files\JetBrains\IntelliJ IDEA Community Edition 2019.3\bin;C:\Users\tomok\.dotnet\tools;C:\Users\tomok\AppData\Local\Microsoft\W
USERNAME=tomok
OS=Windows_NT
PROCESSOR_IDENTIFIER=Intel64 Family 6 Model 158 Stepping 13, GenuineIntel
TMP=C:\Users\tomok\AppData\Local\Temp
TEMP=C:\Users\tomok\AppData\Local\Temp



---------------  S Y S T E M  ---------------

OS:
 Windows 11 , 64 bit Build 22621 (10.0.22621.891)
OS uptime: 7 days 4:05 hours
Hyper-V role detected

CPU: total 8 (initial active 8) (8 cores per cpu, 1 threads per core) family 6 model 158 stepping 13 microcode 0xde, cx8, cmov, fxsr, mmx, 3dnowpref, sse, sse2, sse3, ssse3, sse4.1, sse4.2, popcnt, lzcnt, tsc, tscinvbit, avx, avx2, aes, erms, clmul, bmi1, bmi2, adx, fma, vzeroupper, clflush, clflushopt, hv

Memory: 4k page, system-wide physical 32709M (11814M free)
TotalPageFile size 131013M (AvailPageFile size 731M)
current process WorkingSet (physical memory assigned to process): 776M, peak: 776M
current process commit charge ("private bytes"): 799M, peak: 1703M

vm_info: OpenJDK 64-Bit Server VM (17.0.4.1+1) for windows-amd64 JRE (17.0.4.1+1), built on Aug 17 2022 07:42:43 by "temurin" with MS VC++ 16.7 (VS2019)

END.
