#
# There is insufficient memory for the Java Runtime Environment to continue.
# Native memory allocation (mmap) failed to map 880803840 bytes for G1 virtual space
# Possible reasons:
#   The system is out of physical RAM or swap space
#   The process is running with CompressedOops enabled, and the Java Heap may be blocking the growth of the native heap
# Possible solutions:
#   Reduce memory load on the system
#   Increase physical memory or swap space
#   Check if swap backing store is full
#   Decrease Java heap size (-Xmx/-Xms)
#   Decrease number of Java threads
#   Decrease Java thread stack sizes (-Xss)
#   Set larger code cache with -XX:ReservedCodeCacheSize=
#   JVM is running with Zero Based Compressed Oops mode in which the Java heap is
#     placed in the first 32GB address space. The Java Heap base address is the
#     maximum limit for the native heap growth. Please use -XX:HeapBaseMinAddress
#     to set the Java Heap base and to place the Java Heap above 32GB virtual address.
# This output file may be truncated or incomplete.
#
#  Out of Memory Error (os_windows.cpp:3541), pid=9556, tid=33232
#
# JRE version: OpenJDK Runtime Environment Temurin-17.0.4.1+1 (17.0.4.1+1) (build 17.0.4.1+1)
# Java VM: OpenJDK 64-Bit Server VM Temurin-17.0.4.1+1 (17.0.4.1+1, mixed mode, emulated-client, tiered, compressed oops, compressed class ptrs, g1 gc, windows-amd64)
# No core dump will be written. Minidumps are not enabled by default on client versions of Windows
#

---------------  S U M M A R Y ------------

Command Line: -Dsts.lsp.client=vscode -Dsts.log.file=/dev/null -XX:TieredStopAtLevel=1 -Xlog:jni+resolve=off -Dspring.config.location=file:c:\Users\tomok\.vscode\extensions\pivotal.vscode-spring-boot-1.40.0\language-server\BOOT-INF\classes\application.properties org.springframework.ide.vscode.boot.app.BootLanguageServerBootApp

Host: Intel(R) Core(TM) i7-9700K CPU @ 3.60GHz, 8 cores, 31G,  Windows 11 , 64 bit Build 22621 (10.0.22621.891)
Time: Tue Nov 22 11:58:46 2022  Windows 11 , 64 bit Build 22621 (10.0.22621.891) elapsed time: 3.338956 seconds (0d 0h 0m 3s)

---------------  T H R E A D  ---------------

Current thread (0x000001f8c375a870):  VMThread "VM Thread" [stack: 0x000000942b600000,0x000000942b700000] [id=33232]

Stack: [0x000000942b600000,0x000000942b700000]
Native frames: (J=compiled Java code, j=interpreted, Vv=VM code, C=native code)
V  [jvm.dll+0x67731a]
V  [jvm.dll+0x832284]
V  [jvm.dll+0x833a2e]
V  [jvm.dll+0x834093]
V  [jvm.dll+0x245775]
V  [jvm.dll+0x674209]
V  [jvm.dll+0x668a92]
V  [jvm.dll+0x30471b]
V  [jvm.dll+0x30bc66]
V  [jvm.dll+0x35ba9e]
V  [jvm.dll+0x35bccf]
V  [jvm.dll+0x2db5b8]
V  [jvm.dll+0x2d986c]
V  [jvm.dll+0x2d8e3c]
V  [jvm.dll+0x31cd9b]
V  [jvm.dll+0x83853b]
V  [jvm.dll+0x839274]
V  [jvm.dll+0x83978c]
V  [jvm.dll+0x839b64]
V  [jvm.dll+0x839c30]
V  [jvm.dll+0x7e240a]
V  [jvm.dll+0x6761a5]
C  [ucrtbase.dll+0x29363]
C  [KERNEL32.DLL+0x1244d]
C  [ntdll.dll+0x5dfb8]

VM_Operation (0x000000942e2feba0): G1CollectForAllocation, mode: safepoint, requested by thread 0x000001f8c6055bf0


---------------  P R O C E S S  ---------------

Threads class SMR info:
_java_thread_list=0x000001f8c6059c60, length=46, elements={
0x000001f8c3f85390, 0x000001f8c3f865f0, 0x000001f8c377e280, 0x000001f8c3fafa30,
0x000001f8c3faff00, 0x000001f8c3fb0f60, 0x000001f8c3fb3830, 0x000001f8c3fb7160,
0x000001f8c3f701b0, 0x000001f8c41fff20, 0x000001f8c4204420, 0x000001f8c53fe030,
0x000001f8c54ef940, 0x000001f8c5c7ebc0, 0x000001f8c5df6430, 0x000001f8c5dc33d0,
0x000001f8a86a86f0, 0x000001f8c5ef9760, 0x000001f8c5f1e580, 0x000001f8c5f3c040,
0x000001f8c5f42ef0, 0x000001f8c5f55890, 0x000001f8c5f73f80, 0x000001f8c5f53e90,
0x000001f8c5f52680, 0x000001f8c5f52b50, 0x000001f8c5f539c0, 0x000001f8c5f53020,
0x000001f8c5f534f0, 0x000001f8c6055250, 0x000001f8c60578d0, 0x000001f8c6050a20,
0x000001f8c6054d80, 0x000001f8c6055720, 0x000001f8c6050550, 0x000001f8c6055bf0,
0x000001f8c60513c0, 0x000001f8c6056a60, 0x000001f8c60560c0, 0x000001f8c6051d60,
0x000001f8c6052700, 0x000001f8c60543e0, 0x000001f8c6051890, 0x000001f8c6056590,
0x000001f8c6052230, 0x000001f8c6057da0
}

Java Threads: ( => current thread )
  0x000001f8c3f85390 JavaThread "Reference Handler" daemon [_thread_blocked, id=30876, stack(0x000000942b700000,0x000000942b800000)]
  0x000001f8c3f865f0 JavaThread "Finalizer" daemon [_thread_blocked, id=1284, stack(0x000000942b800000,0x000000942b900000)]
  0x000001f8c377e280 JavaThread "Signal Dispatcher" daemon [_thread_blocked, id=30740, stack(0x000000942b900000,0x000000942ba00000)]
  0x000001f8c3fafa30 JavaThread "Attach Listener" daemon [_thread_blocked, id=27020, stack(0x000000942ba00000,0x000000942bb00000)]
  0x000001f8c3faff00 JavaThread "Service Thread" daemon [_thread_blocked, id=30132, stack(0x000000942bb00000,0x000000942bc00000)]
  0x000001f8c3fb0f60 JavaThread "Monitor Deflation Thread" daemon [_thread_blocked, id=38360, stack(0x000000942bc00000,0x000000942bd00000)]
  0x000001f8c3fb3830 JavaThread "C1 CompilerThread0" daemon [_thread_blocked, id=33088, stack(0x000000942bd00000,0x000000942be00000)]
  0x000001f8c3fb7160 JavaThread "Sweeper thread" daemon [_thread_blocked, id=4536, stack(0x000000942be00000,0x000000942bf00000)]
  0x000001f8c3f701b0 JavaThread "C1 CompilerThread1" daemon [_thread_blocked, id=35424, stack(0x000000942bf00000,0x000000942c000000)]
  0x000001f8c41fff20 JavaThread "Notification Thread" daemon [_thread_blocked, id=8584, stack(0x000000942c000000,0x000000942c100000)]
  0x000001f8c4204420 JavaThread "Common-Cleaner" daemon [_thread_blocked, id=11684, stack(0x000000942c200000,0x000000942c300000)]
  0x000001f8c53fe030 JavaThread "C1 CompilerThread2" daemon [_thread_blocked, id=29736, stack(0x000000942c300000,0x000000942c400000)]
  0x000001f8c54ef940 JavaThread "C1 CompilerThread3" daemon [_thread_blocked, id=8304, stack(0x000000942c400000,0x000000942c500000)]
  0x000001f8c5c7ebc0 JavaThread "boundedElastic-evictor-1" daemon [_thread_blocked, id=36200, stack(0x000000942cc00000,0x000000942cd00000)]
  0x000001f8c5df6430 JavaThread "pool-9-thread-1" [_thread_blocked, id=15196, stack(0x000000942ce00000,0x000000942cf00000)]
  0x000001f8c5dc33d0 JavaThread "LanguageServerApp-lifecycle" [_thread_blocked, id=28604, stack(0x000000942cf00000,0x000000942d000000)]
  0x000001f8a86a86f0 JavaThread "DestroyJavaVM" [_thread_blocked, id=26052, stack(0x000000942b000000,0x000000942b100000)]
  0x000001f8c5ef9760 JavaThread "pool-10-thread-1" [_thread_in_native, id=33948, stack(0x000000942d000000,0x000000942d100000)]
  0x000001f8c5f1e580 JavaThread "Simple-Language-Server main thread" daemon [_thread_blocked, id=38748, stack(0x000000942d100000,0x000000942d200000)]
  0x000001f8c5f3c040 JavaThread "ForkJoinPool.commonPool-worker-1" daemon [_thread_blocked, id=23152, stack(0x000000942d200000,0x000000942d300000)]
  0x000001f8c5f42ef0 JavaThread "pool-7-thread-1" [_thread_blocked, id=6640, stack(0x000000942d300000,0x000000942d400000)]
  0x000001f8c5f55890 JavaThread "parallel-1" daemon [_thread_blocked, id=2608, stack(0x000000942d400000,0x000000942d500000)]
  0x000001f8c5f73f80 JavaThread "parallel-2" daemon [_thread_blocked, id=25584, stack(0x000000942d500000,0x000000942d600000)]
  0x000001f8c5f53e90 JavaThread "pool-4-thread-1" [_thread_blocked, id=31388, stack(0x000000942d600000,0x000000942d700000)]
  0x000001f8c5f52680 JavaThread "ClassGraph-worker-0" daemon [_thread_blocked, id=4904, stack(0x000000942d700000,0x000000942d800000)]
  0x000001f8c5f52b50 JavaThread "ClassGraph-worker-1" daemon [_thread_blocked, id=13956, stack(0x000000942d800000,0x000000942d900000)]
  0x000001f8c5f539c0 JavaThread "ClassGraph-worker-2" daemon [_thread_blocked, id=26564, stack(0x000000942d900000,0x000000942da00000)]
  0x000001f8c5f53020 JavaThread "ClassGraph-worker-3" daemon [_thread_blocked, id=30280, stack(0x000000942da00000,0x000000942db00000)]
  0x000001f8c5f534f0 JavaThread "ClassGraph-worker-4" daemon [_thread_blocked, id=16056, stack(0x000000942db00000,0x000000942dc00000)]
  0x000001f8c6055250 JavaThread "ClassGraph-worker-5" daemon [_thread_blocked, id=20220, stack(0x000000942dc00000,0x000000942dd00000)]
  0x000001f8c60578d0 JavaThread "ClassGraph-worker-6" daemon [_thread_blocked, id=25500, stack(0x000000942dd00000,0x000000942de00000)]
  0x000001f8c6050a20 JavaThread "ClassGraph-worker-7" daemon [_thread_blocked, id=25376, stack(0x000000942de00000,0x000000942df00000)]
  0x000001f8c6054d80 JavaThread "ClassGraph-worker-8" daemon [_thread_blocked, id=2640, stack(0x000000942df00000,0x000000942e000000)]
  0x000001f8c6055720 JavaThread "ClassGraph-worker-9" daemon [_thread_blocked, id=25252, stack(0x000000942e000000,0x000000942e100000)]
  0x000001f8c6050550 JavaThread "ClassGraph-worker-10" daemon [_thread_blocked, id=28160, stack(0x000000942e100000,0x000000942e200000)]
  0x000001f8c6055bf0 JavaThread "ClassGraph-worker-11" daemon [_thread_blocked, id=27316, stack(0x000000942e200000,0x000000942e300000)]
  0x000001f8c60513c0 JavaThread "ClassGraph-worker-12" daemon [_thread_blocked, id=17200, stack(0x000000942e300000,0x000000942e400000)]
  0x000001f8c6056a60 JavaThread "ClassGraph-worker-13" daemon [_thread_blocked, id=34944, stack(0x000000942e400000,0x000000942e500000)]
  0x000001f8c60560c0 JavaThread "parallel-3" daemon [_thread_blocked, id=32668, stack(0x000000942e500000,0x000000942e600000)]
  0x000001f8c6051d60 JavaThread "Reconciler-1" daemon [_thread_blocked, id=34120, stack(0x000000942e600000,0x000000942e700000)]
  0x000001f8c6052700 JavaThread "pool-4-thread-2" [_thread_blocked, id=31688, stack(0x000000942e700000,0x000000942e800000)]
  0x000001f8c60543e0 JavaThread "pool-5-thread-1" [_thread_blocked, id=37748, stack(0x000000942e800000,0x000000942e900000)]
  0x000001f8c6051890 JavaThread "parallel-4" daemon [_thread_blocked, id=27764, stack(0x000000942e900000,0x000000942ea00000)]
  0x000001f8c6056590 JavaThread "parallel-5" daemon [_thread_blocked, id=984, stack(0x000000942ea00000,0x000000942eb00000)]
  0x000001f8c6052230 JavaThread "Project-Reconciler-1" daemon [_thread_blocked, id=17500, stack(0x000000942eb00000,0x000000942ec00000)]
  0x000001f8c6057da0 JavaThread "Project-Reconciler-2" daemon [_thread_blocked, id=23920, stack(0x000000942ec00000,0x000000942ed00000)]

Other Threads:
=>0x000001f8c375a870 VMThread "VM Thread" [stack: 0x000000942b600000,0x000000942b700000] [id=33232]
  0x000001f8a876cd20 WatcherThread [stack: 0x000000942c100000,0x000000942c200000] [id=30020]
  0x000001f8a87571d0 GCTaskThread "GC Thread#0" [stack: 0x000000942b100000,0x000000942b200000] [id=22552]
  0x000001f8c554eb30 GCTaskThread "GC Thread#1" [stack: 0x000000942c500000,0x000000942c600000] [id=33440]
  0x000001f8c554ede0 GCTaskThread "GC Thread#2" [stack: 0x000000942c600000,0x000000942c700000] [id=15216]
  0x000001f8c554f090 GCTaskThread "GC Thread#3" [stack: 0x000000942c700000,0x000000942c800000] [id=37176]
  0x000001f8c553fa70 GCTaskThread "GC Thread#4" [stack: 0x000000942c800000,0x000000942c900000] [id=32704]
  0x000001f8c5540120 GCTaskThread "GC Thread#5" [stack: 0x000000942c900000,0x000000942ca00000] [id=26080]
  0x000001f8c5539eb0 GCTaskThread "GC Thread#6" [stack: 0x000000942ca00000,0x000000942cb00000] [id=15504]
  0x000001f8c553a560 GCTaskThread "GC Thread#7" [stack: 0x000000942cb00000,0x000000942cc00000] [id=17312]
  0x000001f8a8768200 ConcurrentGCThread "G1 Main Marker" [stack: 0x000000942b200000,0x000000942b300000] [id=32112]
  0x000001f8a8768c10 ConcurrentGCThread "G1 Conc#0" [stack: 0x000000942b300000,0x000000942b400000] [id=33180]
  0x000001f8c58afba0 ConcurrentGCThread "G1 Conc#1" [stack: 0x000000942cd00000,0x000000942ce00000] [id=10296]
  0x000001f8a876eb30 ConcurrentGCThread "G1 Refine#0" [stack: 0x000000942b400000,0x000000942b500000] [id=20912]
  0x000001f8c89548d0 ConcurrentGCThread "G1 Refine#1" [stack: 0x000000942ed00000,0x000000942ee00000] [id=11692]
  0x000001f8c89fdfc0 ConcurrentGCThread "G1 Refine#2" [stack: 0x000000942ee00000,0x000000942ef00000] [id=13584]
  0x000001f8c89fe560 ConcurrentGCThread "G1 Refine#3" [stack: 0x000000942ef00000,0x000000942f000000] [id=17672]
  0x000001f8c3658240 ConcurrentGCThread "G1 Service" [stack: 0x000000942b500000,0x000000942b600000] [id=19140]

Threads with active compile tasks:

VM state: at safepoint (normal execution)

VM Mutex/Monitor currently owned by a thread:  ([mutex/lock_event])
[0x000001f8a65adad0] Threads_lock - owner thread: 0x000001f8c375a870
[0x000001f8a86a50c0] Heap_lock - owner thread: 0x000001f8c6055bf0

Heap address: 0x0000000600c00000, size: 8180 MB, Compressed Oops mode: Zero based, Oop shift amount: 3

CDS archive(s) not mapped
Compressed class space mapped at: 0x0000000800000000-0x0000000840000000, reserved size: 1073741824
Narrow klass base: 0x0000000800000000, Narrow klass shift: 0, Narrow klass range: 0x40000000

GC Precious Log:
 CPUs: 8 total, 8 available
 Memory: 32709M
 Large Page Support: Disabled
 NUMA Support: Disabled
 Compressed Oops: Enabled (Zero based)
 Heap Region Size: 4M
 Heap Min Capacity: 8M
 Heap Initial Capacity: 512M
 Heap Max Capacity: 8180M
 Pre-touch: Disabled
 Parallel Workers: 8
 Concurrent Workers: 2
 Concurrent Refinement Workers: 8
 Periodic GC: Disabled

Heap:
 garbage-first heap   total 618496K, used 142307K [0x0000000600c00000, 0x0000000800000000)
  region size 4096K, 10 young (40960K), 10 survivors (40960K)
 Metaspace       used 39151K, committed 39488K, reserved 1089536K
  class space    used 4952K, committed 5120K, reserved 1048576K

Heap Regions: E=young(eden), S=young(survivor), O=old, HS=humongous(starts), HC=humongous(continues), CS=collection set, F=free, OA=open archive, CA=closed archive, TAMS=top-at-mark-start (previous, next)
|   0|0x0000000600c00000, 0x0000000601000000, 0x0000000601000000|100%| O|  |TAMS 0x0000000601000000, 0x0000000600c00000| Untracked 
|   1|0x0000000601000000, 0x00000006013bd000, 0x0000000601400000| 93%| O|  |TAMS 0x00000006013bd000, 0x0000000601000000| Untracked 
|   2|0x0000000601400000, 0x0000000601800000, 0x0000000601800000|100%| O|  |TAMS 0x0000000601800000, 0x0000000601400000| Untracked 
|   3|0x0000000601800000, 0x0000000601c00000, 0x0000000601c00000|100%| O|  |TAMS 0x0000000601c00000, 0x0000000601800000| Untracked 
|   4|0x0000000601c00000, 0x0000000602000000, 0x0000000602000000|100%| O|  |TAMS 0x0000000601cca600, 0x0000000601c00000| Untracked 
|   5|0x0000000602000000, 0x0000000602400000, 0x0000000602400000|100%| O|  |TAMS 0x0000000602000000, 0x0000000602000000| Untracked 
|   6|0x0000000602400000, 0x0000000602800000, 0x0000000602800000|100%| O|  |TAMS 0x0000000602400000, 0x0000000602400000| Untracked 
|   7|0x0000000602800000, 0x0000000602c00000, 0x0000000602c00000|100%| O|  |TAMS 0x0000000602800000, 0x0000000602800000| Untracked 
|   8|0x0000000602c00000, 0x0000000603000000, 0x0000000603000000|100%| O|  |TAMS 0x0000000602c00000, 0x0000000602c00000| Untracked 
|   9|0x0000000603000000, 0x0000000603400000, 0x0000000603400000|100%| O|  |TAMS 0x0000000603000000, 0x0000000603000000| Untracked 
|  10|0x0000000603400000, 0x0000000603800000, 0x0000000603800000|100%| O|  |TAMS 0x0000000603400000, 0x0000000603400000| Untracked 
|  11|0x0000000603800000, 0x0000000603c00000, 0x0000000603c00000|100%| O|  |TAMS 0x0000000603800000, 0x0000000603800000| Untracked 
|  12|0x0000000603c00000, 0x0000000604000000, 0x0000000604000000|100%| O|  |TAMS 0x0000000603c00000, 0x0000000603c00000| Untracked 
|  13|0x0000000604000000, 0x0000000604400000, 0x0000000604400000|100%| O|  |TAMS 0x0000000604000000, 0x0000000604000000| Untracked 
|  14|0x0000000604400000, 0x0000000604800000, 0x0000000604800000|100%| O|  |TAMS 0x0000000604400000, 0x0000000604400000| Untracked 
|  15|0x0000000604800000, 0x0000000604c00000, 0x0000000604c00000|100%| O|  |TAMS 0x0000000604800000, 0x0000000604800000| Untracked 
|  16|0x0000000604c00000, 0x0000000605000000, 0x0000000605000000|100%| O|  |TAMS 0x0000000604c00000, 0x0000000604c00000| Untracked 
|  17|0x0000000605000000, 0x0000000605400000, 0x0000000605400000|100%| O|  |TAMS 0x0000000605000000, 0x0000000605000000| Untracked 
|  18|0x0000000605400000, 0x0000000605800000, 0x0000000605800000|100%| O|  |TAMS 0x0000000605400000, 0x0000000605400000| Untracked 
|  19|0x0000000605800000, 0x0000000605c00000, 0x0000000605c00000|100%| O|  |TAMS 0x0000000605800000, 0x0000000605800000| Untracked 
|  20|0x0000000605c00000, 0x0000000606000000, 0x0000000606000000|100%| O|  |TAMS 0x0000000605c00000, 0x0000000605c00000| Untracked 
|  21|0x0000000606000000, 0x0000000606400000, 0x0000000606400000|100%| O|  |TAMS 0x0000000606000000, 0x0000000606000000| Untracked 
|  22|0x0000000606400000, 0x0000000606800000, 0x0000000606800000|100%| O|  |TAMS 0x0000000606400000, 0x0000000606400000| Untracked 
|  23|0x0000000606800000, 0x0000000606c00000, 0x0000000606c00000|100%| O|  |TAMS 0x0000000606800000, 0x0000000606800000| Untracked 
|  24|0x0000000606c00000, 0x0000000607000000, 0x0000000607000000|100%| O|  |TAMS 0x0000000606c00000, 0x0000000606c00000| Untracked 
|  25|0x0000000607000000, 0x00000006071b3e00, 0x0000000607400000| 42%| O|  |TAMS 0x0000000607000000, 0x0000000607000000| Untracked 
|  26|0x0000000607400000, 0x0000000607400000, 0x0000000607800000|  0%| F|  |TAMS 0x0000000607400000, 0x0000000607400000| Untracked 
|  27|0x0000000607800000, 0x0000000607800000, 0x0000000607c00000|  0%| F|  |TAMS 0x0000000607800000, 0x0000000607800000| Untracked 
|  28|0x0000000607c00000, 0x0000000607c00000, 0x0000000608000000|  0%| F|  |TAMS 0x0000000607c00000, 0x0000000607c00000| Untracked 
|  29|0x0000000608000000, 0x0000000608000000, 0x0000000608400000|  0%| F|  |TAMS 0x0000000608000000, 0x0000000608000000| Untracked 
|  30|0x0000000608400000, 0x0000000608400000, 0x0000000608800000|  0%| F|  |TAMS 0x0000000608400000, 0x0000000608400000| Untracked 
|  31|0x0000000608800000, 0x0000000608800000, 0x0000000608c00000|  0%| F|  |TAMS 0x0000000608800000, 0x0000000608800000| Untracked 
|  32|0x0000000608c00000, 0x0000000608c00000, 0x0000000609000000|  0%| F|  |TAMS 0x0000000608c00000, 0x0000000608c00000| Untracked 
|  33|0x0000000609000000, 0x0000000609000000, 0x0000000609400000|  0%| F|  |TAMS 0x0000000609000000, 0x0000000609000000| Untracked 
|  34|0x0000000609400000, 0x0000000609400000, 0x0000000609800000|  0%| F|  |TAMS 0x0000000609400000, 0x0000000609400000| Untracked 
|  35|0x0000000609800000, 0x0000000609800000, 0x0000000609c00000|  0%| F|  |TAMS 0x0000000609800000, 0x0000000609800000| Untracked 
|  36|0x0000000609c00000, 0x0000000609c00000, 0x000000060a000000|  0%| F|  |TAMS 0x0000000609c00000, 0x0000000609c00000| Untracked 
|  37|0x000000060a000000, 0x000000060a000000, 0x000000060a400000|  0%| F|  |TAMS 0x000000060a000000, 0x000000060a000000| Untracked 
|  38|0x000000060a400000, 0x000000060a400000, 0x000000060a800000|  0%| F|  |TAMS 0x000000060a400000, 0x000000060a400000| Untracked 
|  39|0x000000060a800000, 0x000000060a800000, 0x000000060ac00000|  0%| F|  |TAMS 0x000000060a800000, 0x000000060a800000| Untracked 
|  40|0x000000060ac00000, 0x000000060ac00000, 0x000000060b000000|  0%| F|  |TAMS 0x000000060ac00000, 0x000000060ac00000| Untracked 
|  41|0x000000060b000000, 0x000000060b000000, 0x000000060b400000|  0%| F|  |TAMS 0x000000060b000000, 0x000000060b000000| Untracked 
|  42|0x000000060b400000, 0x000000060b400000, 0x000000060b800000|  0%| F|  |TAMS 0x000000060b400000, 0x000000060b400000| Untracked 
|  43|0x000000060b800000, 0x000000060b800000, 0x000000060bc00000|  0%| F|  |TAMS 0x000000060b800000, 0x000000060b800000| Untracked 
|  44|0x000000060bc00000, 0x000000060bc00000, 0x000000060c000000|  0%| F|  |TAMS 0x000000060bc00000, 0x000000060bc00000| Untracked 
|  45|0x000000060c000000, 0x000000060c000000, 0x000000060c400000|  0%| F|  |TAMS 0x000000060c000000, 0x000000060c000000| Untracked 
|  46|0x000000060c400000, 0x000000060c400000, 0x000000060c800000|  0%| F|  |TAMS 0x000000060c400000, 0x000000060c400000| Untracked 
|  47|0x000000060c800000, 0x000000060c800000, 0x000000060cc00000|  0%| F|  |TAMS 0x000000060c800000, 0x000000060c800000| Untracked 
|  48|0x000000060cc00000, 0x000000060cc00000, 0x000000060d000000|  0%| F|  |TAMS 0x000000060cc00000, 0x000000060cc00000| Untracked 
|  49|0x000000060d000000, 0x000000060d000000, 0x000000060d400000|  0%| F|  |TAMS 0x000000060d000000, 0x000000060d000000| Untracked 
|  50|0x000000060d400000, 0x000000060d400000, 0x000000060d800000|  0%| F|  |TAMS 0x000000060d400000, 0x000000060d400000| Untracked 
|  51|0x000000060d800000, 0x000000060d988070, 0x000000060dc00000| 38%| S|CS|TAMS 0x000000060d800000, 0x000000060d800000| Complete 
|  52|0x000000060dc00000, 0x000000060e000000, 0x000000060e000000|100%| S|CS|TAMS 0x000000060dc00000, 0x000000060dc00000| Complete 
|  53|0x000000060e000000, 0x000000060e400000, 0x000000060e400000|100%| S|CS|TAMS 0x000000060e000000, 0x000000060e000000| Complete 
|  54|0x000000060e400000, 0x000000060e800000, 0x000000060e800000|100%| S|CS|TAMS 0x000000060e400000, 0x000000060e400000| Complete 
|  55|0x000000060e800000, 0x000000060ec00000, 0x000000060ec00000|100%| S|CS|TAMS 0x000000060e800000, 0x000000060e800000| Complete 
|  56|0x000000060ec00000, 0x000000060f000000, 0x000000060f000000|100%| S|CS|TAMS 0x000000060ec00000, 0x000000060ec00000| Complete 
|  57|0x000000060f000000, 0x000000060f400000, 0x000000060f400000|100%| S|CS|TAMS 0x000000060f000000, 0x000000060f000000| Complete 
|  58|0x000000060f400000, 0x000000060f400000, 0x000000060f800000|  0%| F|  |TAMS 0x000000060f400000, 0x000000060f400000| Untracked 
|  59|0x000000060f800000, 0x000000060f800000, 0x000000060fc00000|  0%| F|  |TAMS 0x000000060f800000, 0x000000060f800000| Untracked 
|  60|0x000000060fc00000, 0x000000060fc00000, 0x0000000610000000|  0%| F|  |TAMS 0x000000060fc00000, 0x000000060fc00000| Untracked 
|  61|0x0000000610000000, 0x0000000610000000, 0x0000000610400000|  0%| F|  |TAMS 0x0000000610000000, 0x0000000610000000| Untracked 
|  62|0x0000000610400000, 0x0000000610400000, 0x0000000610800000|  0%| F|  |TAMS 0x0000000610400000, 0x0000000610400000| Untracked 
|  63|0x0000000610800000, 0x0000000610800000, 0x0000000610c00000|  0%| F|  |TAMS 0x0000000610800000, 0x0000000610800000| Untracked 
|  64|0x0000000610c00000, 0x0000000610c00000, 0x0000000611000000|  0%| F|  |TAMS 0x0000000610c00000, 0x0000000610c00000| Untracked 
|  65|0x0000000611000000, 0x0000000611400000, 0x0000000611400000|100%| S|CS|TAMS 0x0000000611000000, 0x0000000611000000| Complete 
|  66|0x0000000611400000, 0x0000000611800000, 0x0000000611800000|100%| S|CS|TAMS 0x0000000611400000, 0x0000000611400000| Complete 
|  67|0x0000000611800000, 0x0000000611c00000, 0x0000000611c00000|100%| S|CS|TAMS 0x0000000611800000, 0x0000000611800000| Complete 
|  68|0x0000000611c00000, 0x0000000611c00000, 0x0000000612000000|  0%| F|  |TAMS 0x0000000611c00000, 0x0000000611c00000| Untracked 
|  69|0x0000000612000000, 0x0000000612000000, 0x0000000612400000|  0%| F|  |TAMS 0x0000000612000000, 0x0000000612000000| Untracked 
|  70|0x0000000612400000, 0x0000000612400000, 0x0000000612800000|  0%| F|  |TAMS 0x0000000612400000, 0x0000000612400000| Untracked 
|  71|0x0000000612800000, 0x0000000612800000, 0x0000000612c00000|  0%| F|  |TAMS 0x0000000612800000, 0x0000000612800000| Untracked 
|  72|0x0000000612c00000, 0x0000000612c00000, 0x0000000613000000|  0%| F|  |TAMS 0x0000000612c00000, 0x0000000612c00000| Untracked 
|  73|0x0000000613000000, 0x0000000613000000, 0x0000000613400000|  0%| F|  |TAMS 0x0000000613000000, 0x0000000613000000| Untracked 
|  74|0x0000000613400000, 0x0000000613400000, 0x0000000613800000|  0%| F|  |TAMS 0x0000000613400000, 0x0000000613400000| Untracked 
|  75|0x0000000613800000, 0x0000000613800000, 0x0000000613c00000|  0%| F|  |TAMS 0x0000000613800000, 0x0000000613800000| Untracked 
|  76|0x0000000613c00000, 0x0000000613c00000, 0x0000000614000000|  0%| F|  |TAMS 0x0000000613c00000, 0x0000000613c00000| Untracked 
|  77|0x0000000614000000, 0x0000000614000000, 0x0000000614400000|  0%| F|  |TAMS 0x0000000614000000, 0x0000000614000000| Untracked 
|  78|0x0000000614400000, 0x0000000614400000, 0x0000000614800000|  0%| F|  |TAMS 0x0000000614400000, 0x0000000614400000| Untracked 
|  79|0x0000000614800000, 0x0000000614800000, 0x0000000614c00000|  0%| F|  |TAMS 0x0000000614800000, 0x0000000614800000| Untracked 
|  80|0x0000000614c00000, 0x0000000614c00000, 0x0000000615000000|  0%| F|  |TAMS 0x0000000614c00000, 0x0000000614c00000| Untracked 
|  81|0x0000000615000000, 0x0000000615000000, 0x0000000615400000|  0%| F|  |TAMS 0x0000000615000000, 0x0000000615000000| Untracked 
|  82|0x0000000615400000, 0x0000000615400000, 0x0000000615800000|  0%| F|  |TAMS 0x0000000615400000, 0x0000000615400000| Untracked 
|  83|0x0000000615800000, 0x0000000615800000, 0x0000000615c00000|  0%| F|  |TAMS 0x0000000615800000, 0x0000000615800000| Untracked 
|  84|0x0000000615c00000, 0x0000000615c00000, 0x0000000616000000|  0%| F|  |TAMS 0x0000000615c00000, 0x0000000615c00000| Untracked 
|  85|0x0000000616000000, 0x0000000616000000, 0x0000000616400000|  0%| F|  |TAMS 0x0000000616000000, 0x0000000616000000| Untracked 
|  86|0x0000000616400000, 0x0000000616400000, 0x0000000616800000|  0%| F|  |TAMS 0x0000000616400000, 0x0000000616400000| Untracked 
|  87|0x0000000616800000, 0x0000000616800000, 0x0000000616c00000|  0%| F|  |TAMS 0x0000000616800000, 0x0000000616800000| Untracked 
|  88|0x0000000616c00000, 0x0000000616c00000, 0x0000000617000000|  0%| F|  |TAMS 0x0000000616c00000, 0x0000000616c00000| Untracked 
|  89|0x0000000617000000, 0x0000000617000000, 0x0000000617400000|  0%| F|  |TAMS 0x0000000617000000, 0x0000000617000000| Untracked 
|  90|0x0000000617400000, 0x0000000617400000, 0x0000000617800000|  0%| F|  |TAMS 0x0000000617400000, 0x0000000617400000| Untracked 
|  91|0x0000000617800000, 0x0000000617800000, 0x0000000617c00000|  0%| F|  |TAMS 0x0000000617800000, 0x0000000617800000| Untracked 
|  92|0x0000000617c00000, 0x0000000617c00000, 0x0000000618000000|  0%| F|  |TAMS 0x0000000617c00000, 0x0000000617c00000| Untracked 
|  93|0x0000000618000000, 0x0000000618000000, 0x0000000618400000|  0%| F|  |TAMS 0x0000000618000000, 0x0000000618000000| Untracked 
|  94|0x0000000618400000, 0x0000000618400000, 0x0000000618800000|  0%| F|  |TAMS 0x0000000618400000, 0x0000000618400000| Untracked 
|  95|0x0000000618800000, 0x0000000618800000, 0x0000000618c00000|  0%| F|  |TAMS 0x0000000618800000, 0x0000000618800000| Untracked 
|  96|0x0000000618c00000, 0x0000000618c00000, 0x0000000619000000|  0%| F|  |TAMS 0x0000000618c00000, 0x0000000618c00000| Untracked 
|  97|0x0000000619000000, 0x0000000619000000, 0x0000000619400000|  0%| F|  |TAMS 0x0000000619000000, 0x0000000619000000| Untracked 
|  98|0x0000000619400000, 0x0000000619400000, 0x0000000619800000|  0%| F|  |TAMS 0x0000000619400000, 0x0000000619400000| Untracked 
|  99|0x0000000619800000, 0x0000000619800000, 0x0000000619c00000|  0%| F|  |TAMS 0x0000000619800000, 0x0000000619800000| Untracked 
| 100|0x0000000619c00000, 0x0000000619c00000, 0x000000061a000000|  0%| F|  |TAMS 0x0000000619c00000, 0x0000000619c00000| Untracked 
| 101|0x000000061a000000, 0x000000061a000000, 0x000000061a400000|  0%| F|  |TAMS 0x000000061a000000, 0x000000061a000000| Untracked 
| 102|0x000000061a400000, 0x000000061a400000, 0x000000061a800000|  0%| F|  |TAMS 0x000000061a400000, 0x000000061a400000| Untracked 
| 103|0x000000061a800000, 0x000000061a800000, 0x000000061ac00000|  0%| F|  |TAMS 0x000000061a800000, 0x000000061a800000| Untracked 
| 104|0x000000061ac00000, 0x000000061ac00000, 0x000000061b000000|  0%| F|  |TAMS 0x000000061ac00000, 0x000000061ac00000| Untracked 
| 105|0x000000061b000000, 0x000000061b000000, 0x000000061b400000|  0%| F|  |TAMS 0x000000061b000000, 0x000000061b000000| Untracked 
| 106|0x000000061b400000, 0x000000061b400000, 0x000000061b800000|  0%| F|  |TAMS 0x000000061b400000, 0x000000061b400000| Untracked 
| 107|0x000000061b800000, 0x000000061b800000, 0x000000061bc00000|  0%| F|  |TAMS 0x000000061b800000, 0x000000061b800000| Untracked 
| 108|0x000000061bc00000, 0x000000061bc00000, 0x000000061c000000|  0%| F|  |TAMS 0x000000061bc00000, 0x000000061bc00000| Untracked 
| 109|0x000000061c000000, 0x000000061c000000, 0x000000061c400000|  0%| F|  |TAMS 0x000000061c000000, 0x000000061c000000| Untracked 
| 110|0x000000061c400000, 0x000000061c400000, 0x000000061c800000|  0%| F|  |TAMS 0x000000061c400000, 0x000000061c400000| Untracked 
| 111|0x000000061c800000, 0x000000061c800000, 0x000000061cc00000|  0%| F|  |TAMS 0x000000061c800000, 0x000000061c800000| Untracked 
| 112|0x000000061cc00000, 0x000000061cc00000, 0x000000061d000000|  0%| F|  |TAMS 0x000000061cc00000, 0x000000061cc00000| Untracked 
| 113|0x000000061d000000, 0x000000061d000000, 0x000000061d400000|  0%| F|  |TAMS 0x000000061d000000, 0x000000061d000000| Untracked 
| 114|0x000000061d400000, 0x000000061d400000, 0x000000061d800000|  0%| F|  |TAMS 0x000000061d400000, 0x000000061d400000| Untracked 
| 115|0x000000061d800000, 0x000000061d800000, 0x000000061dc00000|  0%| F|  |TAMS 0x000000061d800000, 0x000000061d800000| Untracked 
| 116|0x000000061dc00000, 0x000000061dc00000, 0x000000061e000000|  0%| F|  |TAMS 0x000000061dc00000, 0x000000061dc00000| Untracked 
| 117|0x000000061e000000, 0x000000061e000000, 0x000000061e400000|  0%| F|  |TAMS 0x000000061e000000, 0x000000061e000000| Untracked 
| 118|0x000000061e400000, 0x000000061e400000, 0x000000061e800000|  0%| F|  |TAMS 0x000000061e400000, 0x000000061e400000| Untracked 
| 119|0x000000061e800000, 0x000000061e800000, 0x000000061ec00000|  0%| F|  |TAMS 0x000000061e800000, 0x000000061e800000| Untracked 
| 120|0x000000061ec00000, 0x000000061ec00000, 0x000000061f000000|  0%| F|  |TAMS 0x000000061ec00000, 0x000000061ec00000| Untracked 
| 121|0x000000061f000000, 0x000000061f000000, 0x000000061f400000|  0%| F|  |TAMS 0x000000061f000000, 0x000000061f000000| Untracked 
| 122|0x000000061f400000, 0x000000061f400000, 0x000000061f800000|  0%| F|  |TAMS 0x000000061f400000, 0x000000061f400000| Untracked 
| 123|0x000000061f800000, 0x000000061f800000, 0x000000061fc00000|  0%| F|  |TAMS 0x000000061f800000, 0x000000061f800000| Untracked 
| 124|0x000000061fc00000, 0x000000061fc00000, 0x0000000620000000|  0%| F|  |TAMS 0x000000061fc00000, 0x000000061fc00000| Untracked 
| 125|0x0000000620000000, 0x0000000620000000, 0x0000000620400000|  0%| F|  |TAMS 0x0000000620000000, 0x0000000620000000| Untracked 
| 126|0x0000000620400000, 0x0000000620400000, 0x0000000620800000|  0%| F|  |TAMS 0x0000000620400000, 0x0000000620400000| Untracked 
| 127|0x0000000620800000, 0x0000000620800000, 0x0000000620c00000|  0%| F|  |TAMS 0x0000000620800000, 0x0000000620800000| Untracked 
| 128|0x0000000620c00000, 0x0000000620c00000, 0x0000000621000000|  0%| F|  |TAMS 0x0000000620c00000, 0x0000000620c00000| Untracked 
| 129|0x0000000621000000, 0x0000000621000000, 0x0000000621400000|  0%| F|  |TAMS 0x0000000621000000, 0x0000000621000000| Untracked 
| 130|0x0000000621400000, 0x0000000621400000, 0x0000000621800000|  0%| F|  |TAMS 0x0000000621400000, 0x0000000621400000| Untracked 
| 131|0x0000000621800000, 0x0000000621800000, 0x0000000621c00000|  0%| F|  |TAMS 0x0000000621800000, 0x0000000621800000| Untracked 
| 132|0x0000000621c00000, 0x0000000621c00000, 0x0000000622000000|  0%| F|  |TAMS 0x0000000621c00000, 0x0000000621c00000| Untracked 
| 133|0x0000000622000000, 0x0000000622000000, 0x0000000622400000|  0%| F|  |TAMS 0x0000000622000000, 0x0000000622000000| Untracked 
| 134|0x0000000622400000, 0x0000000622400000, 0x0000000622800000|  0%| F|  |TAMS 0x0000000622400000, 0x0000000622400000| Untracked 
| 135|0x0000000622800000, 0x0000000622800000, 0x0000000622c00000|  0%| F|  |TAMS 0x0000000622800000, 0x0000000622800000| Untracked 
| 136|0x0000000622c00000, 0x0000000622c00000, 0x0000000623000000|  0%| F|  |TAMS 0x0000000622c00000, 0x0000000622c00000| Untracked 
| 137|0x0000000623000000, 0x0000000623000000, 0x0000000623400000|  0%| F|  |TAMS 0x0000000623000000, 0x0000000623000000| Untracked 
| 138|0x0000000623400000, 0x0000000623400000, 0x0000000623800000|  0%| F|  |TAMS 0x0000000623400000, 0x0000000623400000| Untracked 
| 139|0x0000000623800000, 0x0000000623800000, 0x0000000623c00000|  0%| F|  |TAMS 0x0000000623800000, 0x0000000623800000| Untracked 
| 140|0x0000000623c00000, 0x0000000623c00000, 0x0000000624000000|  0%| F|  |TAMS 0x0000000623c00000, 0x0000000623c00000| Untracked 
| 141|0x0000000624000000, 0x0000000624000000, 0x0000000624400000|  0%| F|  |TAMS 0x0000000624000000, 0x0000000624000000| Untracked 
| 142|0x0000000624400000, 0x0000000624400000, 0x0000000624800000|  0%| F|  |TAMS 0x0000000624400000, 0x0000000624400000| Untracked 
| 143|0x0000000624800000, 0x0000000624800000, 0x0000000624c00000|  0%| F|  |TAMS 0x0000000624800000, 0x0000000624800000| Untracked 
| 144|0x0000000624c00000, 0x0000000624c00000, 0x0000000625000000|  0%| F|  |TAMS 0x0000000624c00000, 0x0000000624c00000| Untracked 
| 145|0x0000000625000000, 0x0000000625000000, 0x0000000625400000|  0%| F|  |TAMS 0x0000000625000000, 0x0000000625000000| Untracked 
| 146|0x0000000625400000, 0x0000000625400000, 0x0000000625800000|  0%| F|  |TAMS 0x0000000625400000, 0x0000000625400000| Untracked 
| 147|0x0000000625800000, 0x0000000625800000, 0x0000000625c00000|  0%| F|  |TAMS 0x0000000625800000, 0x0000000625800000| Untracked 
| 148|0x0000000625c00000, 0x0000000625c00000, 0x0000000626000000|  0%| F|  |TAMS 0x0000000625c00000, 0x0000000625c00000| Untracked 
| 149|0x0000000626000000, 0x0000000626000000, 0x0000000626400000|  0%| F|  |TAMS 0x0000000626000000, 0x0000000626000000| Untracked 
| 150|0x0000000626400000, 0x0000000626400000, 0x0000000626800000|  0%| F|  |TAMS 0x0000000626400000, 0x0000000626400000| Untracked 

Card table byte_map: [0x000001f8af440000,0x000001f8b0440000] _byte_map_base: 0x000001f8ac43a000

Marking Bits (Prev, Next): (CMBitMap*) 0x000001f8a87577e0, (CMBitMap*) 0x000001f8a8757820
 Prev Bits: [0x000001f8b1440000, 0x000001f8b9410000)
 Next Bits: [0x000001f8b9410000, 0x000001f8c13e0000)

Polling page: 0x000001f8a7e70000

Metaspace:

Usage:
  Non-class:     33.40 MB used.
      Class:      4.84 MB used.
       Both:     38.23 MB used.

Virtual space:
  Non-class space:       40.00 MB reserved,      33.56 MB ( 84%) committed,  5 nodes.
      Class space:        1.00 GB reserved,       5.00 MB ( <1%) committed,  1 nodes.
             Both:        1.04 GB reserved,      38.56 MB (  4%) committed. 

Chunk freelists:
   Non-Class:  1.52 MB
       Class:  3.00 MB
        Both:  4.52 MB

MaxMetaspaceSize: unlimited
CompressedClassSpaceSize: 1.00 GB
Initial GC threshold: 21.00 MB
Current GC threshold: 59.31 MB
CDS: off
MetaspaceReclaimPolicy: balanced
 - commit_granule_bytes: 65536.
 - commit_granule_words: 8192.
 - virtual_space_node_default_size: 1048576.
 - enlarge_chunks_in_place: 1.
 - new_chunks_are_fully_committed: 0.
 - uncommit_free_chunks: 1.
 - use_allocation_guard: 0.
 - handle_deallocations: 1.


Internal statistics:

num_allocs_failed_limit: 6.
num_arena_births: 384.
num_arena_deaths: 0.
num_vsnodes_births: 6.
num_vsnodes_deaths: 0.
num_space_committed: 617.
num_space_uncommitted: 0.
num_chunks_returned_to_freelist: 6.
num_chunks_taken_from_freelist: 1553.
num_chunk_merges: 6.
num_chunk_splits: 1061.
num_chunks_enlarged: 812.
num_purges: 0.
num_inconsistent_stats: 0.

CodeCache: size=49152Kb used=9898Kb max_used=9898Kb free=39253Kb
 bounds [0x000001f8ab330000, 0x000001f8abce0000, 0x000001f8ae330000]
 total_blobs=4694 nmethods=4154 adapters=464
 compilation: enabled
              stopped_count=0, restarted_count=0
 full_count=0

Compilation events (20 events):
Event: 3.124 Thread 0x000001f8c53fe030 nmethod 4142 0x000001f8abcd5d10 code [0x000001f8abcd5ee0, 0x000001f8abcd6318]
Event: 3.124 Thread 0x000001f8c54ef940 nmethod 4145 0x000001f8abcd6490 code [0x000001f8abcd6620, 0x000001f8abcd6788]
Event: 3.124 Thread 0x000001f8c54ef940 4147   !   1       nonapi.io.github.classgraph.fileslice.Slice$1::close (28 bytes)
Event: 3.124 Thread 0x000001f8c53fe030 4148       1       io.github.classgraph.ClasspathElementZip$1::close (28 bytes)
Event: 3.125 Thread 0x000001f8c3fb3830 nmethod 4144 0x000001f8abcd6810 code [0x000001f8abcd69c0, 0x000001f8abcd6da8]
Event: 3.125 Thread 0x000001f8c3f701b0 nmethod 4146 0x000001f8abcd6e90 code [0x000001f8abcd7060, 0x000001f8abcd7508]
Event: 3.125 Thread 0x000001f8c54ef940 nmethod 4147 0x000001f8abcd7690 code [0x000001f8abcd7860, 0x000001f8abcd7b58]
Event: 3.125 Thread 0x000001f8c53fe030 nmethod 4148 0x000001f8abcd7d10 code [0x000001f8abcd7ee0, 0x000001f8abcd8278]
Event: 3.130 Thread 0x000001f8c3f701b0 4149       1       io.github.classgraph.ClasspathElementZip$1::openClassfile (13 bytes)
Event: 3.130 Thread 0x000001f8c54ef940 4150   !   1       io.github.classgraph.ClasspathElementZip$1::open (79 bytes)
Event: 3.130 Thread 0x000001f8c3f701b0 nmethod 4149 0x000001f8abcd8490 code [0x000001f8abcd8640, 0x000001f8abcd8968]
Event: 3.131 Thread 0x000001f8c54ef940 nmethod 4150 0x000001f8abcd8a90 code [0x000001f8abcd8ce0, 0x000001f8abcd9618]
Event: 3.285 Thread 0x000001f8c3fb3830 4151       1       io.github.classgraph.PotentiallyUnmodifiableList$1::hasNext (22 bytes)
Event: 3.285 Thread 0x000001f8c3fb3830 nmethod 4151 0x000001f8abcd9b90 code [0x000001f8abcd9d40, 0x000001f8abcd9e88]
Event: 3.286 Thread 0x000001f8c54ef940 4152       1       io.github.classgraph.ScanResultObject::<init> (5 bytes)
Event: 3.286 Thread 0x000001f8c54ef940 nmethod 4152 0x000001f8abcd9f90 code [0x000001f8abcda120, 0x000001f8abcda1d8]
Event: 3.286 Thread 0x000001f8c54ef940 4153       1       java.util.ArrayList::<init> (12 bytes)
Event: 3.287 Thread 0x000001f8c54ef940 nmethod 4153 0x000001f8abcda290 code [0x000001f8abcda420, 0x000001f8abcda558]
Event: 3.294 Thread 0x000001f8c53fe030 4154       1       io.github.classgraph.MethodInfo::getThrownExceptionNames (19 bytes)
Event: 3.294 Thread 0x000001f8c53fe030 nmethod 4154 0x000001f8abcda610 code [0x000001f8abcda7a0, 0x000001f8abcda938]

GC Heap History (20 events):
Event: 2.437 GC heap after
{Heap after GC invocations=10 (full 0):
 garbage-first heap   total 57344K, used 22435K [0x0000000600c00000, 0x0000000800000000)
  region size 4096K, 1 young (4096K), 1 survivors (4096K)
 Metaspace       used 35943K, committed 36288K, reserved 1081344K
  class space    used 4629K, committed 4800K, reserved 1048576K
}
Event: 2.471 GC heap before
{Heap before GC invocations=11 (full 0):
 garbage-first heap   total 57344K, used 34723K [0x0000000600c00000, 0x0000000800000000)
  region size 4096K, 4 young (16384K), 1 survivors (4096K)
 Metaspace       used 36177K, committed 36544K, reserved 1081344K
  class space    used 4651K, committed 4800K, reserved 1048576K
}
Event: 2.472 GC heap after
{Heap after GC invocations=12 (full 0):
 garbage-first heap   total 57344K, used 24121K [0x0000000600c00000, 0x0000000800000000)
  region size 4096K, 1 young (4096K), 1 survivors (4096K)
 Metaspace       used 36177K, committed 36544K, reserved 1081344K
  class space    used 4651K, committed 4800K, reserved 1048576K
}
Event: 2.500 GC heap before
{Heap before GC invocations=12 (full 0):
 garbage-first heap   total 57344K, used 32313K [0x0000000600c00000, 0x0000000800000000)
  region size 4096K, 4 young (16384K), 1 survivors (4096K)
 Metaspace       used 36360K, committed 36736K, reserved 1081344K
  class space    used 4672K, committed 4864K, reserved 1048576K
}
Event: 2.502 GC heap after
{Heap after GC invocations=13 (full 0):
 garbage-first heap   total 290816K, used 26749K [0x0000000600c00000, 0x0000000800000000)
  region size 4096K, 1 young (4096K), 1 survivors (4096K)
 Metaspace       used 36360K, committed 36736K, reserved 1081344K
  class space    used 4672K, committed 4864K, reserved 1048576K
}
Event: 2.830 GC heap before
{Heap before GC invocations=13 (full 0):
 garbage-first heap   total 290816K, used 186493K [0x0000000600c00000, 0x0000000800000000)
  region size 4096K, 41 young (167936K), 1 survivors (4096K)
 Metaspace       used 38910K, committed 39296K, reserved 1089536K
  class space    used 4930K, committed 5120K, reserved 1048576K
}
Event: 2.848 GC heap after
{Heap after GC invocations=14 (full 0):
 garbage-first heap   total 290816K, used 61675K [0x0000000600c00000, 0x0000000800000000)
  region size 4096K, 6 young (24576K), 6 survivors (24576K)
 Metaspace       used 38910K, committed 39296K, reserved 1089536K
  class space    used 4930K, committed 5120K, reserved 1048576K
}
Event: 2.864 GC heap before
{Heap before GC invocations=14 (full 0):
 garbage-first heap   total 290816K, used 155883K [0x0000000600c00000, 0x0000000800000000)
  region size 4096K, 30 young (122880K), 6 survivors (24576K)
 Metaspace       used 38978K, committed 39360K, reserved 1089536K
  class space    used 4940K, committed 5120K, reserved 1048576K
}
Event: 2.871 GC heap after
{Heap after GC invocations=15 (full 0):
 garbage-first heap   total 290816K, used 67696K [0x0000000600c00000, 0x0000000800000000)
  region size 4096K, 2 young (8192K), 2 survivors (8192K)
 Metaspace       used 38978K, committed 39360K, reserved 1089536K
  class space    used 4940K, committed 5120K, reserved 1048576K
}
Event: 2.884 GC heap before
{Heap before GC invocations=15 (full 0):
 garbage-first heap   total 290816K, used 174192K [0x0000000600c00000, 0x0000000800000000)
  region size 4096K, 29 young (118784K), 2 survivors (8192K)
 Metaspace       used 39020K, committed 39360K, reserved 1089536K
  class space    used 4943K, committed 5120K, reserved 1048576K
}
Event: 2.887 GC heap after
{Heap after GC invocations=16 (full 0):
 garbage-first heap   total 290816K, used 71833K [0x0000000600c00000, 0x0000000800000000)
  region size 4096K, 3 young (12288K), 3 survivors (12288K)
 Metaspace       used 39020K, committed 39360K, reserved 1089536K
  class space    used 4943K, committed 5120K, reserved 1048576K
}
Event: 2.903 GC heap before
{Heap before GC invocations=16 (full 0):
 garbage-first heap   total 290816K, used 194713K [0x0000000600c00000, 0x0000000800000000)
  region size 4096K, 34 young (139264K), 3 survivors (12288K)
 Metaspace       used 39020K, committed 39360K, reserved 1089536K
  class space    used 4943K, committed 5120K, reserved 1048576K
}
Event: 2.908 GC heap after
{Heap after GC invocations=17 (full 0):
 garbage-first heap   total 618496K, used 76391K [0x0000000600c00000, 0x0000000800000000)
  region size 4096K, 4 young (16384K), 4 survivors (16384K)
 Metaspace       used 39020K, committed 39360K, reserved 1089536K
  class space    used 4943K, committed 5120K, reserved 1048576K
}
Event: 2.972 GC heap before
{Heap before GC invocations=17 (full 0):
 garbage-first heap   total 618496K, used 424551K [0x0000000600c00000, 0x0000000800000000)
  region size 4096K, 90 young (368640K), 4 survivors (16384K)
 Metaspace       used 39021K, committed 39360K, reserved 1089536K
  class space    used 4944K, committed 5120K, reserved 1048576K
}
Event: 2.979 GC heap after
{Heap after GC invocations=18 (full 0):
 garbage-first heap   total 618496K, used 91096K [0x0000000600c00000, 0x0000000800000000)
  region size 4096K, 7 young (28672K), 7 survivors (28672K)
 Metaspace       used 39021K, committed 39360K, reserved 1089536K
  class space    used 4944K, committed 5120K, reserved 1048576K
}
Event: 3.018 GC heap before
{Heap before GC invocations=18 (full 0):
 garbage-first heap   total 618496K, used 426968K [0x0000000600c00000, 0x0000000800000000)
  region size 4096K, 90 young (368640K), 7 survivors (28672K)
 Metaspace       used 39021K, committed 39360K, reserved 1089536K
  class space    used 4944K, committed 5120K, reserved 1048576K
}
Event: 3.027 GC heap after
{Heap after GC invocations=19 (full 0):
 garbage-first heap   total 618496K, used 102876K [0x0000000600c00000, 0x0000000800000000)
  region size 4096K, 9 young (36864K), 9 survivors (36864K)
 Metaspace       used 39021K, committed 39360K, reserved 1089536K
  class space    used 4944K, committed 5120K, reserved 1048576K
}
Event: 3.066 GC heap before
{Heap before GC invocations=19 (full 0):
 garbage-first heap   total 618496K, used 430556K [0x0000000600c00000, 0x0000000800000000)
  region size 4096K, 90 young (368640K), 9 survivors (36864K)
 Metaspace       used 39021K, committed 39360K, reserved 1089536K
  class space    used 4944K, committed 5120K, reserved 1048576K
}
Event: 3.079 GC heap after
{Heap after GC invocations=20 (full 0):
 garbage-first heap   total 618496K, used 124966K [0x0000000600c00000, 0x0000000800000000)
  region size 4096K, 9 young (36864K), 9 survivors (36864K)
 Metaspace       used 39021K, committed 39360K, reserved 1089536K
  class space    used 4944K, committed 5120K, reserved 1048576K
}
Event: 3.295 GC heap before
{Heap before GC invocations=20 (full 0):
 garbage-first heap   total 618496K, used 452646K [0x0000000600c00000, 0x0000000800000000)
  region size 4096K, 90 young (368640K), 9 survivors (36864K)
 Metaspace       used 39151K, committed 39488K, reserved 1089536K
  class space    used 4952K, committed 5120K, reserved 1048576K
}

Deoptimization events (14 events):
Event: 1.428 Thread 0x000001f8a86a86f0 DEOPT PACKING pc=0x000001f8ab89a6f9 sp=0x000000942b0fd540
Event: 1.428 Thread 0x000001f8a86a86f0 DEOPT UNPACKING pc=0x000001f8ab382b43 sp=0x000000942b0fca20 mode 3
Event: 1.776 Thread 0x000001f8a86a86f0 DEOPT PACKING pc=0x000001f8ab9adbd5 sp=0x000000942b0fb430
Event: 1.776 Thread 0x000001f8a86a86f0 DEOPT UNPACKING pc=0x000001f8ab382b43 sp=0x000000942b0fa948 mode 3
Event: 2.115 Thread 0x000001f8a86a86f0 DEOPT PACKING pc=0x000001f8aba27f79 sp=0x000000942b0fc920
Event: 2.115 Thread 0x000001f8a86a86f0 DEOPT UNPACKING pc=0x000001f8ab382b43 sp=0x000000942b0fbe00 mode 3
Event: 2.316 Thread 0x000001f8c5f1e580 DEOPT PACKING pc=0x000001f8abae20ed sp=0x000000942d1fdfb0
Event: 2.316 Thread 0x000001f8c5f1e580 DEOPT UNPACKING pc=0x000001f8ab382b43 sp=0x000000942d1fd4d8 mode 3
Event: 2.363 Thread 0x000001f8c5f3c040 DEOPT PACKING pc=0x000001f8abafe993 sp=0x000000942d2fe930
Event: 2.363 Thread 0x000001f8c5f3c040 DEOPT UNPACKING pc=0x000001f8ab382b43 sp=0x000000942d2fde78 mode 3
Event: 2.384 Thread 0x000001f8c5ef9760 DEOPT PACKING pc=0x000001f8ab898189 sp=0x000000942d0fdaf0
Event: 2.384 Thread 0x000001f8c5ef9760 DEOPT UNPACKING pc=0x000001f8ab382b43 sp=0x000000942d0fcf80 mode 3
Event: 2.668 Thread 0x000001f8c5f1e580 DEOPT PACKING pc=0x000001f8ab89551f sp=0x000000942d1fefe0
Event: 2.668 Thread 0x000001f8c5f1e580 DEOPT UNPACKING pc=0x000001f8ab382b43 sp=0x000000942d1fe438 mode 3

Classes unloaded (0 events):
No events

Classes redefined (0 events):
No events

Internal exceptions (20 events):
Event: 2.391 Thread 0x000001f8c5f52b50 Exception <a 'sun/nio/fs/WindowsException'{0x000000061eff0010}> (0x000000061eff0010) 
thrown [s\src\hotspot\share\prims\jni.cpp, line 516]
Event: 2.391 Thread 0x000001f8c5f52b50 Exception <a 'sun/nio/fs/WindowsException'{0x000000061eff03d0}> (0x000000061eff03d0) 
thrown [s\src\hotspot\share\prims\jni.cpp, line 516]
Event: 2.391 Thread 0x000001f8c5f52b50 Exception <a 'sun/nio/fs/WindowsException'{0x000000061eff0dd0}> (0x000000061eff0dd0) 
thrown [s\src\hotspot\share\prims\jni.cpp, line 516]
Event: 2.391 Thread 0x000001f8c5f52b50 Exception <a 'sun/nio/fs/WindowsException'{0x000000061eff1180}> (0x000000061eff1180) 
thrown [s\src\hotspot\share\prims\jni.cpp, line 516]
Event: 2.391 Thread 0x000001f8c5f52b50 Exception <a 'sun/nio/fs/WindowsException'{0x000000061eff1b80}> (0x000000061eff1b80) 
thrown [s\src\hotspot\share\prims\jni.cpp, line 516]
Event: 2.391 Thread 0x000001f8c5f52b50 Exception <a 'sun/nio/fs/WindowsException'{0x000000061eff1f40}> (0x000000061eff1f40) 
thrown [s\src\hotspot\share\prims\jni.cpp, line 516]
Event: 2.391 Thread 0x000001f8c5f52b50 Exception <a 'sun/nio/fs/WindowsException'{0x000000061eff2968}> (0x000000061eff2968) 
thrown [s\src\hotspot\share\prims\jni.cpp, line 516]
Event: 2.391 Thread 0x000001f8c5f52b50 Exception <a 'sun/nio/fs/WindowsException'{0x000000061eff2d48}> (0x000000061eff2d48) 
thrown [s\src\hotspot\share\prims\jni.cpp, line 516]
Event: 2.391 Thread 0x000001f8c5f52b50 Exception <a 'sun/nio/fs/WindowsException'{0x000000061eff3780}> (0x000000061eff3780) 
thrown [s\src\hotspot\share\prims\jni.cpp, line 516]
Event: 2.391 Thread 0x000001f8c5f52b50 Exception <a 'sun/nio/fs/WindowsException'{0x000000061eff3b70}> (0x000000061eff3b70) 
thrown [s\src\hotspot\share\prims\jni.cpp, line 516]
Event: 2.391 Thread 0x000001f8c5f52b50 Exception <a 'sun/nio/fs/WindowsException'{0x000000061eff4598}> (0x000000061eff4598) 
thrown [s\src\hotspot\share\prims\jni.cpp, line 516]
Event: 2.391 Thread 0x000001f8c5f52b50 Exception <a 'sun/nio/fs/WindowsException'{0x000000061eff4988}> (0x000000061eff4988) 
thrown [s\src\hotspot\share\prims\jni.cpp, line 516]
Event: 2.622 Thread 0x000001f8c5f1e580 Exception <a 'java/lang/NoSuchMethodError'{0x000000060c85f820}: 'java.lang.Object java.lang.invoke.Invokers$Holder.invoke_MT(java.lang.Object, java.lang.Object, java.lang.Object)'> (0x000000060c85f820) 
thrown [s\src\hotspot\share\interpreter\linkResolver.cpp, line 759]
Event: 2.666 Thread 0x000001f8c5f1e580 Exception <a 'java/lang/NoSuchMethodError'{0x000000060b9b3598}: 'java.lang.Object java.lang.invoke.DirectMethodHandle$Holder.newInvokeSpecial(java.lang.Object, java.lang.Object, int)'> (0x000000060b9b3598) 
thrown [s\src\hotspot\share\interpreter\linkResolver.cpp, line 759]
Event: 2.669 Thread 0x000001f8c60543e0 Exception <a 'java/lang/NoSuchMethodError'{0x000000060ba6e478}: 'java.lang.Object java.lang.invoke.Invokers$Holder.linkToTargetMethod(java.lang.Object, long, java.lang.Object)'> (0x000000060ba6e478) 
thrown [s\src\hotspot\share\interpreter\linkResolver.cpp, line 759]
Event: 2.674 Thread 0x000001f8c60543e0 Exception <a 'sun/nio/fs/WindowsException'{0x000000060b45dcc0}> (0x000000060b45dcc0) 
thrown [s\src\hotspot\share\prims\jni.cpp, line 516]
Event: 2.675 Thread 0x000001f8c60543e0 Exception <a 'sun/nio/fs/WindowsException'{0x000000060b468ce8}> (0x000000060b468ce8) 
thrown [s\src\hotspot\share\prims\jni.cpp, line 516]
Event: 2.777 Thread 0x000001f8c6057da0 Exception <a 'sun/nio/fs/WindowsException'{0x000000060af200a0}> (0x000000060af200a0) 
thrown [s\src\hotspot\share\prims\jni.cpp, line 516]
Event: 3.125 Thread 0x000001f8c5f53020 Exception <a 'sun/nio/fs/WindowsException'{0x000000061d6eff30}> (0x000000061d6eff30) 
thrown [s\src\hotspot\share\prims\jni.cpp, line 516]
Event: 3.125 Thread 0x000001f8c5f53020 Exception <a 'sun/nio/fs/WindowsException'{0x000000061d6f0300}> (0x000000061d6f0300) 
thrown [s\src\hotspot\share\prims\jni.cpp, line 516]

VM Operations (20 events):
Event: 2.887 Executing VM operation: G1CollectForAllocation done
Event: 2.903 Executing VM operation: G1CollectForAllocation
Event: 2.903 Executing VM operation: G1CollectForAllocation done
Event: 2.903 Executing VM operation: G1CollectForAllocation
Event: 2.908 Executing VM operation: G1CollectForAllocation done
Event: 2.970 Executing VM operation: G1CollectForAllocation
Event: 2.971 Executing VM operation: G1CollectForAllocation done
Event: 2.972 Executing VM operation: G1CollectForAllocation
Event: 2.979 Executing VM operation: G1CollectForAllocation done
Event: 3.014 Executing VM operation: G1CollectForAllocation
Event: 3.017 Executing VM operation: G1CollectForAllocation done
Event: 3.017 Executing VM operation: G1CollectForAllocation
Event: 3.027 Executing VM operation: G1CollectForAllocation done
Event: 3.065 Executing VM operation: G1CollectForAllocation
Event: 3.066 Executing VM operation: G1CollectForAllocation done
Event: 3.066 Executing VM operation: G1CollectForAllocation
Event: 3.079 Executing VM operation: G1CollectForAllocation done
Event: 3.294 Executing VM operation: G1CollectForAllocation
Event: 3.294 Executing VM operation: G1CollectForAllocation done
Event: 3.294 Executing VM operation: G1CollectForAllocation

Events (20 events):
Event: 2.664 loading class java/util/WeakHashMap$HashIterator
Event: 2.664 loading class java/util/WeakHashMap$HashIterator done
Event: 2.664 loading class java/util/WeakHashMap$EntryIterator done
Event: 2.666 Thread 0x000001f8c60543e0 Thread added: 0x000001f8c60543e0
Event: 2.668 Thread 0x000001f8c6051890 Thread added: 0x000001f8c6051890
Event: 2.669 loading class java/util/concurrent/CompletableFuture$UniCompose
Event: 2.669 loading class java/util/concurrent/CompletableFuture$UniCompose done
Event: 2.670 loading class java/security/NoSuchAlgorithmException
Event: 2.670 loading class java/security/NoSuchAlgorithmException done
Event: 2.670 loading class sun/security/provider/MD5
Event: 2.670 loading class sun/security/provider/MD5 done
Event: 2.670 loading class sun/security/provider/ByteArrayAccess$LE
Event: 2.670 loading class sun/security/provider/ByteArrayAccess$LE done
Event: 2.674 Thread 0x000001f8c6056590 Thread added: 0x000001f8c6056590
Event: 2.770 Thread 0x000001f8c6052230 Thread added: 0x000001f8c6052230
Event: 2.774 loading class java/nio/file/FileTreeIterator
Event: 2.774 loading class java/nio/file/FileTreeIterator done
Event: 2.775 loading class java/util/stream/ForEachOps$ForEachOp$OfRef
Event: 2.775 loading class java/util/stream/ForEachOps$ForEachOp$OfRef done
Event: 2.775 Thread 0x000001f8c6057da0 Thread added: 0x000001f8c6057da0


Dynamic libraries:
0x00007ff786a10000 - 0x00007ff786a1e000 	c:\Users\tomok\.vscode\extensions\redhat.java-1.12.0-win32-x64\jre\17.0.4.1-win32-x86_64\bin\java.exe
0x00007fff0eb50000 - 0x00007fff0ed64000 	C:\WINDOWS\SYSTEM32\ntdll.dll
0x00007fff0de60000 - 0x00007fff0df22000 	C:\WINDOWS\System32\KERNEL32.DLL
0x00007fff0c490000 - 0x00007fff0c82d000 	C:\WINDOWS\System32\KERNELBASE.dll
0x00007fff0bf80000 - 0x00007fff0c091000 	C:\WINDOWS\System32\ucrtbase.dll
0x00007fff05960000 - 0x00007fff05979000 	c:\Users\tomok\.vscode\extensions\redhat.java-1.12.0-win32-x64\jre\17.0.4.1-win32-x86_64\bin\VCRUNTIME140.dll
0x00007fff05890000 - 0x00007fff058a8000 	c:\Users\tomok\.vscode\extensions\redhat.java-1.12.0-win32-x64\jre\17.0.4.1-win32-x86_64\bin\jli.dll
0x00007fff0dba0000 - 0x00007fff0dd4d000 	C:\WINDOWS\System32\USER32.dll
0x00007fff0c8b0000 - 0x00007fff0c8d6000 	C:\WINDOWS\System32\win32u.dll
0x00007fff0cc70000 - 0x00007fff0cc99000 	C:\WINDOWS\System32\GDI32.dll
0x00007fff0c0a0000 - 0x00007fff0c1b2000 	C:\WINDOWS\System32\gdi32full.dll
0x00007ffef1590000 - 0x00007ffef181e000 	C:\WINDOWS\WinSxS\amd64_microsoft.windows.common-controls_6595b64144ccf1df_6.0.22621.436_none_a94247dbc10d8414\COMCTL32.dll
0x00007fff0c1c0000 - 0x00007fff0c25a000 	C:\WINDOWS\System32\msvcp_win.dll
0x00007fff0e260000 - 0x00007fff0e307000 	C:\WINDOWS\System32\msvcrt.dll
0x00007fff0e210000 - 0x00007fff0e242000 	C:\WINDOWS\System32\IMM32.DLL
0x00007fff066f0000 - 0x00007fff066fc000 	c:\Users\tomok\.vscode\extensions\redhat.java-1.12.0-win32-x64\jre\17.0.4.1-win32-x86_64\bin\vcruntime140_1.dll
0x00007ffef6750000 - 0x00007ffef67e1000 	c:\Users\tomok\.vscode\extensions\redhat.java-1.12.0-win32-x64\jre\17.0.4.1-win32-x86_64\bin\msvcp140.dll
0x00007ffe59470000 - 0x00007ffe5a0b6000 	c:\Users\tomok\.vscode\extensions\redhat.java-1.12.0-win32-x64\jre\17.0.4.1-win32-x86_64\bin\server\jvm.dll
0x00007fff0df40000 - 0x00007fff0dfee000 	C:\WINDOWS\System32\ADVAPI32.dll
0x00007fff0d580000 - 0x00007fff0d624000 	C:\WINDOWS\System32\sechost.dll
0x00007fff0e010000 - 0x00007fff0e125000 	C:\WINDOWS\System32\RPCRT4.dll
0x00007fff0e250000 - 0x00007fff0e258000 	C:\WINDOWS\System32\PSAPI.DLL
0x00007fff04800000 - 0x00007fff0480a000 	C:\WINDOWS\SYSTEM32\VERSION.dll
0x00007fff05820000 - 0x00007fff05854000 	C:\WINDOWS\SYSTEM32\WINMM.dll
0x00007ffee6490000 - 0x00007ffee6499000 	C:\WINDOWS\SYSTEM32\WSOCK32.dll
0x00007fff0e310000 - 0x00007fff0e381000 	C:\WINDOWS\System32\WS2_32.dll
0x00007fff0b0a0000 - 0x00007fff0b0b8000 	C:\WINDOWS\SYSTEM32\kernel.appcore.dll
0x00007fff064b0000 - 0x00007fff064ba000 	c:\Users\tomok\.vscode\extensions\redhat.java-1.12.0-win32-x64\jre\17.0.4.1-win32-x86_64\bin\jimage.dll
0x00007ffef6320000 - 0x00007ffef654e000 	C:\WINDOWS\SYSTEM32\DBGHELP.DLL
0x00007fff0e5c0000 - 0x00007fff0e94a000 	C:\WINDOWS\System32\combase.dll
0x00007fff0e130000 - 0x00007fff0e207000 	C:\WINDOWS\System32\OLEAUT32.dll
0x00007ffef5820000 - 0x00007ffef5852000 	C:\WINDOWS\SYSTEM32\dbgcore.DLL
0x00007fff0c830000 - 0x00007fff0c8ab000 	C:\WINDOWS\System32\bcryptPrimitives.dll
0x00007fff017a0000 - 0x00007fff017c5000 	c:\Users\tomok\.vscode\extensions\redhat.java-1.12.0-win32-x64\jre\17.0.4.1-win32-x86_64\bin\java.dll
0x00007fff00d40000 - 0x00007fff00d58000 	c:\Users\tomok\.vscode\extensions\redhat.java-1.12.0-win32-x64\jre\17.0.4.1-win32-x86_64\bin\zip.dll
0x00007fff0cda0000 - 0x00007fff0d580000 	C:\WINDOWS\System32\SHELL32.dll
0x00007fff09f80000 - 0x00007fff0a848000 	C:\WINDOWS\SYSTEM32\windows.storage.dll
0x00007fff09e40000 - 0x00007fff09f7e000 	C:\WINDOWS\SYSTEM32\wintypes.dll
0x00007fff0cca0000 - 0x00007fff0cd91000 	C:\WINDOWS\System32\SHCORE.dll
0x00007fff0e560000 - 0x00007fff0e5be000 	C:\WINDOWS\System32\shlwapi.dll
0x00007fff0beb0000 - 0x00007fff0bed1000 	C:\WINDOWS\SYSTEM32\profapi.dll
0x00007ffefeca0000 - 0x00007ffefecb9000 	C:\Users\tomok\.vscode\extensions\redhat.java-1.12.0-win32-x64\jre\17.0.4.1-win32-x86_64\bin\net.dll
0x00007fff05430000 - 0x00007fff0555f000 	C:\WINDOWS\SYSTEM32\WINHTTP.dll
0x00007fff0b4f0000 - 0x00007fff0b559000 	C:\WINDOWS\system32\mswsock.dll
0x00007ffefdfe0000 - 0x00007ffefdff5000 	C:\Users\tomok\.vscode\extensions\redhat.java-1.12.0-win32-x64\jre\17.0.4.1-win32-x86_64\bin\nio.dll
0x00007fff019e0000 - 0x00007fff019f0000 	c:\Users\tomok\.vscode\extensions\redhat.java-1.12.0-win32-x64\jre\17.0.4.1-win32-x86_64\bin\verify.dll
0x00007fff064d0000 - 0x00007fff064d9000 	C:\Users\tomok\.vscode\extensions\redhat.java-1.12.0-win32-x64\jre\17.0.4.1-win32-x86_64\bin\management.dll
0x00007fff064c0000 - 0x00007fff064cb000 	C:\Users\tomok\.vscode\extensions\redhat.java-1.12.0-win32-x64\jre\17.0.4.1-win32-x86_64\bin\management_ext.dll
0x00007ffef4bf0000 - 0x00007ffef4c07000 	C:\WINDOWS\system32\napinsp.dll
0x00007ffef4bb0000 - 0x00007ffef4bcb000 	C:\WINDOWS\system32\pnrpnsp.dll
0x00007fff0ab80000 - 0x00007fff0ac72000 	C:\WINDOWS\SYSTEM32\DNSAPI.dll
0x00007fff0ab10000 - 0x00007fff0ab3d000 	C:\WINDOWS\SYSTEM32\IPHLPAPI.DLL
0x00007fff0e390000 - 0x00007fff0e399000 	C:\WINDOWS\System32\NSI.dll
0x00007ffef4b90000 - 0x00007ffef4ba1000 	C:\WINDOWS\System32\winrnr.dll
0x00007ffef4b70000 - 0x00007ffef4b85000 	C:\WINDOWS\system32\wshbth.dll
0x00007ffef4870000 - 0x00007ffef4891000 	C:\WINDOWS\system32\nlansp_c.dll
0x00007fff03940000 - 0x00007fff0394a000 	C:\Windows\System32\rasadhlp.dll
0x00007fff042f0000 - 0x00007fff04373000 	C:\WINDOWS\System32\fwpuclnt.dll
0x00007fff0b730000 - 0x00007fff0b74b000 	C:\WINDOWS\SYSTEM32\CRYPTSP.dll
0x00007fff0b010000 - 0x00007fff0b045000 	C:\WINDOWS\system32\rsaenh.dll
0x00007fff0b590000 - 0x00007fff0b5b8000 	C:\WINDOWS\SYSTEM32\USERENV.dll
0x00007fff0b920000 - 0x00007fff0b948000 	C:\WINDOWS\SYSTEM32\bcrypt.dll
0x00007fff0b6f0000 - 0x00007fff0b6fc000 	C:\WINDOWS\SYSTEM32\CRYPTBASE.dll
0x00007fff05300000 - 0x00007fff05319000 	C:\WINDOWS\SYSTEM32\dhcpcsvc6.DLL
0x00007fff052e0000 - 0x00007fff052ff000 	C:\WINDOWS\SYSTEM32\dhcpcsvc.DLL

dbghelp: loaded successfully - version: 4.0.5 - missing functions: none
symbol engine: initialized successfully - sym options: 0x614 - pdb path: .;c:\Users\tomok\.vscode\extensions\redhat.java-1.12.0-win32-x64\jre\17.0.4.1-win32-x86_64\bin;C:\WINDOWS\SYSTEM32;C:\WINDOWS\WinSxS\amd64_microsoft.windows.common-controls_6595b64144ccf1df_6.0.22621.436_none_a94247dbc10d8414;c:\Users\tomok\.vscode\extensions\redhat.java-1.12.0-win32-x64\jre\17.0.4.1-win32-x86_64\bin\server

VM Arguments:
jvm_args: -Dsts.lsp.client=vscode -Dsts.log.file=/dev/null -XX:TieredStopAtLevel=1 -Xlog:jni+resolve=off -Dspring.config.location=file:c:\Users\tomok\.vscode\extensions\pivotal.vscode-spring-boot-1.40.0\language-server\BOOT-INF\classes\application.properties 
java_command: org.springframework.ide.vscode.boot.app.BootLanguageServerBootApp
java_class_path (initial): c:\Users\tomok\.vscode\extensions\pivotal.vscode-spring-boot-1.40.0\language-server\BOOT-INF\classes;c:\Users\tomok\.vscode\extensions\pivotal.vscode-spring-boot-1.40.0\language-server\BOOT-INF\lib\annotations-23.0.0.jar;c:\Users\tomok\.vscode\extensions\pivotal.vscode-spring-boot-1.40.0\language-server\BOOT-INF\lib\ant-1.10.12.jar;c:\Users\tomok\.vscode\extensions\pivotal.vscode-spring-boot-1.40.0\language-server\BOOT-INF\lib\ant-launcher-1.10.12.jar;c:\Users\tomok\.vscode\extensions\pivotal.vscode-spring-boot-1.40.0\language-server\BOOT-INF\lib\antlr-runtime-3.5.2.jar;c:\Users\tomok\.vscode\extensions\pivotal.vscode-spring-boot-1.40.0\language-server\BOOT-INF\lib\antlr4-4.9.3.jar;c:\Users\tomok\.vscode\extensions\pivotal.vscode-spring-boot-1.40.0\language-server\BOOT-INF\lib\antlr4-runtime-4.9.3.jar;c:\Users\tomok\.vscode\extensions\pivotal.vscode-spring-boot-1.40.0\language-server\BOOT-INF\lib\asm-9.3.jar;c:\Users\tomok\.vscode\extensions\pivotal.vscode-spring-boot-1.40.0\language-server\BOOT-INF\lib\asm-analysis-9.3.jar;c:\Users\tomok\.vscode\extensions\pivotal.vscode-spring-boot-1.40.0\language-server\BOOT-INF\lib\asm-tree-9.3.jar;c:\Users\tomok\.vscode\extensions\pivotal.vscode-spring-boot-1.40.0\language-server\BOOT-INF\lib\asm-util-9.3.jar;c:\Users\tomok\.vscode\extensions\pivotal.vscode-spring-boot-1.40.0\language-server\BOOT-INF\lib\byte-buddy-1.12.13.jar;c:\Users\tomok\.vscode\extensions\pivotal.vscode-spring-boot-1.40.0\language-server\BOOT-INF\lib\caffeine-2.9.3.jar;c:\Users\tomok\.vscode\extensions\pivotal.vscode-spring-boot-1.40.0\language-server\BOOT-INF\lib\checker-qual-3.12.0.jar;c:\Users\tomok\.vscode\extensions\pivotal.vscode-spring-boot-1.40.0\language-server\BOOT-INF\lib\classgraph-4.8.149.jar;c:\Users\tomok\.vscode\extensions\pivotal.vscode-spring-boot-1.40.0\language-server\BOOT-INF\lib\commons-codec-1.15.jar;c:\Users\tomok\.vscode\extensions\pivotal.vscode-spring-boot-1.40.0\language-server\BOOT-INF\lib\commons-c
Launcher Type: SUN_STANDARD

[Global flags]
     intx CICompilerCount                          = 4                                         {product} {ergonomic}
     uint ConcGCThreads                            = 2                                         {product} {ergonomic}
     uint G1ConcRefinementThreads                  = 8                                         {product} {ergonomic}
   size_t G1HeapRegionSize                         = 4194304                                   {product} {ergonomic}
    uintx GCDrainStackTargetSize                   = 64                                        {product} {ergonomic}
   size_t InitialHeapSize                          = 536870912                                 {product} {ergonomic}
   size_t MarkStackSize                            = 4194304                                   {product} {ergonomic}
   size_t MaxHeapSize                              = 8577351680                                {product} {ergonomic}
   size_t MaxNewSize                               = 5146411008                                {product} {ergonomic}
   size_t MinHeapDeltaBytes                        = 4194304                                   {product} {ergonomic}
   size_t MinHeapSize                              = 8388608                                   {product} {ergonomic}
    uintx NonProfiledCodeHeapSize                  = 0                                      {pd product} {ergonomic}
     bool ProfileInterpreter                       = false                                  {pd product} {command line}
    uintx ProfiledCodeHeapSize                     = 0                                      {pd product} {ergonomic}
   size_t SoftMaxHeapSize                          = 8577351680                             {manageable} {ergonomic}
     intx TieredStopAtLevel                        = 1                                         {product} {command line}
     bool UseCompressedClassPointers               = true                           {product lp64_product} {ergonomic}
     bool UseCompressedOops                        = true                           {product lp64_product} {ergonomic}
     bool UseG1GC                                  = true                                      {product} {ergonomic}
     bool UseLargePagesIndividualAllocation        = false                                  {pd product} {ergonomic}

Logging:
Log output configuration:
 #0: stdout all=warning,jni+resolve=off uptime,level,tags
 #1: stderr all=off uptime,level,tags

Environment Variables:
JAVA_HOME=C:\Program Files\AdoptOpenJDK\jdk-11.0.10.9-hotspot
PATH=C:\Users\tomok\AppData\Local\cloud-code\installer\google-cloud-sdk\bin;C:\Program Files\Common Files\Oracle\Java\javapath;C:\Program Files\NVIDIA GPU Computing Toolkit\CUDA\v11.2\bin;C:\Program Files\NVIDIA GPU Computing Toolkit\CUDA\v11.2\libnvvp;C:\Program Files\AdoptOpenJDK\jdk-11.0.10.9-hotspot\bin;C:\Program Files (x86)\Common Files\Oracle\Java\javapath;C:\Windows\system32;C:\Windows;C:\Windows\System32\Wbem;C:\Users\tomok\AppData\Local\Programs\Python\Python310;C:\Windows\System32\WindowsPowerShell\v1.0\;C:\Windows\System32\OpenSSH\;C:\Program Files (x86)\Intel\Intel(R) Management Engine Components\DAL;C:\Program Files\Intel\Intel(R) Management Engine Components\DAL;C:\Program Files (x86)\NVIDIA Corporation\PhysX\Common;C:\Program Files\Microsoft SQL Server\130\Tools\Binn\;C:\xampp\mysql\bin;C:\Program Files (x86)\sbt\bin;C:\Program Files (x86)\scala\bin;C:\WINDOWS\system32;C:\WINDOWS;C:\WINDOWS\System32\Wbem;C:\WINDOWS\System32\WindowsPowerShell\v1.0\;C:\WINDOWS\System32\OpenSSH\;C:\Program Files\Calibre2\;C:\Program Files\MongoDB\Server\4.4\bin;C:\apache-maven-3.6.3-bin\apache-maven-3.6.3\bin;C:\xampp\php;C:\Program Files\Graphviz\bin;C:\Anaconda3;C:\Anaconda3\Library\bin;C:\Anaconda3\Scripts;C:\Program Files\NVIDIA Corporation\NVIDIA NvDLISR;C:\Program Files\NVIDIA Corporation\Nsight Compute 2020.3.0\;C:\Program Files\dotnet\;C:\Program Files\Microsoft SQL Server\Client SDK\ODBC\170\Tools\Binn\;C:\composer;C:\WINDOWS\system32;C:\WINDOWS;C:\WINDOWS\System32\Wbem;C:\WINDOWS\System32\WindowsPowerShell\v1.0\;C:\WINDOWS\System32\OpenSSH\;C:\ProgramData\ComposerSetup\bin;C:\Program Files\nodejs\;C:\ProgramData\chocolatey\bin;D:\Applications\chromedriver_win32;C:\Program Files\Docker\Docker\resources\bin;C:\ProgramData\DockerDesktop\version-bin;C:\Program Files\PowerShell\7\;C:\Users\tomok\AppData\Local\Microsoft\WindowsApps;C:\Program Files\JetBrains\IntelliJ IDEA Community Edition 2019.3\bin;C:\Users\tomok\.dotnet\tools;C:\Users\tomok\AppData\Local\Microsoft\W
USERNAME=tomok
OS=Windows_NT
PROCESSOR_IDENTIFIER=Intel64 Family 6 Model 158 Stepping 13, GenuineIntel
TMP=C:\Users\tomok\AppData\Local\Temp
TEMP=C:\Users\tomok\AppData\Local\Temp



---------------  S Y S T E M  ---------------

OS:
 Windows 11 , 64 bit Build 22621 (10.0.22621.891)
OS uptime: 7 days 2:35 hours
Hyper-V role detected

CPU: total 8 (initial active 8) (8 cores per cpu, 1 threads per core) family 6 model 158 stepping 13 microcode 0xde, cx8, cmov, fxsr, mmx, 3dnowpref, sse, sse2, sse3, ssse3, sse4.1, sse4.2, popcnt, lzcnt, tsc, tscinvbit, avx, avx2, aes, erms, clmul, bmi1, bmi2, adx, fma, vzeroupper, clflush, clflushopt, hv

Memory: 4k page, system-wide physical 32709M (14059M free)
TotalPageFile size 131013M (AvailPageFile size 476M)
current process WorkingSet (physical memory assigned to process): 749M, peak: 749M
current process commit charge ("private bytes"): 770M, peak: 1610M

vm_info: OpenJDK 64-Bit Server VM (17.0.4.1+1) for windows-amd64 JRE (17.0.4.1+1), built on Aug 17 2022 07:42:43 by "temurin" with MS VC++ 16.7 (VS2019)

END.
