#
# There is insufficient memory for the Java Runtime Environment to continue.
# Native memory allocation (mmap) failed to map 843055104 bytes for G1 virtual space
# Possible reasons:
#   The system is out of physical RAM or swap space
#   The process is running with CompressedOops enabled, and the Java Heap may be blocking the growth of the native heap
# Possible solutions:
#   Reduce memory load on the system
#   Increase physical memory or swap space
#   Check if swap backing store is full
#   Decrease Java heap size (-Xmx/-Xms)
#   Decrease number of Java threads
#   Decrease Java thread stack sizes (-Xss)
#   Set larger code cache with -XX:ReservedCodeCacheSize=
#   JVM is running with Zero Based Compressed Oops mode in which the Java heap is
#     placed in the first 32GB address space. The Java Heap base address is the
#     maximum limit for the native heap growth. Please use -XX:HeapBaseMinAddress
#     to set the Java Heap base and to place the Java Heap above 32GB virtual address.
# This output file may be truncated or incomplete.
#
#  Out of Memory Error (os_windows.cpp:3541), pid=17476, tid=1464
#
# JRE version: OpenJDK Runtime Environment Temurin-17.0.4.1+1 (17.0.4.1+1) (build 17.0.4.1+1)
# Java VM: OpenJDK 64-Bit Server VM Temurin-17.0.4.1+1 (17.0.4.1+1, mixed mode, emulated-client, tiered, compressed oops, compressed class ptrs, g1 gc, windows-amd64)
# No core dump will be written. Minidumps are not enabled by default on client versions of Windows
#

---------------  S U M M A R Y ------------

Command Line: -Dsts.lsp.client=vscode -Dsts.log.file=/dev/null -XX:TieredStopAtLevel=1 -Xlog:jni+resolve=off -Dspring.config.location=file:c:\Users\tomok\.vscode\extensions\pivotal.vscode-spring-boot-1.40.0\language-server\BOOT-INF\classes\application.properties org.springframework.ide.vscode.boot.app.BootLanguageServerBootApp

Host: Intel(R) Core(TM) i7-9700K CPU @ 3.60GHz, 8 cores, 31G,  Windows 11 , 64 bit Build 22621 (10.0.22621.891)
Time: Tue Nov 22 12:39:34 2022  Windows 11 , 64 bit Build 22621 (10.0.22621.891) elapsed time: 3.698407 seconds (0d 0h 0m 3s)

---------------  T H R E A D  ---------------

Current thread (0x000001d57eb92be0):  VMThread "VM Thread" [stack: 0x00000088d1a00000,0x00000088d1b00000] [id=1464]

Stack: [0x00000088d1a00000,0x00000088d1b00000]
Native frames: (J=compiled Java code, j=interpreted, Vv=VM code, C=native code)
V  [jvm.dll+0x67731a]
V  [jvm.dll+0x832284]
V  [jvm.dll+0x833a2e]
V  [jvm.dll+0x834093]
V  [jvm.dll+0x245775]
V  [jvm.dll+0x674209]
V  [jvm.dll+0x668a92]
V  [jvm.dll+0x30471b]
V  [jvm.dll+0x30bc66]
V  [jvm.dll+0x35ba9e]
V  [jvm.dll+0x35bccf]
V  [jvm.dll+0x2db5b8]
V  [jvm.dll+0x2d986c]
V  [jvm.dll+0x2d8e3c]
V  [jvm.dll+0x31cd9b]
V  [jvm.dll+0x83853b]
V  [jvm.dll+0x839274]
V  [jvm.dll+0x83978c]
V  [jvm.dll+0x839b64]
V  [jvm.dll+0x839c30]
V  [jvm.dll+0x7e240a]
V  [jvm.dll+0x6761a5]
C  [ucrtbase.dll+0x29363]
C  [KERNEL32.DLL+0x1244d]
C  [ntdll.dll+0x5dfb8]

VM_Operation (0x00000088d45fe710): G1CollectForAllocation, mode: safepoint, requested by thread 0x000001d511bce4b0


---------------  P R O C E S S  ---------------

Threads class SMR info:
_java_thread_list=0x000001d512084ed0, length=49, elements={
0x000001d57ebab390, 0x000001d57ebac5f0, 0x000001d57f2d7430, 0x000001d57f2d7cf0,
0x000001d57f2d85b0, 0x000001d57f2dae80, 0x000001d57f2db7f0, 0x000001d57f2de100,
0x000001d57f4ca430, 0x000001d57f4d9140, 0x000001d57f4fa020, 0x000001d510fe4d80,
0x000001d5110802b0, 0x000001d5115e4840, 0x000001d511b1dc20, 0x000001d5118ba480,
0x000001d57177be40, 0x000001d511b32570, 0x000001d511b964a0, 0x000001d511b96970,
0x000001d511af42b0, 0x000001d511724950, 0x000001d511bce980, 0x000001d511bcfcc0,
0x000001d511bd0190, 0x000001d511bd0660, 0x000001d511bcdb10, 0x000001d511bcee50,
0x000001d511bcf320, 0x000001d511bd0b30, 0x000001d511bcf7f0, 0x000001d511bcd170,
0x000001d511bcd640, 0x000001d511bcdfe0, 0x000001d511bce4b0, 0x000001d511ab0140,
0x000001d511ab5310, 0x000001d511ab1e20, 0x000001d511ab3fd0, 0x000001d511ab57e0,
0x000001d511ab5cb0, 0x000001d511ab0610, 0x000001d511ab44a0, 0x000001d511ab3160,
0x000001d511ab3b00, 0x000001d511ab22f0, 0x000001d511aaf7a0, 0x000001d511ab4970,
0x000001d511ab6180
}

Java Threads: ( => current thread )
  0x000001d57ebab390 JavaThread "Reference Handler" daemon [_thread_blocked, id=36984, stack(0x00000088d1b00000,0x00000088d1c00000)]
  0x000001d57ebac5f0 JavaThread "Finalizer" daemon [_thread_blocked, id=10056, stack(0x00000088d1c00000,0x00000088d1d00000)]
  0x000001d57f2d7430 JavaThread "Signal Dispatcher" daemon [_thread_blocked, id=25260, stack(0x00000088d1d00000,0x00000088d1e00000)]
  0x000001d57f2d7cf0 JavaThread "Attach Listener" daemon [_thread_blocked, id=12264, stack(0x00000088d1e00000,0x00000088d1f00000)]
  0x000001d57f2d85b0 JavaThread "Service Thread" daemon [_thread_blocked, id=1460, stack(0x00000088d1f00000,0x00000088d2000000)]
  0x000001d57f2dae80 JavaThread "Monitor Deflation Thread" daemon [_thread_blocked, id=3536, stack(0x00000088d2000000,0x00000088d2100000)]
  0x000001d57f2db7f0 JavaThread "C1 CompilerThread0" daemon [_thread_blocked, id=24572, stack(0x00000088d2100000,0x00000088d2200000)]
  0x000001d57f2de100 JavaThread "Sweeper thread" daemon [_thread_blocked, id=9256, stack(0x00000088d2200000,0x00000088d2300000)]
  0x000001d57f4ca430 JavaThread "C1 CompilerThread1" daemon [_thread_blocked, id=33420, stack(0x00000088d2300000,0x00000088d2400000)]
  0x000001d57f4d9140 JavaThread "Notification Thread" daemon [_thread_blocked, id=25892, stack(0x00000088d2400000,0x00000088d2500000)]
  0x000001d57f4fa020 JavaThread "Common-Cleaner" daemon [_thread_blocked, id=21204, stack(0x00000088d2600000,0x00000088d2700000)]
  0x000001d510fe4d80 JavaThread "C1 CompilerThread2" daemon [_thread_blocked, id=12920, stack(0x00000088d2700000,0x00000088d2800000)]
  0x000001d5110802b0 JavaThread "C1 CompilerThread3" daemon [_thread_blocked, id=688, stack(0x00000088d2800000,0x00000088d2900000)]
  0x000001d5115e4840 JavaThread "boundedElastic-evictor-1" daemon [_thread_blocked, id=14904, stack(0x00000088d3000000,0x00000088d3100000)]
  0x000001d511b1dc20 JavaThread "pool-9-thread-1" [_thread_blocked, id=24468, stack(0x00000088d3200000,0x00000088d3300000)]
  0x000001d5118ba480 JavaThread "LanguageServerApp-lifecycle" [_thread_blocked, id=38440, stack(0x00000088d3300000,0x00000088d3400000)]
  0x000001d57177be40 JavaThread "DestroyJavaVM" [_thread_blocked, id=33740, stack(0x00000088d1400000,0x00000088d1500000)]
  0x000001d511b32570 JavaThread "pool-10-thread-1" [_thread_in_native, id=8468, stack(0x00000088d3400000,0x00000088d3500000)]
  0x000001d511b964a0 JavaThread "Simple-Language-Server main thread" daemon [_thread_blocked, id=17756, stack(0x00000088d3500000,0x00000088d3600000)]
  0x000001d511b96970 JavaThread "ForkJoinPool.commonPool-worker-1" daemon [_thread_blocked, id=24124, stack(0x00000088d3600000,0x00000088d3700000)]
  0x000001d511af42b0 JavaThread "pool-7-thread-1" [_thread_blocked, id=29796, stack(0x00000088d3700000,0x00000088d3800000)]
  0x000001d511724950 JavaThread "parallel-1" daemon [_thread_blocked, id=25148, stack(0x00000088d3800000,0x00000088d3900000)]
  0x000001d511bce980 JavaThread "parallel-2" daemon [_thread_blocked, id=10700, stack(0x00000088d3900000,0x00000088d3a00000)]
  0x000001d511bcfcc0 JavaThread "pool-4-thread-1" [_thread_blocked, id=11908, stack(0x00000088d3a00000,0x00000088d3b00000)]
  0x000001d511bd0190 JavaThread "ForkJoinPool.commonPool-worker-2" daemon [_thread_blocked, id=16804, stack(0x00000088d3b00000,0x00000088d3c00000)]
  0x000001d511bd0660 JavaThread "pool-4-thread-2" [_thread_blocked, id=34488, stack(0x00000088d3c00000,0x00000088d3d00000)]
  0x000001d511bcdb10 JavaThread "pool-4-thread-3" [_thread_blocked, id=7612, stack(0x00000088d3d00000,0x00000088d3e00000)]
  0x000001d511bcee50 JavaThread "pool-4-thread-4" [_thread_blocked, id=26640, stack(0x00000088d3e00000,0x00000088d3f00000)]
  0x000001d511bcf320 JavaThread "pool-4-thread-5" [_thread_blocked, id=27416, stack(0x00000088d3f00000,0x00000088d4000000)]
  0x000001d511bd0b30 JavaThread "ClassGraph-worker-0" daemon [_thread_blocked, id=17112, stack(0x00000088d4000000,0x00000088d4100000)]
  0x000001d511bcf7f0 JavaThread "parallel-3" daemon [_thread_blocked, id=13896, stack(0x00000088d4100000,0x00000088d4200000)]
  0x000001d511bcd170 JavaThread "ClassGraph-worker-1" daemon [_thread_blocked, id=32416, stack(0x00000088d4200000,0x00000088d4300000)]
  0x000001d511bcd640 JavaThread "ClassGraph-worker-2" daemon [_thread_blocked, id=27092, stack(0x00000088d4300000,0x00000088d4400000)]
  0x000001d511bcdfe0 JavaThread "ClassGraph-worker-3" daemon [_thread_blocked, id=33636, stack(0x00000088d4400000,0x00000088d4500000)]
  0x000001d511bce4b0 JavaThread "ClassGraph-worker-4" daemon [_thread_blocked, id=25924, stack(0x00000088d4500000,0x00000088d4600000)]
  0x000001d511ab0140 JavaThread "ClassGraph-worker-5" daemon [_thread_blocked, id=21636, stack(0x00000088d4600000,0x00000088d4700000)]
  0x000001d511ab5310 JavaThread "ClassGraph-worker-6" daemon [_thread_blocked, id=27944, stack(0x00000088d4700000,0x00000088d4800000)]
  0x000001d511ab1e20 JavaThread "ClassGraph-worker-7" daemon [_thread_blocked, id=1060, stack(0x00000088d4800000,0x00000088d4900000)]
  0x000001d511ab3fd0 JavaThread "ClassGraph-worker-8" daemon [_thread_blocked, id=22196, stack(0x00000088d4900000,0x00000088d4a00000)]
  0x000001d511ab57e0 JavaThread "ClassGraph-worker-9" daemon [_thread_blocked, id=10620, stack(0x00000088d4a00000,0x00000088d4b00000)]
  0x000001d511ab5cb0 JavaThread "ClassGraph-worker-10" daemon [_thread_blocked, id=13008, stack(0x00000088d4b00000,0x00000088d4c00000)]
  0x000001d511ab0610 JavaThread "ClassGraph-worker-11" daemon [_thread_blocked, id=21672, stack(0x00000088d4c00000,0x00000088d4d00000)]
  0x000001d511ab44a0 JavaThread "ClassGraph-worker-12" daemon [_thread_blocked, id=23068, stack(0x00000088d4d00000,0x00000088d4e00000)]
  0x000001d511ab3160 JavaThread "ClassGraph-worker-13" daemon [_thread_blocked, id=28872, stack(0x00000088d4e00000,0x00000088d4f00000)]
  0x000001d511ab3b00 JavaThread "Reconciler-1" daemon [_thread_blocked, id=33748, stack(0x00000088d4f00000,0x00000088d5000000)]
  0x000001d511ab22f0 JavaThread "pool-5-thread-1" [_thread_blocked, id=10652, stack(0x00000088d5000000,0x00000088d5100000)]
  0x000001d511aaf7a0 JavaThread "parallel-4" daemon [_thread_blocked, id=17448, stack(0x00000088d5100000,0x00000088d5200000)]
  0x000001d511ab4970 JavaThread "parallel-5" daemon [_thread_blocked, id=25736, stack(0x00000088d5200000,0x00000088d5300000)]
  0x000001d511ab6180 JavaThread "Project-Reconciler-1" daemon [_thread_blocked, id=19140, stack(0x00000088d5300000,0x00000088d5400000)]

Other Threads:
=>0x000001d57eb92be0 VMThread "VM Thread" [stack: 0x00000088d1a00000,0x00000088d1b00000] [id=1464]
  0x000001d57f4d9610 WatcherThread [stack: 0x00000088d2500000,0x00000088d2600000] [id=37984]
  0x000001d573997440 GCTaskThread "GC Thread#0" [stack: 0x00000088d1500000,0x00000088d1600000] [id=32088]
  0x000001d51109ebf0 GCTaskThread "GC Thread#1" [stack: 0x00000088d2900000,0x00000088d2a00000] [id=16756]
  0x000001d51106b720 GCTaskThread "GC Thread#2" [stack: 0x00000088d2a00000,0x00000088d2b00000] [id=22796]
  0x000001d5111e8570 GCTaskThread "GC Thread#3" [stack: 0x00000088d2b00000,0x00000088d2c00000] [id=22176]
  0x000001d5111e8820 GCTaskThread "GC Thread#4" [stack: 0x00000088d2c00000,0x00000088d2d00000] [id=16860]
  0x000001d5111e48f0 GCTaskThread "GC Thread#5" [stack: 0x00000088d2d00000,0x00000088d2e00000] [id=17620]
  0x000001d5111e4ba0 GCTaskThread "GC Thread#6" [stack: 0x00000088d2e00000,0x00000088d2f00000] [id=34452]
  0x000001d5111e4e50 GCTaskThread "GC Thread#7" [stack: 0x00000088d2f00000,0x00000088d3000000] [id=32332]
  0x000001d5739a8380 ConcurrentGCThread "G1 Main Marker" [stack: 0x00000088d1600000,0x00000088d1700000] [id=22420]
  0x000001d5739a8ca0 ConcurrentGCThread "G1 Conc#0" [stack: 0x00000088d1700000,0x00000088d1800000] [id=11108]
  0x000001d511617440 ConcurrentGCThread "G1 Conc#1" [stack: 0x00000088d3100000,0x00000088d3200000] [id=9872]
  0x000001d57ea817c0 ConcurrentGCThread "G1 Refine#0" [stack: 0x00000088d1800000,0x00000088d1900000] [id=14204]
  0x000001d5120a9de0 ConcurrentGCThread "G1 Refine#1" [stack: 0x00000088d5400000,0x00000088d5500000] [id=26304]
  0x000001d5143a3510 ConcurrentGCThread "G1 Refine#2" [stack: 0x00000088d5500000,0x00000088d5600000] [id=16144]
  0x000001d5143a37f0 ConcurrentGCThread "G1 Refine#3" [stack: 0x00000088d5600000,0x00000088d5700000] [id=16380]
  0x000001d57ea82fa0 ConcurrentGCThread "G1 Service" [stack: 0x00000088d1900000,0x00000088d1a00000] [id=11308]

Threads with active compile tasks:

VM state: at safepoint (normal execution)

VM Mutex/Monitor currently owned by a thread:  ([mutex/lock_event])
[0x000001d5716b0b80] Threads_lock - owner thread: 0x000001d57eb92be0
[0x000001d57177a780] Heap_lock - owner thread: 0x000001d511bce4b0

Heap address: 0x0000000600c00000, size: 8180 MB, Compressed Oops mode: Zero based, Oop shift amount: 3

CDS archive(s) not mapped
Compressed class space mapped at: 0x0000000800000000-0x0000000840000000, reserved size: 1073741824
Narrow klass base: 0x0000000800000000, Narrow klass shift: 0, Narrow klass range: 0x40000000

GC Precious Log:
 CPUs: 8 total, 8 available
 Memory: 32709M
 Large Page Support: Disabled
 NUMA Support: Disabled
 Compressed Oops: Enabled (Zero based)
 Heap Region Size: 4M
 Heap Min Capacity: 8M
 Heap Initial Capacity: 512M
 Heap Max Capacity: 8180M
 Pre-touch: Disabled
 Parallel Workers: 8
 Concurrent Workers: 2
 Concurrent Refinement Workers: 8
 Periodic GC: Disabled

Heap:
 garbage-first heap   total 581632K, used 139856K [0x0000000600c00000, 0x0000000800000000)
  region size 4096K, 9 young (36864K), 9 survivors (36864K)
 Metaspace       used 39302K, committed 39680K, reserved 1089536K
  class space    used 4983K, committed 5184K, reserved 1048576K

Heap Regions: E=young(eden), S=young(survivor), O=old, HS=humongous(starts), HC=humongous(continues), CS=collection set, F=free, OA=open archive, CA=closed archive, TAMS=top-at-mark-start (previous, next)
|   0|0x0000000600c00000, 0x0000000601000000, 0x0000000601000000|100%| O|  |TAMS 0x0000000601000000, 0x0000000600c00000| Untracked 
|   1|0x0000000601000000, 0x00000006013c1a00, 0x0000000601400000| 93%| O|  |TAMS 0x00000006013c1a00, 0x0000000601000000| Untracked 
|   2|0x0000000601400000, 0x0000000601800000, 0x0000000601800000|100%| O|  |TAMS 0x0000000601800000, 0x0000000601400000| Untracked 
|   3|0x0000000601800000, 0x0000000601c00000, 0x0000000601c00000|100%| O|  |TAMS 0x0000000601c00000, 0x0000000601800000| Untracked 
|   4|0x0000000601c00000, 0x0000000602000000, 0x0000000602000000|100%| O|  |TAMS 0x0000000601d0d000, 0x0000000601c00000| Untracked 
|   5|0x0000000602000000, 0x0000000602400000, 0x0000000602400000|100%| O|  |TAMS 0x0000000602000000, 0x0000000602000000| Untracked 
|   6|0x0000000602400000, 0x0000000602800000, 0x0000000602800000|100%| O|  |TAMS 0x0000000602400000, 0x0000000602400000| Untracked 
|   7|0x0000000602800000, 0x0000000602c00000, 0x0000000602c00000|100%| O|  |TAMS 0x0000000602800000, 0x0000000602800000| Untracked 
|   8|0x0000000602c00000, 0x0000000603000000, 0x0000000603000000|100%| O|  |TAMS 0x0000000602c00000, 0x0000000602c00000| Untracked 
|   9|0x0000000603000000, 0x0000000603400000, 0x0000000603400000|100%| O|  |TAMS 0x0000000603000000, 0x0000000603000000| Untracked 
|  10|0x0000000603400000, 0x0000000603800000, 0x0000000603800000|100%| O|  |TAMS 0x0000000603400000, 0x0000000603400000| Untracked 
|  11|0x0000000603800000, 0x0000000603c00000, 0x0000000603c00000|100%| O|  |TAMS 0x0000000603800000, 0x0000000603800000| Untracked 
|  12|0x0000000603c00000, 0x0000000604000000, 0x0000000604000000|100%| O|  |TAMS 0x0000000603c00000, 0x0000000603c00000| Untracked 
|  13|0x0000000604000000, 0x0000000604400000, 0x0000000604400000|100%| O|  |TAMS 0x0000000604000000, 0x0000000604000000| Untracked 
|  14|0x0000000604400000, 0x0000000604800000, 0x0000000604800000|100%| O|  |TAMS 0x0000000604400000, 0x0000000604400000| Untracked 
|  15|0x0000000604800000, 0x0000000604c00000, 0x0000000604c00000|100%| O|  |TAMS 0x0000000604800000, 0x0000000604800000| Untracked 
|  16|0x0000000604c00000, 0x0000000605000000, 0x0000000605000000|100%| O|  |TAMS 0x0000000604c00000, 0x0000000604c00000| Untracked 
|  17|0x0000000605000000, 0x0000000605400000, 0x0000000605400000|100%| O|  |TAMS 0x0000000605000000, 0x0000000605000000| Untracked 
|  18|0x0000000605400000, 0x0000000605800000, 0x0000000605800000|100%| O|  |TAMS 0x0000000605400000, 0x0000000605400000| Untracked 
|  19|0x0000000605800000, 0x0000000605c00000, 0x0000000605c00000|100%| O|  |TAMS 0x0000000605800000, 0x0000000605800000| Untracked 
|  20|0x0000000605c00000, 0x0000000606000000, 0x0000000606000000|100%| O|  |TAMS 0x0000000605c00000, 0x0000000605c00000| Untracked 
|  21|0x0000000606000000, 0x0000000606400000, 0x0000000606400000|100%| O|  |TAMS 0x0000000606000000, 0x0000000606000000| Untracked 
|  22|0x0000000606400000, 0x0000000606800000, 0x0000000606800000|100%| O|  |TAMS 0x0000000606400000, 0x0000000606400000| Untracked 
|  23|0x0000000606800000, 0x0000000606c00000, 0x0000000606c00000|100%| O|  |TAMS 0x0000000606800000, 0x0000000606800000| Untracked 
|  24|0x0000000606c00000, 0x0000000607000000, 0x0000000607000000|100%| O|  |TAMS 0x0000000606c00000, 0x0000000606c00000| Untracked 
|  25|0x0000000607000000, 0x00000006070d2800, 0x0000000607400000| 20%| O|  |TAMS 0x0000000607000000, 0x0000000607000000| Untracked 
|  26|0x0000000607400000, 0x0000000607400000, 0x0000000607800000|  0%| F|  |TAMS 0x0000000607400000, 0x0000000607400000| Untracked 
|  27|0x0000000607800000, 0x0000000607800000, 0x0000000607c00000|  0%| F|  |TAMS 0x0000000607800000, 0x0000000607800000| Untracked 
|  28|0x0000000607c00000, 0x0000000607c00000, 0x0000000608000000|  0%| F|  |TAMS 0x0000000607c00000, 0x0000000607c00000| Untracked 
|  29|0x0000000608000000, 0x0000000608000000, 0x0000000608400000|  0%| F|  |TAMS 0x0000000608000000, 0x0000000608000000| Untracked 
|  30|0x0000000608400000, 0x0000000608400000, 0x0000000608800000|  0%| F|  |TAMS 0x0000000608400000, 0x0000000608400000| Untracked 
|  31|0x0000000608800000, 0x0000000608800000, 0x0000000608c00000|  0%| F|  |TAMS 0x0000000608800000, 0x0000000608800000| Untracked 
|  32|0x0000000608c00000, 0x0000000608c00000, 0x0000000609000000|  0%| F|  |TAMS 0x0000000608c00000, 0x0000000608c00000| Untracked 
|  33|0x0000000609000000, 0x0000000609000000, 0x0000000609400000|  0%| F|  |TAMS 0x0000000609000000, 0x0000000609000000| Untracked 
|  34|0x0000000609400000, 0x0000000609400000, 0x0000000609800000|  0%| F|  |TAMS 0x0000000609400000, 0x0000000609400000| Untracked 
|  35|0x0000000609800000, 0x0000000609800000, 0x0000000609c00000|  0%| F|  |TAMS 0x0000000609800000, 0x0000000609800000| Untracked 
|  36|0x0000000609c00000, 0x0000000609c00000, 0x000000060a000000|  0%| F|  |TAMS 0x0000000609c00000, 0x0000000609c00000| Untracked 
|  37|0x000000060a000000, 0x000000060a000000, 0x000000060a400000|  0%| F|  |TAMS 0x000000060a000000, 0x000000060a000000| Untracked 
|  38|0x000000060a400000, 0x000000060a400000, 0x000000060a800000|  0%| F|  |TAMS 0x000000060a400000, 0x000000060a400000| Untracked 
|  39|0x000000060a800000, 0x000000060a800000, 0x000000060ac00000|  0%| F|  |TAMS 0x000000060a800000, 0x000000060a800000| Untracked 
|  40|0x000000060ac00000, 0x000000060ac00000, 0x000000060b000000|  0%| F|  |TAMS 0x000000060ac00000, 0x000000060ac00000| Untracked 
|  41|0x000000060b000000, 0x000000060b000000, 0x000000060b400000|  0%| F|  |TAMS 0x000000060b000000, 0x000000060b000000| Untracked 
|  42|0x000000060b400000, 0x000000060b400000, 0x000000060b800000|  0%| F|  |TAMS 0x000000060b400000, 0x000000060b400000| Untracked 
|  43|0x000000060b800000, 0x000000060b800000, 0x000000060bc00000|  0%| F|  |TAMS 0x000000060b800000, 0x000000060b800000| Untracked 
|  44|0x000000060bc00000, 0x000000060bc00000, 0x000000060c000000|  0%| F|  |TAMS 0x000000060bc00000, 0x000000060bc00000| Untracked 
|  45|0x000000060c000000, 0x000000060c000000, 0x000000060c400000|  0%| F|  |TAMS 0x000000060c000000, 0x000000060c000000| Untracked 
|  46|0x000000060c400000, 0x000000060c400000, 0x000000060c800000|  0%| F|  |TAMS 0x000000060c400000, 0x000000060c400000| Untracked 
|  47|0x000000060c800000, 0x000000060c800000, 0x000000060cc00000|  0%| F|  |TAMS 0x000000060c800000, 0x000000060c800000| Untracked 
|  48|0x000000060cc00000, 0x000000060d000000, 0x000000060d000000|100%| S|CS|TAMS 0x000000060cc00000, 0x000000060cc00000| Complete 
|  49|0x000000060d000000, 0x000000060d400000, 0x000000060d400000|100%| S|CS|TAMS 0x000000060d000000, 0x000000060d000000| Complete 
|  50|0x000000060d400000, 0x000000060d800000, 0x000000060d800000|100%| S|CS|TAMS 0x000000060d400000, 0x000000060d400000| Complete 
|  51|0x000000060d800000, 0x000000060dc00000, 0x000000060dc00000|100%| S|CS|TAMS 0x000000060d800000, 0x000000060d800000| Complete 
|  52|0x000000060dc00000, 0x000000060e000000, 0x000000060e000000|100%| S|CS|TAMS 0x000000060dc00000, 0x000000060dc00000| Complete 
|  53|0x000000060e000000, 0x000000060e400000, 0x000000060e400000|100%| S|CS|TAMS 0x000000060e000000, 0x000000060e000000| Complete 
|  54|0x000000060e400000, 0x000000060e400000, 0x000000060e800000|  0%| F|  |TAMS 0x000000060e400000, 0x000000060e400000| Untracked 
|  55|0x000000060e800000, 0x000000060e800000, 0x000000060ec00000|  0%| F|  |TAMS 0x000000060e800000, 0x000000060e800000| Untracked 
|  56|0x000000060ec00000, 0x000000060ec00000, 0x000000060f000000|  0%| F|  |TAMS 0x000000060ec00000, 0x000000060ec00000| Untracked 
|  57|0x000000060f000000, 0x000000060f000000, 0x000000060f400000|  0%| F|  |TAMS 0x000000060f000000, 0x000000060f000000| Untracked 
|  58|0x000000060f400000, 0x000000060f400000, 0x000000060f800000|  0%| F|  |TAMS 0x000000060f400000, 0x000000060f400000| Untracked 
|  59|0x000000060f800000, 0x000000060f800000, 0x000000060fc00000|  0%| F|  |TAMS 0x000000060f800000, 0x000000060f800000| Untracked 
|  60|0x000000060fc00000, 0x0000000610000000, 0x0000000610000000|100%| S|CS|TAMS 0x000000060fc00000, 0x000000060fc00000| Complete 
|  61|0x0000000610000000, 0x0000000610400000, 0x0000000610400000|100%| S|CS|TAMS 0x0000000610000000, 0x0000000610000000| Complete 
|  62|0x0000000610400000, 0x0000000610800000, 0x0000000610800000|100%| S|CS|TAMS 0x0000000610400000, 0x0000000610400000| Complete 
|  63|0x0000000610800000, 0x0000000610800000, 0x0000000610c00000|  0%| F|  |TAMS 0x0000000610800000, 0x0000000610800000| Untracked 
|  64|0x0000000610c00000, 0x0000000610c00000, 0x0000000611000000|  0%| F|  |TAMS 0x0000000610c00000, 0x0000000610c00000| Untracked 
|  65|0x0000000611000000, 0x0000000611000000, 0x0000000611400000|  0%| F|  |TAMS 0x0000000611000000, 0x0000000611000000| Untracked 
|  66|0x0000000611400000, 0x0000000611400000, 0x0000000611800000|  0%| F|  |TAMS 0x0000000611400000, 0x0000000611400000| Untracked 
|  67|0x0000000611800000, 0x0000000611800000, 0x0000000611c00000|  0%| F|  |TAMS 0x0000000611800000, 0x0000000611800000| Untracked 
|  68|0x0000000611c00000, 0x0000000611c00000, 0x0000000612000000|  0%| F|  |TAMS 0x0000000611c00000, 0x0000000611c00000| Untracked 
|  69|0x0000000612000000, 0x0000000612000000, 0x0000000612400000|  0%| F|  |TAMS 0x0000000612000000, 0x0000000612000000| Untracked 
|  70|0x0000000612400000, 0x0000000612400000, 0x0000000612800000|  0%| F|  |TAMS 0x0000000612400000, 0x0000000612400000| Untracked 
|  71|0x0000000612800000, 0x0000000612800000, 0x0000000612c00000|  0%| F|  |TAMS 0x0000000612800000, 0x0000000612800000| Untracked 
|  72|0x0000000612c00000, 0x0000000612c00000, 0x0000000613000000|  0%| F|  |TAMS 0x0000000612c00000, 0x0000000612c00000| Untracked 
|  73|0x0000000613000000, 0x0000000613000000, 0x0000000613400000|  0%| F|  |TAMS 0x0000000613000000, 0x0000000613000000| Untracked 
|  74|0x0000000613400000, 0x0000000613400000, 0x0000000613800000|  0%| F|  |TAMS 0x0000000613400000, 0x0000000613400000| Untracked 
|  75|0x0000000613800000, 0x0000000613800000, 0x0000000613c00000|  0%| F|  |TAMS 0x0000000613800000, 0x0000000613800000| Untracked 
|  76|0x0000000613c00000, 0x0000000613c00000, 0x0000000614000000|  0%| F|  |TAMS 0x0000000613c00000, 0x0000000613c00000| Untracked 
|  77|0x0000000614000000, 0x0000000614000000, 0x0000000614400000|  0%| F|  |TAMS 0x0000000614000000, 0x0000000614000000| Untracked 
|  78|0x0000000614400000, 0x0000000614400000, 0x0000000614800000|  0%| F|  |TAMS 0x0000000614400000, 0x0000000614400000| Untracked 
|  79|0x0000000614800000, 0x0000000614800000, 0x0000000614c00000|  0%| F|  |TAMS 0x0000000614800000, 0x0000000614800000| Untracked 
|  80|0x0000000614c00000, 0x0000000614c00000, 0x0000000615000000|  0%| F|  |TAMS 0x0000000614c00000, 0x0000000614c00000| Untracked 
|  81|0x0000000615000000, 0x0000000615000000, 0x0000000615400000|  0%| F|  |TAMS 0x0000000615000000, 0x0000000615000000| Untracked 
|  82|0x0000000615400000, 0x0000000615400000, 0x0000000615800000|  0%| F|  |TAMS 0x0000000615400000, 0x0000000615400000| Untracked 
|  83|0x0000000615800000, 0x0000000615800000, 0x0000000615c00000|  0%| F|  |TAMS 0x0000000615800000, 0x0000000615800000| Untracked 
|  84|0x0000000615c00000, 0x0000000615c00000, 0x0000000616000000|  0%| F|  |TAMS 0x0000000615c00000, 0x0000000615c00000| Untracked 
|  85|0x0000000616000000, 0x0000000616000000, 0x0000000616400000|  0%| F|  |TAMS 0x0000000616000000, 0x0000000616000000| Untracked 
|  86|0x0000000616400000, 0x0000000616400000, 0x0000000616800000|  0%| F|  |TAMS 0x0000000616400000, 0x0000000616400000| Untracked 
|  87|0x0000000616800000, 0x0000000616800000, 0x0000000616c00000|  0%| F|  |TAMS 0x0000000616800000, 0x0000000616800000| Untracked 
|  88|0x0000000616c00000, 0x0000000616c00000, 0x0000000617000000|  0%| F|  |TAMS 0x0000000616c00000, 0x0000000616c00000| Untracked 
|  89|0x0000000617000000, 0x0000000617000000, 0x0000000617400000|  0%| F|  |TAMS 0x0000000617000000, 0x0000000617000000| Untracked 
|  90|0x0000000617400000, 0x0000000617400000, 0x0000000617800000|  0%| F|  |TAMS 0x0000000617400000, 0x0000000617400000| Untracked 
|  91|0x0000000617800000, 0x0000000617800000, 0x0000000617c00000|  0%| F|  |TAMS 0x0000000617800000, 0x0000000617800000| Untracked 
|  92|0x0000000617c00000, 0x0000000617c00000, 0x0000000618000000|  0%| F|  |TAMS 0x0000000617c00000, 0x0000000617c00000| Untracked 
|  93|0x0000000618000000, 0x0000000618000000, 0x0000000618400000|  0%| F|  |TAMS 0x0000000618000000, 0x0000000618000000| Untracked 
|  94|0x0000000618400000, 0x0000000618400000, 0x0000000618800000|  0%| F|  |TAMS 0x0000000618400000, 0x0000000618400000| Untracked 
|  95|0x0000000618800000, 0x0000000618800000, 0x0000000618c00000|  0%| F|  |TAMS 0x0000000618800000, 0x0000000618800000| Untracked 
|  96|0x0000000618c00000, 0x0000000618c00000, 0x0000000619000000|  0%| F|  |TAMS 0x0000000618c00000, 0x0000000618c00000| Untracked 
|  97|0x0000000619000000, 0x0000000619000000, 0x0000000619400000|  0%| F|  |TAMS 0x0000000619000000, 0x0000000619000000| Untracked 
|  98|0x0000000619400000, 0x0000000619400000, 0x0000000619800000|  0%| F|  |TAMS 0x0000000619400000, 0x0000000619400000| Untracked 
|  99|0x0000000619800000, 0x0000000619800000, 0x0000000619c00000|  0%| F|  |TAMS 0x0000000619800000, 0x0000000619800000| Untracked 
| 100|0x0000000619c00000, 0x0000000619c00000, 0x000000061a000000|  0%| F|  |TAMS 0x0000000619c00000, 0x0000000619c00000| Untracked 
| 101|0x000000061a000000, 0x000000061a000000, 0x000000061a400000|  0%| F|  |TAMS 0x000000061a000000, 0x000000061a000000| Untracked 
| 102|0x000000061a400000, 0x000000061a400000, 0x000000061a800000|  0%| F|  |TAMS 0x000000061a400000, 0x000000061a400000| Untracked 
| 103|0x000000061a800000, 0x000000061a800000, 0x000000061ac00000|  0%| F|  |TAMS 0x000000061a800000, 0x000000061a800000| Untracked 
| 104|0x000000061ac00000, 0x000000061ac00000, 0x000000061b000000|  0%| F|  |TAMS 0x000000061ac00000, 0x000000061ac00000| Untracked 
| 105|0x000000061b000000, 0x000000061b000000, 0x000000061b400000|  0%| F|  |TAMS 0x000000061b000000, 0x000000061b000000| Untracked 
| 106|0x000000061b400000, 0x000000061b400000, 0x000000061b800000|  0%| F|  |TAMS 0x000000061b400000, 0x000000061b400000| Untracked 
| 107|0x000000061b800000, 0x000000061b800000, 0x000000061bc00000|  0%| F|  |TAMS 0x000000061b800000, 0x000000061b800000| Untracked 
| 108|0x000000061bc00000, 0x000000061bc00000, 0x000000061c000000|  0%| F|  |TAMS 0x000000061bc00000, 0x000000061bc00000| Untracked 
| 109|0x000000061c000000, 0x000000061c000000, 0x000000061c400000|  0%| F|  |TAMS 0x000000061c000000, 0x000000061c000000| Untracked 
| 110|0x000000061c400000, 0x000000061c400000, 0x000000061c800000|  0%| F|  |TAMS 0x000000061c400000, 0x000000061c400000| Untracked 
| 111|0x000000061c800000, 0x000000061c800000, 0x000000061cc00000|  0%| F|  |TAMS 0x000000061c800000, 0x000000061c800000| Untracked 
| 112|0x000000061cc00000, 0x000000061cc00000, 0x000000061d000000|  0%| F|  |TAMS 0x000000061cc00000, 0x000000061cc00000| Untracked 
| 113|0x000000061d000000, 0x000000061d000000, 0x000000061d400000|  0%| F|  |TAMS 0x000000061d000000, 0x000000061d000000| Untracked 
| 114|0x000000061d400000, 0x000000061d400000, 0x000000061d800000|  0%| F|  |TAMS 0x000000061d400000, 0x000000061d400000| Untracked 
| 115|0x000000061d800000, 0x000000061d800000, 0x000000061dc00000|  0%| F|  |TAMS 0x000000061d800000, 0x000000061d800000| Untracked 
| 116|0x000000061dc00000, 0x000000061dc00000, 0x000000061e000000|  0%| F|  |TAMS 0x000000061dc00000, 0x000000061dc00000| Untracked 
| 117|0x000000061e000000, 0x000000061e000000, 0x000000061e400000|  0%| F|  |TAMS 0x000000061e000000, 0x000000061e000000| Untracked 
| 118|0x000000061e400000, 0x000000061e400000, 0x000000061e800000|  0%| F|  |TAMS 0x000000061e400000, 0x000000061e400000| Untracked 
| 119|0x000000061e800000, 0x000000061e800000, 0x000000061ec00000|  0%| F|  |TAMS 0x000000061e800000, 0x000000061e800000| Untracked 
| 120|0x000000061ec00000, 0x000000061ec00000, 0x000000061f000000|  0%| F|  |TAMS 0x000000061ec00000, 0x000000061ec00000| Untracked 
| 121|0x000000061f000000, 0x000000061f000000, 0x000000061f400000|  0%| F|  |TAMS 0x000000061f000000, 0x000000061f000000| Untracked 
| 122|0x000000061f400000, 0x000000061f400000, 0x000000061f800000|  0%| F|  |TAMS 0x000000061f400000, 0x000000061f400000| Untracked 
| 123|0x000000061f800000, 0x000000061f800000, 0x000000061fc00000|  0%| F|  |TAMS 0x000000061f800000, 0x000000061f800000| Untracked 
| 124|0x000000061fc00000, 0x000000061fc00000, 0x0000000620000000|  0%| F|  |TAMS 0x000000061fc00000, 0x000000061fc00000| Untracked 
| 125|0x0000000620000000, 0x0000000620000000, 0x0000000620400000|  0%| F|  |TAMS 0x0000000620000000, 0x0000000620000000| Untracked 
| 126|0x0000000620400000, 0x0000000620400000, 0x0000000620800000|  0%| F|  |TAMS 0x0000000620400000, 0x0000000620400000| Untracked 
| 127|0x0000000620800000, 0x0000000620800000, 0x0000000620c00000|  0%| F|  |TAMS 0x0000000620800000, 0x0000000620800000| Untracked 
| 128|0x0000000620c00000, 0x0000000620c00000, 0x0000000621000000|  0%| F|  |TAMS 0x0000000620c00000, 0x0000000620c00000| Untracked 
| 129|0x0000000621000000, 0x0000000621000000, 0x0000000621400000|  0%| F|  |TAMS 0x0000000621000000, 0x0000000621000000| Untracked 
| 130|0x0000000621400000, 0x0000000621400000, 0x0000000621800000|  0%| F|  |TAMS 0x0000000621400000, 0x0000000621400000| Untracked 
| 131|0x0000000621800000, 0x0000000621800000, 0x0000000621c00000|  0%| F|  |TAMS 0x0000000621800000, 0x0000000621800000| Untracked 
| 132|0x0000000621c00000, 0x0000000621c00000, 0x0000000622000000|  0%| F|  |TAMS 0x0000000621c00000, 0x0000000621c00000| Untracked 
| 133|0x0000000622000000, 0x0000000622000000, 0x0000000622400000|  0%| F|  |TAMS 0x0000000622000000, 0x0000000622000000| Untracked 
| 134|0x0000000622400000, 0x0000000622400000, 0x0000000622800000|  0%| F|  |TAMS 0x0000000622400000, 0x0000000622400000| Untracked 
| 135|0x0000000622800000, 0x0000000622800000, 0x0000000622c00000|  0%| F|  |TAMS 0x0000000622800000, 0x0000000622800000| Untracked 
| 136|0x0000000622c00000, 0x0000000622c00000, 0x0000000623000000|  0%| F|  |TAMS 0x0000000622c00000, 0x0000000622c00000| Untracked 
| 137|0x0000000623000000, 0x0000000623000000, 0x0000000623400000|  0%| F|  |TAMS 0x0000000623000000, 0x0000000623000000| Untracked 
| 138|0x0000000623400000, 0x0000000623400000, 0x0000000623800000|  0%| F|  |TAMS 0x0000000623400000, 0x0000000623400000| Untracked 
| 139|0x0000000623800000, 0x0000000623800000, 0x0000000623c00000|  0%| F|  |TAMS 0x0000000623800000, 0x0000000623800000| Untracked 
| 140|0x0000000623c00000, 0x0000000623c00000, 0x0000000624000000|  0%| F|  |TAMS 0x0000000623c00000, 0x0000000623c00000| Untracked 
| 141|0x0000000624000000, 0x0000000624000000, 0x0000000624400000|  0%| F|  |TAMS 0x0000000624000000, 0x0000000624000000| Untracked 

Card table byte_map: [0x000001d57a790000,0x000001d57b790000] _byte_map_base: 0x000001d57778a000

Marking Bits (Prev, Next): (CMBitMap*) 0x000001d573997960, (CMBitMap*) 0x000001d5739979a0
 Prev Bits: [0x000001d500000000, 0x000001d507fd0000)
 Next Bits: [0x000001d507fd0000, 0x000001d50ffa0000)

Polling page: 0x000001d5730b0000

Metaspace:

Usage:
  Non-class:     33.51 MB used.
      Class:      4.87 MB used.
       Both:     38.38 MB used.

Virtual space:
  Non-class space:       40.00 MB reserved,      33.69 MB ( 84%) committed,  5 nodes.
      Class space:        1.00 GB reserved,       5.06 MB ( <1%) committed,  1 nodes.
             Both:        1.04 GB reserved,      38.75 MB (  4%) committed. 

Chunk freelists:
   Non-Class:  1.89 MB
       Class:  2.97 MB
        Both:  4.86 MB

MaxMetaspaceSize: unlimited
CompressedClassSpaceSize: 1.00 GB
Initial GC threshold: 21.00 MB
Current GC threshold: 59.62 MB
CDS: off
MetaspaceReclaimPolicy: balanced
 - commit_granule_bytes: 65536.
 - commit_granule_words: 8192.
 - virtual_space_node_default_size: 1048576.
 - enlarge_chunks_in_place: 1.
 - new_chunks_are_fully_committed: 0.
 - uncommit_free_chunks: 1.
 - use_allocation_guard: 0.
 - handle_deallocations: 1.


Internal statistics:

num_allocs_failed_limit: 6.
num_arena_births: 406.
num_arena_deaths: 0.
num_vsnodes_births: 6.
num_vsnodes_deaths: 0.
num_space_committed: 620.
num_space_uncommitted: 0.
num_chunks_returned_to_freelist: 6.
num_chunks_taken_from_freelist: 1576.
num_chunk_merges: 6.
num_chunk_splits: 1076.
num_chunks_enlarged: 824.
num_purges: 0.
num_inconsistent_stats: 0.

CodeCache: size=49152Kb used=9911Kb max_used=9911Kb free=39240Kb
 bounds [0x000001d576570000, 0x000001d576f20000, 0x000001d579570000]
 total_blobs=4712 nmethods=4172 adapters=464
 compilation: enabled
              stopped_count=0, restarted_count=0
 full_count=0

Compilation events (20 events):
Event: 3.570 Thread 0x000001d510fe4d80 4164       1       nonapi.io.github.classgraph.fileslice.FileSlice::<init> (112 bytes)
Event: 3.570 Thread 0x000001d57f2db7f0 4165       1       nonapi.io.github.classgraph.fileslice.Slice::open (30 bytes)
Event: 3.570 Thread 0x000001d5110802b0 nmethod 4162 0x000001d576f18490 code [0x000001d576f18720, 0x000001d576f19008]
Event: 3.570 Thread 0x000001d5110802b0 4166       1       nonapi.io.github.classgraph.fileslice.Slice$1::<init> (44 bytes)
Event: 3.571 Thread 0x000001d57f4ca430 nmethod 4163 0x000001d576f19410 code [0x000001d576f195c0, 0x000001d576f197f8]
Event: 3.571 Thread 0x000001d57f4ca430 4167       1       nonapi.io.github.classgraph.fastzipfilereader.NestedJarHandler::openInflaterInputStream (10 bytes)
Event: 3.571 Thread 0x000001d57f2db7f0 nmethod 4165 0x000001d576f19910 code [0x000001d576f19ac0, 0x000001d576f19cf8]
Event: 3.571 Thread 0x000001d5110802b0 nmethod 4166 0x000001d576f19e10 code [0x000001d576f19fc0, 0x000001d576f1a3a8]
Event: 3.571 Thread 0x000001d57f2db7f0 4168       1       nonapi.io.github.classgraph.fastzipfilereader.NestedJarHandler$8::<init> (63 bytes)
Event: 3.571 Thread 0x000001d510fe4d80 nmethod 4164 0x000001d576f1a490 code [0x000001d576f1a660, 0x000001d576f1aa98]
Event: 3.571 Thread 0x000001d57f4ca430 nmethod 4167 0x000001d576f1ac10 code [0x000001d576f1ada0, 0x000001d576f1af08]
Event: 3.571 Thread 0x000001d57f2db7f0 nmethod 4168 0x000001d576f1af90 code [0x000001d576f1b160, 0x000001d576f1b608]
Event: 3.571 Thread 0x000001d510fe4d80 4169   !   1       nonapi.io.github.classgraph.fileslice.Slice$1::close (28 bytes)
Event: 3.571 Thread 0x000001d57f2db7f0 4170       1       io.github.classgraph.ClasspathElementZip$1::close (28 bytes)
Event: 3.571 Thread 0x000001d510fe4d80 nmethod 4169 0x000001d576f1b790 code [0x000001d576f1b960, 0x000001d576f1bc58]
Event: 3.571 Thread 0x000001d57f2db7f0 nmethod 4170 0x000001d576f1be10 code [0x000001d576f1bfe0, 0x000001d576f1c378]
Event: 3.577 Thread 0x000001d57f2db7f0 4171       1       io.github.classgraph.ClasspathElementZip$1::openClassfile (13 bytes)
Event: 3.577 Thread 0x000001d57f4ca430 4172   !   1       io.github.classgraph.ClasspathElementZip$1::open (79 bytes)
Event: 3.577 Thread 0x000001d57f2db7f0 nmethod 4171 0x000001d576f1c590 code [0x000001d576f1c740, 0x000001d576f1ca68]
Event: 3.578 Thread 0x000001d57f4ca430 nmethod 4172 0x000001d576f1cb90 code [0x000001d576f1cde0, 0x000001d576f1d718]

GC Heap History (20 events):
Event: 2.770 GC heap after
{Heap after GC invocations=10 (full 0):
 garbage-first heap   total 57344K, used 22662K [0x0000000600c00000, 0x0000000800000000)
  region size 4096K, 1 young (4096K), 1 survivors (4096K)
 Metaspace       used 35985K, committed 36288K, reserved 1081344K
  class space    used 4655K, committed 4800K, reserved 1048576K
}
Event: 2.832 GC heap before
{Heap before GC invocations=11 (full 0):
 garbage-first heap   total 57344K, used 34950K [0x0000000600c00000, 0x0000000800000000)
  region size 4096K, 4 young (16384K), 1 survivors (4096K)
 Metaspace       used 36619K, committed 36928K, reserved 1081344K
  class space    used 4716K, committed 4864K, reserved 1048576K
}
Event: 2.833 GC heap after
{Heap after GC invocations=12 (full 0):
 garbage-first heap   total 57344K, used 24254K [0x0000000600c00000, 0x0000000800000000)
  region size 4096K, 1 young (4096K), 1 survivors (4096K)
 Metaspace       used 36619K, committed 36928K, reserved 1081344K
  class space    used 4716K, committed 4864K, reserved 1048576K
}
Event: 2.889 GC heap before
{Heap before GC invocations=12 (full 0):
 garbage-first heap   total 57344K, used 36542K [0x0000000600c00000, 0x0000000800000000)
  region size 4096K, 4 young (16384K), 1 survivors (4096K)
 Metaspace       used 37325K, committed 37696K, reserved 1089536K
  class space    used 4757K, committed 4928K, reserved 1048576K
}
Event: 2.891 GC heap after
{Heap after GC invocations=13 (full 0):
 garbage-first heap   total 290816K, used 26373K [0x0000000600c00000, 0x0000000800000000)
  region size 4096K, 1 young (4096K), 1 survivors (4096K)
 Metaspace       used 37325K, committed 37696K, reserved 1089536K
  class space    used 4757K, committed 4928K, reserved 1048576K
}
Event: 3.266 GC heap before
{Heap before GC invocations=13 (full 0):
 garbage-first heap   total 290816K, used 186117K [0x0000000600c00000, 0x0000000800000000)
  region size 4096K, 41 young (167936K), 1 survivors (4096K)
 Metaspace       used 39060K, committed 39488K, reserved 1089536K
  class space    used 4960K, committed 5184K, reserved 1048576K
}
Event: 3.280 GC heap after
{Heap after GC invocations=14 (full 0):
 garbage-first heap   total 290816K, used 61941K [0x0000000600c00000, 0x0000000800000000)
  region size 4096K, 6 young (24576K), 6 survivors (24576K)
 Metaspace       used 39060K, committed 39488K, reserved 1089536K
  class space    used 4960K, committed 5184K, reserved 1048576K
}
Event: 3.298 GC heap before
{Heap before GC invocations=14 (full 0):
 garbage-first heap   total 290816K, used 156149K [0x0000000600c00000, 0x0000000800000000)
  region size 4096K, 30 young (122880K), 6 survivors (24576K)
 Metaspace       used 39067K, committed 39488K, reserved 1089536K
  class space    used 4960K, committed 5184K, reserved 1048576K
}
Event: 3.305 GC heap after
{Heap after GC invocations=15 (full 0):
 garbage-first heap   total 290816K, used 68439K [0x0000000600c00000, 0x0000000800000000)
  region size 4096K, 2 young (8192K), 2 survivors (8192K)
 Metaspace       used 39067K, committed 39488K, reserved 1089536K
  class space    used 4960K, committed 5184K, reserved 1048576K
}
Event: 3.321 GC heap before
{Heap before GC invocations=15 (full 0):
 garbage-first heap   total 290816K, used 174935K [0x0000000600c00000, 0x0000000800000000)
  region size 4096K, 29 young (118784K), 2 survivors (8192K)
 Metaspace       used 39170K, committed 39552K, reserved 1089536K
  class space    used 4973K, committed 5184K, reserved 1048576K
}
Event: 3.323 GC heap after
{Heap after GC invocations=16 (full 0):
 garbage-first heap   total 290816K, used 71761K [0x0000000600c00000, 0x0000000800000000)
  region size 4096K, 3 young (12288K), 3 survivors (12288K)
 Metaspace       used 39170K, committed 39552K, reserved 1089536K
  class space    used 4973K, committed 5184K, reserved 1048576K
}
Event: 3.340 GC heap before
{Heap before GC invocations=16 (full 0):
 garbage-first heap   total 290816K, used 194641K [0x0000000600c00000, 0x0000000800000000)
  region size 4096K, 34 young (139264K), 3 survivors (12288K)
 Metaspace       used 39170K, committed 39552K, reserved 1089536K
  class space    used 4973K, committed 5184K, reserved 1048576K
}
Event: 3.344 GC heap after
{Heap after GC invocations=17 (full 0):
 garbage-first heap   total 581632K, used 76889K [0x0000000600c00000, 0x0000000800000000)
  region size 4096K, 4 young (16384K), 4 survivors (16384K)
 Metaspace       used 39170K, committed 39552K, reserved 1089536K
  class space    used 4973K, committed 5184K, reserved 1048576K
}
Event: 3.407 GC heap before
{Heap before GC invocations=17 (full 0):
 garbage-first heap   total 581632K, used 404569K [0x0000000600c00000, 0x0000000800000000)
  region size 4096K, 86 young (352256K), 4 survivors (16384K)
 Metaspace       used 39171K, committed 39552K, reserved 1089536K
  class space    used 4974K, committed 5184K, reserved 1048576K
}
Event: 3.415 GC heap after
{Heap after GC invocations=18 (full 0):
 garbage-first heap   total 581632K, used 89948K [0x0000000600c00000, 0x0000000800000000)
  region size 4096K, 7 young (28672K), 7 survivors (28672K)
 Metaspace       used 39171K, committed 39552K, reserved 1089536K
  class space    used 4974K, committed 5184K, reserved 1048576K
}
Event: 3.452 GC heap before
{Heap before GC invocations=18 (full 0):
 garbage-first heap   total 581632K, used 405340K [0x0000000600c00000, 0x0000000800000000)
  region size 4096K, 85 young (348160K), 7 survivors (28672K)
 Metaspace       used 39171K, committed 39552K, reserved 1089536K
  class space    used 4974K, committed 5184K, reserved 1048576K
}
Event: 3.461 GC heap after
{Heap after GC invocations=19 (full 0):
 garbage-first heap   total 581632K, used 103045K [0x0000000600c00000, 0x0000000800000000)
  region size 4096K, 9 young (36864K), 9 survivors (36864K)
 Metaspace       used 39171K, committed 39552K, reserved 1089536K
  class space    used 4974K, committed 5184K, reserved 1048576K
}
Event: 3.499 GC heap before
{Heap before GC invocations=19 (full 0):
 garbage-first heap   total 581632K, used 410245K [0x0000000600c00000, 0x0000000800000000)
  region size 4096K, 85 young (348160K), 9 survivors (36864K)
 Metaspace       used 39171K, committed 39552K, reserved 1089536K
  class space    used 4974K, committed 5184K, reserved 1048576K
}
Event: 3.511 GC heap after
{Heap after GC invocations=20 (full 0):
 garbage-first heap   total 581632K, used 118833K [0x0000000600c00000, 0x0000000800000000)
  region size 4096K, 8 young (32768K), 8 survivors (32768K)
 Metaspace       used 39171K, committed 39552K, reserved 1089536K
  class space    used 4974K, committed 5184K, reserved 1048576K
}
Event: 3.687 GC heap before
{Heap before GC invocations=20 (full 0):
 garbage-first heap   total 581632K, used 430129K [0x0000000600c00000, 0x0000000800000000)
  region size 4096K, 85 young (348160K), 8 survivors (32768K)
 Metaspace       used 39302K, committed 39680K, reserved 1089536K
  class space    used 4983K, committed 5184K, reserved 1048576K
}

Deoptimization events (14 events):
Event: 1.562 Thread 0x000001d57177be40 DEOPT PACKING pc=0x000001d576adbd79 sp=0x00000088d14fd150
Event: 1.562 Thread 0x000001d57177be40 DEOPT UNPACKING pc=0x000001d5765c2b43 sp=0x00000088d14fc630 mode 3
Event: 1.956 Thread 0x000001d57177be40 DEOPT PACKING pc=0x000001d576bf1a55 sp=0x00000088d14faf60
Event: 1.956 Thread 0x000001d57177be40 DEOPT UNPACKING pc=0x000001d5765c2b43 sp=0x00000088d14fa478 mode 3
Event: 2.338 Thread 0x000001d57177be40 DEOPT PACKING pc=0x000001d576c681f9 sp=0x00000088d14fc530
Event: 2.338 Thread 0x000001d57177be40 DEOPT UNPACKING pc=0x000001d5765c2b43 sp=0x00000088d14fba10 mode 3
Event: 2.624 Thread 0x000001d511b964a0 DEOPT PACKING pc=0x000001d576d2046d sp=0x00000088d35fd1f0
Event: 2.624 Thread 0x000001d511b964a0 DEOPT UNPACKING pc=0x000001d5765c2b43 sp=0x00000088d35fc708 mode 3
Event: 2.697 Thread 0x000001d511b96970 DEOPT PACKING pc=0x000001d576d44e93 sp=0x00000088d36fe280
Event: 2.697 Thread 0x000001d511b96970 DEOPT UNPACKING pc=0x000001d5765c2b43 sp=0x00000088d36fd7c8 mode 3
Event: 2.718 Thread 0x000001d511b32570 DEOPT PACKING pc=0x000001d576ada089 sp=0x00000088d34fddf0
Event: 2.718 Thread 0x000001d511b32570 DEOPT UNPACKING pc=0x000001d5765c2b43 sp=0x00000088d34fd280 mode 3
Event: 2.910 Thread 0x000001d511ab3fd0 DEOPT PACKING pc=0x000001d576ad741f sp=0x00000088d49fec20
Event: 2.910 Thread 0x000001d511ab3fd0 DEOPT UNPACKING pc=0x000001d5765c2b43 sp=0x00000088d49fe078 mode 3

Classes unloaded (0 events):
No events

Classes redefined (0 events):
No events

Internal exceptions (20 events):
Event: 2.721 Thread 0x000001d511bcd170 Exception <a 'sun/nio/fs/WindowsException'{0x000000060381ad78}> (0x000000060381ad78) 
thrown [s\src\hotspot\share\prims\jni.cpp, line 516]
Event: 2.721 Thread 0x000001d511bcd170 Exception <a 'sun/nio/fs/WindowsException'{0x000000060381b138}> (0x000000060381b138) 
thrown [s\src\hotspot\share\prims\jni.cpp, line 516]
Event: 2.721 Thread 0x000001d511bcd170 Exception <a 'sun/nio/fs/WindowsException'{0x000000060381bb38}> (0x000000060381bb38) 
thrown [s\src\hotspot\share\prims\jni.cpp, line 516]
Event: 2.721 Thread 0x000001d511bcd170 Exception <a 'sun/nio/fs/WindowsException'{0x000000060381bee8}> (0x000000060381bee8) 
thrown [s\src\hotspot\share\prims\jni.cpp, line 516]
Event: 2.721 Thread 0x000001d511bcd170 Exception <a 'sun/nio/fs/WindowsException'{0x000000060381c8e8}> (0x000000060381c8e8) 
thrown [s\src\hotspot\share\prims\jni.cpp, line 516]
Event: 2.721 Thread 0x000001d511bcd170 Exception <a 'sun/nio/fs/WindowsException'{0x000000060381cca8}> (0x000000060381cca8) 
thrown [s\src\hotspot\share\prims\jni.cpp, line 516]
Event: 2.721 Thread 0x000001d511bcd170 Exception <a 'sun/nio/fs/WindowsException'{0x000000060381d6d0}> (0x000000060381d6d0) 
thrown [s\src\hotspot\share\prims\jni.cpp, line 516]
Event: 2.722 Thread 0x000001d511bcd170 Exception <a 'sun/nio/fs/WindowsException'{0x000000060381dab0}> (0x000000060381dab0) 
thrown [s\src\hotspot\share\prims\jni.cpp, line 516]
Event: 2.722 Thread 0x000001d511bcd170 Exception <a 'sun/nio/fs/WindowsException'{0x000000060381e4e8}> (0x000000060381e4e8) 
thrown [s\src\hotspot\share\prims\jni.cpp, line 516]
Event: 2.722 Thread 0x000001d511bcd170 Exception <a 'sun/nio/fs/WindowsException'{0x000000060381e8d8}> (0x000000060381e8d8) 
thrown [s\src\hotspot\share\prims\jni.cpp, line 516]
Event: 2.722 Thread 0x000001d511bcd170 Exception <a 'sun/nio/fs/WindowsException'{0x000000060381f300}> (0x000000060381f300) 
thrown [s\src\hotspot\share\prims\jni.cpp, line 516]
Event: 2.722 Thread 0x000001d511bcd170 Exception <a 'sun/nio/fs/WindowsException'{0x000000060381f6f0}> (0x000000060381f6f0) 
thrown [s\src\hotspot\share\prims\jni.cpp, line 516]
Event: 2.988 Thread 0x000001d511b964a0 Exception <a 'java/lang/NoSuchMethodError'{0x000000060f530998}: 'java.lang.Object java.lang.invoke.Invokers$Holder.invoke_MT(java.lang.Object, java.lang.Object, java.lang.Object)'> (0x000000060f530998) 
thrown [s\src\hotspot\share\interpreter\linkResolver.cpp, line 759]
Event: 3.055 Thread 0x000001d511b964a0 Exception <a 'java/lang/NoSuchMethodError'{0x000000060c520320}: 'java.lang.Object java.lang.invoke.DirectMethodHandle$Holder.newInvokeSpecial(java.lang.Object, java.lang.Object, int)'> (0x000000060c520320) 
thrown [s\src\hotspot\share\interpreter\linkResolver.cpp, line 759]
Event: 3.072 Thread 0x000001d511ab22f0 Exception <a 'java/lang/NoSuchMethodError'{0x000000060b92b4f8}: 'java.lang.Object java.lang.invoke.Invokers$Holder.linkToTargetMethod(java.lang.Object, long, java.lang.Object)'> (0x000000060b92b4f8) 
thrown [s\src\hotspot\share\interpreter\linkResolver.cpp, line 759]
Event: 3.079 Thread 0x000001d511ab22f0 Exception <a 'sun/nio/fs/WindowsException'{0x000000060bb7f170}> (0x000000060bb7f170) 
thrown [s\src\hotspot\share\prims\jni.cpp, line 516]
Event: 3.081 Thread 0x000001d511ab22f0 Exception <a 'sun/nio/fs/WindowsException'{0x000000060bb8a198}> (0x000000060bb8a198) 
thrown [s\src\hotspot\share\prims\jni.cpp, line 516]
Event: 3.170 Thread 0x000001d511ab6180 Exception <a 'sun/nio/fs/WindowsException'{0x000000060b0442d8}> (0x000000060b0442d8) 
thrown [s\src\hotspot\share\prims\jni.cpp, line 516]
Event: 3.569 Thread 0x000001d511ab3fd0 Exception <a 'sun/nio/fs/WindowsException'{0x00000006174b8918}> (0x00000006174b8918) 
thrown [s\src\hotspot\share\prims\jni.cpp, line 516]
Event: 3.569 Thread 0x000001d511ab3fd0 Exception <a 'sun/nio/fs/WindowsException'{0x00000006174b8ce8}> (0x00000006174b8ce8) 
thrown [s\src\hotspot\share\prims\jni.cpp, line 516]

VM Operations (20 events):
Event: 3.321 Executing VM operation: G1CollectForAllocation done
Event: 3.321 Executing VM operation: G1CollectForAllocation
Event: 3.323 Executing VM operation: G1CollectForAllocation done
Event: 3.340 Executing VM operation: G1CollectForAllocation
Event: 3.340 Executing VM operation: G1CollectForAllocation done
Event: 3.340 Executing VM operation: G1CollectForAllocation
Event: 3.344 Executing VM operation: G1CollectForAllocation done
Event: 3.407 Executing VM operation: G1CollectForAllocation
Event: 3.407 Executing VM operation: G1CollectForAllocation done
Event: 3.407 Executing VM operation: G1CollectForAllocation
Event: 3.415 Executing VM operation: G1CollectForAllocation done
Event: 3.451 Executing VM operation: G1CollectForAllocation
Event: 3.452 Executing VM operation: G1CollectForAllocation done
Event: 3.452 Executing VM operation: G1CollectForAllocation
Event: 3.461 Executing VM operation: G1CollectForAllocation done
Event: 3.498 Executing VM operation: G1CollectForAllocation
Event: 3.499 Executing VM operation: G1CollectForAllocation done
Event: 3.499 Executing VM operation: G1CollectForAllocation
Event: 3.511 Executing VM operation: G1CollectForAllocation done
Event: 3.687 Executing VM operation: G1CollectForAllocation

Events (20 events):
Event: 3.053 loading class java/util/WeakHashMap$EntrySet
Event: 3.053 loading class java/util/WeakHashMap$EntrySet done
Event: 3.053 loading class java/util/WeakHashMap$EntryIterator
Event: 3.053 loading class java/util/WeakHashMap$HashIterator
Event: 3.053 loading class java/util/WeakHashMap$HashIterator done
Event: 3.053 loading class java/util/WeakHashMap$EntryIterator done
Event: 3.056 Thread 0x000001d511ab22f0 Thread added: 0x000001d511ab22f0
Event: 3.058 Thread 0x000001d511aaf7a0 Thread added: 0x000001d511aaf7a0
Event: 3.069 Thread 0x000001d511ab4970 Thread added: 0x000001d511ab4970
Event: 3.073 loading class java/security/NoSuchAlgorithmException
Event: 3.073 loading class java/security/NoSuchAlgorithmException done
Event: 3.074 loading class sun/security/provider/MD5
Event: 3.074 loading class sun/security/provider/MD5 done
Event: 3.074 loading class sun/security/provider/ByteArrayAccess$LE
Event: 3.074 loading class sun/security/provider/ByteArrayAccess$LE done
Event: 3.159 Thread 0x000001d511ab6180 Thread added: 0x000001d511ab6180
Event: 3.161 loading class java/nio/file/FileTreeIterator
Event: 3.161 loading class java/nio/file/FileTreeIterator done
Event: 3.162 loading class java/util/stream/ForEachOps$ForEachOp$OfRef
Event: 3.162 loading class java/util/stream/ForEachOps$ForEachOp$OfRef done


Dynamic libraries:
0x00007ff786a10000 - 0x00007ff786a1e000 	c:\Users\tomok\.vscode\extensions\redhat.java-1.12.0-win32-x64\jre\17.0.4.1-win32-x86_64\bin\java.exe
0x00007fff0eb50000 - 0x00007fff0ed64000 	C:\WINDOWS\SYSTEM32\ntdll.dll
0x00007fff0de60000 - 0x00007fff0df22000 	C:\WINDOWS\System32\KERNEL32.DLL
0x00007fff0c490000 - 0x00007fff0c82d000 	C:\WINDOWS\System32\KERNELBASE.dll
0x00007fff0bf80000 - 0x00007fff0c091000 	C:\WINDOWS\System32\ucrtbase.dll
0x00007ffede870000 - 0x00007ffede888000 	c:\Users\tomok\.vscode\extensions\redhat.java-1.12.0-win32-x64\jre\17.0.4.1-win32-x86_64\bin\jli.dll
0x00007ffede0a0000 - 0x00007ffede0b9000 	c:\Users\tomok\.vscode\extensions\redhat.java-1.12.0-win32-x64\jre\17.0.4.1-win32-x86_64\bin\VCRUNTIME140.dll
0x00007fff0dba0000 - 0x00007fff0dd4d000 	C:\WINDOWS\System32\USER32.dll
0x00007fff0c8b0000 - 0x00007fff0c8d6000 	C:\WINDOWS\System32\win32u.dll
0x00007fff0cc70000 - 0x00007fff0cc99000 	C:\WINDOWS\System32\GDI32.dll
0x00007ffef1590000 - 0x00007ffef181e000 	C:\WINDOWS\WinSxS\amd64_microsoft.windows.common-controls_6595b64144ccf1df_6.0.22621.436_none_a94247dbc10d8414\COMCTL32.dll
0x00007fff0c0a0000 - 0x00007fff0c1b2000 	C:\WINDOWS\System32\gdi32full.dll
0x00007fff0e260000 - 0x00007fff0e307000 	C:\WINDOWS\System32\msvcrt.dll
0x00007fff0c1c0000 - 0x00007fff0c25a000 	C:\WINDOWS\System32\msvcp_win.dll
0x00007fff0e210000 - 0x00007fff0e242000 	C:\WINDOWS\System32\IMM32.DLL
0x00007ffee8b10000 - 0x00007ffee8b1c000 	c:\Users\tomok\.vscode\extensions\redhat.java-1.12.0-win32-x64\jre\17.0.4.1-win32-x86_64\bin\vcruntime140_1.dll
0x00007ffec5d10000 - 0x00007ffec5da1000 	c:\Users\tomok\.vscode\extensions\redhat.java-1.12.0-win32-x64\jre\17.0.4.1-win32-x86_64\bin\msvcp140.dll
0x00007ffe52510000 - 0x00007ffe53156000 	c:\Users\tomok\.vscode\extensions\redhat.java-1.12.0-win32-x64\jre\17.0.4.1-win32-x86_64\bin\server\jvm.dll
0x00007fff0df40000 - 0x00007fff0dfee000 	C:\WINDOWS\System32\ADVAPI32.dll
0x00007fff0d580000 - 0x00007fff0d624000 	C:\WINDOWS\System32\sechost.dll
0x00007fff0e010000 - 0x00007fff0e125000 	C:\WINDOWS\System32\RPCRT4.dll
0x00007fff0e250000 - 0x00007fff0e258000 	C:\WINDOWS\System32\PSAPI.DLL
0x00007ffee6490000 - 0x00007ffee6499000 	C:\WINDOWS\SYSTEM32\WSOCK32.dll
0x00007fff0e310000 - 0x00007fff0e381000 	C:\WINDOWS\System32\WS2_32.dll
0x00007fff05820000 - 0x00007fff05854000 	C:\WINDOWS\SYSTEM32\WINMM.dll
0x00007fff04800000 - 0x00007fff0480a000 	C:\WINDOWS\SYSTEM32\VERSION.dll
0x00007fff0b0a0000 - 0x00007fff0b0b8000 	C:\WINDOWS\SYSTEM32\kernel.appcore.dll
0x00007ffee8ad0000 - 0x00007ffee8ada000 	c:\Users\tomok\.vscode\extensions\redhat.java-1.12.0-win32-x64\jre\17.0.4.1-win32-x86_64\bin\jimage.dll
0x00007ffef6320000 - 0x00007ffef654e000 	C:\WINDOWS\SYSTEM32\DBGHELP.DLL
0x00007fff0e5c0000 - 0x00007fff0e94a000 	C:\WINDOWS\System32\combase.dll
0x00007fff0e130000 - 0x00007fff0e207000 	C:\WINDOWS\System32\OLEAUT32.dll
0x00007ffef5820000 - 0x00007ffef5852000 	C:\WINDOWS\SYSTEM32\dbgcore.DLL
0x00007fff0c830000 - 0x00007fff0c8ab000 	C:\WINDOWS\System32\bcryptPrimitives.dll
0x00007ffedb6d0000 - 0x00007ffedb6f5000 	c:\Users\tomok\.vscode\extensions\redhat.java-1.12.0-win32-x64\jre\17.0.4.1-win32-x86_64\bin\java.dll
0x00007ffedd320000 - 0x00007ffedd338000 	c:\Users\tomok\.vscode\extensions\redhat.java-1.12.0-win32-x64\jre\17.0.4.1-win32-x86_64\bin\zip.dll
0x00007fff0cda0000 - 0x00007fff0d580000 	C:\WINDOWS\System32\SHELL32.dll
0x00007fff09f80000 - 0x00007fff0a848000 	C:\WINDOWS\SYSTEM32\windows.storage.dll
0x00007fff09e40000 - 0x00007fff09f7e000 	C:\WINDOWS\SYSTEM32\wintypes.dll
0x00007fff0cca0000 - 0x00007fff0cd91000 	C:\WINDOWS\System32\SHCORE.dll
0x00007fff0e560000 - 0x00007fff0e5be000 	C:\WINDOWS\System32\shlwapi.dll
0x00007fff0beb0000 - 0x00007fff0bed1000 	C:\WINDOWS\SYSTEM32\profapi.dll
0x00007ffedbfb0000 - 0x00007ffedbfc9000 	C:\Users\tomok\.vscode\extensions\redhat.java-1.12.0-win32-x64\jre\17.0.4.1-win32-x86_64\bin\net.dll
0x00007fff05430000 - 0x00007fff0555f000 	C:\WINDOWS\SYSTEM32\WINHTTP.dll
0x00007fff0b4f0000 - 0x00007fff0b559000 	C:\WINDOWS\system32\mswsock.dll
0x00007ffedb300000 - 0x00007ffedb315000 	C:\Users\tomok\.vscode\extensions\redhat.java-1.12.0-win32-x64\jre\17.0.4.1-win32-x86_64\bin\nio.dll
0x00007ffee78c0000 - 0x00007ffee78d0000 	c:\Users\tomok\.vscode\extensions\redhat.java-1.12.0-win32-x64\jre\17.0.4.1-win32-x86_64\bin\verify.dll
0x00007ffee3e10000 - 0x00007ffee3e19000 	C:\Users\tomok\.vscode\extensions\redhat.java-1.12.0-win32-x64\jre\17.0.4.1-win32-x86_64\bin\management.dll
0x00007ffee1c10000 - 0x00007ffee1c1b000 	C:\Users\tomok\.vscode\extensions\redhat.java-1.12.0-win32-x64\jre\17.0.4.1-win32-x86_64\bin\management_ext.dll
0x00007ffef4bf0000 - 0x00007ffef4c07000 	C:\WINDOWS\system32\napinsp.dll
0x00007ffef4bb0000 - 0x00007ffef4bcb000 	C:\WINDOWS\system32\pnrpnsp.dll
0x00007fff0ab80000 - 0x00007fff0ac72000 	C:\WINDOWS\SYSTEM32\DNSAPI.dll
0x00007fff0ab10000 - 0x00007fff0ab3d000 	C:\WINDOWS\SYSTEM32\IPHLPAPI.DLL
0x00007fff0e390000 - 0x00007fff0e399000 	C:\WINDOWS\System32\NSI.dll
0x00007ffef4b90000 - 0x00007ffef4ba1000 	C:\WINDOWS\System32\winrnr.dll
0x00007ffef4b70000 - 0x00007ffef4b85000 	C:\WINDOWS\system32\wshbth.dll
0x00007ffef4870000 - 0x00007ffef4891000 	C:\WINDOWS\system32\nlansp_c.dll
0x00007fff03940000 - 0x00007fff0394a000 	C:\Windows\System32\rasadhlp.dll
0x00007fff042f0000 - 0x00007fff04373000 	C:\WINDOWS\System32\fwpuclnt.dll
0x00007fff0b730000 - 0x00007fff0b74b000 	C:\WINDOWS\SYSTEM32\CRYPTSP.dll
0x00007fff0b010000 - 0x00007fff0b045000 	C:\WINDOWS\system32\rsaenh.dll
0x00007fff0b590000 - 0x00007fff0b5b8000 	C:\WINDOWS\SYSTEM32\USERENV.dll
0x00007fff0b920000 - 0x00007fff0b948000 	C:\WINDOWS\SYSTEM32\bcrypt.dll
0x00007fff0b6f0000 - 0x00007fff0b6fc000 	C:\WINDOWS\SYSTEM32\CRYPTBASE.dll
0x00007fff05300000 - 0x00007fff05319000 	C:\WINDOWS\SYSTEM32\dhcpcsvc6.DLL
0x00007fff052e0000 - 0x00007fff052ff000 	C:\WINDOWS\SYSTEM32\dhcpcsvc.DLL

dbghelp: loaded successfully - version: 4.0.5 - missing functions: none
symbol engine: initialized successfully - sym options: 0x614 - pdb path: .;c:\Users\tomok\.vscode\extensions\redhat.java-1.12.0-win32-x64\jre\17.0.4.1-win32-x86_64\bin;C:\WINDOWS\SYSTEM32;C:\WINDOWS\WinSxS\amd64_microsoft.windows.common-controls_6595b64144ccf1df_6.0.22621.436_none_a94247dbc10d8414;c:\Users\tomok\.vscode\extensions\redhat.java-1.12.0-win32-x64\jre\17.0.4.1-win32-x86_64\bin\server

VM Arguments:
jvm_args: -Dsts.lsp.client=vscode -Dsts.log.file=/dev/null -XX:TieredStopAtLevel=1 -Xlog:jni+resolve=off -Dspring.config.location=file:c:\Users\tomok\.vscode\extensions\pivotal.vscode-spring-boot-1.40.0\language-server\BOOT-INF\classes\application.properties 
java_command: org.springframework.ide.vscode.boot.app.BootLanguageServerBootApp
java_class_path (initial): c:\Users\tomok\.vscode\extensions\pivotal.vscode-spring-boot-1.40.0\language-server\BOOT-INF\classes;c:\Users\tomok\.vscode\extensions\pivotal.vscode-spring-boot-1.40.0\language-server\BOOT-INF\lib\annotations-23.0.0.jar;c:\Users\tomok\.vscode\extensions\pivotal.vscode-spring-boot-1.40.0\language-server\BOOT-INF\lib\ant-1.10.12.jar;c:\Users\tomok\.vscode\extensions\pivotal.vscode-spring-boot-1.40.0\language-server\BOOT-INF\lib\ant-launcher-1.10.12.jar;c:\Users\tomok\.vscode\extensions\pivotal.vscode-spring-boot-1.40.0\language-server\BOOT-INF\lib\antlr-runtime-3.5.2.jar;c:\Users\tomok\.vscode\extensions\pivotal.vscode-spring-boot-1.40.0\language-server\BOOT-INF\lib\antlr4-4.9.3.jar;c:\Users\tomok\.vscode\extensions\pivotal.vscode-spring-boot-1.40.0\language-server\BOOT-INF\lib\antlr4-runtime-4.9.3.jar;c:\Users\tomok\.vscode\extensions\pivotal.vscode-spring-boot-1.40.0\language-server\BOOT-INF\lib\asm-9.3.jar;c:\Users\tomok\.vscode\extensions\pivotal.vscode-spring-boot-1.40.0\language-server\BOOT-INF\lib\asm-analysis-9.3.jar;c:\Users\tomok\.vscode\extensions\pivotal.vscode-spring-boot-1.40.0\language-server\BOOT-INF\lib\asm-tree-9.3.jar;c:\Users\tomok\.vscode\extensions\pivotal.vscode-spring-boot-1.40.0\language-server\BOOT-INF\lib\asm-util-9.3.jar;c:\Users\tomok\.vscode\extensions\pivotal.vscode-spring-boot-1.40.0\language-server\BOOT-INF\lib\byte-buddy-1.12.13.jar;c:\Users\tomok\.vscode\extensions\pivotal.vscode-spring-boot-1.40.0\language-server\BOOT-INF\lib\caffeine-2.9.3.jar;c:\Users\tomok\.vscode\extensions\pivotal.vscode-spring-boot-1.40.0\language-server\BOOT-INF\lib\checker-qual-3.12.0.jar;c:\Users\tomok\.vscode\extensions\pivotal.vscode-spring-boot-1.40.0\language-server\BOOT-INF\lib\classgraph-4.8.149.jar;c:\Users\tomok\.vscode\extensions\pivotal.vscode-spring-boot-1.40.0\language-server\BOOT-INF\lib\commons-codec-1.15.jar;c:\Users\tomok\.vscode\extensions\pivotal.vscode-spring-boot-1.40.0\language-server\BOOT-INF\lib\commons-c
Launcher Type: SUN_STANDARD

[Global flags]
     intx CICompilerCount                          = 4                                         {product} {ergonomic}
     uint ConcGCThreads                            = 2                                         {product} {ergonomic}
     uint G1ConcRefinementThreads                  = 8                                         {product} {ergonomic}
   size_t G1HeapRegionSize                         = 4194304                                   {product} {ergonomic}
    uintx GCDrainStackTargetSize                   = 64                                        {product} {ergonomic}
   size_t InitialHeapSize                          = 536870912                                 {product} {ergonomic}
   size_t MarkStackSize                            = 4194304                                   {product} {ergonomic}
   size_t MaxHeapSize                              = 8577351680                                {product} {ergonomic}
   size_t MaxNewSize                               = 5146411008                                {product} {ergonomic}
   size_t MinHeapDeltaBytes                        = 4194304                                   {product} {ergonomic}
   size_t MinHeapSize                              = 8388608                                   {product} {ergonomic}
    uintx NonProfiledCodeHeapSize                  = 0                                      {pd product} {ergonomic}
     bool ProfileInterpreter                       = false                                  {pd product} {command line}
    uintx ProfiledCodeHeapSize                     = 0                                      {pd product} {ergonomic}
   size_t SoftMaxHeapSize                          = 8577351680                             {manageable} {ergonomic}
     intx TieredStopAtLevel                        = 1                                         {product} {command line}
     bool UseCompressedClassPointers               = true                           {product lp64_product} {ergonomic}
     bool UseCompressedOops                        = true                           {product lp64_product} {ergonomic}
     bool UseG1GC                                  = true                                      {product} {ergonomic}
     bool UseLargePagesIndividualAllocation        = false                                  {pd product} {ergonomic}

Logging:
Log output configuration:
 #0: stdout all=warning,jni+resolve=off uptime,level,tags
 #1: stderr all=off uptime,level,tags

Environment Variables:
JAVA_HOME=C:\Program Files\AdoptOpenJDK\jdk-11.0.10.9-hotspot
PATH=C:\Users\tomok\AppData\Local\cloud-code\installer\google-cloud-sdk\bin;C:\Program Files\Common Files\Oracle\Java\javapath;C:\Program Files\NVIDIA GPU Computing Toolkit\CUDA\v11.2\bin;C:\Program Files\NVIDIA GPU Computing Toolkit\CUDA\v11.2\libnvvp;C:\Program Files\AdoptOpenJDK\jdk-11.0.10.9-hotspot\bin;C:\Program Files (x86)\Common Files\Oracle\Java\javapath;C:\Windows\system32;C:\Windows;C:\Windows\System32\Wbem;C:\Users\tomok\AppData\Local\Programs\Python\Python310;C:\Windows\System32\WindowsPowerShell\v1.0\;C:\Windows\System32\OpenSSH\;C:\Program Files (x86)\Intel\Intel(R) Management Engine Components\DAL;C:\Program Files\Intel\Intel(R) Management Engine Components\DAL;C:\Program Files (x86)\NVIDIA Corporation\PhysX\Common;C:\Program Files\Microsoft SQL Server\130\Tools\Binn\;C:\xampp\mysql\bin;C:\Program Files (x86)\sbt\bin;C:\Program Files (x86)\scala\bin;C:\WINDOWS\system32;C:\WINDOWS;C:\WINDOWS\System32\Wbem;C:\WINDOWS\System32\WindowsPowerShell\v1.0\;C:\WINDOWS\System32\OpenSSH\;C:\Program Files\Calibre2\;C:\Program Files\MongoDB\Server\4.4\bin;C:\apache-maven-3.6.3-bin\apache-maven-3.6.3\bin;C:\xampp\php;C:\Program Files\Graphviz\bin;C:\Anaconda3;C:\Anaconda3\Library\bin;C:\Anaconda3\Scripts;C:\Program Files\NVIDIA Corporation\NVIDIA NvDLISR;C:\Program Files\NVIDIA Corporation\Nsight Compute 2020.3.0\;C:\Program Files\dotnet\;C:\Program Files\Microsoft SQL Server\Client SDK\ODBC\170\Tools\Binn\;C:\composer;C:\WINDOWS\system32;C:\WINDOWS;C:\WINDOWS\System32\Wbem;C:\WINDOWS\System32\WindowsPowerShell\v1.0\;C:\WINDOWS\System32\OpenSSH\;C:\ProgramData\ComposerSetup\bin;C:\Program Files\nodejs\;C:\ProgramData\chocolatey\bin;D:\Applications\chromedriver_win32;C:\Program Files\Docker\Docker\resources\bin;C:\ProgramData\DockerDesktop\version-bin;C:\Program Files\PowerShell\7\;C:\Users\tomok\AppData\Local\Microsoft\WindowsApps;C:\Program Files\JetBrains\IntelliJ IDEA Community Edition 2019.3\bin;C:\Users\tomok\.dotnet\tools;C:\Users\tomok\AppData\Local\Microsoft\W
USERNAME=tomok
OS=Windows_NT
PROCESSOR_IDENTIFIER=Intel64 Family 6 Model 158 Stepping 13, GenuineIntel
TMP=C:\Users\tomok\AppData\Local\Temp
TEMP=C:\Users\tomok\AppData\Local\Temp



---------------  S Y S T E M  ---------------

OS:
 Windows 11 , 64 bit Build 22621 (10.0.22621.891)
OS uptime: 7 days 3:16 hours
Hyper-V role detected

CPU: total 8 (initial active 8) (8 cores per cpu, 1 threads per core) family 6 model 158 stepping 13 microcode 0xde, cx8, cmov, fxsr, mmx, 3dnowpref, sse, sse2, sse3, ssse3, sse4.1, sse4.2, popcnt, lzcnt, tsc, tscinvbit, avx, avx2, aes, erms, clmul, bmi1, bmi2, adx, fma, vzeroupper, clflush, clflushopt, hv

Memory: 4k page, system-wide physical 32709M (10475M free)
TotalPageFile size 131013M (AvailPageFile size 497M)
current process WorkingSet (physical memory assigned to process): 711M, peak: 711M
current process commit charge ("private bytes"): 732M, peak: 1536M

vm_info: OpenJDK 64-Bit Server VM (17.0.4.1+1) for windows-amd64 JRE (17.0.4.1+1), built on Aug 17 2022 07:42:43 by "temurin" with MS VC++ 16.7 (VS2019)

END.
