#
# There is insufficient memory for the Java Runtime Environment to continue.
# Native memory allocation (malloc) failed to allocate 1048576 bytes for AllocateHeap
# Possible reasons:
#   The system is out of physical RAM or swap space
#   The process is running with CompressedOops enabled, and the Java Heap may be blocking the growth of the native heap
# Possible solutions:
#   Reduce memory load on the system
#   Increase physical memory or swap space
#   Check if swap backing store is full
#   Decrease Java heap size (-Xmx/-Xms)
#   Decrease number of Java threads
#   Decrease Java thread stack sizes (-Xss)
#   Set larger code cache with -XX:ReservedCodeCacheSize=
#   JVM is running with Zero Based Compressed Oops mode in which the Java heap is
#     placed in the first 32GB address space. The Java Heap base address is the
#     maximum limit for the native heap growth. Please use -XX:HeapBaseMinAddress
#     to set the Java Heap base and to place the Java Heap above 32GB virtual address.
# This output file may be truncated or incomplete.
#
#  Out of Memory Error (allocation.cpp:44), pid=38568, tid=22380
#
# JRE version: OpenJDK Runtime Environment Temurin-17.0.4.1+1 (17.0.4.1+1) (build 17.0.4.1+1)
# Java VM: OpenJDK 64-Bit Server VM Temurin-17.0.4.1+1 (17.0.4.1+1, mixed mode, emulated-client, tiered, compressed oops, compressed class ptrs, g1 gc, windows-amd64)
# No core dump will be written. Minidumps are not enabled by default on client versions of Windows
#

---------------  S U M M A R Y ------------

Command Line: -Dsts.lsp.client=vscode -Dsts.log.file=/dev/null -XX:TieredStopAtLevel=1 -Xlog:jni+resolve=off -Dspring.config.location=file:c:\Users\tomok\.vscode\extensions\pivotal.vscode-spring-boot-1.40.0\language-server\BOOT-INF\classes\application.properties org.springframework.ide.vscode.boot.app.BootLanguageServerBootApp

Host: Intel(R) Core(TM) i7-9700K CPU @ 3.60GHz, 8 cores, 31G,  Windows 11 , 64 bit Build 22621 (10.0.22621.891)
Time: Tue Nov 22 10:59:11 2022  Windows 11 , 64 bit Build 22621 (10.0.22621.891) elapsed time: 4587.322674 seconds (0d 1h 16m 27s)

---------------  T H R E A D  ---------------

Current thread (0x000001b224005550):  VMThread "VM Thread" [stack: 0x0000002d18100000,0x0000002d18200000] [id=22380]

Stack: [0x0000002d18100000,0x0000002d18200000]
Native frames: (J=compiled Java code, j=interpreted, Vv=VM code, C=native code)
V  [jvm.dll+0x67731a]
V  [jvm.dll+0x832284]
V  [jvm.dll+0x833a2e]
V  [jvm.dll+0x834093]
V  [jvm.dll+0x245775]
V  [jvm.dll+0xa6393]
V  [jvm.dll+0x2f5933]
V  [jvm.dll+0x2f1640]
V  [jvm.dll+0x2d9d27]
V  [jvm.dll+0x31ce37]
V  [jvm.dll+0x83853b]
V  [jvm.dll+0x839274]
V  [jvm.dll+0x83978c]
V  [jvm.dll+0x839b64]
V  [jvm.dll+0x839c30]
V  [jvm.dll+0x7e240a]
V  [jvm.dll+0x6761a5]
C  [ucrtbase.dll+0x29363]
C  [KERNEL32.DLL+0x1244d]
C  [ntdll.dll+0x5dfb8]

VM_Operation (0x0000002d199fead0): G1CollectFull, mode: safepoint, requested by thread 0x000001b225fcbc20


---------------  P R O C E S S  ---------------

Threads class SMR info:
_java_thread_list=0x000001b22635f2d0, length=24, elements={
0x000001b22401b380, 0x000001b22401c860, 0x000001b22405b020, 0x000001b22405b8e0,
0x000001b22405e3c0, 0x000001b22405ec80, 0x000001b224061550, 0x000001b22409ad30,
0x000001b224281130, 0x000001b224288370, 0x000001b225dd9970, 0x000001b225fcbc20,
0x000001b225d94c30, 0x000001b20872dd30, 0x000001b225f6f8a0, 0x000001b2260342c0,
0x000001b226047840, 0x000001b226049050, 0x000001b226109760, 0x000001b226108dc0,
0x000001b22610b440, 0x000001b22610c2b0, 0x000001b22610dac0, 0x000001b2261070e0
}

Java Threads: ( => current thread )
  0x000001b22401b380 JavaThread "Reference Handler" daemon [_thread_blocked, id=5872, stack(0x0000002d18200000,0x0000002d18300000)]
  0x000001b22401c860 JavaThread "Finalizer" daemon [_thread_blocked, id=22988, stack(0x0000002d18300000,0x0000002d18400000)]
  0x000001b22405b020 JavaThread "Signal Dispatcher" daemon [_thread_blocked, id=22184, stack(0x0000002d18400000,0x0000002d18500000)]
  0x000001b22405b8e0 JavaThread "Attach Listener" daemon [_thread_blocked, id=23136, stack(0x0000002d18500000,0x0000002d18600000)]
  0x000001b22405e3c0 JavaThread "Service Thread" daemon [_thread_blocked, id=13120, stack(0x0000002d18600000,0x0000002d18700000)]
  0x000001b22405ec80 JavaThread "Monitor Deflation Thread" daemon [_thread_blocked, id=21456, stack(0x0000002d18700000,0x0000002d18800000)]
  0x000001b224061550 JavaThread "C1 CompilerThread0" daemon [_thread_blocked, id=21288, stack(0x0000002d18800000,0x0000002d18900000)]
  0x000001b22409ad30 JavaThread "Sweeper thread" daemon [_thread_blocked, id=28208, stack(0x0000002d18900000,0x0000002d18a00000)]
  0x000001b224281130 JavaThread "Notification Thread" daemon [_thread_blocked, id=8396, stack(0x0000002d18c00000,0x0000002d18d00000)]
  0x000001b224288370 JavaThread "Common-Cleaner" daemon [_thread_blocked, id=33084, stack(0x0000002d18e00000,0x0000002d18f00000)]
  0x000001b225dd9970 JavaThread "boundedElastic-evictor-1" daemon [_thread_blocked, id=36676, stack(0x0000002d19700000,0x0000002d19800000)]
  0x000001b225fcbc20 JavaThread "pool-9-thread-1" [_thread_blocked, id=19172, stack(0x0000002d19900000,0x0000002d19a00000)]
  0x000001b225d94c30 JavaThread "LanguageServerApp-lifecycle" [_thread_blocked, id=26992, stack(0x0000002d19a00000,0x0000002d19b00000)]
  0x000001b20872dd30 JavaThread "DestroyJavaVM" [_thread_blocked, id=19880, stack(0x0000002d17b00000,0x0000002d17c00000)]
  0x000001b225f6f8a0 JavaThread "pool-10-thread-1" [_thread_in_native, id=33004, stack(0x0000002d19b00000,0x0000002d19c00000)]
  0x000001b2260342c0 JavaThread "Simple-Language-Server main thread" daemon [_thread_blocked, id=38256, stack(0x0000002d19c00000,0x0000002d19d00000)]
  0x000001b226047840 JavaThread "pool-7-thread-1" [_thread_blocked, id=3696, stack(0x0000002d19e00000,0x0000002d19f00000)]
  0x000001b226049050 JavaThread "parallel-1" daemon [_thread_blocked, id=14736, stack(0x0000002d19f00000,0x0000002d1a000000)]
  0x000001b226109760 JavaThread "Reconciler-1" daemon [_thread_blocked, id=6504, stack(0x0000002d1ae00000,0x0000002d1af00000)]
  0x000001b226108dc0 JavaThread "parallel-2" daemon [_thread_blocked, id=37520, stack(0x0000002d1af00000,0x0000002d1b000000)]
  0x000001b22610b440 JavaThread "pool-5-thread-1" [_thread_blocked, id=17112, stack(0x0000002d1b300000,0x0000002d1b400000)]
  0x000001b22610c2b0 JavaThread "parallel-3" daemon [_thread_blocked, id=22788, stack(0x0000002d1b400000,0x0000002d1b500000)]
  0x000001b22610dac0 JavaThread "parallel-4" daemon [_thread_blocked, id=26116, stack(0x0000002d1b500000,0x0000002d1b600000)]
  0x000001b2261070e0 JavaThread "parallel-5" daemon [_thread_blocked, id=37204, stack(0x0000002d1a000000,0x0000002d1a100000)]

Other Threads:
=>0x000001b224005550 VMThread "VM Thread" [stack: 0x0000002d18100000,0x0000002d18200000] [id=22380]
  0x000001b224281600 WatcherThread [stack: 0x0000002d18d00000,0x0000002d18e00000] [id=1168]
  0x000001b2087db370 GCTaskThread "GC Thread#0" [stack: 0x0000002d17c00000,0x0000002d17d00000] [id=24172]
  0x000001b2255db030 GCTaskThread "GC Thread#1" [stack: 0x0000002d19000000,0x0000002d19100000] [id=37600]
  0x000001b2255db2e0 GCTaskThread "GC Thread#2" [stack: 0x0000002d19100000,0x0000002d19200000] [id=17220]
  0x000001b2255db590 GCTaskThread "GC Thread#3" [stack: 0x0000002d19200000,0x0000002d19300000] [id=32820]
  0x000001b225605020 GCTaskThread "GC Thread#4" [stack: 0x0000002d19300000,0x0000002d19400000] [id=38260]
  0x000001b2256052d0 GCTaskThread "GC Thread#5" [stack: 0x0000002d19400000,0x0000002d19500000] [id=28648]
  0x000001b225605580 GCTaskThread "GC Thread#6" [stack: 0x0000002d19500000,0x0000002d19600000] [id=7496]
  0x000001b225605830 GCTaskThread "GC Thread#7" [stack: 0x0000002d19600000,0x0000002d19700000] [id=27020]
  0x000001b2087ec150 ConcurrentGCThread "G1 Main Marker" [stack: 0x0000002d17d00000,0x0000002d17e00000] [id=36756]
  0x000001b2087ecbd0 ConcurrentGCThread "G1 Conc#0" [stack: 0x0000002d17e00000,0x0000002d17f00000] [id=20616]
  0x000001b2259f6100 ConcurrentGCThread "G1 Conc#1" [stack: 0x0000002d19800000,0x0000002d19900000] [id=8944]
  0x000001b2235f02a0 ConcurrentGCThread "G1 Refine#0" [stack: 0x0000002d17f00000,0x0000002d18000000] [id=30332]
  0x000001b2288a87f0 ConcurrentGCThread "G1 Refine#1" [stack: 0x0000002d1b700000,0x0000002d1b800000] [id=19028]
  0x000001b22890a0a0 ConcurrentGCThread "G1 Refine#2" [stack: 0x0000002d1b800000,0x0000002d1b900000] [id=2352]
  0x000001b2284b13c0 ConcurrentGCThread "G1 Refine#3" [stack: 0x0000002d1b900000,0x0000002d1ba00000] [id=2036]
  0x000001b224143d30 ConcurrentGCThread "G1 Refine#4" [stack: 0x0000002d1ba00000,0x0000002d1bb00000] [id=19976]
  0x000001b224144010 ConcurrentGCThread "G1 Refine#5" [stack: 0x0000002d1bb00000,0x0000002d1bc00000] [id=21616]
  0x000001b2288ab960 ConcurrentGCThread "G1 Refine#6" [stack: 0x0000002d1bc00000,0x0000002d1bd00000] [id=6328]
  0x000001b2235f0bd0 ConcurrentGCThread "G1 Service" [stack: 0x0000002d18000000,0x0000002d18100000] [id=33996]

Threads with active compile tasks:

VM state: at safepoint (normal execution)

VM Mutex/Monitor currently owned by a thread:  ([mutex/lock_event])
[0x000001b20652f820] Threads_lock - owner thread: 0x000001b224005550
[0x000001b20872c050] Heap_lock - owner thread: 0x000001b225fcbc20

Heap address: 0x0000000600c00000, size: 8180 MB, Compressed Oops mode: Zero based, Oop shift amount: 3

CDS archive(s) not mapped
Compressed class space mapped at: 0x0000000800000000-0x0000000840000000, reserved size: 1073741824
Narrow klass base: 0x0000000800000000, Narrow klass shift: 0, Narrow klass range: 0x40000000

GC Precious Log:
 CPUs: 8 total, 8 available
 Memory: 32709M
 Large Page Support: Disabled
 NUMA Support: Disabled
 Compressed Oops: Enabled (Zero based)
 Heap Region Size: 4M
 Heap Min Capacity: 8M
 Heap Initial Capacity: 512M
 Heap Max Capacity: 8180M
 Pre-touch: Disabled
 Parallel Workers: 8
 Concurrent Workers: 2
 Concurrent Refinement Workers: 8
 Periodic GC: Disabled

Heap:
 garbage-first heap   total 98304K, used 26997K [0x0000000600c00000, 0x0000000800000000)
  region size 4096K, 1 young (4096K), 0 survivors (0K)
 Metaspace       used 46865K, committed 47360K, reserved 1097728K
  class space    used 6388K, committed 6592K, reserved 1048576K

Heap Regions: E=young(eden), S=young(survivor), O=old, HS=humongous(starts), HC=humongous(continues), CS=collection set, F=free, OA=open archive, CA=closed archive, TAMS=top-at-mark-start (previous, next)
|   0|0x0000000600c00000, 0x0000000601000000, 0x0000000601000000|100%| O|  |TAMS 0x0000000601000000, 0x0000000600c00000| Untracked 
|   1|0x0000000601000000, 0x0000000601400000, 0x0000000601400000|100%| O|  |TAMS 0x0000000601400000, 0x0000000601000000| Untracked 
|   2|0x0000000601400000, 0x00000006017ffff0, 0x0000000601800000| 99%| O|  |TAMS 0x00000006017ffff0, 0x0000000601400000| Untracked 
|   3|0x0000000601800000, 0x0000000601be6858, 0x0000000601c00000| 97%| O|  |TAMS 0x0000000601be6858, 0x0000000601800000| Untracked 
|   4|0x0000000601c00000, 0x0000000601ffffe8, 0x0000000602000000| 99%| O|  |TAMS 0x0000000601ffffe8, 0x0000000601c00000| Untracked 
|   5|0x0000000602000000, 0x00000006023ffff8, 0x0000000602400000| 99%| O|  |TAMS 0x00000006023ffff8, 0x0000000602000000| Untracked 
|   6|0x0000000602400000, 0x0000000602671d60, 0x0000000602800000| 61%| O|  |TAMS 0x0000000602400000, 0x0000000602400000| Untracked 
|   7|0x0000000602800000, 0x0000000602804ec0, 0x0000000602c00000|  0%| O|  |TAMS 0x0000000602800000, 0x0000000602800000| Untracked 
|   8|0x0000000602c00000, 0x0000000602c00000, 0x0000000603000000|  0%| F|  |TAMS 0x0000000602c00000, 0x0000000602c00000| Untracked 
|   9|0x0000000603000000, 0x0000000603000000, 0x0000000603400000|  0%| F|  |TAMS 0x0000000603000000, 0x0000000603000000| Untracked 
|  10|0x0000000603400000, 0x0000000603400000, 0x0000000603800000|  0%| F|  |TAMS 0x0000000603400000, 0x0000000603400000| Untracked 
|  11|0x0000000603800000, 0x0000000603800000, 0x0000000603c00000|  0%| F|  |TAMS 0x0000000603800000, 0x0000000603800000| Untracked 
|  12|0x0000000603c00000, 0x0000000603c00000, 0x0000000604000000|  0%| F|  |TAMS 0x0000000603c00000, 0x0000000603c00000| Untracked 
|  13|0x0000000604000000, 0x0000000604000000, 0x0000000604400000|  0%| F|  |TAMS 0x0000000604000000, 0x0000000604000000| Untracked 
|  14|0x0000000604400000, 0x0000000604400000, 0x0000000604800000|  0%| F|  |TAMS 0x0000000604400000, 0x0000000604400000| Untracked 
|  15|0x0000000604800000, 0x0000000604800000, 0x0000000604c00000|  0%| F|  |TAMS 0x0000000604800000, 0x0000000604800000| Untracked 
|  16|0x0000000604c00000, 0x0000000604c00000, 0x0000000605000000|  0%| F|  |TAMS 0x0000000604c00000, 0x0000000604c00000| Untracked 
|  17|0x0000000605000000, 0x0000000605000000, 0x0000000605400000|  0%| F|  |TAMS 0x0000000605000000, 0x0000000605000000| Untracked 
|  18|0x0000000605400000, 0x0000000605400000, 0x0000000605800000|  0%| F|  |TAMS 0x0000000605400000, 0x0000000605400000| Untracked 
|  19|0x0000000605800000, 0x0000000605800000, 0x0000000605c00000|  0%| F|  |TAMS 0x0000000605800000, 0x0000000605800000| Untracked 
|  20|0x0000000605c00000, 0x0000000605c00000, 0x0000000606000000|  0%| F|  |TAMS 0x0000000605c00000, 0x0000000605c00000| Untracked 
|  21|0x0000000606000000, 0x0000000606000000, 0x0000000606400000|  0%| F|  |TAMS 0x0000000606000000, 0x0000000606000000| Untracked 
|  22|0x0000000606400000, 0x0000000606400000, 0x0000000606800000|  0%| F|  |TAMS 0x0000000606400000, 0x0000000606400000| Untracked 
|  23|0x0000000606800000, 0x0000000606818968, 0x0000000606c00000|  2%| E|  |TAMS 0x0000000606800000, 0x0000000606800000| Complete 

Card table byte_map: [0x000001b20f4c0000,0x000001b2104c0000] _byte_map_base: 0x000001b20c4ba000

Marking Bits (Prev, Next): (CMBitMap*) 0x000001b2087db890, (CMBitMap*) 0x000001b2087db8d0
 Prev Bits: [0x000001b2114c0000, 0x000001b219490000)
 Next Bits: [0x000001b219490000, 0x000001b221460000)

Polling page: 0x000001b206690000

Metaspace:

Usage:
  Non-class:     39.53 MB used.
      Class:      6.24 MB used.
       Both:     45.77 MB used.

Virtual space:
  Non-class space:       48.00 MB reserved,      39.81 MB ( 83%) committed,  6 nodes.
      Class space:        1.00 GB reserved,       6.44 MB ( <1%) committed,  1 nodes.
             Both:        1.05 GB reserved,      46.25 MB (  4%) committed. 

Chunk freelists:
   Non-Class:  3.61 MB
       Class:  1.66 MB
        Both:  5.27 MB

MaxMetaspaceSize: unlimited
CompressedClassSpaceSize: 1.00 GB
Initial GC threshold: 21.00 MB
Current GC threshold: 77.12 MB
CDS: off
MetaspaceReclaimPolicy: balanced
 - commit_granule_bytes: 65536.
 - commit_granule_words: 8192.
 - virtual_space_node_default_size: 1048576.
 - enlarge_chunks_in_place: 1.
 - new_chunks_are_fully_committed: 0.
 - uncommit_free_chunks: 1.
 - use_allocation_guard: 0.
 - handle_deallocations: 1.


Internal statistics:

num_allocs_failed_limit: 8.
num_arena_births: 454.
num_arena_deaths: 124.
num_vsnodes_births: 7.
num_vsnodes_deaths: 0.
num_space_committed: 740.
num_space_uncommitted: 0.
num_chunks_returned_to_freelist: 155.
num_chunks_taken_from_freelist: 1914.
num_chunk_merges: 50.
num_chunk_splits: 1338.
num_chunks_enlarged: 1045.
num_purges: 8.
num_inconsistent_stats: 0.

CodeCache: size=49152Kb used=11794Kb max_used=13219Kb free=37358Kb
 bounds [0x000001b20b3b0000, 0x000001b20c0a0000, 0x000001b20e3b0000]
 total_blobs=6807 nmethods=6238 adapters=496
 compilation: enabled
              stopped_count=0, restarted_count=0
 full_count=0

Compilation events (20 events):
Event: 2698.148 Thread 0x000001b224061550 6224       1       java.io.FileOutputStream$1::<init> (10 bytes)
Event: 2698.148 Thread 0x000001b224061550 nmethod 6224 0x000001b20b51a810 code [0x000001b20b51a9a0, 0x000001b20b51aab8]
Event: 2698.148 Thread 0x000001b224061550 6225       1       java.io.FileOutputStream$1::close (11 bytes)
Event: 2698.148 Thread 0x000001b224061550 nmethod 6225 0x000001b20b51a190 code [0x000001b20b51a340, 0x000001b20b51a658]
Event: 2708.035 Thread 0x000001b224061550 6230       1       java.lang.Thread::getThreadGroup (5 bytes)
Event: 2708.035 Thread 0x000001b224061550 nmethod 6230 0x000001b20b519e90 code [0x000001b20b51a020, 0x000001b20b51a0f8]
Event: 2708.036 Thread 0x000001b224061550 6231       1       java.lang.invoke.InvokerBytecodeGenerator::generateCustomizedCode (34 bytes)
Event: 2708.036 Thread 0x000001b224061550 nmethod 6231 0x000001b20b519610 code [0x000001b20b519820, 0x000001b20b519c38]
Event: 2708.037 Thread 0x000001b224061550 6232       1       java.lang.invoke.InvokerBytecodeGenerator::assertStaticType (58 bytes)
Event: 2708.037 Thread 0x000001b224061550 nmethod 6232 0x000001b20b518f90 code [0x000001b20b519160, 0x000001b20b519458]
Event: 2708.037 Thread 0x000001b224061550 6233       1       java.lang.ThreadLocal$ThreadLocalMap::getEntryAfterMiss (59 bytes)
Event: 2708.037 Thread 0x000001b224061550 nmethod 6233 0x000001b20b518a10 code [0x000001b20b518be0, 0x000001b20b518e28]
Event: 4037.165 Thread 0x000001b224061550 6234       1       java.lang.ProcessImpl::waitFor (136 bytes)
Event: 4037.166 Thread 0x000001b224061550 nmethod 6234 0x000001b20b517d90 code [0x000001b20b517fa0, 0x000001b20b5183b8]
Event: 4103.070 Thread 0x000001b224061550 6236       1       ch.qos.logback.core.pattern.FormattingConverter::write (154 bytes)
Event: 4103.070 Thread 0x000001b224061550 nmethod 6236 0x000001b20b517310 code [0x000001b20b517560, 0x000001b20b517a38]
Event: 4103.070 Thread 0x000001b224061550 6237       1       com.google.gson.stream.JsonWriter::push (47 bytes)
Event: 4103.070 Thread 0x000001b224061550 nmethod 6237 0x000001b20b516d10 code [0x000001b20b516ec0, 0x000001b20b5171a8]
Event: 4107.098 Thread 0x000001b224061550 6238       1       com.google.gson.stream.JsonReader::push (76 bytes)
Event: 4107.098 Thread 0x000001b224061550 nmethod 6238 0x000001b20b516390 code [0x000001b20b516560, 0x000001b20b516b08]

GC Heap History (20 events):
Event: 4485.279 GC heap before
{Heap before GC invocations=446 (full 422):
 garbage-first heap   total 98304K, used 26997K [0x0000000600c00000, 0x0000000800000000)
  region size 4096K, 1 young (4096K), 0 survivors (0K)
 Metaspace       used 46865K, committed 47360K, reserved 1097728K
  class space    used 6388K, committed 6592K, reserved 1048576K
}
Event: 4485.304 GC heap after
{Heap after GC invocations=447 (full 423):
 garbage-first heap   total 98304K, used 26997K [0x0000000600c00000, 0x0000000800000000)
  region size 4096K, 0 young (0K), 0 survivors (0K)
 Metaspace       used 46865K, committed 47360K, reserved 1097728K
  class space    used 6388K, committed 6592K, reserved 1048576K
}
Event: 4495.459 GC heap before
{Heap before GC invocations=447 (full 423):
 garbage-first heap   total 98304K, used 26997K [0x0000000600c00000, 0x0000000800000000)
  region size 4096K, 1 young (4096K), 0 survivors (0K)
 Metaspace       used 46865K, committed 47360K, reserved 1097728K
  class space    used 6388K, committed 6592K, reserved 1048576K
}
Event: 4495.482 GC heap after
{Heap after GC invocations=448 (full 424):
 garbage-first heap   total 98304K, used 26997K [0x0000000600c00000, 0x0000000800000000)
  region size 4096K, 0 young (0K), 0 survivors (0K)
 Metaspace       used 46865K, committed 47360K, reserved 1097728K
  class space    used 6388K, committed 6592K, reserved 1048576K
}
Event: 4505.635 GC heap before
{Heap before GC invocations=448 (full 424):
 garbage-first heap   total 98304K, used 26997K [0x0000000600c00000, 0x0000000800000000)
  region size 4096K, 1 young (4096K), 0 survivors (0K)
 Metaspace       used 46865K, committed 47360K, reserved 1097728K
  class space    used 6388K, committed 6592K, reserved 1048576K
}
Event: 4505.659 GC heap after
{Heap after GC invocations=449 (full 425):
 garbage-first heap   total 98304K, used 26997K [0x0000000600c00000, 0x0000000800000000)
  region size 4096K, 0 young (0K), 0 survivors (0K)
 Metaspace       used 46865K, committed 47360K, reserved 1097728K
  class space    used 6388K, committed 6592K, reserved 1048576K
}
Event: 4515.831 GC heap before
{Heap before GC invocations=449 (full 425):
 garbage-first heap   total 98304K, used 26997K [0x0000000600c00000, 0x0000000800000000)
  region size 4096K, 1 young (4096K), 0 survivors (0K)
 Metaspace       used 46865K, committed 47360K, reserved 1097728K
  class space    used 6388K, committed 6592K, reserved 1048576K
}
Event: 4515.855 GC heap after
{Heap after GC invocations=450 (full 426):
 garbage-first heap   total 98304K, used 26997K [0x0000000600c00000, 0x0000000800000000)
  region size 4096K, 0 young (0K), 0 survivors (0K)
 Metaspace       used 46865K, committed 47360K, reserved 1097728K
  class space    used 6388K, committed 6592K, reserved 1048576K
}
Event: 4526.027 GC heap before
{Heap before GC invocations=450 (full 426):
 garbage-first heap   total 98304K, used 26997K [0x0000000600c00000, 0x0000000800000000)
  region size 4096K, 1 young (4096K), 0 survivors (0K)
 Metaspace       used 46865K, committed 47360K, reserved 1097728K
  class space    used 6388K, committed 6592K, reserved 1048576K
}
Event: 4526.052 GC heap after
{Heap after GC invocations=451 (full 427):
 garbage-first heap   total 98304K, used 26997K [0x0000000600c00000, 0x0000000800000000)
  region size 4096K, 0 young (0K), 0 survivors (0K)
 Metaspace       used 46865K, committed 47360K, reserved 1097728K
  class space    used 6388K, committed 6592K, reserved 1048576K
}
Event: 4536.216 GC heap before
{Heap before GC invocations=451 (full 427):
 garbage-first heap   total 98304K, used 26997K [0x0000000600c00000, 0x0000000800000000)
  region size 4096K, 1 young (4096K), 0 survivors (0K)
 Metaspace       used 46865K, committed 47360K, reserved 1097728K
  class space    used 6388K, committed 6592K, reserved 1048576K
}
Event: 4536.241 GC heap after
{Heap after GC invocations=452 (full 428):
 garbage-first heap   total 98304K, used 26997K [0x0000000600c00000, 0x0000000800000000)
  region size 4096K, 0 young (0K), 0 survivors (0K)
 Metaspace       used 46865K, committed 47360K, reserved 1097728K
  class space    used 6388K, committed 6592K, reserved 1048576K
}
Event: 4546.412 GC heap before
{Heap before GC invocations=452 (full 428):
 garbage-first heap   total 98304K, used 26997K [0x0000000600c00000, 0x0000000800000000)
  region size 4096K, 1 young (4096K), 0 survivors (0K)
 Metaspace       used 46865K, committed 47360K, reserved 1097728K
  class space    used 6388K, committed 6592K, reserved 1048576K
}
Event: 4546.437 GC heap after
{Heap after GC invocations=453 (full 429):
 garbage-first heap   total 98304K, used 26997K [0x0000000600c00000, 0x0000000800000000)
  region size 4096K, 0 young (0K), 0 survivors (0K)
 Metaspace       used 46865K, committed 47360K, reserved 1097728K
  class space    used 6388K, committed 6592K, reserved 1048576K
}
Event: 4556.614 GC heap before
{Heap before GC invocations=453 (full 429):
 garbage-first heap   total 98304K, used 26997K [0x0000000600c00000, 0x0000000800000000)
  region size 4096K, 1 young (4096K), 0 survivors (0K)
 Metaspace       used 46865K, committed 47360K, reserved 1097728K
  class space    used 6388K, committed 6592K, reserved 1048576K
}
Event: 4556.640 GC heap after
{Heap after GC invocations=454 (full 430):
 garbage-first heap   total 98304K, used 26997K [0x0000000600c00000, 0x0000000800000000)
  region size 4096K, 0 young (0K), 0 survivors (0K)
 Metaspace       used 46865K, committed 47360K, reserved 1097728K
  class space    used 6388K, committed 6592K, reserved 1048576K
}
Event: 4567.057 GC heap before
{Heap before GC invocations=454 (full 430):
 garbage-first heap   total 98304K, used 26997K [0x0000000600c00000, 0x0000000800000000)
  region size 4096K, 1 young (4096K), 0 survivors (0K)
 Metaspace       used 46865K, committed 47360K, reserved 1097728K
  class space    used 6388K, committed 6592K, reserved 1048576K
}
Event: 4567.081 GC heap after
{Heap after GC invocations=455 (full 431):
 garbage-first heap   total 98304K, used 26997K [0x0000000600c00000, 0x0000000800000000)
  region size 4096K, 0 young (0K), 0 survivors (0K)
 Metaspace       used 46865K, committed 47360K, reserved 1097728K
  class space    used 6388K, committed 6592K, reserved 1048576K
}
Event: 4577.247 GC heap before
{Heap before GC invocations=455 (full 431):
 garbage-first heap   total 98304K, used 26997K [0x0000000600c00000, 0x0000000800000000)
  region size 4096K, 1 young (4096K), 0 survivors (0K)
 Metaspace       used 46865K, committed 47360K, reserved 1097728K
  class space    used 6388K, committed 6592K, reserved 1048576K
}
Event: 4577.270 GC heap after
{Heap after GC invocations=456 (full 432):
 garbage-first heap   total 98304K, used 26997K [0x0000000600c00000, 0x0000000800000000)
  region size 4096K, 0 young (0K), 0 survivors (0K)
 Metaspace       used 46865K, committed 47360K, reserved 1097728K
  class space    used 6388K, committed 6592K, reserved 1048576K
}

Deoptimization events (20 events):
Event: 4.014 Thread 0x000001b225f6f8a0 DEOPT PACKING pc=0x000001b20b91da89 sp=0x0000002d19bfd7b0
Event: 4.014 Thread 0x000001b225f6f8a0 DEOPT UNPACKING pc=0x000001b20b402b43 sp=0x0000002d19bfcc40 mode 3
Event: 4.016 Thread 0x000001b2260342c0 DEOPT PACKING pc=0x000001b20b91ae1f sp=0x0000002d19cff170
Event: 4.016 Thread 0x000001b2260342c0 DEOPT UNPACKING pc=0x000001b20b402b43 sp=0x0000002d19cfe5c8 mode 3
Event: 4.066 Thread 0x000001b2260353a0 DEOPT PACKING pc=0x000001b20bb7d813 sp=0x0000002d19dfe920
Event: 4.066 Thread 0x000001b2260353a0 DEOPT UNPACKING pc=0x000001b20b402b43 sp=0x0000002d19dfde68 mode 3
Event: 8.744 Thread 0x000001b2260353a0 DEOPT PACKING pc=0x000001b20b910ae2 sp=0x0000002d19dfd9d0
Event: 8.744 Thread 0x000001b2260353a0 DEOPT UNPACKING pc=0x000001b20b402b43 sp=0x0000002d19dfced8 mode 3
Event: 9.200 Thread 0x000001b2260353a0 DEOPT PACKING pc=0x000001b20c00e0bc sp=0x0000002d19dfe230
Event: 9.200 Thread 0x000001b2260353a0 DEOPT UNPACKING pc=0x000001b20b402b43 sp=0x0000002d19dfd728 mode 0
Event: 9.200 Thread 0x000001b2260353a0 DEOPT PACKING pc=0x000001b20bfe8eb4 sp=0x0000002d19dfe300
Event: 9.200 Thread 0x000001b2260353a0 DEOPT UNPACKING pc=0x000001b20b402b43 sp=0x0000002d19dfd7d8 mode 0
Event: 9.200 Thread 0x000001b2260353a0 DEOPT PACKING pc=0x000001b20bfe50fc sp=0x0000002d19dfe3b0
Event: 9.200 Thread 0x000001b2260353a0 DEOPT UNPACKING pc=0x000001b20b402b43 sp=0x0000002d19dfd930 mode 0
Event: 9.201 Thread 0x000001b2260353a0 DEOPT PACKING pc=0x000001b20c03a79c sp=0x0000002d19dfe6b0
Event: 9.201 Thread 0x000001b2260353a0 DEOPT UNPACKING pc=0x000001b20b402b43 sp=0x0000002d19dfdb40 mode 0
Event: 9.409 Thread 0x000001b2260353a0 DEOPT PACKING pc=0x000001b20c0927d5 sp=0x0000002d19dff150
Event: 9.409 Thread 0x000001b2260353a0 DEOPT UNPACKING pc=0x000001b20b402b43 sp=0x0000002d19dfe5f8 mode 3
Event: 2708.033 Thread 0x000001b225f6f8a0 DEOPT PACKING pc=0x000001b20ba70854 sp=0x0000002d19bfed90
Event: 2708.033 Thread 0x000001b225f6f8a0 DEOPT UNPACKING pc=0x000001b20b402b43 sp=0x0000002d19bfe238 mode 0

Classes unloaded (20 events):
Event: 105.643 Thread 0x000001b224005550 Unloading class 0x0000000800658400 'jdk/internal/reflect/GeneratedConstructorAccessor27'
Event: 105.643 Thread 0x000001b224005550 Unloading class 0x0000000800658000 'jdk/internal/reflect/GeneratedConstructorAccessor26'
Event: 105.643 Thread 0x000001b224005550 Unloading class 0x0000000800655c00 'jdk/internal/reflect/GeneratedConstructorAccessor25'
Event: 105.643 Thread 0x000001b224005550 Unloading class 0x0000000800655800 'jdk/internal/reflect/GeneratedConstructorAccessor24'
Event: 105.643 Thread 0x000001b224005550 Unloading class 0x0000000800655400 'jdk/internal/reflect/GeneratedConstructorAccessor23'
Event: 105.643 Thread 0x000001b224005550 Unloading class 0x0000000800655000 'jdk/internal/reflect/GeneratedConstructorAccessor22'
Event: 105.643 Thread 0x000001b224005550 Unloading class 0x0000000800654c00 'jdk/internal/reflect/GeneratedConstructorAccessor21'
Event: 105.643 Thread 0x000001b224005550 Unloading class 0x0000000800654800 'jdk/internal/reflect/GeneratedConstructorAccessor20'
Event: 105.643 Thread 0x000001b224005550 Unloading class 0x0000000800654400 'jdk/internal/reflect/GeneratedConstructorAccessor19'
Event: 105.643 Thread 0x000001b224005550 Unloading class 0x0000000800618000 'jdk/internal/reflect/GeneratedMethodAccessor30'
Event: 105.643 Thread 0x000001b224005550 Unloading class 0x00000008004f2400 'java/lang/invoke/LambdaForm$MH+0x00000008004f2400'
Event: 105.643 Thread 0x000001b224005550 Unloading class 0x00000008004f2000 'java/lang/invoke/LambdaForm$MH+0x00000008004f2000'
Event: 105.643 Thread 0x000001b224005550 Unloading class 0x00000008004f1c00 'java/lang/invoke/LambdaForm$MH+0x00000008004f1c00'
Event: 105.643 Thread 0x000001b224005550 Unloading class 0x00000008004f1800 'java/lang/invoke/LambdaForm$MH+0x00000008004f1800'
Event: 105.643 Thread 0x000001b224005550 Unloading class 0x00000008004f1400 'java/lang/invoke/LambdaForm$MH+0x00000008004f1400'
Event: 105.643 Thread 0x000001b224005550 Unloading class 0x00000008004f1000 'java/lang/invoke/LambdaForm$MH+0x00000008004f1000'
Event: 105.643 Thread 0x000001b224005550 Unloading class 0x000000080034d000 'java/lang/invoke/LambdaForm$MH+0x000000080034d000'
Event: 2781.724 Thread 0x000001b224005550 Unloading class 0x0000000800654400 'java/lang/invoke/LambdaForm$MH+0x0000000800654400'
Event: 2781.724 Thread 0x000001b224005550 Unloading class 0x0000000800658800 'java/lang/invoke/LambdaForm$MH+0x0000000800658800'
Event: 2781.724 Thread 0x000001b224005550 Unloading class 0x0000000800664800 'java/lang/invoke/LambdaForm$MH+0x0000000800664800'

Classes redefined (0 events):
No events

Internal exceptions (20 events):
Event: 8.473 Thread 0x000001b226109290 Exception <a 'sun/nio/fs/WindowsException'{0x000000064dad4c40}> (0x000000064dad4c40) 
thrown [s\src\hotspot\share\prims\jni.cpp, line 516]
Event: 8.473 Thread 0x000001b226109290 Exception <a 'sun/nio/fs/WindowsException'{0x000000064dad5630}> (0x000000064dad5630) 
thrown [s\src\hotspot\share\prims\jni.cpp, line 516]
Event: 8.473 Thread 0x000001b226109290 Exception <a 'sun/nio/fs/WindowsException'{0x000000064dad59d8}> (0x000000064dad59d8) 
thrown [s\src\hotspot\share\prims\jni.cpp, line 516]
Event: 8.473 Thread 0x000001b226109290 Exception <a 'sun/nio/fs/WindowsException'{0x000000064dad63d8}> (0x000000064dad63d8) 
thrown [s\src\hotspot\share\prims\jni.cpp, line 516]
Event: 8.474 Thread 0x000001b226109290 Exception <a 'sun/nio/fs/WindowsException'{0x000000064dad6798}> (0x000000064dad6798) 
thrown [s\src\hotspot\share\prims\jni.cpp, line 516]
Event: 8.474 Thread 0x000001b226109290 Exception <a 'sun/nio/fs/WindowsException'{0x000000064dad7198}> (0x000000064dad7198) 
thrown [s\src\hotspot\share\prims\jni.cpp, line 516]
Event: 8.474 Thread 0x000001b226109290 Exception <a 'sun/nio/fs/WindowsException'{0x000000064dad7548}> (0x000000064dad7548) 
thrown [s\src\hotspot\share\prims\jni.cpp, line 516]
Event: 8.474 Thread 0x000001b226109290 Exception <a 'sun/nio/fs/WindowsException'{0x000000064dad7f48}> (0x000000064dad7f48) 
thrown [s\src\hotspot\share\prims\jni.cpp, line 516]
Event: 8.474 Thread 0x000001b226109290 Exception <a 'sun/nio/fs/WindowsException'{0x000000064dad8308}> (0x000000064dad8308) 
thrown [s\src\hotspot\share\prims\jni.cpp, line 516]
Event: 8.474 Thread 0x000001b226109290 Exception <a 'sun/nio/fs/WindowsException'{0x000000064dad8d30}> (0x000000064dad8d30) 
thrown [s\src\hotspot\share\prims\jni.cpp, line 516]
Event: 8.474 Thread 0x000001b226109290 Exception <a 'sun/nio/fs/WindowsException'{0x000000064dad9110}> (0x000000064dad9110) 
thrown [s\src\hotspot\share\prims\jni.cpp, line 516]
Event: 8.474 Thread 0x000001b226109290 Exception <a 'sun/nio/fs/WindowsException'{0x000000064dad9b48}> (0x000000064dad9b48) 
thrown [s\src\hotspot\share\prims\jni.cpp, line 516]
Event: 8.474 Thread 0x000001b226109290 Exception <a 'sun/nio/fs/WindowsException'{0x000000064dad9f38}> (0x000000064dad9f38) 
thrown [s\src\hotspot\share\prims\jni.cpp, line 516]
Event: 8.474 Thread 0x000001b226109290 Exception <a 'sun/nio/fs/WindowsException'{0x000000064dada960}> (0x000000064dada960) 
thrown [s\src\hotspot\share\prims\jni.cpp, line 516]
Event: 8.474 Thread 0x000001b226109290 Exception <a 'sun/nio/fs/WindowsException'{0x000000064dadad50}> (0x000000064dadad50) 
thrown [s\src\hotspot\share\prims\jni.cpp, line 516]
Event: 53.911 Thread 0x000001b225fcbc20 Exception <a 'java/lang/NoSuchMethodError'{0x0000000641573cc8}: 'void java.lang.invoke.DirectMethodHandle$Holder.invokeStatic(java.lang.Object, long)'> (0x0000000641573cc8) 
thrown [s\src\hotspot\share\interpreter\linkResolver.cpp, line 759]
Event: 53.912 Thread 0x000001b225fcbc20 Exception <a 'java/lang/NoSuchMethodError'{0x0000000641579070}: 'java.lang.Object java.lang.invoke.DirectMethodHandle$Holder.newInvokeSpecial(java.lang.Object, long)'> (0x0000000641579070) 
thrown [s\src\hotspot\share\interpreter\linkResolver.cpp, line 759]
Event: 53.913 Thread 0x000001b225fcbc20 Exception <a 'java/lang/NoSuchMethodError'{0x000000064157fb68}: 'java.lang.Object java.lang.invoke.DirectMethodHandle$Holder.invokeStatic(java.lang.Object, java.lang.Object, long, java.lang.Object)'> (0x000000064157fb68) 
thrown [s\src\hotspot\share\interpreter\linkResolver.cpp, line 759]
Event: 53.913 Thread 0x000001b225fcbc20 Exception <a 'java/lang/NoSuchMethodError'{0x0000000641583600}: 'java.lang.Object java.lang.invoke.DirectMethodHandle$Holder.invokeStaticInit(java.lang.Object, java.lang.Object, long, java.lang.Object)'> (0x0000000641583600) 
thrown [s\src\hotspot\share\interpreter\linkResolver.cpp, line 759]
Event: 53.913 Thread 0x000001b225fcbc20 Exception <a 'java/lang/NoSuchMethodError'{0x0000000641589930}: 'java.lang.Object java.lang.invoke.DirectMethodHandle$Holder.newInvokeSpecial(java.lang.Object, java.lang.Object, long)'> (0x0000000641589930) 
thrown [s\src\hotspot\share\interpreter\linkResolver.cpp, line 759]

VM Operations (20 events):
Event: 4485.304 Executing VM operation: G1CollectFull done
Event: 4495.459 Executing VM operation: G1CollectFull
Event: 4495.482 Executing VM operation: G1CollectFull done
Event: 4505.635 Executing VM operation: G1CollectFull
Event: 4505.659 Executing VM operation: G1CollectFull done
Event: 4515.831 Executing VM operation: G1CollectFull
Event: 4515.855 Executing VM operation: G1CollectFull done
Event: 4526.027 Executing VM operation: G1CollectFull
Event: 4526.052 Executing VM operation: G1CollectFull done
Event: 4536.216 Executing VM operation: G1CollectFull
Event: 4536.241 Executing VM operation: G1CollectFull done
Event: 4546.412 Executing VM operation: G1CollectFull
Event: 4546.437 Executing VM operation: G1CollectFull done
Event: 4556.614 Executing VM operation: G1CollectFull
Event: 4556.640 Executing VM operation: G1CollectFull done
Event: 4567.057 Executing VM operation: G1CollectFull
Event: 4567.081 Executing VM operation: G1CollectFull done
Event: 4577.247 Executing VM operation: G1CollectFull
Event: 4577.270 Executing VM operation: G1CollectFull done
Event: 4587.317 Executing VM operation: G1CollectFull

Events (20 events):
Event: 53.912 loading class java/lang/ProcessHandle done
Event: 53.912 loading class java/lang/ProcessHandleImpl done
Event: 53.914 loading class java/lang/ProcessImpl$2
Event: 53.914 loading class java/lang/ProcessImpl$2 done
Event: 53.914 loading class java/lang/Process$PipeInputStream
Event: 53.914 loading class java/lang/Process$PipeInputStream done
Event: 53.915 loading class jdk/internal/event/ProcessStartEvent
Event: 53.915 loading class jdk/internal/event/ProcessStartEvent done
Event: 54.218 loading class java/io/FileOutputStream$1
Event: 54.219 loading class java/io/FileOutputStream$1 done
Event: 68.420 Thread 0x000001b226108420 Thread exited: 0x000001b226108420
Event: 69.438 Thread 0x000001b2260353a0 Thread exited: 0x000001b2260353a0
Event: 79.188 Thread 0x000001b22610df90 Thread exited: 0x000001b22610df90
Event: 129.439 Thread 0x000001b226107a80 Thread exited: 0x000001b226107a80
Event: 2708.035 Thread 0x000001b226108420 Thread added: 0x000001b226108420
Event: 2768.043 Thread 0x000001b226108420 Thread exited: 0x000001b226108420
Event: 4085.744 Thread 0x000001b22610df90 Thread added: 0x000001b22610df90
Event: 4085.744 Thread 0x000001b22610b910 Thread added: 0x000001b22610b910
Event: 4145.744 Thread 0x000001b22610df90 Thread exited: 0x000001b22610df90
Event: 4163.071 Thread 0x000001b22610b910 Thread exited: 0x000001b22610b910


Dynamic libraries:
0x00007ff786a10000 - 0x00007ff786a1e000 	c:\Users\tomok\.vscode\extensions\redhat.java-1.12.0-win32-x64\jre\17.0.4.1-win32-x86_64\bin\java.exe
0x00007fff0eb50000 - 0x00007fff0ed64000 	C:\WINDOWS\SYSTEM32\ntdll.dll
0x00007fff0de60000 - 0x00007fff0df22000 	C:\WINDOWS\System32\KERNEL32.DLL
0x00007fff0c490000 - 0x00007fff0c82d000 	C:\WINDOWS\System32\KERNELBASE.dll
0x00007fff0bf80000 - 0x00007fff0c091000 	C:\WINDOWS\System32\ucrtbase.dll
0x00007ffee0df0000 - 0x00007ffee0e09000 	c:\Users\tomok\.vscode\extensions\redhat.java-1.12.0-win32-x64\jre\17.0.4.1-win32-x86_64\bin\VCRUNTIME140.dll
0x00007ffedd320000 - 0x00007ffedd338000 	c:\Users\tomok\.vscode\extensions\redhat.java-1.12.0-win32-x64\jre\17.0.4.1-win32-x86_64\bin\jli.dll
0x00007fff0dba0000 - 0x00007fff0dd4d000 	C:\WINDOWS\System32\USER32.dll
0x00007fff0c8b0000 - 0x00007fff0c8d6000 	C:\WINDOWS\System32\win32u.dll
0x00007fff0cc70000 - 0x00007fff0cc99000 	C:\WINDOWS\System32\GDI32.dll
0x00007ffef1590000 - 0x00007ffef181e000 	C:\WINDOWS\WinSxS\amd64_microsoft.windows.common-controls_6595b64144ccf1df_6.0.22621.436_none_a94247dbc10d8414\COMCTL32.dll
0x00007fff0c0a0000 - 0x00007fff0c1b2000 	C:\WINDOWS\System32\gdi32full.dll
0x00007fff0e260000 - 0x00007fff0e307000 	C:\WINDOWS\System32\msvcrt.dll
0x00007fff0c1c0000 - 0x00007fff0c25a000 	C:\WINDOWS\System32\msvcp_win.dll
0x00007fff0e210000 - 0x00007fff0e242000 	C:\WINDOWS\System32\IMM32.DLL
0x00007ffef66a0000 - 0x00007ffef66ac000 	c:\Users\tomok\.vscode\extensions\redhat.java-1.12.0-win32-x64\jre\17.0.4.1-win32-x86_64\bin\vcruntime140_1.dll
0x00007ffe8ed40000 - 0x00007ffe8edd1000 	c:\Users\tomok\.vscode\extensions\redhat.java-1.12.0-win32-x64\jre\17.0.4.1-win32-x86_64\bin\msvcp140.dll
0x00007ffe58610000 - 0x00007ffe59256000 	c:\Users\tomok\.vscode\extensions\redhat.java-1.12.0-win32-x64\jre\17.0.4.1-win32-x86_64\bin\server\jvm.dll
0x00007fff0df40000 - 0x00007fff0dfee000 	C:\WINDOWS\System32\ADVAPI32.dll
0x00007fff0d580000 - 0x00007fff0d624000 	C:\WINDOWS\System32\sechost.dll
0x00007fff0e010000 - 0x00007fff0e125000 	C:\WINDOWS\System32\RPCRT4.dll
0x00007fff0e250000 - 0x00007fff0e258000 	C:\WINDOWS\System32\PSAPI.DLL
0x00007ffee6490000 - 0x00007ffee6499000 	C:\WINDOWS\SYSTEM32\WSOCK32.dll
0x00007fff04800000 - 0x00007fff0480a000 	C:\WINDOWS\SYSTEM32\VERSION.dll
0x00007fff0e310000 - 0x00007fff0e381000 	C:\WINDOWS\System32\WS2_32.dll
0x00007fff05820000 - 0x00007fff05854000 	C:\WINDOWS\SYSTEM32\WINMM.dll
0x00007fff0b0a0000 - 0x00007fff0b0b8000 	C:\WINDOWS\SYSTEM32\kernel.appcore.dll
0x00007ffee0de0000 - 0x00007ffee0dea000 	c:\Users\tomok\.vscode\extensions\redhat.java-1.12.0-win32-x64\jre\17.0.4.1-win32-x86_64\bin\jimage.dll
0x00007ffef6320000 - 0x00007ffef654e000 	C:\WINDOWS\SYSTEM32\DBGHELP.DLL
0x00007fff0e5c0000 - 0x00007fff0e94a000 	C:\WINDOWS\System32\combase.dll
0x00007fff0e130000 - 0x00007fff0e207000 	C:\WINDOWS\System32\OLEAUT32.dll
0x00007ffef5820000 - 0x00007ffef5852000 	C:\WINDOWS\SYSTEM32\dbgcore.DLL
0x00007fff0c830000 - 0x00007fff0c8ab000 	C:\WINDOWS\System32\bcryptPrimitives.dll
0x00007ffedd0b0000 - 0x00007ffedd0d5000 	c:\Users\tomok\.vscode\extensions\redhat.java-1.12.0-win32-x64\jre\17.0.4.1-win32-x86_64\bin\java.dll
0x00007ffec8820000 - 0x00007ffec8838000 	c:\Users\tomok\.vscode\extensions\redhat.java-1.12.0-win32-x64\jre\17.0.4.1-win32-x86_64\bin\zip.dll
0x00007fff0cda0000 - 0x00007fff0d580000 	C:\WINDOWS\System32\SHELL32.dll
0x00007fff09f80000 - 0x00007fff0a848000 	C:\WINDOWS\SYSTEM32\windows.storage.dll
0x00007fff09e40000 - 0x00007fff09f7e000 	C:\WINDOWS\SYSTEM32\wintypes.dll
0x00007fff0cca0000 - 0x00007fff0cd91000 	C:\WINDOWS\System32\SHCORE.dll
0x00007fff0e560000 - 0x00007fff0e5be000 	C:\WINDOWS\System32\shlwapi.dll
0x00007fff0beb0000 - 0x00007fff0bed1000 	C:\WINDOWS\SYSTEM32\profapi.dll
0x00007ffec5e20000 - 0x00007ffec5e39000 	C:\Users\tomok\.vscode\extensions\redhat.java-1.12.0-win32-x64\jre\17.0.4.1-win32-x86_64\bin\net.dll
0x00007fff05430000 - 0x00007fff0555f000 	C:\WINDOWS\SYSTEM32\WINHTTP.dll
0x00007fff0b4f0000 - 0x00007fff0b559000 	C:\WINDOWS\system32\mswsock.dll
0x00007ffec5c70000 - 0x00007ffec5c85000 	C:\Users\tomok\.vscode\extensions\redhat.java-1.12.0-win32-x64\jre\17.0.4.1-win32-x86_64\bin\nio.dll
0x00007ffee0ce0000 - 0x00007ffee0cf0000 	c:\Users\tomok\.vscode\extensions\redhat.java-1.12.0-win32-x64\jre\17.0.4.1-win32-x86_64\bin\verify.dll
0x00007ffedf660000 - 0x00007ffedf669000 	C:\Users\tomok\.vscode\extensions\redhat.java-1.12.0-win32-x64\jre\17.0.4.1-win32-x86_64\bin\management.dll
0x00007ffedeb20000 - 0x00007ffedeb2b000 	C:\Users\tomok\.vscode\extensions\redhat.java-1.12.0-win32-x64\jre\17.0.4.1-win32-x86_64\bin\management_ext.dll
0x00007ffef4bf0000 - 0x00007ffef4c07000 	C:\WINDOWS\system32\napinsp.dll
0x00007ffef4bb0000 - 0x00007ffef4bcb000 	C:\WINDOWS\system32\pnrpnsp.dll
0x00007fff0ab80000 - 0x00007fff0ac72000 	C:\WINDOWS\SYSTEM32\DNSAPI.dll
0x00007fff0ab10000 - 0x00007fff0ab3d000 	C:\WINDOWS\SYSTEM32\IPHLPAPI.DLL
0x00007fff0e390000 - 0x00007fff0e399000 	C:\WINDOWS\System32\NSI.dll
0x00007ffef4b90000 - 0x00007ffef4ba1000 	C:\WINDOWS\System32\winrnr.dll
0x00007ffef4b70000 - 0x00007ffef4b85000 	C:\WINDOWS\system32\wshbth.dll
0x00007ffef4870000 - 0x00007ffef4891000 	C:\WINDOWS\system32\nlansp_c.dll
0x00007fff03940000 - 0x00007fff0394a000 	C:\Windows\System32\rasadhlp.dll
0x00007fff042f0000 - 0x00007fff04373000 	C:\WINDOWS\System32\fwpuclnt.dll
0x00007fff0b730000 - 0x00007fff0b74b000 	C:\WINDOWS\SYSTEM32\CRYPTSP.dll
0x00007fff0b010000 - 0x00007fff0b045000 	C:\WINDOWS\system32\rsaenh.dll
0x00007fff0b590000 - 0x00007fff0b5b8000 	C:\WINDOWS\SYSTEM32\USERENV.dll
0x00007fff0b920000 - 0x00007fff0b948000 	C:\WINDOWS\SYSTEM32\bcrypt.dll
0x00007fff0b6f0000 - 0x00007fff0b6fc000 	C:\WINDOWS\SYSTEM32\CRYPTBASE.dll
0x00007fff05300000 - 0x00007fff05319000 	C:\WINDOWS\SYSTEM32\dhcpcsvc6.DLL
0x00007fff052e0000 - 0x00007fff052ff000 	C:\WINDOWS\SYSTEM32\dhcpcsvc.DLL

dbghelp: loaded successfully - version: 4.0.5 - missing functions: none
symbol engine: initialized successfully - sym options: 0x614 - pdb path: .;c:\Users\tomok\.vscode\extensions\redhat.java-1.12.0-win32-x64\jre\17.0.4.1-win32-x86_64\bin;C:\WINDOWS\SYSTEM32;C:\WINDOWS\WinSxS\amd64_microsoft.windows.common-controls_6595b64144ccf1df_6.0.22621.436_none_a94247dbc10d8414;c:\Users\tomok\.vscode\extensions\redhat.java-1.12.0-win32-x64\jre\17.0.4.1-win32-x86_64\bin\server

VM Arguments:
jvm_args: -Dsts.lsp.client=vscode -Dsts.log.file=/dev/null -XX:TieredStopAtLevel=1 -Xlog:jni+resolve=off -Dspring.config.location=file:c:\Users\tomok\.vscode\extensions\pivotal.vscode-spring-boot-1.40.0\language-server\BOOT-INF\classes\application.properties 
java_command: org.springframework.ide.vscode.boot.app.BootLanguageServerBootApp
java_class_path (initial): c:\Users\tomok\.vscode\extensions\pivotal.vscode-spring-boot-1.40.0\language-server\BOOT-INF\classes;c:\Users\tomok\.vscode\extensions\pivotal.vscode-spring-boot-1.40.0\language-server\BOOT-INF\lib\annotations-23.0.0.jar;c:\Users\tomok\.vscode\extensions\pivotal.vscode-spring-boot-1.40.0\language-server\BOOT-INF\lib\ant-1.10.12.jar;c:\Users\tomok\.vscode\extensions\pivotal.vscode-spring-boot-1.40.0\language-server\BOOT-INF\lib\ant-launcher-1.10.12.jar;c:\Users\tomok\.vscode\extensions\pivotal.vscode-spring-boot-1.40.0\language-server\BOOT-INF\lib\antlr-runtime-3.5.2.jar;c:\Users\tomok\.vscode\extensions\pivotal.vscode-spring-boot-1.40.0\language-server\BOOT-INF\lib\antlr4-4.9.3.jar;c:\Users\tomok\.vscode\extensions\pivotal.vscode-spring-boot-1.40.0\language-server\BOOT-INF\lib\antlr4-runtime-4.9.3.jar;c:\Users\tomok\.vscode\extensions\pivotal.vscode-spring-boot-1.40.0\language-server\BOOT-INF\lib\asm-9.3.jar;c:\Users\tomok\.vscode\extensions\pivotal.vscode-spring-boot-1.40.0\language-server\BOOT-INF\lib\asm-analysis-9.3.jar;c:\Users\tomok\.vscode\extensions\pivotal.vscode-spring-boot-1.40.0\language-server\BOOT-INF\lib\asm-tree-9.3.jar;c:\Users\tomok\.vscode\extensions\pivotal.vscode-spring-boot-1.40.0\language-server\BOOT-INF\lib\asm-util-9.3.jar;c:\Users\tomok\.vscode\extensions\pivotal.vscode-spring-boot-1.40.0\language-server\BOOT-INF\lib\byte-buddy-1.12.13.jar;c:\Users\tomok\.vscode\extensions\pivotal.vscode-spring-boot-1.40.0\language-server\BOOT-INF\lib\caffeine-2.9.3.jar;c:\Users\tomok\.vscode\extensions\pivotal.vscode-spring-boot-1.40.0\language-server\BOOT-INF\lib\checker-qual-3.12.0.jar;c:\Users\tomok\.vscode\extensions\pivotal.vscode-spring-boot-1.40.0\language-server\BOOT-INF\lib\classgraph-4.8.149.jar;c:\Users\tomok\.vscode\extensions\pivotal.vscode-spring-boot-1.40.0\language-server\BOOT-INF\lib\commons-codec-1.15.jar;c:\Users\tomok\.vscode\extensions\pivotal.vscode-spring-boot-1.40.0\language-server\BOOT-INF\lib\commons-c
Launcher Type: SUN_STANDARD

[Global flags]
     intx CICompilerCount                          = 4                                         {product} {ergonomic}
     uint ConcGCThreads                            = 2                                         {product} {ergonomic}
     uint G1ConcRefinementThreads                  = 8                                         {product} {ergonomic}
   size_t G1HeapRegionSize                         = 4194304                                   {product} {ergonomic}
    uintx GCDrainStackTargetSize                   = 64                                        {product} {ergonomic}
   size_t InitialHeapSize                          = 536870912                                 {product} {ergonomic}
   size_t MarkStackSize                            = 4194304                                   {product} {ergonomic}
   size_t MaxHeapSize                              = 8577351680                                {product} {ergonomic}
   size_t MaxNewSize                               = 5146411008                                {product} {ergonomic}
   size_t MinHeapDeltaBytes                        = 4194304                                   {product} {ergonomic}
   size_t MinHeapSize                              = 8388608                                   {product} {ergonomic}
    uintx NonProfiledCodeHeapSize                  = 0                                      {pd product} {ergonomic}
     bool ProfileInterpreter                       = false                                  {pd product} {command line}
    uintx ProfiledCodeHeapSize                     = 0                                      {pd product} {ergonomic}
   size_t SoftMaxHeapSize                          = 8577351680                             {manageable} {ergonomic}
     intx TieredStopAtLevel                        = 1                                         {product} {command line}
     bool UseCompressedClassPointers               = true                           {product lp64_product} {ergonomic}
     bool UseCompressedOops                        = true                           {product lp64_product} {ergonomic}
     bool UseG1GC                                  = true                                      {product} {ergonomic}
     bool UseLargePagesIndividualAllocation        = false                                  {pd product} {ergonomic}

Logging:
Log output configuration:
 #0: stdout all=warning,jni+resolve=off uptime,level,tags
 #1: stderr all=off uptime,level,tags

Environment Variables:
JAVA_HOME=C:\Program Files\AdoptOpenJDK\jdk-11.0.10.9-hotspot
PATH=C:\Users\tomok\AppData\Local\cloud-code\installer\google-cloud-sdk\bin;C:\Program Files\Common Files\Oracle\Java\javapath;C:\Program Files\NVIDIA GPU Computing Toolkit\CUDA\v11.2\bin;C:\Program Files\NVIDIA GPU Computing Toolkit\CUDA\v11.2\libnvvp;C:\Program Files\AdoptOpenJDK\jdk-11.0.10.9-hotspot\bin;C:\Program Files (x86)\Common Files\Oracle\Java\javapath;C:\Windows\system32;C:\Windows;C:\Windows\System32\Wbem;C:\Users\tomok\AppData\Local\Programs\Python\Python310;C:\Windows\System32\WindowsPowerShell\v1.0\;C:\Windows\System32\OpenSSH\;C:\Program Files (x86)\Intel\Intel(R) Management Engine Components\DAL;C:\Program Files\Intel\Intel(R) Management Engine Components\DAL;C:\Program Files (x86)\NVIDIA Corporation\PhysX\Common;C:\Program Files\Microsoft SQL Server\130\Tools\Binn\;C:\xampp\mysql\bin;C:\Program Files (x86)\sbt\bin;C:\Program Files (x86)\scala\bin;C:\WINDOWS\system32;C:\WINDOWS;C:\WINDOWS\System32\Wbem;C:\WINDOWS\System32\WindowsPowerShell\v1.0\;C:\WINDOWS\System32\OpenSSH\;C:\Program Files\Calibre2\;C:\Program Files\MongoDB\Server\4.4\bin;C:\apache-maven-3.6.3-bin\apache-maven-3.6.3\bin;C:\xampp\php;C:\Program Files\Graphviz\bin;C:\Anaconda3;C:\Anaconda3\Library\bin;C:\Anaconda3\Scripts;C:\Program Files\NVIDIA Corporation\NVIDIA NvDLISR;C:\Program Files\NVIDIA Corporation\Nsight Compute 2020.3.0\;C:\Program Files\dotnet\;C:\Program Files\Microsoft SQL Server\Client SDK\ODBC\170\Tools\Binn\;C:\composer;C:\WINDOWS\system32;C:\WINDOWS;C:\WINDOWS\System32\Wbem;C:\WINDOWS\System32\WindowsPowerShell\v1.0\;C:\WINDOWS\System32\OpenSSH\;C:\ProgramData\ComposerSetup\bin;C:\Program Files\nodejs\;C:\ProgramData\chocolatey\bin;D:\Applications\chromedriver_win32;C:\Program Files\Docker\Docker\resources\bin;C:\ProgramData\DockerDesktop\version-bin;C:\Program Files\PowerShell\7\;C:\Users\tomok\AppData\Local\Microsoft\WindowsApps;C:\Program Files\JetBrains\IntelliJ IDEA Community Edition 2019.3\bin;C:\Users\tomok\.dotnet\tools;C:\Users\tomok\AppData\Local\Microsoft\W
USERNAME=tomok
OS=Windows_NT
PROCESSOR_IDENTIFIER=Intel64 Family 6 Model 158 Stepping 13, GenuineIntel
TMP=C:\Users\tomok\AppData\Local\Temp
TEMP=C:\Users\tomok\AppData\Local\Temp



---------------  S Y S T E M  ---------------

OS:
 Windows 11 , 64 bit Build 22621 (10.0.22621.891)
OS uptime: 7 days 1:36 hours
Hyper-V role detected

CPU: total 8 (initial active 8) (8 cores per cpu, 1 threads per core) family 6 model 158 stepping 13 microcode 0xde, cx8, cmov, fxsr, mmx, 3dnowpref, sse, sse2, sse3, ssse3, sse4.1, sse4.2, popcnt, lzcnt, tsc, tscinvbit, avx, avx2, aes, erms, clmul, bmi1, bmi2, adx, fma, vzeroupper, clflush, clflushopt, hv

Memory: 4k page, system-wide physical 32709M (10138M free)
TotalPageFile size 131013M (AvailPageFile size 9M)
current process WorkingSet (physical memory assigned to process): 158M, peak: 1477M
current process commit charge ("private bytes"): 252M, peak: 1519M

vm_info: OpenJDK 64-Bit Server VM (17.0.4.1+1) for windows-amd64 JRE (17.0.4.1+1), built on Aug 17 2022 07:42:43 by "temurin" with MS VC++ 16.7 (VS2019)

END.
