#
# There is insufficient memory for the Java Runtime Environment to continue.
# Native memory allocation (mmap) failed to map 645922816 bytes for G1 virtual space
# Possible reasons:
#   The system is out of physical RAM or swap space
#   The process is running with CompressedOops enabled, and the Java Heap may be blocking the growth of the native heap
# Possible solutions:
#   Reduce memory load on the system
#   Increase physical memory or swap space
#   Check if swap backing store is full
#   Decrease Java heap size (-Xmx/-Xms)
#   Decrease number of Java threads
#   Decrease Java thread stack sizes (-Xss)
#   Set larger code cache with -XX:ReservedCodeCacheSize=
#   JVM is running with Zero Based Compressed Oops mode in which the Java heap is
#     placed in the first 32GB address space. The Java Heap base address is the
#     maximum limit for the native heap growth. Please use -XX:HeapBaseMinAddress
#     to set the Java Heap base and to place the Java Heap above 32GB virtual address.
# This output file may be truncated or incomplete.
#
#  Out of Memory Error (os_windows.cpp:3541), pid=27080, tid=35184
#
# JRE version: OpenJDK Runtime Environment Temurin-17.0.4.1+1 (17.0.4.1+1) (build 17.0.4.1+1)
# Java VM: OpenJDK 64-Bit Server VM Temurin-17.0.4.1+1 (17.0.4.1+1, mixed mode, emulated-client, tiered, compressed oops, compressed class ptrs, g1 gc, windows-amd64)
# No core dump will be written. Minidumps are not enabled by default on client versions of Windows
#

---------------  S U M M A R Y ------------

Command Line: -Dsts.lsp.client=vscode -Dsts.log.file=/dev/null -XX:TieredStopAtLevel=1 -Xlog:jni+resolve=off -Dspring.config.location=file:c:\Users\tomok\.vscode\extensions\pivotal.vscode-spring-boot-1.40.0\language-server\BOOT-INF\classes\application.properties org.springframework.ide.vscode.boot.app.BootLanguageServerBootApp

Host: Intel(R) Core(TM) i7-9700K CPU @ 3.60GHz, 8 cores, 31G,  Windows 11 , 64 bit Build 22621 (10.0.22621.891)
Time: Tue Nov 22 13:28:28 2022  Windows 11 , 64 bit Build 22621 (10.0.22621.891) elapsed time: 9.583309 seconds (0d 0h 0m 9s)

---------------  T H R E A D  ---------------

Current thread (0x0000021f54596020):  VMThread "VM Thread" [stack: 0x0000002b49600000,0x0000002b49700000] [id=35184]

Stack: [0x0000002b49600000,0x0000002b49700000]
Native frames: (J=compiled Java code, j=interpreted, Vv=VM code, C=native code)
V  [jvm.dll+0x67731a]
V  [jvm.dll+0x832284]
V  [jvm.dll+0x833a2e]
V  [jvm.dll+0x834093]
V  [jvm.dll+0x245775]
V  [jvm.dll+0x674209]
V  [jvm.dll+0x668a92]
V  [jvm.dll+0x30471b]
V  [jvm.dll+0x30bc66]
V  [jvm.dll+0x35ba9e]
V  [jvm.dll+0x35bccf]
V  [jvm.dll+0x2db5b8]
V  [jvm.dll+0x2d986c]
V  [jvm.dll+0x2d8e3c]
V  [jvm.dll+0x31cd9b]
V  [jvm.dll+0x83853b]
V  [jvm.dll+0x839274]
V  [jvm.dll+0x83978c]
V  [jvm.dll+0x839b64]
V  [jvm.dll+0x839c30]
V  [jvm.dll+0x7e240a]
V  [jvm.dll+0x6761a5]
C  [ucrtbase.dll+0x29363]
C  [KERNEL32.DLL+0x1244d]
C  [ntdll.dll+0x5dfb8]

VM_Operation (0x0000002b4bffe7c0): G1CollectForAllocation, mode: safepoint, requested by thread 0x0000021f56f9ad70


---------------  P R O C E S S  ---------------

Threads class SMR info:
_java_thread_list=0x0000021f5942ce20, length=46, elements={
0x0000021f54dc5390, 0x0000021f54dc65f0, 0x0000021f545a9290, 0x0000021f54debf20,
0x0000021f54dec3f0, 0x0000021f54ded450, 0x0000021f54dedd10, 0x0000021f54df0a30,
0x0000021f550122e0, 0x0000021f5501bc20, 0x0000021f561d4e20, 0x0000021f5636f750,
0x0000021f5636fc60, 0x0000021f5623de20, 0x0000021f561183b0, 0x0000021f569a0950,
0x0000021f39567dd0, 0x0000021f56a29db0, 0x0000021f56d84050, 0x0000021f56d8ef20,
0x0000021f56d98940, 0x0000021f56daa5f0, 0x0000021f56cf0350, 0x0000021f56cefe80,
0x0000021f56cf0820, 0x0000021f56cf0cf0, 0x0000021f56cef9b0, 0x0000021f56cef4e0,
0x0000021f56f99a30, 0x0000021f56f97d50, 0x0000021f56f96ee0, 0x0000021f56f96a10,
0x0000021f56f9ad70, 0x0000021f56f99560, 0x0000021f56f9b240, 0x0000021f56f9c0b0,
0x0000021f56f9c580, 0x0000021f56f9a3d0, 0x0000021f56f99f00, 0x0000021f56f96540,
0x0000021f56f973b0, 0x0000021f56f9a8a0, 0x0000021f56f97880, 0x0000021f56f9b710,
0x0000021f56f9bbe0, 0x0000021f56f986f0
}

Java Threads: ( => current thread )
  0x0000021f54dc5390 JavaThread "Reference Handler" daemon [_thread_blocked, id=5136, stack(0x0000002b49700000,0x0000002b49800000)]
  0x0000021f54dc65f0 JavaThread "Finalizer" daemon [_thread_blocked, id=22160, stack(0x0000002b49800000,0x0000002b49900000)]
  0x0000021f545a9290 JavaThread "Signal Dispatcher" daemon [_thread_blocked, id=19708, stack(0x0000002b49900000,0x0000002b49a00000)]
  0x0000021f54debf20 JavaThread "Attach Listener" daemon [_thread_blocked, id=22048, stack(0x0000002b49a00000,0x0000002b49b00000)]
  0x0000021f54dec3f0 JavaThread "Service Thread" daemon [_thread_blocked, id=12768, stack(0x0000002b49b00000,0x0000002b49c00000)]
  0x0000021f54ded450 JavaThread "Monitor Deflation Thread" daemon [_thread_blocked, id=12084, stack(0x0000002b49c00000,0x0000002b49d00000)]
  0x0000021f54dedd10 JavaThread "C1 CompilerThread0" daemon [_thread_blocked, id=21548, stack(0x0000002b49d00000,0x0000002b49e00000)]
  0x0000021f54df0a30 JavaThread "Sweeper thread" daemon [_thread_blocked, id=20588, stack(0x0000002b49e00000,0x0000002b49f00000)]
  0x0000021f550122e0 JavaThread "Notification Thread" daemon [_thread_blocked, id=15196, stack(0x0000002b4a000000,0x0000002b4a100000)]
  0x0000021f5501bc20 JavaThread "Common-Cleaner" daemon [_thread_blocked, id=1752, stack(0x0000002b4a200000,0x0000002b4a300000)]
  0x0000021f561d4e20 JavaThread "C1 CompilerThread1" daemon [_thread_blocked, id=35652, stack(0x0000002b49f00000,0x0000002b4a000000)]
  0x0000021f5636f750 JavaThread "C1 CompilerThread2" daemon [_thread_blocked, id=22852, stack(0x0000002b4a300000,0x0000002b4a400000)]
  0x0000021f5636fc60 JavaThread "C1 CompilerThread3" daemon [_thread_blocked, id=31396, stack(0x0000002b4a400000,0x0000002b4a500000)]
  0x0000021f5623de20 JavaThread "boundedElastic-evictor-1" daemon [_thread_blocked, id=10472, stack(0x0000002b4ac00000,0x0000002b4ad00000)]
  0x0000021f561183b0 JavaThread "pool-9-thread-1" [_thread_blocked, id=10208, stack(0x0000002b4ae00000,0x0000002b4af00000)]
  0x0000021f569a0950 JavaThread "LanguageServerApp-lifecycle" [_thread_blocked, id=24628, stack(0x0000002b4af00000,0x0000002b4b000000)]
  0x0000021f39567dd0 JavaThread "DestroyJavaVM" [_thread_blocked, id=23528, stack(0x0000002b49000000,0x0000002b49100000)]
  0x0000021f56a29db0 JavaThread "pool-10-thread-1" [_thread_in_native, id=25484, stack(0x0000002b4b000000,0x0000002b4b100000)]
  0x0000021f56d84050 JavaThread "Simple-Language-Server main thread" daemon [_thread_blocked, id=25420, stack(0x0000002b4b100000,0x0000002b4b200000)]
  0x0000021f56d8ef20 JavaThread "ForkJoinPool.commonPool-worker-1" daemon [_thread_blocked, id=20428, stack(0x0000002b4b200000,0x0000002b4b300000)]
  0x0000021f56d98940 JavaThread "pool-7-thread-1" [_thread_blocked, id=30568, stack(0x0000002b4b300000,0x0000002b4b400000)]
  0x0000021f56daa5f0 JavaThread "parallel-1" daemon [_thread_blocked, id=10732, stack(0x0000002b4b400000,0x0000002b4b500000)]
  0x0000021f56cf0350 JavaThread "ClassGraph-worker-0" daemon [_thread_blocked, id=36800, stack(0x0000002b4b500000,0x0000002b4b600000)]
  0x0000021f56cefe80 JavaThread "ClassGraph-worker-1" daemon [_thread_blocked, id=7484, stack(0x0000002b4b600000,0x0000002b4b700000)]
  0x0000021f56cf0820 JavaThread "ClassGraph-worker-2" daemon [_thread_blocked, id=28640, stack(0x0000002b4b700000,0x0000002b4b800000)]
  0x0000021f56cf0cf0 JavaThread "ClassGraph-worker-3" daemon [_thread_blocked, id=9448, stack(0x0000002b4b800000,0x0000002b4b900000)]
  0x0000021f56cef9b0 JavaThread "ClassGraph-worker-4" daemon [_thread_blocked, id=33412, stack(0x0000002b4b900000,0x0000002b4ba00000)]
  0x0000021f56cef4e0 JavaThread "ClassGraph-worker-5" daemon [_thread_blocked, id=31380, stack(0x0000002b4ba00000,0x0000002b4bb00000)]
  0x0000021f56f99a30 JavaThread "ClassGraph-worker-6" daemon [_thread_blocked, id=2876, stack(0x0000002b4bb00000,0x0000002b4bc00000)]
  0x0000021f56f97d50 JavaThread "ClassGraph-worker-7" daemon [_thread_blocked, id=17604, stack(0x0000002b4bc00000,0x0000002b4bd00000)]
  0x0000021f56f96ee0 JavaThread "ClassGraph-worker-8" daemon [_thread_blocked, id=21600, stack(0x0000002b4bd00000,0x0000002b4be00000)]
  0x0000021f56f96a10 JavaThread "ClassGraph-worker-9" daemon [_thread_blocked, id=34392, stack(0x0000002b4be00000,0x0000002b4bf00000)]
  0x0000021f56f9ad70 JavaThread "ClassGraph-worker-10" daemon [_thread_blocked, id=2320, stack(0x0000002b4bf00000,0x0000002b4c000000)]
  0x0000021f56f99560 JavaThread "ClassGraph-worker-11" daemon [_thread_blocked, id=9336, stack(0x0000002b4c000000,0x0000002b4c100000)]
  0x0000021f56f9b240 JavaThread "ClassGraph-worker-12" daemon [_thread_blocked, id=35832, stack(0x0000002b4c100000,0x0000002b4c200000)]
  0x0000021f56f9c0b0 JavaThread "ClassGraph-worker-13" daemon [_thread_blocked, id=29052, stack(0x0000002b4c200000,0x0000002b4c300000)]
  0x0000021f56f9c580 JavaThread "parallel-2" daemon [_thread_blocked, id=33408, stack(0x0000002b4c300000,0x0000002b4c400000)]
  0x0000021f56f9a3d0 JavaThread "Reconciler-1" daemon [_thread_blocked, id=13852, stack(0x0000002b4c400000,0x0000002b4c500000)]
  0x0000021f56f99f00 JavaThread "pool-4-thread-1" [_thread_blocked, id=9532, stack(0x0000002b4c500000,0x0000002b4c600000)]
  0x0000021f56f96540 JavaThread "ForkJoinPool.commonPool-worker-2" daemon [_thread_blocked, id=32284, stack(0x0000002b4c600000,0x0000002b4c700000)]
  0x0000021f56f973b0 JavaThread "pool-4-thread-2" [_thread_blocked, id=24032, stack(0x0000002b4c700000,0x0000002b4c800000)]
  0x0000021f56f9a8a0 JavaThread "pool-5-thread-1" [_thread_blocked, id=15272, stack(0x0000002b4c800000,0x0000002b4c900000)]
  0x0000021f56f97880 JavaThread "parallel-3" daemon [_thread_blocked, id=34908, stack(0x0000002b4c900000,0x0000002b4ca00000)]
  0x0000021f56f9b710 JavaThread "parallel-4" daemon [_thread_blocked, id=17028, stack(0x0000002b4ca00000,0x0000002b4cb00000)]
  0x0000021f56f9bbe0 JavaThread "Project-Reconciler-1" daemon [_thread_blocked, id=14284, stack(0x0000002b4cb00000,0x0000002b4cc00000)]
  0x0000021f56f986f0 JavaThread "Project-Reconciler-2" daemon [_thread_blocked, id=21052, stack(0x0000002b4cc00000,0x0000002b4cd00000)]

Other Threads:
=>0x0000021f54596020 VMThread "VM Thread" [stack: 0x0000002b49600000,0x0000002b49700000] [id=35184]
  0x0000021f3962bce0 WatcherThread [stack: 0x0000002b4a100000,0x0000002b4a200000] [id=4124]
  0x0000021f39615820 GCTaskThread "GC Thread#0" [stack: 0x0000002b49100000,0x0000002b49200000] [id=9556]
  0x0000021f56464f90 GCTaskThread "GC Thread#1" [stack: 0x0000002b4a500000,0x0000002b4a600000] [id=4464]
  0x0000021f56465d00 GCTaskThread "GC Thread#2" [stack: 0x0000002b4a600000,0x0000002b4a700000] [id=3008]
  0x0000021f56465fb0 GCTaskThread "GC Thread#3" [stack: 0x0000002b4a700000,0x0000002b4a800000] [id=10428]
  0x0000021f56465240 GCTaskThread "GC Thread#4" [stack: 0x0000002b4a800000,0x0000002b4a900000] [id=1688]
  0x0000021f56466260 GCTaskThread "GC Thread#5" [stack: 0x0000002b4a900000,0x0000002b4aa00000] [id=13836]
  0x0000021f564654f0 GCTaskThread "GC Thread#6" [stack: 0x0000002b4aa00000,0x0000002b4ab00000] [id=24588]
  0x0000021f56465a50 GCTaskThread "GC Thread#7" [stack: 0x0000002b4ab00000,0x0000002b4ac00000] [id=16252]
  0x0000021f39626850 ConcurrentGCThread "G1 Main Marker" [stack: 0x0000002b49200000,0x0000002b49300000] [id=30344]
  0x0000021f39627a00 ConcurrentGCThread "G1 Conc#0" [stack: 0x0000002b49300000,0x0000002b49400000] [id=33244]
  0x0000021f564667c0 ConcurrentGCThread "G1 Conc#1" [stack: 0x0000002b4ad00000,0x0000002b4ae00000] [id=15116]
  0x0000021f544819e0 ConcurrentGCThread "G1 Refine#0" [stack: 0x0000002b49400000,0x0000002b49500000] [id=18268]
  0x0000021f59403c90 ConcurrentGCThread "G1 Refine#1" [stack: 0x0000002b4cd00000,0x0000002b4ce00000] [id=20660]
  0x0000021f5946e5b0 ConcurrentGCThread "G1 Refine#2" [stack: 0x0000002b4ce00000,0x0000002b4cf00000] [id=14736]
  0x0000021f5946e890 ConcurrentGCThread "G1 Refine#3" [stack: 0x0000002b4cf00000,0x0000002b4d000000] [id=22016]
  0x0000021f544831c0 ConcurrentGCThread "G1 Service" [stack: 0x0000002b49500000,0x0000002b49600000] [id=20912]

Threads with active compile tasks:

VM state: at safepoint (normal execution)

VM Mutex/Monitor currently owned by a thread:  ([mutex/lock_event])
[0x0000021f3721fc50] Threads_lock - owner thread: 0x0000021f54596020
[0x0000021f39565b50] Heap_lock - owner thread: 0x0000021f56f9ad70

Heap address: 0x0000000600c00000, size: 8180 MB, Compressed Oops mode: Zero based, Oop shift amount: 3

CDS archive(s) not mapped
Compressed class space mapped at: 0x0000000800000000-0x0000000840000000, reserved size: 1073741824
Narrow klass base: 0x0000000800000000, Narrow klass shift: 0, Narrow klass range: 0x40000000

GC Precious Log:
 CPUs: 8 total, 8 available
 Memory: 32709M
 Large Page Support: Disabled
 NUMA Support: Disabled
 Compressed Oops: Enabled (Zero based)
 Heap Region Size: 4M
 Heap Min Capacity: 8M
 Heap Initial Capacity: 512M
 Heap Max Capacity: 8180M
 Pre-touch: Disabled
 Parallel Workers: 8
 Concurrent Workers: 2
 Concurrent Refinement Workers: 8
 Periodic GC: Disabled

Heap:
 garbage-first heap   total 970752K, used 224443K [0x0000000600c00000, 0x0000000800000000)
  region size 4096K, 14 young (57344K), 14 survivors (57344K)
 Metaspace       used 39225K, committed 39616K, reserved 1089536K
  class space    used 4971K, committed 5184K, reserved 1048576K

Heap Regions: E=young(eden), S=young(survivor), O=old, HS=humongous(starts), HC=humongous(continues), CS=collection set, F=free, OA=open archive, CA=closed archive, TAMS=top-at-mark-start (previous, next)
|   0|0x0000000600c00000, 0x0000000601000000, 0x0000000601000000|100%| O|  |TAMS 0x0000000601000000, 0x0000000600c00000| Untracked 
|   1|0x0000000601000000, 0x00000006013c3200, 0x0000000601400000| 94%| O|  |TAMS 0x00000006013c3200, 0x0000000601000000| Untracked 
|   2|0x0000000601400000, 0x0000000601800000, 0x0000000601800000|100%| O|  |TAMS 0x0000000601800000, 0x0000000601400000| Untracked 
|   3|0x0000000601800000, 0x0000000601c00000, 0x0000000601c00000|100%| O|  |TAMS 0x0000000601c00000, 0x0000000601800000| Untracked 
|   4|0x0000000601c00000, 0x0000000602000000, 0x0000000602000000|100%| O|  |TAMS 0x0000000602000000, 0x0000000601c00000| Untracked 
|   5|0x0000000602000000, 0x0000000602400000, 0x0000000602400000|100%| O|  |TAMS 0x0000000602400000, 0x0000000602000000| Untracked 
|   6|0x0000000602400000, 0x0000000602800000, 0x0000000602800000|100%| O|  |TAMS 0x0000000602800000, 0x0000000602400000| Untracked 
|   7|0x0000000602800000, 0x0000000602c00000, 0x0000000602c00000|100%| O|  |TAMS 0x0000000602c00000, 0x0000000602800000| Untracked 
|   8|0x0000000602c00000, 0x0000000603000000, 0x0000000603000000|100%| O|  |TAMS 0x0000000603000000, 0x0000000602c00000| Untracked 
|   9|0x0000000603000000, 0x0000000603400000, 0x0000000603400000|100%| O|  |TAMS 0x0000000603400000, 0x0000000603000000| Untracked 
|  10|0x0000000603400000, 0x0000000603800000, 0x0000000603800000|100%| O|  |TAMS 0x0000000603800000, 0x0000000603400000| Untracked 
|  11|0x0000000603800000, 0x0000000603c00000, 0x0000000603c00000|100%| O|  |TAMS 0x0000000603c00000, 0x0000000603800000| Untracked 
|  12|0x0000000603c00000, 0x0000000604000000, 0x0000000604000000|100%| O|  |TAMS 0x0000000603d9ae00, 0x0000000603c00000| Untracked 
|  13|0x0000000604000000, 0x0000000604400000, 0x0000000604400000|100%| O|  |TAMS 0x0000000604000000, 0x0000000604000000| Untracked 
|  14|0x0000000604400000, 0x0000000604800000, 0x0000000604800000|100%| O|  |TAMS 0x0000000604800000, 0x0000000604400000| Untracked 
|  15|0x0000000604800000, 0x0000000604c00000, 0x0000000604c00000|100%| O|  |TAMS 0x0000000604c00000, 0x0000000604800000| Untracked 
|  16|0x0000000604c00000, 0x0000000605000000, 0x0000000605000000|100%| O|  |TAMS 0x0000000605000000, 0x0000000604c00000| Untracked 
|  17|0x0000000605000000, 0x0000000605400000, 0x0000000605400000|100%| O|  |TAMS 0x0000000605400000, 0x0000000605000000| Untracked 
|  18|0x0000000605400000, 0x0000000605800000, 0x0000000605800000|100%| O|  |TAMS 0x0000000605400000, 0x0000000605400000| Untracked 
|  19|0x0000000605800000, 0x0000000605c00000, 0x0000000605c00000|100%| O|  |TAMS 0x0000000605800000, 0x0000000605800000| Untracked 
|  20|0x0000000605c00000, 0x0000000606000000, 0x0000000606000000|100%| O|  |TAMS 0x0000000605c00000, 0x0000000605c00000| Untracked 
|  21|0x0000000606000000, 0x0000000606400000, 0x0000000606400000|100%| O|  |TAMS 0x0000000606000000, 0x0000000606000000| Untracked 
|  22|0x0000000606400000, 0x0000000606800000, 0x0000000606800000|100%| O|  |TAMS 0x0000000606400000, 0x0000000606400000| Untracked 
|  23|0x0000000606800000, 0x0000000606c00000, 0x0000000606c00000|100%| O|  |TAMS 0x0000000606800000, 0x0000000606800000| Untracked 
|  24|0x0000000606c00000, 0x0000000607000000, 0x0000000607000000|100%| O|  |TAMS 0x0000000606c00000, 0x0000000606c00000| Untracked 
|  25|0x0000000607000000, 0x0000000607400000, 0x0000000607400000|100%| O|  |TAMS 0x0000000607000000, 0x0000000607000000| Untracked 
|  26|0x0000000607400000, 0x0000000607800000, 0x0000000607800000|100%| O|  |TAMS 0x0000000607400000, 0x0000000607400000| Untracked 
|  27|0x0000000607800000, 0x0000000607c00000, 0x0000000607c00000|100%| O|  |TAMS 0x0000000607800000, 0x0000000607800000| Untracked 
|  28|0x0000000607c00000, 0x0000000608000000, 0x0000000608000000|100%| O|  |TAMS 0x0000000607c00000, 0x0000000607c00000| Untracked 
|  29|0x0000000608000000, 0x0000000608400000, 0x0000000608400000|100%| O|  |TAMS 0x0000000608000000, 0x0000000608000000| Untracked 
|  30|0x0000000608400000, 0x0000000608800000, 0x0000000608800000|100%| O|  |TAMS 0x0000000608400000, 0x0000000608400000| Untracked 
|  31|0x0000000608800000, 0x0000000608c00000, 0x0000000608c00000|100%| O|  |TAMS 0x0000000608800000, 0x0000000608800000| Untracked 
|  32|0x0000000608c00000, 0x0000000609000000, 0x0000000609000000|100%| O|  |TAMS 0x0000000608c00000, 0x0000000608c00000| Untracked 
|  33|0x0000000609000000, 0x0000000609400000, 0x0000000609400000|100%| O|  |TAMS 0x0000000609000000, 0x0000000609000000| Untracked 
|  34|0x0000000609400000, 0x0000000609800000, 0x0000000609800000|100%| O|  |TAMS 0x0000000609400000, 0x0000000609400000| Untracked 
|  35|0x0000000609800000, 0x0000000609c00000, 0x0000000609c00000|100%| O|  |TAMS 0x0000000609800000, 0x0000000609800000| Untracked 
|  36|0x0000000609c00000, 0x000000060a000000, 0x000000060a000000|100%| O|  |TAMS 0x0000000609c00000, 0x0000000609c00000| Untracked 
|  37|0x000000060a000000, 0x000000060a400000, 0x000000060a400000|100%| O|  |TAMS 0x000000060a000000, 0x000000060a000000| Untracked 
|  38|0x000000060a400000, 0x000000060a800000, 0x000000060a800000|100%| O|  |TAMS 0x000000060a400000, 0x000000060a400000| Untracked 
|  39|0x000000060a800000, 0x000000060ac00000, 0x000000060ac00000|100%| O|  |TAMS 0x000000060a800000, 0x000000060a800000| Untracked 
|  40|0x000000060ac00000, 0x000000060afc3e00, 0x000000060b000000| 94%| O|  |TAMS 0x000000060ac00000, 0x000000060ac00000| Untracked 
|  41|0x000000060b000000, 0x000000060b000000, 0x000000060b400000|  0%| F|  |TAMS 0x000000060b000000, 0x000000060b000000| Untracked 
|  42|0x000000060b400000, 0x000000060b400000, 0x000000060b800000|  0%| F|  |TAMS 0x000000060b400000, 0x000000060b400000| Untracked 
|  43|0x000000060b800000, 0x000000060b800000, 0x000000060bc00000|  0%| F|  |TAMS 0x000000060b800000, 0x000000060b800000| Untracked 
|  44|0x000000060bc00000, 0x000000060bc00000, 0x000000060c000000|  0%| F|  |TAMS 0x000000060bc00000, 0x000000060bc00000| Untracked 
|  45|0x000000060c000000, 0x000000060c000000, 0x000000060c400000|  0%| F|  |TAMS 0x000000060c000000, 0x000000060c000000| Untracked 
|  46|0x000000060c400000, 0x000000060c400000, 0x000000060c800000|  0%| F|  |TAMS 0x000000060c400000, 0x000000060c400000| Untracked 
|  47|0x000000060c800000, 0x000000060c800000, 0x000000060cc00000|  0%| F|  |TAMS 0x000000060c800000, 0x000000060c800000| Untracked 
|  48|0x000000060cc00000, 0x000000060cc00000, 0x000000060d000000|  0%| F|  |TAMS 0x000000060cc00000, 0x000000060cc00000| Untracked 
|  49|0x000000060d000000, 0x000000060d000000, 0x000000060d400000|  0%| F|  |TAMS 0x000000060d000000, 0x000000060d000000| Untracked 
|  50|0x000000060d400000, 0x000000060d400000, 0x000000060d800000|  0%| F|  |TAMS 0x000000060d400000, 0x000000060d400000| Untracked 
|  51|0x000000060d800000, 0x000000060d800000, 0x000000060dc00000|  0%| F|  |TAMS 0x000000060d800000, 0x000000060d800000| Untracked 
|  52|0x000000060dc00000, 0x000000060dc00000, 0x000000060e000000|  0%| F|  |TAMS 0x000000060dc00000, 0x000000060dc00000| Untracked 
|  53|0x000000060e000000, 0x000000060e000000, 0x000000060e400000|  0%| F|  |TAMS 0x000000060e000000, 0x000000060e000000| Untracked 
|  54|0x000000060e400000, 0x000000060e400000, 0x000000060e800000|  0%| F|  |TAMS 0x000000060e400000, 0x000000060e400000| Untracked 
|  55|0x000000060e800000, 0x000000060e800000, 0x000000060ec00000|  0%| F|  |TAMS 0x000000060e800000, 0x000000060e800000| Untracked 
|  56|0x000000060ec00000, 0x000000060ec00000, 0x000000060f000000|  0%| F|  |TAMS 0x000000060ec00000, 0x000000060ec00000| Untracked 
|  57|0x000000060f000000, 0x000000060f000000, 0x000000060f400000|  0%| F|  |TAMS 0x000000060f000000, 0x000000060f000000| Untracked 
|  58|0x000000060f400000, 0x000000060f400000, 0x000000060f800000|  0%| F|  |TAMS 0x000000060f400000, 0x000000060f400000| Untracked 
|  59|0x000000060f800000, 0x000000060f800000, 0x000000060fc00000|  0%| F|  |TAMS 0x000000060f800000, 0x000000060f800000| Untracked 
|  60|0x000000060fc00000, 0x000000060fc00000, 0x0000000610000000|  0%| F|  |TAMS 0x000000060fc00000, 0x000000060fc00000| Untracked 
|  61|0x0000000610000000, 0x0000000610000000, 0x0000000610400000|  0%| F|  |TAMS 0x0000000610000000, 0x0000000610000000| Untracked 
|  62|0x0000000610400000, 0x0000000610400000, 0x0000000610800000|  0%| F|  |TAMS 0x0000000610400000, 0x0000000610400000| Untracked 
|  63|0x0000000610800000, 0x0000000610800000, 0x0000000610c00000|  0%| F|  |TAMS 0x0000000610800000, 0x0000000610800000| Untracked 
|  64|0x0000000610c00000, 0x0000000610c00000, 0x0000000611000000|  0%| F|  |TAMS 0x0000000610c00000, 0x0000000610c00000| Untracked 
|  65|0x0000000611000000, 0x0000000611000000, 0x0000000611400000|  0%| F|  |TAMS 0x0000000611000000, 0x0000000611000000| Untracked 
|  66|0x0000000611400000, 0x0000000611400000, 0x0000000611800000|  0%| F|  |TAMS 0x0000000611400000, 0x0000000611400000| Untracked 
|  67|0x0000000611800000, 0x0000000611800000, 0x0000000611c00000|  0%| F|  |TAMS 0x0000000611800000, 0x0000000611800000| Untracked 
|  68|0x0000000611c00000, 0x0000000611c00000, 0x0000000612000000|  0%| F|  |TAMS 0x0000000611c00000, 0x0000000611c00000| Untracked 
|  69|0x0000000612000000, 0x0000000612000000, 0x0000000612400000|  0%| F|  |TAMS 0x0000000612000000, 0x0000000612000000| Untracked 
|  70|0x0000000612400000, 0x0000000612400000, 0x0000000612800000|  0%| F|  |TAMS 0x0000000612400000, 0x0000000612400000| Untracked 
|  71|0x0000000612800000, 0x0000000612800000, 0x0000000612c00000|  0%| F|  |TAMS 0x0000000612800000, 0x0000000612800000| Untracked 
|  72|0x0000000612c00000, 0x0000000612c00000, 0x0000000613000000|  0%| F|  |TAMS 0x0000000612c00000, 0x0000000612c00000| Untracked 
|  73|0x0000000613000000, 0x0000000613000000, 0x0000000613400000|  0%| F|  |TAMS 0x0000000613000000, 0x0000000613000000| Untracked 
|  74|0x0000000613400000, 0x0000000613400000, 0x0000000613800000|  0%| F|  |TAMS 0x0000000613400000, 0x0000000613400000| Untracked 
|  75|0x0000000613800000, 0x0000000613800000, 0x0000000613c00000|  0%| F|  |TAMS 0x0000000613800000, 0x0000000613800000| Untracked 
|  76|0x0000000613c00000, 0x0000000613c00000, 0x0000000614000000|  0%| F|  |TAMS 0x0000000613c00000, 0x0000000613c00000| Untracked 
|  77|0x0000000614000000, 0x0000000614000000, 0x0000000614400000|  0%| F|  |TAMS 0x0000000614000000, 0x0000000614000000| Untracked 
|  78|0x0000000614400000, 0x0000000614400000, 0x0000000614800000|  0%| F|  |TAMS 0x0000000614400000, 0x0000000614400000| Untracked 
|  79|0x0000000614800000, 0x0000000614800000, 0x0000000614c00000|  0%| F|  |TAMS 0x0000000614800000, 0x0000000614800000| Untracked 
|  80|0x0000000614c00000, 0x0000000614c00000, 0x0000000615000000|  0%| F|  |TAMS 0x0000000614c00000, 0x0000000614c00000| Untracked 
|  81|0x0000000615000000, 0x00000006153a7fa0, 0x0000000615400000| 91%| S|CS|TAMS 0x0000000615000000, 0x0000000615000000| Complete 
|  82|0x0000000615400000, 0x0000000615800000, 0x0000000615800000|100%| S|CS|TAMS 0x0000000615400000, 0x0000000615400000| Complete 
|  83|0x0000000615800000, 0x0000000615c00000, 0x0000000615c00000|100%| S|CS|TAMS 0x0000000615800000, 0x0000000615800000| Complete 
|  84|0x0000000615c00000, 0x0000000616000000, 0x0000000616000000|100%| S|CS|TAMS 0x0000000615c00000, 0x0000000615c00000| Complete 
|  85|0x0000000616000000, 0x0000000616400000, 0x0000000616400000|100%| S|CS|TAMS 0x0000000616000000, 0x0000000616000000| Complete 
|  86|0x0000000616400000, 0x0000000616800000, 0x0000000616800000|100%| S|CS|TAMS 0x0000000616400000, 0x0000000616400000| Complete 
|  87|0x0000000616800000, 0x0000000616c00000, 0x0000000616c00000|100%| S|CS|TAMS 0x0000000616800000, 0x0000000616800000| Complete 
|  88|0x0000000616c00000, 0x0000000617000000, 0x0000000617000000|100%| S|CS|TAMS 0x0000000616c00000, 0x0000000616c00000| Complete 
|  89|0x0000000617000000, 0x0000000617000000, 0x0000000617400000|  0%| F|  |TAMS 0x0000000617000000, 0x0000000617000000| Untracked 
|  90|0x0000000617400000, 0x0000000617400000, 0x0000000617800000|  0%| F|  |TAMS 0x0000000617400000, 0x0000000617400000| Untracked 
|  91|0x0000000617800000, 0x0000000617800000, 0x0000000617c00000|  0%| F|  |TAMS 0x0000000617800000, 0x0000000617800000| Untracked 
|  92|0x0000000617c00000, 0x0000000617c00000, 0x0000000618000000|  0%| F|  |TAMS 0x0000000617c00000, 0x0000000617c00000| Untracked 
|  93|0x0000000618000000, 0x0000000618000000, 0x0000000618400000|  0%| F|  |TAMS 0x0000000618000000, 0x0000000618000000| Untracked 
|  94|0x0000000618400000, 0x0000000618400000, 0x0000000618800000|  0%| F|  |TAMS 0x0000000618400000, 0x0000000618400000| Untracked 
|  95|0x0000000618800000, 0x0000000618800000, 0x0000000618c00000|  0%| F|  |TAMS 0x0000000618800000, 0x0000000618800000| Untracked 
|  96|0x0000000618c00000, 0x0000000618c00000, 0x0000000619000000|  0%| F|  |TAMS 0x0000000618c00000, 0x0000000618c00000| Untracked 
|  97|0x0000000619000000, 0x0000000619000000, 0x0000000619400000|  0%| F|  |TAMS 0x0000000619000000, 0x0000000619000000| Untracked 
|  98|0x0000000619400000, 0x0000000619400000, 0x0000000619800000|  0%| F|  |TAMS 0x0000000619400000, 0x0000000619400000| Untracked 
|  99|0x0000000619800000, 0x0000000619800000, 0x0000000619c00000|  0%| F|  |TAMS 0x0000000619800000, 0x0000000619800000| Untracked 
| 100|0x0000000619c00000, 0x000000061a000000, 0x000000061a000000|100%| S|CS|TAMS 0x0000000619c00000, 0x0000000619c00000| Complete 
| 101|0x000000061a000000, 0x000000061a400000, 0x000000061a400000|100%| S|CS|TAMS 0x000000061a000000, 0x000000061a000000| Complete 
| 102|0x000000061a400000, 0x000000061a800000, 0x000000061a800000|100%| S|CS|TAMS 0x000000061a400000, 0x000000061a400000| Complete 
| 103|0x000000061a800000, 0x000000061ac00000, 0x000000061ac00000|100%| S|CS|TAMS 0x000000061a800000, 0x000000061a800000| Complete 
| 104|0x000000061ac00000, 0x000000061b000000, 0x000000061b000000|100%| S|CS|TAMS 0x000000061ac00000, 0x000000061ac00000| Complete 
| 105|0x000000061b000000, 0x000000061b400000, 0x000000061b400000|100%| S|CS|TAMS 0x000000061b000000, 0x000000061b000000| Complete 
| 106|0x000000061b400000, 0x000000061b400000, 0x000000061b800000|  0%| F|  |TAMS 0x000000061b400000, 0x000000061b400000| Untracked 
| 107|0x000000061b800000, 0x000000061b800000, 0x000000061bc00000|  0%| F|  |TAMS 0x000000061b800000, 0x000000061b800000| Untracked 
| 108|0x000000061bc00000, 0x000000061bc00000, 0x000000061c000000|  0%| F|  |TAMS 0x000000061bc00000, 0x000000061bc00000| Untracked 
| 109|0x000000061c000000, 0x000000061c000000, 0x000000061c400000|  0%| F|  |TAMS 0x000000061c000000, 0x000000061c000000| Untracked 
| 110|0x000000061c400000, 0x000000061c400000, 0x000000061c800000|  0%| F|  |TAMS 0x000000061c400000, 0x000000061c400000| Untracked 
| 111|0x000000061c800000, 0x000000061c800000, 0x000000061cc00000|  0%| F|  |TAMS 0x000000061c800000, 0x000000061c800000| Untracked 
| 112|0x000000061cc00000, 0x000000061cc00000, 0x000000061d000000|  0%| F|  |TAMS 0x000000061cc00000, 0x000000061cc00000| Untracked 
| 113|0x000000061d000000, 0x000000061d000000, 0x000000061d400000|  0%| F|  |TAMS 0x000000061d000000, 0x000000061d000000| Untracked 
| 114|0x000000061d400000, 0x000000061d400000, 0x000000061d800000|  0%| F|  |TAMS 0x000000061d400000, 0x000000061d400000| Untracked 
| 115|0x000000061d800000, 0x000000061d800000, 0x000000061dc00000|  0%| F|  |TAMS 0x000000061d800000, 0x000000061d800000| Untracked 
| 116|0x000000061dc00000, 0x000000061dc00000, 0x000000061e000000|  0%| F|  |TAMS 0x000000061dc00000, 0x000000061dc00000| Untracked 
| 117|0x000000061e000000, 0x000000061e000000, 0x000000061e400000|  0%| F|  |TAMS 0x000000061e000000, 0x000000061e000000| Untracked 
| 118|0x000000061e400000, 0x000000061e400000, 0x000000061e800000|  0%| F|  |TAMS 0x000000061e400000, 0x000000061e400000| Untracked 
| 119|0x000000061e800000, 0x000000061e800000, 0x000000061ec00000|  0%| F|  |TAMS 0x000000061e800000, 0x000000061e800000| Untracked 
| 120|0x000000061ec00000, 0x000000061ec00000, 0x000000061f000000|  0%| F|  |TAMS 0x000000061ec00000, 0x000000061ec00000| Untracked 
| 121|0x000000061f000000, 0x000000061f000000, 0x000000061f400000|  0%| F|  |TAMS 0x000000061f000000, 0x000000061f000000| Untracked 
| 122|0x000000061f400000, 0x000000061f400000, 0x000000061f800000|  0%| F|  |TAMS 0x000000061f400000, 0x000000061f400000| Untracked 
| 123|0x000000061f800000, 0x000000061f800000, 0x000000061fc00000|  0%| F|  |TAMS 0x000000061f800000, 0x000000061f800000| Untracked 
| 124|0x000000061fc00000, 0x000000061fc00000, 0x0000000620000000|  0%| F|  |TAMS 0x000000061fc00000, 0x000000061fc00000| Untracked 
| 125|0x0000000620000000, 0x0000000620000000, 0x0000000620400000|  0%| F|  |TAMS 0x0000000620000000, 0x0000000620000000| Untracked 
| 126|0x0000000620400000, 0x0000000620400000, 0x0000000620800000|  0%| F|  |TAMS 0x0000000620400000, 0x0000000620400000| Untracked 
| 127|0x0000000620800000, 0x0000000620800000, 0x0000000620c00000|  0%| F|  |TAMS 0x0000000620800000, 0x0000000620800000| Untracked 
| 128|0x0000000620c00000, 0x0000000620c00000, 0x0000000621000000|  0%| F|  |TAMS 0x0000000620c00000, 0x0000000620c00000| Untracked 
| 129|0x0000000621000000, 0x0000000621000000, 0x0000000621400000|  0%| F|  |TAMS 0x0000000621000000, 0x0000000621000000| Untracked 
| 130|0x0000000621400000, 0x0000000621400000, 0x0000000621800000|  0%| F|  |TAMS 0x0000000621400000, 0x0000000621400000| Untracked 
| 131|0x0000000621800000, 0x0000000621800000, 0x0000000621c00000|  0%| F|  |TAMS 0x0000000621800000, 0x0000000621800000| Untracked 
| 132|0x0000000621c00000, 0x0000000621c00000, 0x0000000622000000|  0%| F|  |TAMS 0x0000000621c00000, 0x0000000621c00000| Untracked 
| 133|0x0000000622000000, 0x0000000622000000, 0x0000000622400000|  0%| F|  |TAMS 0x0000000622000000, 0x0000000622000000| Untracked 
| 134|0x0000000622400000, 0x0000000622400000, 0x0000000622800000|  0%| F|  |TAMS 0x0000000622400000, 0x0000000622400000| Untracked 
| 135|0x0000000622800000, 0x0000000622800000, 0x0000000622c00000|  0%| F|  |TAMS 0x0000000622800000, 0x0000000622800000| Untracked 
| 136|0x0000000622c00000, 0x0000000622c00000, 0x0000000623000000|  0%| F|  |TAMS 0x0000000622c00000, 0x0000000622c00000| Untracked 
| 137|0x0000000623000000, 0x0000000623000000, 0x0000000623400000|  0%| F|  |TAMS 0x0000000623000000, 0x0000000623000000| Untracked 
| 138|0x0000000623400000, 0x0000000623400000, 0x0000000623800000|  0%| F|  |TAMS 0x0000000623400000, 0x0000000623400000| Untracked 
| 139|0x0000000623800000, 0x0000000623800000, 0x0000000623c00000|  0%| F|  |TAMS 0x0000000623800000, 0x0000000623800000| Untracked 
| 140|0x0000000623c00000, 0x0000000623c00000, 0x0000000624000000|  0%| F|  |TAMS 0x0000000623c00000, 0x0000000623c00000| Untracked 
| 141|0x0000000624000000, 0x0000000624000000, 0x0000000624400000|  0%| F|  |TAMS 0x0000000624000000, 0x0000000624000000| Untracked 
| 142|0x0000000624400000, 0x0000000624400000, 0x0000000624800000|  0%| F|  |TAMS 0x0000000624400000, 0x0000000624400000| Untracked 
| 143|0x0000000624800000, 0x0000000624800000, 0x0000000624c00000|  0%| F|  |TAMS 0x0000000624800000, 0x0000000624800000| Untracked 
| 144|0x0000000624c00000, 0x0000000624c00000, 0x0000000625000000|  0%| F|  |TAMS 0x0000000624c00000, 0x0000000624c00000| Untracked 
| 145|0x0000000625000000, 0x0000000625000000, 0x0000000625400000|  0%| F|  |TAMS 0x0000000625000000, 0x0000000625000000| Untracked 
| 146|0x0000000625400000, 0x0000000625400000, 0x0000000625800000|  0%| F|  |TAMS 0x0000000625400000, 0x0000000625400000| Untracked 
| 147|0x0000000625800000, 0x0000000625800000, 0x0000000625c00000|  0%| F|  |TAMS 0x0000000625800000, 0x0000000625800000| Untracked 
| 148|0x0000000625c00000, 0x0000000625c00000, 0x0000000626000000|  0%| F|  |TAMS 0x0000000625c00000, 0x0000000625c00000| Untracked 
| 149|0x0000000626000000, 0x0000000626000000, 0x0000000626400000|  0%| F|  |TAMS 0x0000000626000000, 0x0000000626000000| Untracked 
| 150|0x0000000626400000, 0x0000000626400000, 0x0000000626800000|  0%| F|  |TAMS 0x0000000626400000, 0x0000000626400000| Untracked 
| 151|0x0000000626800000, 0x0000000626800000, 0x0000000626c00000|  0%| F|  |TAMS 0x0000000626800000, 0x0000000626800000| Untracked 
| 152|0x0000000626c00000, 0x0000000626c00000, 0x0000000627000000|  0%| F|  |TAMS 0x0000000626c00000, 0x0000000626c00000| Untracked 
| 153|0x0000000627000000, 0x0000000627000000, 0x0000000627400000|  0%| F|  |TAMS 0x0000000627000000, 0x0000000627000000| Untracked 
| 154|0x0000000627400000, 0x0000000627400000, 0x0000000627800000|  0%| F|  |TAMS 0x0000000627400000, 0x0000000627400000| Untracked 
| 155|0x0000000627800000, 0x0000000627800000, 0x0000000627c00000|  0%| F|  |TAMS 0x0000000627800000, 0x0000000627800000| Untracked 
| 156|0x0000000627c00000, 0x0000000627c00000, 0x0000000628000000|  0%| F|  |TAMS 0x0000000627c00000, 0x0000000627c00000| Untracked 
| 157|0x0000000628000000, 0x0000000628000000, 0x0000000628400000|  0%| F|  |TAMS 0x0000000628000000, 0x0000000628000000| Untracked 
| 158|0x0000000628400000, 0x0000000628400000, 0x0000000628800000|  0%| F|  |TAMS 0x0000000628400000, 0x0000000628400000| Untracked 
| 159|0x0000000628800000, 0x0000000628800000, 0x0000000628c00000|  0%| F|  |TAMS 0x0000000628800000, 0x0000000628800000| Untracked 
| 160|0x0000000628c00000, 0x0000000628c00000, 0x0000000629000000|  0%| F|  |TAMS 0x0000000628c00000, 0x0000000628c00000| Untracked 
| 161|0x0000000629000000, 0x0000000629000000, 0x0000000629400000|  0%| F|  |TAMS 0x0000000629000000, 0x0000000629000000| Untracked 
| 162|0x0000000629400000, 0x0000000629400000, 0x0000000629800000|  0%| F|  |TAMS 0x0000000629400000, 0x0000000629400000| Untracked 
| 163|0x0000000629800000, 0x0000000629800000, 0x0000000629c00000|  0%| F|  |TAMS 0x0000000629800000, 0x0000000629800000| Untracked 
| 164|0x0000000629c00000, 0x0000000629c00000, 0x000000062a000000|  0%| F|  |TAMS 0x0000000629c00000, 0x0000000629c00000| Untracked 
| 165|0x000000062a000000, 0x000000062a000000, 0x000000062a400000|  0%| F|  |TAMS 0x000000062a000000, 0x000000062a000000| Untracked 
| 166|0x000000062a400000, 0x000000062a400000, 0x000000062a800000|  0%| F|  |TAMS 0x000000062a400000, 0x000000062a400000| Untracked 
| 167|0x000000062a800000, 0x000000062a800000, 0x000000062ac00000|  0%| F|  |TAMS 0x000000062a800000, 0x000000062a800000| Untracked 
| 168|0x000000062ac00000, 0x000000062ac00000, 0x000000062b000000|  0%| F|  |TAMS 0x000000062ac00000, 0x000000062ac00000| Untracked 
| 169|0x000000062b000000, 0x000000062b000000, 0x000000062b400000|  0%| F|  |TAMS 0x000000062b000000, 0x000000062b000000| Untracked 
| 170|0x000000062b400000, 0x000000062b400000, 0x000000062b800000|  0%| F|  |TAMS 0x000000062b400000, 0x000000062b400000| Untracked 
| 171|0x000000062b800000, 0x000000062b800000, 0x000000062bc00000|  0%| F|  |TAMS 0x000000062b800000, 0x000000062b800000| Untracked 
| 172|0x000000062bc00000, 0x000000062bc00000, 0x000000062c000000|  0%| F|  |TAMS 0x000000062bc00000, 0x000000062bc00000| Untracked 
| 173|0x000000062c000000, 0x000000062c000000, 0x000000062c400000|  0%| F|  |TAMS 0x000000062c000000, 0x000000062c000000| Untracked 
| 174|0x000000062c400000, 0x000000062c400000, 0x000000062c800000|  0%| F|  |TAMS 0x000000062c400000, 0x000000062c400000| Untracked 
| 175|0x000000062c800000, 0x000000062c800000, 0x000000062cc00000|  0%| F|  |TAMS 0x000000062c800000, 0x000000062c800000| Untracked 
| 176|0x000000062cc00000, 0x000000062cc00000, 0x000000062d000000|  0%| F|  |TAMS 0x000000062cc00000, 0x000000062cc00000| Untracked 
| 177|0x000000062d000000, 0x000000062d000000, 0x000000062d400000|  0%| F|  |TAMS 0x000000062d000000, 0x000000062d000000| Untracked 
| 178|0x000000062d400000, 0x000000062d400000, 0x000000062d800000|  0%| F|  |TAMS 0x000000062d400000, 0x000000062d400000| Untracked 
| 179|0x000000062d800000, 0x000000062d800000, 0x000000062dc00000|  0%| F|  |TAMS 0x000000062d800000, 0x000000062d800000| Untracked 
| 180|0x000000062dc00000, 0x000000062dc00000, 0x000000062e000000|  0%| F|  |TAMS 0x000000062dc00000, 0x000000062dc00000| Untracked 
| 181|0x000000062e000000, 0x000000062e000000, 0x000000062e400000|  0%| F|  |TAMS 0x000000062e000000, 0x000000062e000000| Untracked 
| 182|0x000000062e400000, 0x000000062e400000, 0x000000062e800000|  0%| F|  |TAMS 0x000000062e400000, 0x000000062e400000| Untracked 
| 183|0x000000062e800000, 0x000000062e800000, 0x000000062ec00000|  0%| F|  |TAMS 0x000000062e800000, 0x000000062e800000| Untracked 
| 184|0x000000062ec00000, 0x000000062ec00000, 0x000000062f000000|  0%| F|  |TAMS 0x000000062ec00000, 0x000000062ec00000| Untracked 
| 185|0x000000062f000000, 0x000000062f000000, 0x000000062f400000|  0%| F|  |TAMS 0x000000062f000000, 0x000000062f000000| Untracked 
| 186|0x000000062f400000, 0x000000062f400000, 0x000000062f800000|  0%| F|  |TAMS 0x000000062f400000, 0x000000062f400000| Untracked 
| 187|0x000000062f800000, 0x000000062f800000, 0x000000062fc00000|  0%| F|  |TAMS 0x000000062f800000, 0x000000062f800000| Untracked 
| 188|0x000000062fc00000, 0x000000062fc00000, 0x0000000630000000|  0%| F|  |TAMS 0x000000062fc00000, 0x000000062fc00000| Untracked 
| 189|0x0000000630000000, 0x0000000630000000, 0x0000000630400000|  0%| F|  |TAMS 0x0000000630000000, 0x0000000630000000| Untracked 
| 190|0x0000000630400000, 0x0000000630400000, 0x0000000630800000|  0%| F|  |TAMS 0x0000000630400000, 0x0000000630400000| Untracked 
| 191|0x0000000630800000, 0x0000000630800000, 0x0000000630c00000|  0%| F|  |TAMS 0x0000000630800000, 0x0000000630800000| Untracked 
| 192|0x0000000630c00000, 0x0000000630c00000, 0x0000000631000000|  0%| F|  |TAMS 0x0000000630c00000, 0x0000000630c00000| Untracked 
| 193|0x0000000631000000, 0x0000000631000000, 0x0000000631400000|  0%| F|  |TAMS 0x0000000631000000, 0x0000000631000000| Untracked 
| 194|0x0000000631400000, 0x0000000631400000, 0x0000000631800000|  0%| F|  |TAMS 0x0000000631400000, 0x0000000631400000| Untracked 
| 195|0x0000000631800000, 0x0000000631800000, 0x0000000631c00000|  0%| F|  |TAMS 0x0000000631800000, 0x0000000631800000| Untracked 
| 196|0x0000000631c00000, 0x0000000631c00000, 0x0000000632000000|  0%| F|  |TAMS 0x0000000631c00000, 0x0000000631c00000| Untracked 
| 197|0x0000000632000000, 0x0000000632000000, 0x0000000632400000|  0%| F|  |TAMS 0x0000000632000000, 0x0000000632000000| Untracked 
| 198|0x0000000632400000, 0x0000000632400000, 0x0000000632800000|  0%| F|  |TAMS 0x0000000632400000, 0x0000000632400000| Untracked 
| 199|0x0000000632800000, 0x0000000632800000, 0x0000000632c00000|  0%| F|  |TAMS 0x0000000632800000, 0x0000000632800000| Untracked 
| 200|0x0000000632c00000, 0x0000000632c00000, 0x0000000633000000|  0%| F|  |TAMS 0x0000000632c00000, 0x0000000632c00000| Untracked 
| 201|0x0000000633000000, 0x0000000633000000, 0x0000000633400000|  0%| F|  |TAMS 0x0000000633000000, 0x0000000633000000| Untracked 
| 202|0x0000000633400000, 0x0000000633400000, 0x0000000633800000|  0%| F|  |TAMS 0x0000000633400000, 0x0000000633400000| Untracked 
| 203|0x0000000633800000, 0x0000000633800000, 0x0000000633c00000|  0%| F|  |TAMS 0x0000000633800000, 0x0000000633800000| Untracked 
| 204|0x0000000633c00000, 0x0000000633c00000, 0x0000000634000000|  0%| F|  |TAMS 0x0000000633c00000, 0x0000000633c00000| Untracked 
| 205|0x0000000634000000, 0x0000000634000000, 0x0000000634400000|  0%| F|  |TAMS 0x0000000634000000, 0x0000000634000000| Untracked 
| 206|0x0000000634400000, 0x0000000634400000, 0x0000000634800000|  0%| F|  |TAMS 0x0000000634400000, 0x0000000634400000| Untracked 
| 207|0x0000000634800000, 0x0000000634800000, 0x0000000634c00000|  0%| F|  |TAMS 0x0000000634800000, 0x0000000634800000| Untracked 
| 208|0x0000000634c00000, 0x0000000634c00000, 0x0000000635000000|  0%| F|  |TAMS 0x0000000634c00000, 0x0000000634c00000| Untracked 
| 209|0x0000000635000000, 0x0000000635000000, 0x0000000635400000|  0%| F|  |TAMS 0x0000000635000000, 0x0000000635000000| Untracked 
| 210|0x0000000635400000, 0x0000000635400000, 0x0000000635800000|  0%| F|  |TAMS 0x0000000635400000, 0x0000000635400000| Untracked 
| 211|0x0000000635800000, 0x0000000635800000, 0x0000000635c00000|  0%| F|  |TAMS 0x0000000635800000, 0x0000000635800000| Untracked 
| 212|0x0000000635c00000, 0x0000000635c00000, 0x0000000636000000|  0%| F|  |TAMS 0x0000000635c00000, 0x0000000635c00000| Untracked 
| 213|0x0000000636000000, 0x0000000636000000, 0x0000000636400000|  0%| F|  |TAMS 0x0000000636000000, 0x0000000636000000| Untracked 
| 214|0x0000000636400000, 0x0000000636400000, 0x0000000636800000|  0%| F|  |TAMS 0x0000000636400000, 0x0000000636400000| Untracked 
| 215|0x0000000636800000, 0x0000000636800000, 0x0000000636c00000|  0%| F|  |TAMS 0x0000000636800000, 0x0000000636800000| Untracked 
| 216|0x0000000636c00000, 0x0000000636c00000, 0x0000000637000000|  0%| F|  |TAMS 0x0000000636c00000, 0x0000000636c00000| Untracked 
| 217|0x0000000637000000, 0x0000000637000000, 0x0000000637400000|  0%| F|  |TAMS 0x0000000637000000, 0x0000000637000000| Untracked 
| 218|0x0000000637400000, 0x0000000637400000, 0x0000000637800000|  0%| F|  |TAMS 0x0000000637400000, 0x0000000637400000| Untracked 
| 219|0x0000000637800000, 0x0000000637800000, 0x0000000637c00000|  0%| F|  |TAMS 0x0000000637800000, 0x0000000637800000| Untracked 
| 220|0x0000000637c00000, 0x0000000637c00000, 0x0000000638000000|  0%| F|  |TAMS 0x0000000637c00000, 0x0000000637c00000| Untracked 
| 221|0x0000000638000000, 0x0000000638000000, 0x0000000638400000|  0%| F|  |TAMS 0x0000000638000000, 0x0000000638000000| Untracked 
| 222|0x0000000638400000, 0x0000000638400000, 0x0000000638800000|  0%| F|  |TAMS 0x0000000638400000, 0x0000000638400000| Untracked 
| 223|0x0000000638800000, 0x0000000638800000, 0x0000000638c00000|  0%| F|  |TAMS 0x0000000638800000, 0x0000000638800000| Untracked 
| 224|0x0000000638c00000, 0x0000000638c00000, 0x0000000639000000|  0%| F|  |TAMS 0x0000000638c00000, 0x0000000638c00000| Untracked 
| 225|0x0000000639000000, 0x0000000639000000, 0x0000000639400000|  0%| F|  |TAMS 0x0000000639000000, 0x0000000639000000| Untracked 
| 226|0x0000000639400000, 0x0000000639400000, 0x0000000639800000|  0%| F|  |TAMS 0x0000000639400000, 0x0000000639400000| Untracked 
| 227|0x0000000639800000, 0x0000000639800000, 0x0000000639c00000|  0%| F|  |TAMS 0x0000000639800000, 0x0000000639800000| Untracked 
| 228|0x0000000639c00000, 0x0000000639c00000, 0x000000063a000000|  0%| F|  |TAMS 0x0000000639c00000, 0x0000000639c00000| Untracked 
| 229|0x000000063a000000, 0x000000063a000000, 0x000000063a400000|  0%| F|  |TAMS 0x000000063a000000, 0x000000063a000000| Untracked 
| 230|0x000000063a400000, 0x000000063a400000, 0x000000063a800000|  0%| F|  |TAMS 0x000000063a400000, 0x000000063a400000| Untracked 
| 231|0x000000063a800000, 0x000000063a800000, 0x000000063ac00000|  0%| F|  |TAMS 0x000000063a800000, 0x000000063a800000| Untracked 
| 232|0x000000063ac00000, 0x000000063ac00000, 0x000000063b000000|  0%| F|  |TAMS 0x000000063ac00000, 0x000000063ac00000| Untracked 
| 233|0x000000063b000000, 0x000000063b000000, 0x000000063b400000|  0%| F|  |TAMS 0x000000063b000000, 0x000000063b000000| Untracked 
| 234|0x000000063b400000, 0x000000063b400000, 0x000000063b800000|  0%| F|  |TAMS 0x000000063b400000, 0x000000063b400000| Untracked 
| 235|0x000000063b800000, 0x000000063b800000, 0x000000063bc00000|  0%| F|  |TAMS 0x000000063b800000, 0x000000063b800000| Untracked 
| 236|0x000000063bc00000, 0x000000063bc00000, 0x000000063c000000|  0%| F|  |TAMS 0x000000063bc00000, 0x000000063bc00000| Untracked 

Card table byte_map: [0x0000021f40300000,0x0000021f41300000] _byte_map_base: 0x0000021f3d2fa000

Marking Bits (Prev, Next): (CMBitMap*) 0x0000021f39615e30, (CMBitMap*) 0x0000021f39615e70
 Prev Bits: [0x0000021f42300000, 0x0000021f4a2d0000)
 Next Bits: [0x0000021f4a2d0000, 0x0000021f522a0000)

Polling page: 0x0000021f374c0000

Metaspace:

Usage:
  Non-class:     33.45 MB used.
      Class:      4.85 MB used.
       Both:     38.31 MB used.

Virtual space:
  Non-class space:       40.00 MB reserved,      33.62 MB ( 84%) committed,  5 nodes.
      Class space:        1.00 GB reserved,       5.06 MB ( <1%) committed,  1 nodes.
             Both:        1.04 GB reserved,      38.69 MB (  4%) committed. 

Chunk freelists:
   Non-Class:  1.45 MB
       Class:  2.99 MB
        Both:  4.45 MB

MaxMetaspaceSize: unlimited
CompressedClassSpaceSize: 1.00 GB
Initial GC threshold: 21.00 MB
Current GC threshold: 64.19 MB
CDS: off
MetaspaceReclaimPolicy: balanced
 - commit_granule_bytes: 65536.
 - commit_granule_words: 8192.
 - virtual_space_node_default_size: 1048576.
 - enlarge_chunks_in_place: 1.
 - new_chunks_are_fully_committed: 0.
 - uncommit_free_chunks: 1.
 - use_allocation_guard: 0.
 - handle_deallocations: 1.


Internal statistics:

num_allocs_failed_limit: 8.
num_arena_births: 396.
num_arena_deaths: 0.
num_vsnodes_births: 6.
num_vsnodes_deaths: 0.
num_space_committed: 619.
num_space_uncommitted: 0.
num_chunks_returned_to_freelist: 8.
num_chunks_taken_from_freelist: 1539.
num_chunk_merges: 8.
num_chunk_splits: 1067.
num_chunks_enlarged: 833.
num_purges: 0.
num_inconsistent_stats: 0.

CodeCache: size=49152Kb used=10010Kb max_used=10010Kb free=39141Kb
 bounds [0x0000021f3c1f0000, 0x0000021f3cbc0000, 0x0000021f3f1f0000]
 total_blobs=4772 nmethods=4231 adapters=465
 compilation: enabled
              stopped_count=0, restarted_count=0
 full_count=0

Compilation events (20 events):
Event: 9.270 Thread 0x0000021f5636f750 nmethod 4222 0x0000021f3cbb3590 code [0x0000021f3cbb3720, 0x0000021f3cbb3808]
Event: 9.270 Thread 0x0000021f54dedd10 nmethod 4220 0x0000021f3cbb3890 code [0x0000021f3cbb3a40, 0x0000021f3cbb3c98]
Event: 9.273 Thread 0x0000021f5636f750 4223       1       sun.nio.fs.WindowsException::rethrowAsIOException (39 bytes)
Event: 9.273 Thread 0x0000021f5636f750 nmethod 4223 0x0000021f3cbb3d10 code [0x0000021f3cbb3ea0, 0x0000021f3cbb3fa8]
Event: 9.273 Thread 0x0000021f5636fc60 4224       1       sun.nio.fs.WindowsException::translateToIOException (109 bytes)
Event: 9.273 Thread 0x0000021f561d4e20 4225       1       java.nio.file.NoSuchFileException::<init> (8 bytes)
Event: 9.274 Thread 0x0000021f561d4e20 nmethod 4225 0x0000021f3cbb4090 code [0x0000021f3cbb4220, 0x0000021f3cbb43e8]
Event: 9.274 Thread 0x0000021f5636fc60 nmethod 4224 0x0000021f3cbb4490 code [0x0000021f3cbb46c0, 0x0000021f3cbb4da8]
Event: 9.274 Thread 0x0000021f54dedd10 4226       1       java.nio.file.FileSystemException::<init> (16 bytes)
Event: 9.274 Thread 0x0000021f54dedd10 nmethod 4226 0x0000021f3cbb5010 code [0x0000021f3cbb51a0, 0x0000021f3cbb5348]
Event: 9.291 Thread 0x0000021f54dedd10 4227   !   1       nonapi.io.github.classgraph.utils.FileUtils::canReadAndIsFile (24 bytes)
Event: 9.292 Thread 0x0000021f54dedd10 nmethod 4227 0x0000021f3cbb5410 code [0x0000021f3cbb5600, 0x0000021f3cbb5a38]
Event: 9.316 Thread 0x0000021f5636f750 4228       1       io.github.classgraph.AnnotationParameterValueList::<init> (5 bytes)
Event: 9.316 Thread 0x0000021f54dedd10 4229       1       io.github.classgraph.MappableInfoList::<init> (5 bytes)
Event: 9.316 Thread 0x0000021f5636f750 nmethod 4228 0x0000021f3cbb5c90 code [0x0000021f3cbb5e20, 0x0000021f3cbb5f58]
Event: 9.316 Thread 0x0000021f54dedd10 nmethod 4229 0x0000021f3cbb6010 code [0x0000021f3cbb61a0, 0x0000021f3cbb62d8]
Event: 9.435 Thread 0x0000021f5636f750 4230       1       ch.qos.logback.classic.Logger::appendLoopOnAppenders (18 bytes)
Event: 9.435 Thread 0x0000021f54dedd10 4231       1       sun.util.calendar.CalendarDate::getMonth (5 bytes)
Event: 9.436 Thread 0x0000021f54dedd10 nmethod 4231 0x0000021f3cbb6390 code [0x0000021f3cbb6520, 0x0000021f3cbb65f8]
Event: 9.436 Thread 0x0000021f5636f750 nmethod 4230 0x0000021f3cbb6690 code [0x0000021f3cbb6840, 0x0000021f3cbb6968]

GC Heap History (20 events):
Event: 7.307 GC heap after
{Heap after GC invocations=19 (full 0):
 garbage-first heap   total 151552K, used 69521K [0x0000000600c00000, 0x0000000800000000)
  region size 4096K, 1 young (4096K), 1 survivors (4096K)
 Metaspace       used 38933K, committed 39296K, reserved 1089536K
  class space    used 4930K, committed 5120K, reserved 1048576K
}
Event: 7.314 GC heap before
{Heap before GC invocations=19 (full 0):
 garbage-first heap   total 151552K, used 102289K [0x0000000600c00000, 0x0000000800000000)
  region size 4096K, 10 young (40960K), 1 survivors (4096K)
 Metaspace       used 39023K, committed 39424K, reserved 1089536K
  class space    used 4942K, committed 5120K, reserved 1048576K
}
Event: 7.315 GC heap after
{Heap after GC invocations=20 (full 0):
 garbage-first heap   total 360448K, used 70291K [0x0000000600c00000, 0x0000000800000000)
  region size 4096K, 1 young (4096K), 1 survivors (4096K)
 Metaspace       used 39023K, committed 39424K, reserved 1089536K
  class space    used 4942K, committed 5120K, reserved 1048576K
}
Event: 7.358 GC heap before
{Heap before GC invocations=20 (full 0):
 garbage-first heap   total 389120K, used 225939K [0x0000000600c00000, 0x0000000800000000)
  region size 4096K, 40 young (163840K), 1 survivors (4096K)
 Metaspace       used 39023K, committed 39424K, reserved 1089536K
  class space    used 4942K, committed 5120K, reserved 1048576K
}
Event: 7.361 GC heap after
{Heap after GC invocations=21 (full 0):
 garbage-first heap   total 389120K, used 76989K [0x0000000600c00000, 0x0000000800000000)
  region size 4096K, 3 young (12288K), 3 survivors (12288K)
 Metaspace       used 39023K, committed 39424K, reserved 1089536K
  class space    used 4942K, committed 5120K, reserved 1048576K
}
Event: 7.392 GC heap before
{Heap before GC invocations=22 (full 0):
 garbage-first heap   total 389120K, used 273597K [0x0000000600c00000, 0x0000000800000000)
  region size 4096K, 52 young (212992K), 3 survivors (12288K)
 Metaspace       used 39029K, committed 39424K, reserved 1089536K
  class space    used 4944K, committed 5120K, reserved 1048576K
}
Event: 7.397 GC heap after
{Heap after GC invocations=23 (full 0):
 garbage-first heap   total 389120K, used 84614K [0x0000000600c00000, 0x0000000800000000)
  region size 4096K, 5 young (20480K), 5 survivors (20480K)
 Metaspace       used 39029K, committed 39424K, reserved 1089536K
  class space    used 4944K, committed 5120K, reserved 1048576K
}
Event: 7.425 GC heap before
{Heap before GC invocations=23 (full 0):
 garbage-first heap   total 389120K, used 285318K [0x0000000600c00000, 0x0000000800000000)
  region size 4096K, 55 young (225280K), 5 survivors (20480K)
 Metaspace       used 39063K, committed 39424K, reserved 1089536K
  class space    used 4956K, committed 5120K, reserved 1048576K
}
Event: 7.432 GC heap after
{Heap after GC invocations=24 (full 0):
 garbage-first heap   total 389120K, used 93461K [0x0000000600c00000, 0x0000000800000000)
  region size 4096K, 6 young (24576K), 6 survivors (24576K)
 Metaspace       used 39063K, committed 39424K, reserved 1089536K
  class space    used 4956K, committed 5120K, reserved 1048576K
}
Event: 7.459 GC heap before
{Heap before GC invocations=24 (full 0):
 garbage-first heap   total 389120K, used 294165K [0x0000000600c00000, 0x0000000800000000)
  region size 4096K, 56 young (229376K), 6 survivors (24576K)
 Metaspace       used 39063K, committed 39424K, reserved 1089536K
  class space    used 4956K, committed 5120K, reserved 1048576K
}
Event: 7.466 GC heap after
{Heap after GC invocations=25 (full 0):
 garbage-first heap   total 389120K, used 102146K [0x0000000600c00000, 0x0000000800000000)
  region size 4096K, 5 young (20480K), 5 survivors (20480K)
 Metaspace       used 39063K, committed 39424K, reserved 1089536K
  class space    used 4956K, committed 5120K, reserved 1048576K
}
Event: 7.499 GC heap before
{Heap before GC invocations=25 (full 0):
 garbage-first heap   total 389120K, used 298754K [0x0000000600c00000, 0x0000000800000000)
  region size 4096K, 54 young (221184K), 5 survivors (20480K)
 Metaspace       used 39063K, committed 39424K, reserved 1089536K
  class space    used 4956K, committed 5120K, reserved 1048576K
}
Event: 7.506 GC heap after
{Heap after GC invocations=26 (full 0):
 garbage-first heap   total 970752K, used 109528K [0x0000000600c00000, 0x0000000800000000)
  region size 4096K, 5 young (20480K), 5 survivors (20480K)
 Metaspace       used 39063K, committed 39424K, reserved 1089536K
  class space    used 4956K, committed 5120K, reserved 1048576K
}
Event: 7.756 GC heap before
{Heap before GC invocations=26 (full 0):
 garbage-first heap   total 970752K, used 666584K [0x0000000600c00000, 0x0000000800000000)
  region size 4096K, 142 young (581632K), 5 survivors (20480K)
 Metaspace       used 39190K, committed 39552K, reserved 1089536K
  class space    used 4964K, committed 5120K, reserved 1048576K
}
Event: 7.766 GC heap after
{Heap after GC invocations=27 (full 0):
 garbage-first heap   total 970752K, used 140937K [0x0000000600c00000, 0x0000000800000000)
  region size 4096K, 12 young (49152K), 12 survivors (49152K)
 Metaspace       used 39190K, committed 39552K, reserved 1089536K
  class space    used 4964K, committed 5120K, reserved 1048576K
}
Event: 8.345 GC heap before
{Heap before GC invocations=27 (full 0):
 garbage-first heap   total 970752K, used 669321K [0x0000000600c00000, 0x0000000800000000)
  region size 4096K, 142 young (581632K), 12 survivors (49152K)
 Metaspace       used 39190K, committed 39552K, reserved 1089536K
  class space    used 4964K, committed 5120K, reserved 1048576K
}
Event: 8.362 GC heap after
{Heap after GC invocations=28 (full 0):
 garbage-first heap   total 970752K, used 167256K [0x0000000600c00000, 0x0000000800000000)
  region size 4096K, 15 young (61440K), 15 survivors (61440K)
 Metaspace       used 39190K, committed 39552K, reserved 1089536K
  class space    used 4964K, committed 5120K, reserved 1048576K
}
Event: 8.878 GC heap before
{Heap before GC invocations=28 (full 0):
 garbage-first heap   total 970752K, used 683352K [0x0000000600c00000, 0x0000000800000000)
  region size 4096K, 142 young (581632K), 15 survivors (61440K)
 Metaspace       used 39190K, committed 39552K, reserved 1089536K
  class space    used 4964K, committed 5120K, reserved 1048576K
}
Event: 8.895 GC heap after
{Heap after GC invocations=29 (full 0):
 garbage-first heap   total 970752K, used 195717K [0x0000000600c00000, 0x0000000800000000)
  region size 4096K, 14 young (57344K), 14 survivors (57344K)
 Metaspace       used 39190K, committed 39552K, reserved 1089536K
  class space    used 4964K, committed 5120K, reserved 1048576K
}
Event: 9.562 GC heap before
{Heap before GC invocations=29 (full 0):
 garbage-first heap   total 970752K, used 715909K [0x0000000600c00000, 0x0000000800000000)
  region size 4096K, 142 young (581632K), 14 survivors (57344K)
 Metaspace       used 39225K, committed 39616K, reserved 1089536K
  class space    used 4971K, committed 5184K, reserved 1048576K
}

Deoptimization events (14 events):
Event: 4.841 Thread 0x0000021f39567dd0 DEOPT PACKING pc=0x0000021f3c75d979 sp=0x0000002b490fd7a0
Event: 4.841 Thread 0x0000021f39567dd0 DEOPT UNPACKING pc=0x0000021f3c242b43 sp=0x0000002b490fcc80 mode 3
Event: 5.650 Thread 0x0000021f39567dd0 DEOPT PACKING pc=0x0000021f3c8728d5 sp=0x0000002b490fb690
Event: 5.650 Thread 0x0000021f39567dd0 DEOPT UNPACKING pc=0x0000021f3c242b43 sp=0x0000002b490faba8 mode 3
Event: 6.207 Thread 0x0000021f39567dd0 DEOPT PACKING pc=0x0000021f3c8ee0f9 sp=0x0000002b490fcb80
Event: 6.207 Thread 0x0000021f39567dd0 DEOPT UNPACKING pc=0x0000021f3c242b43 sp=0x0000002b490fc060 mode 3
Event: 6.536 Thread 0x0000021f56d84050 DEOPT PACKING pc=0x0000021f3c9a5d6d sp=0x0000002b4b1fd870
Event: 6.536 Thread 0x0000021f56d84050 DEOPT UNPACKING pc=0x0000021f3c242b43 sp=0x0000002b4b1fcd98 mode 3
Event: 6.549 Thread 0x0000021f56a29db0 DEOPT PACKING pc=0x0000021f3c75bc09 sp=0x0000002b4b0fd640
Event: 6.549 Thread 0x0000021f56a29db0 DEOPT UNPACKING pc=0x0000021f3c242b43 sp=0x0000002b4b0fcad0 mode 3
Event: 6.550 Thread 0x0000021f56d84050 DEOPT PACKING pc=0x0000021f3c75929f sp=0x0000002b4b1ff360
Event: 6.550 Thread 0x0000021f56d84050 DEOPT UNPACKING pc=0x0000021f3c242b43 sp=0x0000002b4b1fe7b8 mode 3
Event: 6.591 Thread 0x0000021f56d8ef20 DEOPT PACKING pc=0x0000021f3c9c0893 sp=0x0000002b4b2fe8a0
Event: 6.591 Thread 0x0000021f56d8ef20 DEOPT UNPACKING pc=0x0000021f3c242b43 sp=0x0000002b4b2fdde8 mode 3

Classes unloaded (0 events):
No events

Classes redefined (0 events):
No events

Internal exceptions (20 events):
Event: 9.478 Thread 0x0000021f56f96ee0 Exception <a 'sun/nio/fs/WindowsException'{0x00000006205d4790}> (0x00000006205d4790) 
thrown [s\src\hotspot\share\prims\jni.cpp, line 516]
Event: 9.478 Thread 0x0000021f56f96ee0 Exception <a 'sun/nio/fs/WindowsException'{0x00000006205d4be0}> (0x00000006205d4be0) 
thrown [s\src\hotspot\share\prims\jni.cpp, line 516]
Event: 9.479 Thread 0x0000021f56cefe80 Exception <a 'sun/nio/fs/WindowsException'{0x0000000620f88518}> (0x0000000620f88518) 
thrown [s\src\hotspot\share\prims\jni.cpp, line 516]
Event: 9.479 Thread 0x0000021f56cefe80 Exception <a 'sun/nio/fs/WindowsException'{0x0000000620f889e0}> (0x0000000620f889e0) 
thrown [s\src\hotspot\share\prims\jni.cpp, line 516]
Event: 9.480 Thread 0x0000021f56f99a30 Exception <a 'sun/nio/fs/WindowsException'{0x000000062065f308}> (0x000000062065f308) 
thrown [s\src\hotspot\share\prims\jni.cpp, line 516]
Event: 9.480 Thread 0x0000021f56f99a30 Exception <a 'sun/nio/fs/WindowsException'{0x000000062065f7b8}> (0x000000062065f7b8) 
thrown [s\src\hotspot\share\prims\jni.cpp, line 516]
Event: 9.481 Thread 0x0000021f56cf0350 Exception <a 'sun/nio/fs/WindowsException'{0x0000000620bbca98}> (0x0000000620bbca98) 
thrown [s\src\hotspot\share\prims\jni.cpp, line 516]
Event: 9.481 Thread 0x0000021f56cf0350 Exception <a 'sun/nio/fs/WindowsException'{0x0000000620bbcfc0}> (0x0000000620bbcfc0) 
thrown [s\src\hotspot\share\prims\jni.cpp, line 516]
Event: 9.484 Thread 0x0000021f56f96a10 Exception <a 'sun/nio/fs/WindowsException'{0x0000000620464240}> (0x0000000620464240) 
thrown [s\src\hotspot\share\prims\jni.cpp, line 516]
Event: 9.484 Thread 0x0000021f56f96a10 Exception <a 'sun/nio/fs/WindowsException'{0x00000006204646b0}> (0x00000006204646b0) 
thrown [s\src\hotspot\share\prims\jni.cpp, line 516]
Event: 9.488 Thread 0x0000021f56cef9b0 Exception <a 'sun/nio/fs/WindowsException'{0x0000000620aecd58}> (0x0000000620aecd58) 
thrown [s\src\hotspot\share\prims\jni.cpp, line 516]
Event: 9.488 Thread 0x0000021f56cef9b0 Exception <a 'sun/nio/fs/WindowsException'{0x0000000620aed290}> (0x0000000620aed290) 
thrown [s\src\hotspot\share\prims\jni.cpp, line 516]
Event: 9.489 Thread 0x0000021f56cef9b0 Exception <a 'sun/nio/fs/WindowsException'{0x000000061fc675c8}> (0x000000061fc675c8) 
thrown [s\src\hotspot\share\prims\jni.cpp, line 516]
Event: 9.489 Thread 0x0000021f56cef9b0 Exception <a 'sun/nio/fs/WindowsException'{0x000000061fc67af8}> (0x000000061fc67af8) 
thrown [s\src\hotspot\share\prims\jni.cpp, line 516]
Event: 9.495 Thread 0x0000021f56cef4e0 Exception <a 'sun/nio/fs/WindowsException'{0x000000061f8fedf8}> (0x000000061f8fedf8) 
thrown [s\src\hotspot\share\prims\jni.cpp, line 516]
Event: 9.495 Thread 0x0000021f56cef4e0 Exception <a 'sun/nio/fs/WindowsException'{0x000000061f8ff248}> (0x000000061f8ff248) 
thrown [s\src\hotspot\share\prims\jni.cpp, line 516]
Event: 9.499 Thread 0x0000021f56f9ad70 Exception <a 'sun/nio/fs/WindowsException'{0x000000061fa89cb8}> (0x000000061fa89cb8) 
thrown [s\src\hotspot\share\prims\jni.cpp, line 516]
Event: 9.500 Thread 0x0000021f56f9ad70 Exception <a 'sun/nio/fs/WindowsException'{0x000000061fa8a108}> (0x000000061fa8a108) 
thrown [s\src\hotspot\share\prims\jni.cpp, line 516]
Event: 9.500 Thread 0x0000021f56f99a30 Exception <a 'sun/nio/fs/WindowsException'{0x000000061fddaa98}> (0x000000061fddaa98) 
thrown [s\src\hotspot\share\prims\jni.cpp, line 516]
Event: 9.500 Thread 0x0000021f56f99a30 Exception <a 'sun/nio/fs/WindowsException'{0x000000061fddaed0}> (0x000000061fddaed0) 
thrown [s\src\hotspot\share\prims\jni.cpp, line 516]

VM Operations (20 events):
Event: 7.432 Executing VM operation: G1CollectForAllocation done
Event: 7.454 Executing VM operation: G1CollectForAllocation
Event: 7.459 Executing VM operation: G1CollectForAllocation done
Event: 7.459 Executing VM operation: G1CollectForAllocation
Event: 7.466 Executing VM operation: G1CollectForAllocation done
Event: 7.489 Executing VM operation: G1CollectForAllocation
Event: 7.493 Executing VM operation: G1CollectForAllocation done
Event: 7.499 Executing VM operation: G1CollectForAllocation
Event: 7.506 Executing VM operation: G1CollectForAllocation done
Event: 7.755 Executing VM operation: G1CollectForAllocation
Event: 7.756 Executing VM operation: G1CollectForAllocation done
Event: 7.756 Executing VM operation: G1CollectForAllocation
Event: 7.766 Executing VM operation: G1CollectForAllocation done
Event: 8.345 Executing VM operation: G1CollectForAllocation
Event: 8.363 Executing VM operation: G1CollectForAllocation done
Event: 8.878 Executing VM operation: G1CollectForAllocation
Event: 8.896 Executing VM operation: G1CollectForAllocation done
Event: 9.562 Executing VM operation: G1CollectForAllocation
Event: 9.562 Executing VM operation: G1CollectForAllocation done
Event: 9.562 Executing VM operation: G1CollectForAllocation

Events (20 events):
Event: 7.192 Thread 0x0000021f56f97880 Thread added: 0x0000021f56f97880
Event: 7.192 loading class java/util/stream/SliceOps
Event: 7.193 loading class java/util/stream/SliceOps done
Event: 7.193 loading class java/util/stream/SliceOps$1
Event: 7.193 loading class java/util/stream/SliceOps$1 done
Event: 7.193 loading class java/util/stream/SliceOps$1$1
Event: 7.193 loading class java/util/stream/SliceOps$1$1 done
Event: 7.200 Thread 0x0000021f56f9b710 Thread added: 0x0000021f56f9b710
Event: 7.205 loading class java/security/NoSuchAlgorithmException
Event: 7.205 loading class java/security/NoSuchAlgorithmException done
Event: 7.205 loading class sun/security/provider/MD5
Event: 7.206 loading class sun/security/provider/MD5 done
Event: 7.206 loading class sun/security/provider/ByteArrayAccess$LE
Event: 7.206 loading class sun/security/provider/ByteArrayAccess$LE done
Event: 7.377 Thread 0x0000021f56f9bbe0 Thread added: 0x0000021f56f9bbe0
Event: 7.378 Thread 0x0000021f56f986f0 Thread added: 0x0000021f56f986f0
Event: 7.403 loading class java/nio/file/FileTreeIterator
Event: 7.403 loading class java/nio/file/FileTreeIterator done
Event: 7.403 loading class java/util/stream/ForEachOps$ForEachOp$OfRef
Event: 7.404 loading class java/util/stream/ForEachOps$ForEachOp$OfRef done


Dynamic libraries:
0x00007ff786a10000 - 0x00007ff786a1e000 	c:\Users\tomok\.vscode\extensions\redhat.java-1.12.0-win32-x64\jre\17.0.4.1-win32-x86_64\bin\java.exe
0x00007fff0eb50000 - 0x00007fff0ed64000 	C:\WINDOWS\SYSTEM32\ntdll.dll
0x00007fff0de60000 - 0x00007fff0df22000 	C:\WINDOWS\System32\KERNEL32.DLL
0x00007fff0c490000 - 0x00007fff0c82d000 	C:\WINDOWS\System32\KERNELBASE.dll
0x00007fff0bf80000 - 0x00007fff0c091000 	C:\WINDOWS\System32\ucrtbase.dll
0x00007ffee0df0000 - 0x00007ffee0e09000 	c:\Users\tomok\.vscode\extensions\redhat.java-1.12.0-win32-x64\jre\17.0.4.1-win32-x86_64\bin\VCRUNTIME140.dll
0x00007ffee0cf0000 - 0x00007ffee0d08000 	c:\Users\tomok\.vscode\extensions\redhat.java-1.12.0-win32-x64\jre\17.0.4.1-win32-x86_64\bin\jli.dll
0x00007fff0dba0000 - 0x00007fff0dd4d000 	C:\WINDOWS\System32\USER32.dll
0x00007fff0c8b0000 - 0x00007fff0c8d6000 	C:\WINDOWS\System32\win32u.dll
0x00007fff0cc70000 - 0x00007fff0cc99000 	C:\WINDOWS\System32\GDI32.dll
0x00007ffef1590000 - 0x00007ffef181e000 	C:\WINDOWS\WinSxS\amd64_microsoft.windows.common-controls_6595b64144ccf1df_6.0.22621.436_none_a94247dbc10d8414\COMCTL32.dll
0x00007fff0c0a0000 - 0x00007fff0c1b2000 	C:\WINDOWS\System32\gdi32full.dll
0x00007fff0e260000 - 0x00007fff0e307000 	C:\WINDOWS\System32\msvcrt.dll
0x00007fff0c1c0000 - 0x00007fff0c25a000 	C:\WINDOWS\System32\msvcp_win.dll
0x00007fff0e210000 - 0x00007fff0e242000 	C:\WINDOWS\System32\IMM32.DLL
0x00007ffef6720000 - 0x00007ffef672c000 	c:\Users\tomok\.vscode\extensions\redhat.java-1.12.0-win32-x64\jre\17.0.4.1-win32-x86_64\bin\vcruntime140_1.dll
0x00007ffeca000000 - 0x00007ffeca091000 	c:\Users\tomok\.vscode\extensions\redhat.java-1.12.0-win32-x64\jre\17.0.4.1-win32-x86_64\bin\msvcp140.dll
0x00007ffe76890000 - 0x00007ffe774d6000 	c:\Users\tomok\.vscode\extensions\redhat.java-1.12.0-win32-x64\jre\17.0.4.1-win32-x86_64\bin\server\jvm.dll
0x00007fff0df40000 - 0x00007fff0dfee000 	C:\WINDOWS\System32\ADVAPI32.dll
0x00007fff0d580000 - 0x00007fff0d624000 	C:\WINDOWS\System32\sechost.dll
0x00007fff0e010000 - 0x00007fff0e125000 	C:\WINDOWS\System32\RPCRT4.dll
0x00007fff0e250000 - 0x00007fff0e258000 	C:\WINDOWS\System32\PSAPI.DLL
0x00007ffee6490000 - 0x00007ffee6499000 	C:\WINDOWS\SYSTEM32\WSOCK32.dll
0x00007fff0e310000 - 0x00007fff0e381000 	C:\WINDOWS\System32\WS2_32.dll
0x00007fff04800000 - 0x00007fff0480a000 	C:\WINDOWS\SYSTEM32\VERSION.dll
0x00007fff05820000 - 0x00007fff05854000 	C:\WINDOWS\SYSTEM32\WINMM.dll
0x00007fff0b0a0000 - 0x00007fff0b0b8000 	C:\WINDOWS\SYSTEM32\kernel.appcore.dll
0x00007ffeec050000 - 0x00007ffeec05a000 	c:\Users\tomok\.vscode\extensions\redhat.java-1.12.0-win32-x64\jre\17.0.4.1-win32-x86_64\bin\jimage.dll
0x00007ffef6320000 - 0x00007ffef654e000 	C:\WINDOWS\SYSTEM32\DBGHELP.DLL
0x00007fff0e5c0000 - 0x00007fff0e94a000 	C:\WINDOWS\System32\combase.dll
0x00007fff0e130000 - 0x00007fff0e207000 	C:\WINDOWS\System32\OLEAUT32.dll
0x00007ffef5820000 - 0x00007ffef5852000 	C:\WINDOWS\SYSTEM32\dbgcore.DLL
0x00007fff0c830000 - 0x00007fff0c8ab000 	C:\WINDOWS\System32\bcryptPrimitives.dll
0x00007ffee03f0000 - 0x00007ffee0415000 	c:\Users\tomok\.vscode\extensions\redhat.java-1.12.0-win32-x64\jre\17.0.4.1-win32-x86_64\bin\java.dll
0x00007ffedfc20000 - 0x00007ffedfc38000 	c:\Users\tomok\.vscode\extensions\redhat.java-1.12.0-win32-x64\jre\17.0.4.1-win32-x86_64\bin\zip.dll
0x00007fff0cda0000 - 0x00007fff0d580000 	C:\WINDOWS\System32\SHELL32.dll
0x00007fff09f80000 - 0x00007fff0a848000 	C:\WINDOWS\SYSTEM32\windows.storage.dll
0x00007fff09e40000 - 0x00007fff09f7e000 	C:\WINDOWS\SYSTEM32\wintypes.dll
0x00007fff0cca0000 - 0x00007fff0cd91000 	C:\WINDOWS\System32\SHCORE.dll
0x00007fff0e560000 - 0x00007fff0e5be000 	C:\WINDOWS\System32\shlwapi.dll
0x00007fff0beb0000 - 0x00007fff0bed1000 	C:\WINDOWS\SYSTEM32\profapi.dll
0x00007ffedf660000 - 0x00007ffedf679000 	C:\Users\tomok\.vscode\extensions\redhat.java-1.12.0-win32-x64\jre\17.0.4.1-win32-x86_64\bin\net.dll
0x00007fff05430000 - 0x00007fff0555f000 	C:\WINDOWS\SYSTEM32\WINHTTP.dll
0x00007fff0b4f0000 - 0x00007fff0b559000 	C:\WINDOWS\system32\mswsock.dll
0x00007ffedec60000 - 0x00007ffedec75000 	C:\Users\tomok\.vscode\extensions\redhat.java-1.12.0-win32-x64\jre\17.0.4.1-win32-x86_64\bin\nio.dll
0x00007ffeebec0000 - 0x00007ffeebed0000 	c:\Users\tomok\.vscode\extensions\redhat.java-1.12.0-win32-x64\jre\17.0.4.1-win32-x86_64\bin\verify.dll
0x00007ffee8ad0000 - 0x00007ffee8ad9000 	C:\Users\tomok\.vscode\extensions\redhat.java-1.12.0-win32-x64\jre\17.0.4.1-win32-x86_64\bin\management.dll
0x00007ffee8510000 - 0x00007ffee851b000 	C:\Users\tomok\.vscode\extensions\redhat.java-1.12.0-win32-x64\jre\17.0.4.1-win32-x86_64\bin\management_ext.dll
0x00007ffef4bf0000 - 0x00007ffef4c07000 	C:\WINDOWS\system32\napinsp.dll
0x00007ffef4bb0000 - 0x00007ffef4bcb000 	C:\WINDOWS\system32\pnrpnsp.dll
0x00007fff0ab80000 - 0x00007fff0ac72000 	C:\WINDOWS\SYSTEM32\DNSAPI.dll
0x00007fff0ab10000 - 0x00007fff0ab3d000 	C:\WINDOWS\SYSTEM32\IPHLPAPI.DLL
0x00007fff0e390000 - 0x00007fff0e399000 	C:\WINDOWS\System32\NSI.dll
0x00007ffef4b90000 - 0x00007ffef4ba1000 	C:\WINDOWS\System32\winrnr.dll
0x00007ffef4b70000 - 0x00007ffef4b85000 	C:\WINDOWS\system32\wshbth.dll
0x00007ffef4870000 - 0x00007ffef4891000 	C:\WINDOWS\system32\nlansp_c.dll
0x00007fff03940000 - 0x00007fff0394a000 	C:\Windows\System32\rasadhlp.dll
0x00007fff042f0000 - 0x00007fff04373000 	C:\WINDOWS\System32\fwpuclnt.dll
0x00007fff0b730000 - 0x00007fff0b74b000 	C:\WINDOWS\SYSTEM32\CRYPTSP.dll
0x00007fff0b010000 - 0x00007fff0b045000 	C:\WINDOWS\system32\rsaenh.dll
0x00007fff0b590000 - 0x00007fff0b5b8000 	C:\WINDOWS\SYSTEM32\USERENV.dll
0x00007fff0b920000 - 0x00007fff0b948000 	C:\WINDOWS\SYSTEM32\bcrypt.dll
0x00007fff0b6f0000 - 0x00007fff0b6fc000 	C:\WINDOWS\SYSTEM32\CRYPTBASE.dll
0x00007fff05300000 - 0x00007fff05319000 	C:\WINDOWS\SYSTEM32\dhcpcsvc6.DLL
0x00007fff052e0000 - 0x00007fff052ff000 	C:\WINDOWS\SYSTEM32\dhcpcsvc.DLL

dbghelp: loaded successfully - version: 4.0.5 - missing functions: none
symbol engine: initialized successfully - sym options: 0x614 - pdb path: .;c:\Users\tomok\.vscode\extensions\redhat.java-1.12.0-win32-x64\jre\17.0.4.1-win32-x86_64\bin;C:\WINDOWS\SYSTEM32;C:\WINDOWS\WinSxS\amd64_microsoft.windows.common-controls_6595b64144ccf1df_6.0.22621.436_none_a94247dbc10d8414;c:\Users\tomok\.vscode\extensions\redhat.java-1.12.0-win32-x64\jre\17.0.4.1-win32-x86_64\bin\server

VM Arguments:
jvm_args: -Dsts.lsp.client=vscode -Dsts.log.file=/dev/null -XX:TieredStopAtLevel=1 -Xlog:jni+resolve=off -Dspring.config.location=file:c:\Users\tomok\.vscode\extensions\pivotal.vscode-spring-boot-1.40.0\language-server\BOOT-INF\classes\application.properties 
java_command: org.springframework.ide.vscode.boot.app.BootLanguageServerBootApp
java_class_path (initial): c:\Users\tomok\.vscode\extensions\pivotal.vscode-spring-boot-1.40.0\language-server\BOOT-INF\classes;c:\Users\tomok\.vscode\extensions\pivotal.vscode-spring-boot-1.40.0\language-server\BOOT-INF\lib\annotations-23.0.0.jar;c:\Users\tomok\.vscode\extensions\pivotal.vscode-spring-boot-1.40.0\language-server\BOOT-INF\lib\ant-1.10.12.jar;c:\Users\tomok\.vscode\extensions\pivotal.vscode-spring-boot-1.40.0\language-server\BOOT-INF\lib\ant-launcher-1.10.12.jar;c:\Users\tomok\.vscode\extensions\pivotal.vscode-spring-boot-1.40.0\language-server\BOOT-INF\lib\antlr-runtime-3.5.2.jar;c:\Users\tomok\.vscode\extensions\pivotal.vscode-spring-boot-1.40.0\language-server\BOOT-INF\lib\antlr4-4.9.3.jar;c:\Users\tomok\.vscode\extensions\pivotal.vscode-spring-boot-1.40.0\language-server\BOOT-INF\lib\antlr4-runtime-4.9.3.jar;c:\Users\tomok\.vscode\extensions\pivotal.vscode-spring-boot-1.40.0\language-server\BOOT-INF\lib\asm-9.3.jar;c:\Users\tomok\.vscode\extensions\pivotal.vscode-spring-boot-1.40.0\language-server\BOOT-INF\lib\asm-analysis-9.3.jar;c:\Users\tomok\.vscode\extensions\pivotal.vscode-spring-boot-1.40.0\language-server\BOOT-INF\lib\asm-tree-9.3.jar;c:\Users\tomok\.vscode\extensions\pivotal.vscode-spring-boot-1.40.0\language-server\BOOT-INF\lib\asm-util-9.3.jar;c:\Users\tomok\.vscode\extensions\pivotal.vscode-spring-boot-1.40.0\language-server\BOOT-INF\lib\byte-buddy-1.12.13.jar;c:\Users\tomok\.vscode\extensions\pivotal.vscode-spring-boot-1.40.0\language-server\BOOT-INF\lib\caffeine-2.9.3.jar;c:\Users\tomok\.vscode\extensions\pivotal.vscode-spring-boot-1.40.0\language-server\BOOT-INF\lib\checker-qual-3.12.0.jar;c:\Users\tomok\.vscode\extensions\pivotal.vscode-spring-boot-1.40.0\language-server\BOOT-INF\lib\classgraph-4.8.149.jar;c:\Users\tomok\.vscode\extensions\pivotal.vscode-spring-boot-1.40.0\language-server\BOOT-INF\lib\commons-codec-1.15.jar;c:\Users\tomok\.vscode\extensions\pivotal.vscode-spring-boot-1.40.0\language-server\BOOT-INF\lib\commons-c
Launcher Type: SUN_STANDARD

[Global flags]
     intx CICompilerCount                          = 4                                         {product} {ergonomic}
     uint ConcGCThreads                            = 2                                         {product} {ergonomic}
     uint G1ConcRefinementThreads                  = 8                                         {product} {ergonomic}
   size_t G1HeapRegionSize                         = 4194304                                   {product} {ergonomic}
    uintx GCDrainStackTargetSize                   = 64                                        {product} {ergonomic}
   size_t InitialHeapSize                          = 536870912                                 {product} {ergonomic}
   size_t MarkStackSize                            = 4194304                                   {product} {ergonomic}
   size_t MaxHeapSize                              = 8577351680                                {product} {ergonomic}
   size_t MaxNewSize                               = 5146411008                                {product} {ergonomic}
   size_t MinHeapDeltaBytes                        = 4194304                                   {product} {ergonomic}
   size_t MinHeapSize                              = 8388608                                   {product} {ergonomic}
    uintx NonProfiledCodeHeapSize                  = 0                                      {pd product} {ergonomic}
     bool ProfileInterpreter                       = false                                  {pd product} {command line}
    uintx ProfiledCodeHeapSize                     = 0                                      {pd product} {ergonomic}
   size_t SoftMaxHeapSize                          = 8577351680                             {manageable} {ergonomic}
     intx TieredStopAtLevel                        = 1                                         {product} {command line}
     bool UseCompressedClassPointers               = true                           {product lp64_product} {ergonomic}
     bool UseCompressedOops                        = true                           {product lp64_product} {ergonomic}
     bool UseG1GC                                  = true                                      {product} {ergonomic}
     bool UseLargePagesIndividualAllocation        = false                                  {pd product} {ergonomic}

Logging:
Log output configuration:
 #0: stdout all=warning,jni+resolve=off uptime,level,tags
 #1: stderr all=off uptime,level,tags

Environment Variables:
JAVA_HOME=C:\Program Files\AdoptOpenJDK\jdk-11.0.10.9-hotspot
PATH=C:\Users\tomok\AppData\Local\cloud-code\installer\google-cloud-sdk\bin;C:\Program Files\Common Files\Oracle\Java\javapath;C:\Program Files\NVIDIA GPU Computing Toolkit\CUDA\v11.2\bin;C:\Program Files\NVIDIA GPU Computing Toolkit\CUDA\v11.2\libnvvp;C:\Program Files\AdoptOpenJDK\jdk-11.0.10.9-hotspot\bin;C:\Program Files (x86)\Common Files\Oracle\Java\javapath;C:\Windows\system32;C:\Windows;C:\Windows\System32\Wbem;C:\Users\tomok\AppData\Local\Programs\Python\Python310;C:\Windows\System32\WindowsPowerShell\v1.0\;C:\Windows\System32\OpenSSH\;C:\Program Files (x86)\Intel\Intel(R) Management Engine Components\DAL;C:\Program Files\Intel\Intel(R) Management Engine Components\DAL;C:\Program Files (x86)\NVIDIA Corporation\PhysX\Common;C:\Program Files\Microsoft SQL Server\130\Tools\Binn\;C:\xampp\mysql\bin;C:\Program Files (x86)\sbt\bin;C:\Program Files (x86)\scala\bin;C:\WINDOWS\system32;C:\WINDOWS;C:\WINDOWS\System32\Wbem;C:\WINDOWS\System32\WindowsPowerShell\v1.0\;C:\WINDOWS\System32\OpenSSH\;C:\Program Files\Calibre2\;C:\Program Files\MongoDB\Server\4.4\bin;C:\apache-maven-3.6.3-bin\apache-maven-3.6.3\bin;C:\xampp\php;C:\Program Files\Graphviz\bin;C:\Anaconda3;C:\Anaconda3\Library\bin;C:\Anaconda3\Scripts;C:\Program Files\NVIDIA Corporation\NVIDIA NvDLISR;C:\Program Files\NVIDIA Corporation\Nsight Compute 2020.3.0\;C:\Program Files\dotnet\;C:\Program Files\Microsoft SQL Server\Client SDK\ODBC\170\Tools\Binn\;C:\composer;C:\WINDOWS\system32;C:\WINDOWS;C:\WINDOWS\System32\Wbem;C:\WINDOWS\System32\WindowsPowerShell\v1.0\;C:\WINDOWS\System32\OpenSSH\;C:\ProgramData\ComposerSetup\bin;C:\Program Files\nodejs\;C:\ProgramData\chocolatey\bin;D:\Applications\chromedriver_win32;C:\Program Files\Docker\Docker\resources\bin;C:\ProgramData\DockerDesktop\version-bin;C:\Program Files\PowerShell\7\;C:\Users\tomok\AppData\Local\Microsoft\WindowsApps;C:\Program Files\JetBrains\IntelliJ IDEA Community Edition 2019.3\bin;C:\Users\tomok\.dotnet\tools;C:\Users\tomok\AppData\Local\Microsoft\W
USERNAME=tomok
OS=Windows_NT
PROCESSOR_IDENTIFIER=Intel64 Family 6 Model 158 Stepping 13, GenuineIntel
TMP=C:\Users\tomok\AppData\Local\Temp
TEMP=C:\Users\tomok\AppData\Local\Temp



---------------  S Y S T E M  ---------------

OS:
 Windows 11 , 64 bit Build 22621 (10.0.22621.891)
OS uptime: 7 days 4:05 hours
Hyper-V role detected

CPU: total 8 (initial active 8) (8 cores per cpu, 1 threads per core) family 6 model 158 stepping 13 microcode 0xde, cx8, cmov, fxsr, mmx, 3dnowpref, sse, sse2, sse3, ssse3, sse4.1, sse4.2, popcnt, lzcnt, tsc, tscinvbit, avx, avx2, aes, erms, clmul, bmi1, bmi2, adx, fma, vzeroupper, clflush, clflushopt, hv

Memory: 4k page, system-wide physical 32709M (11468M free)
TotalPageFile size 131013M (AvailPageFile size 402M)
current process WorkingSet (physical memory assigned to process): 1104M, peak: 1104M
current process commit charge ("private bytes"): 1127M, peak: 1743M

vm_info: OpenJDK 64-Bit Server VM (17.0.4.1+1) for windows-amd64 JRE (17.0.4.1+1), built on Aug 17 2022 07:42:43 by "temurin" with MS VC++ 16.7 (VS2019)

END.
