#
# There is insufficient memory for the Java Runtime Environment to continue.
# Native memory allocation (malloc) failed to allocate 359408 bytes for Chunk::new
# Possible reasons:
#   The system is out of physical RAM or swap space
#   The process is running with CompressedOops enabled, and the Java Heap may be blocking the growth of the native heap
# Possible solutions:
#   Reduce memory load on the system
#   Increase physical memory or swap space
#   Check if swap backing store is full
#   Decrease Java heap size (-Xmx/-Xms)
#   Decrease number of Java threads
#   Decrease Java thread stack sizes (-Xss)
#   Set larger code cache with -XX:ReservedCodeCacheSize=
#   JVM is running with Unscaled Compressed Oops mode in which the Java heap is
#     placed in the first 4GB address space. The Java Heap base address is the
#     maximum limit for the native heap growth. Please use -XX:HeapBaseMinAddress
#     to set the Java Heap base and to place the Java Heap above 4GB virtual address.
# This output file may be truncated or incomplete.
#
#  Out of Memory Error (arena.cpp:189), pid=27676, tid=21924
#
# JRE version: Java(TM) SE Runtime Environment (17.0.5+9) (build 17.0.5+9-LTS-191)
# Java VM: Java HotSpot(TM) 64-Bit Server VM (17.0.5+9-LTS-191, mixed mode, sharing, tiered, compressed oops, compressed class ptrs, parallel gc, windows-amd64)
# No core dump will be written. Minidumps are not enabled by default on client versions of Windows
#

---------------  S U M M A R Y ------------

Command Line: --add-modules=ALL-SYSTEM --add-opens=java.base/java.util=ALL-UNNAMED --add-opens=java.base/java.lang=ALL-UNNAMED --add-opens=java.base/sun.nio.fs=ALL-UNNAMED -Declipse.application=org.eclipse.jdt.ls.core.id1 -Dosgi.bundles.defaultStartLevel=4 -Declipse.product=org.eclipse.jdt.ls.core.product -Djava.import.generatesMetadataFilesAtProjectRoot=false -Dfile.encoding=utf8 -XX:+UseParallelGC -XX:GCTimeRatio=4 -XX:AdaptiveSizePolicyWeight=90 -Dsun.zip.disableMemoryMapping=true -Xmx1G -Xms100m -Xlog:disable -javaagent:c:\Users\tomok\.vscode\extensions\redhat.java-1.12.0-win32-x64\lombok\lombok-1.18.24.jar -XX:+HeapDumpOnOutOfMemoryError -XX:HeapDumpPath=c:\Users\tomok\AppData\Roaming\Code\User\workspaceStorage\4dffa79ef8fdc86acc30123db513b158\redhat.java c:\Users\tomok\.vscode\extensions\redhat.java-1.12.0-win32-x64\server\plugins\org.eclipse.equinox.launcher_1.6.400.v20210924-0641.jar -configuration c:\Users\tomok\AppData\Roaming\Code\User\globalStorage\redhat.java\1.12.0\config_win -data c:\Users\tomok\AppData\Roaming\Code\User\workspaceStorage\4dffa79ef8fdc86acc30123db513b158\redhat.java\jdt_ws

Host: Intel(R) Core(TM) i7-9700K CPU @ 3.60GHz, 8 cores, 31G,  Windows 11 , 64 bit Build 22621 (10.0.22621.891)
Time: Tue Nov 22 13:42:40 2022  Windows 11 , 64 bit Build 22621 (10.0.22621.891) elapsed time: 0.658990 seconds (0d 0h 0m 0s)

---------------  T H R E A D  ---------------

Current thread (0x000001b71aa186f0):  JavaThread "C2 CompilerThread0" daemon [_thread_in_native, id=21924, stack(0x000000ac21e00000,0x000000ac21f00000)]


Current CompileTask:
C2:    659  643       4       lombok.patcher.scripts.MethodLevelPatchScript::patch (21 bytes)

Stack: [0x000000ac21e00000,0x000000ac21f00000]
Native frames: (J=compiled Java code, j=interpreted, Vv=VM code, C=native code)
V  [jvm.dll+0x672eea]
V  [jvm.dll+0x7d2a04]
V  [jvm.dll+0x7d41ae]
V  [jvm.dll+0x7d4813]
V  [jvm.dll+0x242c15]
V  [jvm.dll+0xaa57b]
V  [jvm.dll+0xaab0c]
V  [jvm.dll+0x35ff97]
V  [jvm.dll+0x32a631]
V  [jvm.dll+0x329ada]
V  [jvm.dll+0x215cc1]
V  [jvm.dll+0x2150e1]
V  [jvm.dll+0x1a18ed]
V  [jvm.dll+0x22493a]
V  [jvm.dll+0x222aa5]
V  [jvm.dll+0x7885db]
V  [jvm.dll+0x782b4a]
V  [jvm.dll+0x671d75]
C  [ucrtbase.dll+0x29363]
C  [KERNEL32.DLL+0x1244d]
C  [ntdll.dll+0x5dfb8]


---------------  P R O C E S S  ---------------

Threads class SMR info:
_java_thread_list=0x000001b71d2f53a0, length=14, elements={
0x000001b701fd4880, 0x000001b71a9f49d0, 0x000001b71a9f7d30, 0x000001b71aa13540,
0x000001b71aa15f10, 0x000001b71aa168c0, 0x000001b71aa17270, 0x000001b71aa186f0,
0x000001b71aa1a940, 0x000001b71aa34280, 0x000001b71d0d5a80, 0x000001b71d204fa0,
0x000001b71d2ece10, 0x000001b71d2c8d10
}

Java Threads: ( => current thread )
  0x000001b701fd4880 JavaThread "main" [_thread_in_vm, id=12576, stack(0x000000ac21500000,0x000000ac21600000)]
  0x000001b71a9f49d0 JavaThread "Reference Handler" daemon [_thread_blocked, id=27560, stack(0x000000ac21800000,0x000000ac21900000)]
  0x000001b71a9f7d30 JavaThread "Finalizer" daemon [_thread_blocked, id=29160, stack(0x000000ac21900000,0x000000ac21a00000)]
  0x000001b71aa13540 JavaThread "Signal Dispatcher" daemon [_thread_blocked, id=15540, stack(0x000000ac21a00000,0x000000ac21b00000)]
  0x000001b71aa15f10 JavaThread "Attach Listener" daemon [_thread_blocked, id=9640, stack(0x000000ac21b00000,0x000000ac21c00000)]
  0x000001b71aa168c0 JavaThread "Service Thread" daemon [_thread_blocked, id=6328, stack(0x000000ac21c00000,0x000000ac21d00000)]
  0x000001b71aa17270 JavaThread "Monitor Deflation Thread" daemon [_thread_blocked, id=22144, stack(0x000000ac21d00000,0x000000ac21e00000)]
=>0x000001b71aa186f0 JavaThread "C2 CompilerThread0" daemon [_thread_in_native, id=21924, stack(0x000000ac21e00000,0x000000ac21f00000)]
  0x000001b71aa1a940 JavaThread "C1 CompilerThread0" daemon [_thread_blocked, id=22892, stack(0x000000ac21f00000,0x000000ac22000000)]
  0x000001b71aa34280 JavaThread "Sweeper thread" daemon [_thread_blocked, id=27752, stack(0x000000ac22000000,0x000000ac22100000)]
  0x000001b71d0d5a80 JavaThread "Common-Cleaner" daemon [_thread_blocked, id=19784, stack(0x000000ac22100000,0x000000ac22200000)]
  0x000001b71d204fa0 JavaThread "Notification Thread" daemon [_thread_blocked, id=21496, stack(0x000000ac22200000,0x000000ac22300000)]
  0x000001b71d2ece10 JavaThread "C2 CompilerThread1" daemon [_thread_blocked, id=32640, stack(0x000000ac22400000,0x000000ac22500000)]
  0x000001b71d2c8d10 JavaThread "C2 CompilerThread2" daemon [_thread_blocked, id=10844, stack(0x000000ac22500000,0x000000ac22600000)]

Other Threads:
  0x000001b71a9ef790 VMThread "VM Thread" [stack: 0x000000ac21700000,0x000000ac21800000] [id=9336]
  0x000001b71d1d3330 WatcherThread [stack: 0x000000ac22300000,0x000000ac22400000] [id=18900]
  0x000001b701fea310 GCTaskThread "GC Thread#0" [stack: 0x000000ac21600000,0x000000ac21700000] [id=34188]

Threads with active compile tasks:
C2 CompilerThread0      672  643       4       lombok.patcher.scripts.MethodLevelPatchScript::patch (21 bytes)

VM state: not at safepoint (normal execution)

VM Mutex/Monitor currently owned by a thread: None

Heap address: 0x00000000c0000000, size: 1024 MB, Compressed Oops mode: 32-bit

CDS archive(s) mapped at: [0x0000000800000000-0x0000000800bd0000-0x0000000800bd0000), size 12386304, SharedBaseAddress: 0x0000000800000000, ArchiveRelocationMode: 0.
Compressed class space mapped at: 0x0000000800c00000-0x0000000840c00000, reserved size: 1073741824
Narrow klass base: 0x0000000800000000, Narrow klass shift: 0, Narrow klass range: 0x100000000

GC Precious Log:
 CPUs: 8 total, 8 available
 Memory: 32709M
 Large Page Support: Disabled
 NUMA Support: Disabled
 Compressed Oops: Enabled (32-bit)
 Alignments: Space 512K, Generation 512K, Heap 2M
 Heap Min Capacity: 100M
 Heap Initial Capacity: 100M
 Heap Max Capacity: 1G
 Pre-touch: Disabled
 Parallel Workers: 8

Heap:
 PSYoungGen      total 29696K, used 14758K [0x00000000eab00000, 0x00000000ecc00000, 0x0000000100000000)
  eden space 25600K, 57% used [0x00000000eab00000,0x00000000eb969908,0x00000000ec400000)
  from space 4096K, 0% used [0x00000000ec800000,0x00000000ec800000,0x00000000ecc00000)
  to   space 4096K, 0% used [0x00000000ec400000,0x00000000ec400000,0x00000000ec800000)
 ParOldGen       total 68608K, used 0K [0x00000000c0000000, 0x00000000c4300000, 0x00000000eab00000)
  object space 68608K, 0% used [0x00000000c0000000,0x00000000c0000000,0x00000000c4300000)
 Metaspace       used 3099K, committed 3200K, reserved 1056768K
  class space    used 285K, committed 320K, reserved 1048576K

Card table byte_map: [0x000001b7019b0000,0x000001b701bc0000] _byte_map_base: 0x000001b7013b0000

Marking Bits: (ParMarkBitMap*) 0x00007ffe59195550
 Begin Bits: [0x000001b718840000, 0x000001b719840000)
 End Bits:   [0x000001b719840000, 0x000001b71a840000)

Polling page: 0x000001b7017a0000

Metaspace:

Usage:
  Non-class:      2.75 MB used.
      Class:    285.27 KB used.
       Both:      3.03 MB used.

Virtual space:
  Non-class space:        8.00 MB reserved,       2.81 MB ( 35%) committed,  1 nodes.
      Class space:        1.00 GB reserved,     320.00 KB ( <1%) committed,  1 nodes.
             Both:        1.01 GB reserved,       3.12 MB ( <1%) committed. 

Chunk freelists:
   Non-Class:  3.69 MB
       Class:  3.71 MB
        Both:  7.39 MB

MaxMetaspaceSize: unlimited
CompressedClassSpaceSize: 1.00 GB
Initial GC threshold: 21.00 MB
Current GC threshold: 21.00 MB
CDS: on
MetaspaceReclaimPolicy: balanced
 - commit_granule_bytes: 65536.
 - commit_granule_words: 8192.
 - virtual_space_node_default_size: 1048576.
 - enlarge_chunks_in_place: 1.
 - new_chunks_are_fully_committed: 0.
 - uncommit_free_chunks: 1.
 - use_allocation_guard: 0.
 - handle_deallocations: 1.


Internal statistics:

num_allocs_failed_limit: 0.
num_arena_births: 12.
num_arena_deaths: 0.
num_vsnodes_births: 2.
num_vsnodes_deaths: 0.
num_space_committed: 50.
num_space_uncommitted: 0.
num_chunks_returned_to_freelist: 0.
num_chunks_taken_from_freelist: 32.
num_chunk_merges: 0.
num_chunk_splits: 22.
num_chunks_enlarged: 19.
num_purges: 0.
num_inconsistent_stats: 0.

CodeHeap 'non-profiled nmethods': size=120000Kb used=242Kb max_used=242Kb free=119757Kb
 bounds [0x000001b711310000, 0x000001b711580000, 0x000001b718840000]
CodeHeap 'profiled nmethods': size=120000Kb used=1130Kb max_used=1130Kb free=118869Kb
 bounds [0x000001b709de0000, 0x000001b70a050000, 0x000001b711310000]
CodeHeap 'non-nmethods': size=5760Kb used=1134Kb max_used=1172Kb free=4625Kb
 bounds [0x000001b709840000, 0x000001b709ab0000, 0x000001b709de0000]
 total_blobs=1101 nmethods=680 adapters=336
 compilation: enabled
              stopped_count=0, restarted_count=0
 full_count=0

Compilation events (20 events):
Event: 0.652 Thread 0x000001b71aa1a940 nmethod 665 0x000001b709ee7190 code [0x000001b709ee7340, 0x000001b709ee7568]
Event: 0.652 Thread 0x000001b71aa1a940  666       3       jdk.internal.loader.BuiltinClassLoader::moduleReaderFor (45 bytes)
Event: 0.652 Thread 0x000001b71aa1a940 nmethod 666 0x000001b709ee7690 code [0x000001b709ee7880, 0x000001b709ee7ef8]
Event: 0.652 Thread 0x000001b71aa1a940  667       3       jdk.internal.jimage.BasicImageReader::getLocationIndex (52 bytes)
Event: 0.652 Thread 0x000001b71d2c8d10 nmethod 644 0x000001b711346a90 code [0x000001b711346c60, 0x000001b711347378]
Event: 0.652 Thread 0x000001b71d2c8d10  658 %     4       sun.security.provider.SHA2::implCompress0 @ 27 (490 bytes)
Event: 0.652 Thread 0x000001b71aa1a940 nmethod 667 0x000001b709ee8090 code [0x000001b709ee8280, 0x000001b709ee8718]
Event: 0.652 Thread 0x000001b71aa1a940  668       3       jdk.internal.jimage.ImageStringsReader::hashCode (8 bytes)
Event: 0.652 Thread 0x000001b71aa1a940 nmethod 668 0x000001b709ee8990 code [0x000001b709ee8b40, 0x000001b709ee8cf8]
Event: 0.652 Thread 0x000001b71aa1a940  669       3       jdk.internal.module.SystemModuleFinders$SystemModuleReader::find (59 bytes)
Event: 0.653 Thread 0x000001b71aa1a940 nmethod 669 0x000001b709ee8e10 code [0x000001b709ee90c0, 0x000001b709ee9b88]
Event: 0.653 Thread 0x000001b71aa1a940  670       3       jdk.internal.jimage.ImageReader::verifyLocation (14 bytes)
Event: 0.653 Thread 0x000001b71aa1a940 nmethod 670 0x000001b709ee9f90 code [0x000001b709eea160, 0x000001b709eea4b8]
Event: 0.653 Thread 0x000001b71aa1a940  671       3       jdk.internal.jimage.BasicImageReader::verifyLocation (39 bytes)
Event: 0.653 Thread 0x000001b71aa1a940 nmethod 671 0x000001b709eea610 code [0x000001b709eea7e0, 0x000001b709eeaaa8]
Event: 0.653 Thread 0x000001b71aa1a940  672       3       jdk.internal.jimage.ImageStringsReader::stringFromByteBufferMatches (138 bytes)
Event: 0.654 Thread 0x000001b71aa1a940 nmethod 672 0x000001b709eeac10 code [0x000001b709eeaf00, 0x000001b709eec088]
Event: 0.655 Thread 0x000001b71aa1a940  673 %     3       java.util.Properties$LineReader::readLine @ 53 (584 bytes)
Event: 0.657 Thread 0x000001b71aa1a940 nmethod 673% 0x000001b709eec810 code [0x000001b709eecbe0, 0x000001b709eef738]
Event: 0.657 Thread 0x000001b71aa1a940  674       3       java.util.concurrent.ConcurrentHashMap$Traverser::advance (188 bytes)

GC Heap History (0 events):
No events

Deoptimization events (20 events):
Event: 0.526 Thread 0x000001b701fd4880 Uncommon trap: trap_request=0xffffffde fr.pc=0x000001b711332f40 relative=0x0000000000000120
Event: 0.526 Thread 0x000001b701fd4880 Uncommon trap: reason=class_check action=maybe_recompile pc=0x000001b711332f40 method=jdk.internal.misc.Unsafe.allocateUninitializedArray(Ljava/lang/Class;I)Ljava/lang/Object; @ 51 c2
Event: 0.526 Thread 0x000001b701fd4880 DEOPT PACKING pc=0x000001b711332f40 sp=0x000000ac215fbee0
Event: 0.526 Thread 0x000001b701fd4880 DEOPT UNPACKING pc=0x000001b7098920a3 sp=0x000000ac215fbe68 mode 2
Event: 0.526 Thread 0x000001b701fd4880 Uncommon trap: trap_request=0xffffffde fr.pc=0x000001b711332f40 relative=0x0000000000000120
Event: 0.526 Thread 0x000001b701fd4880 Uncommon trap: reason=class_check action=maybe_recompile pc=0x000001b711332f40 method=jdk.internal.misc.Unsafe.allocateUninitializedArray(Ljava/lang/Class;I)Ljava/lang/Object; @ 51 c2
Event: 0.526 Thread 0x000001b701fd4880 DEOPT PACKING pc=0x000001b711332f40 sp=0x000000ac215fbf20
Event: 0.526 Thread 0x000001b701fd4880 DEOPT UNPACKING pc=0x000001b7098920a3 sp=0x000000ac215fbea8 mode 2
Event: 0.527 Thread 0x000001b701fd4880 Uncommon trap: trap_request=0xffffff45 fr.pc=0x000001b711324ac4 relative=0x00000000000000c4
Event: 0.527 Thread 0x000001b701fd4880 Uncommon trap: reason=unstable_if action=reinterpret pc=0x000001b711324ac4 method=java.net.URI.match(CJJ)Z @ 45 c2
Event: 0.527 Thread 0x000001b701fd4880 DEOPT PACKING pc=0x000001b711324ac4 sp=0x000000ac215fc850
Event: 0.527 Thread 0x000001b701fd4880 DEOPT UNPACKING pc=0x000001b7098920a3 sp=0x000000ac215fc7d8 mode 2
Event: 0.538 Thread 0x000001b701fd4880 Uncommon trap: trap_request=0xffffff45 fr.pc=0x000001b711335abc relative=0x000000000000065c
Event: 0.538 Thread 0x000001b701fd4880 Uncommon trap: reason=unstable_if action=reinterpret pc=0x000001b711335abc method=java.lang.String.replace(Ljava/lang/CharSequence;Ljava/lang/CharSequence;)Ljava/lang/String; @ 48 c2
Event: 0.538 Thread 0x000001b701fd4880 DEOPT PACKING pc=0x000001b711335abc sp=0x000000ac215fc7f0
Event: 0.538 Thread 0x000001b701fd4880 DEOPT UNPACKING pc=0x000001b7098920a3 sp=0x000000ac215fc760 mode 2
Event: 0.545 Thread 0x000001b701fd4880 Uncommon trap: trap_request=0xffffffde fr.pc=0x000001b7113347b4 relative=0x0000000000000214
Event: 0.545 Thread 0x000001b701fd4880 Uncommon trap: reason=class_check action=maybe_recompile pc=0x000001b7113347b4 method=java.util.Collections$UnmodifiableCollection$1.next()Ljava/lang/Object; @ 4 c2
Event: 0.545 Thread 0x000001b701fd4880 DEOPT PACKING pc=0x000001b7113347b4 sp=0x000000ac215fc3a0
Event: 0.545 Thread 0x000001b701fd4880 DEOPT UNPACKING pc=0x000001b7098920a3 sp=0x000000ac215fc350 mode 2

Classes unloaded (0 events):
No events

Classes redefined (0 events):
No events

Internal exceptions (3 events):
Event: 0.144 Thread 0x000001b701fd4880 Exception <a 'java/lang/NoSuchMethodError'{0x00000000eac32220}: 'void java.lang.invoke.DirectMethodHandle$Holder.invokeStatic(java.lang.Object, java.lang.Object, java.lang.Object)'> (0x00000000eac32220) 
thrown [s\open\src\hotspot\share\interpreter\linkResolver.cpp, line 759]
Event: 0.373 Thread 0x000001b701fd4880 Exception <a 'java/lang/reflect/InvocationTargetException'{0x00000000eaf8feb8}> (0x00000000eaf8feb8) 
thrown [s\open\src\hotspot\share\runtime\reflection.cpp, line 1121]
Event: 0.654 Thread 0x000001b701fd4880 Exception <a 'java/lang/ClassNotFoundException'{0x00000000eb909e10}: sun/net/www/protocol/c/Handler> (0x00000000eb909e10) 
thrown [s\open\src\hotspot\share\classfile\systemDictionary.cpp, line 256]

VM Operations (8 events):
Event: 0.148 Executing VM operation: HandshakeAllThreads
Event: 0.151 Executing VM operation: HandshakeAllThreads done
Event: 0.262 Executing VM operation: HandshakeAllThreads
Event: 0.262 Executing VM operation: HandshakeAllThreads done
Event: 0.638 Executing VM operation: HandshakeAllThreads
Event: 0.638 Executing VM operation: HandshakeAllThreads done
Event: 0.649 Executing VM operation: HandshakeAllThreads
Event: 0.649 Executing VM operation: HandshakeAllThreads done

Events (20 events):
Event: 0.638 loading class java/util/Base64$Decoder
Event: 0.639 loading class java/util/Base64$Decoder done
Event: 0.639 loading class java/util/Base64$Encoder
Event: 0.639 loading class java/util/Base64$Encoder done
Event: 0.639 loading class java/util/jar/JarVerifier$VerifierStream
Event: 0.639 loading class java/util/jar/JarVerifier$VerifierStream done
Event: 0.639 loading class sun/security/util/ManifestEntryVerifier$SunProviderHolder
Event: 0.639 loading class sun/security/util/ManifestEntryVerifier$SunProviderHolder done
Event: 0.648 loading class java/lang/NumberFormatException
Event: 0.648 loading class java/lang/NumberFormatException done
Event: 0.649 loading class java/lang/SecurityException
Event: 0.649 loading class java/lang/SecurityException done
Event: 0.649 loading class java/security/Policy
Event: 0.649 loading class java/security/Policy done
Event: 0.651 loading class java/net/URL$2
Event: 0.651 loading class java/net/URL$2 done
Event: 0.651 loading class java/net/URL$1
Event: 0.651 loading class java/net/URL$1 done
Event: 0.651 loading class java/net/spi/URLStreamHandlerProvider
Event: 0.651 loading class java/net/spi/URLStreamHandlerProvider done


Dynamic libraries:
0x00007ff7e7b50000 - 0x00007ff7e7b60000 	C:\Program Files\Java\jdk-17.0.5\bin\java.exe
0x00007fff0eb50000 - 0x00007fff0ed64000 	C:\WINDOWS\SYSTEM32\ntdll.dll
0x00007fff0de60000 - 0x00007fff0df22000 	C:\WINDOWS\System32\KERNEL32.DLL
0x00007fff0c490000 - 0x00007fff0c82d000 	C:\WINDOWS\System32\KERNELBASE.dll
0x00007fff0bf80000 - 0x00007fff0c091000 	C:\WINDOWS\System32\ucrtbase.dll
0x00007ffeffc00000 - 0x00007ffeffc18000 	C:\Program Files\Java\jdk-17.0.5\bin\jli.dll
0x00007fff0df40000 - 0x00007fff0dfee000 	C:\WINDOWS\System32\ADVAPI32.dll
0x00007fff0e260000 - 0x00007fff0e307000 	C:\WINDOWS\System32\msvcrt.dll
0x00007fff0d580000 - 0x00007fff0d624000 	C:\WINDOWS\System32\sechost.dll
0x00007fff0e010000 - 0x00007fff0e125000 	C:\WINDOWS\System32\RPCRT4.dll
0x00007fff0dba0000 - 0x00007fff0dd4d000 	C:\WINDOWS\System32\USER32.dll
0x00007fff0c8b0000 - 0x00007fff0c8d6000 	C:\WINDOWS\System32\win32u.dll
0x00007fff0cc70000 - 0x00007fff0cc99000 	C:\WINDOWS\System32\GDI32.dll
0x00007fff0c0a0000 - 0x00007fff0c1b2000 	C:\WINDOWS\System32\gdi32full.dll
0x00007fff0c1c0000 - 0x00007fff0c25a000 	C:\WINDOWS\System32\msvcp_win.dll
0x00007ffeff9b0000 - 0x00007ffeff9ca000 	C:\Program Files\Java\jdk-17.0.5\bin\VCRUNTIME140.dll
0x00007ffef1590000 - 0x00007ffef181e000 	C:\WINDOWS\WinSxS\amd64_microsoft.windows.common-controls_6595b64144ccf1df_6.0.22621.436_none_a94247dbc10d8414\COMCTL32.dll
0x00007fff04800000 - 0x00007fff0480a000 	C:\WINDOWS\SYSTEM32\VERSION.dll
0x00007fff0e210000 - 0x00007fff0e242000 	C:\WINDOWS\System32\IMM32.DLL
0x00007fff05980000 - 0x00007fff0598c000 	C:\Program Files\Java\jdk-17.0.5\bin\vcruntime140_1.dll
0x00007ffece1d0000 - 0x00007ffece25d000 	C:\Program Files\Java\jdk-17.0.5\bin\msvcp140.dll
0x00007ffe58690000 - 0x00007ffe59252000 	C:\Program Files\Java\jdk-17.0.5\bin\server\jvm.dll
0x00007fff0e250000 - 0x00007fff0e258000 	C:\WINDOWS\System32\PSAPI.DLL
0x00007ffee6490000 - 0x00007ffee6499000 	C:\WINDOWS\SYSTEM32\WSOCK32.dll
0x00007fff0e310000 - 0x00007fff0e381000 	C:\WINDOWS\System32\WS2_32.dll
0x00007fff05820000 - 0x00007fff05854000 	C:\WINDOWS\SYSTEM32\WINMM.dll
0x00007fff0b0a0000 - 0x00007fff0b0b8000 	C:\WINDOWS\SYSTEM32\kernel.appcore.dll
0x00007ffeff040000 - 0x00007ffeff04a000 	C:\Program Files\Java\jdk-17.0.5\bin\jimage.dll
0x00007ffef6320000 - 0x00007ffef654e000 	C:\WINDOWS\SYSTEM32\DBGHELP.DLL
0x00007fff0e5c0000 - 0x00007fff0e94a000 	C:\WINDOWS\System32\combase.dll
0x00007fff0e130000 - 0x00007fff0e207000 	C:\WINDOWS\System32\OLEAUT32.dll
0x00007ffef5820000 - 0x00007ffef5852000 	C:\WINDOWS\SYSTEM32\dbgcore.DLL
0x00007fff0c830000 - 0x00007fff0c8ab000 	C:\WINDOWS\System32\bcryptPrimitives.dll
0x00007ffefe0d0000 - 0x00007ffefe0de000 	C:\Program Files\Java\jdk-17.0.5\bin\instrument.dll
0x00007ffee7cf0000 - 0x00007ffee7d15000 	C:\Program Files\Java\jdk-17.0.5\bin\java.dll
0x00007ffec79d0000 - 0x00007ffec7aa6000 	C:\Program Files\Java\jdk-17.0.5\bin\jsvml.dll
0x00007fff0cda0000 - 0x00007fff0d580000 	C:\WINDOWS\System32\SHELL32.dll
0x00007fff09f80000 - 0x00007fff0a848000 	C:\WINDOWS\SYSTEM32\windows.storage.dll
0x00007fff09e40000 - 0x00007fff09f7e000 	C:\WINDOWS\SYSTEM32\wintypes.dll
0x00007fff0cca0000 - 0x00007fff0cd91000 	C:\WINDOWS\System32\SHCORE.dll
0x00007fff0e560000 - 0x00007fff0e5be000 	C:\WINDOWS\System32\shlwapi.dll
0x00007fff0beb0000 - 0x00007fff0bed1000 	C:\WINDOWS\SYSTEM32\profapi.dll
0x00007fff05960000 - 0x00007fff05978000 	C:\Program Files\Java\jdk-17.0.5\bin\zip.dll
0x00007fff058b0000 - 0x00007fff058c9000 	C:\Program Files\Java\jdk-17.0.5\bin\net.dll
0x00007fff05430000 - 0x00007fff0555f000 	C:\WINDOWS\SYSTEM32\WINHTTP.dll
0x00007fff0b4f0000 - 0x00007fff0b559000 	C:\WINDOWS\system32\mswsock.dll
0x00007fff05890000 - 0x00007fff058a6000 	C:\Program Files\Java\jdk-17.0.5\bin\nio.dll
0x00007fff089e0000 - 0x00007fff089f0000 	C:\Program Files\Java\jdk-17.0.5\bin\verify.dll

dbghelp: loaded successfully - version: 4.0.5 - missing functions: none
symbol engine: initialized successfully - sym options: 0x614 - pdb path: .;C:\Program Files\Java\jdk-17.0.5\bin;C:\WINDOWS\SYSTEM32;C:\WINDOWS\WinSxS\amd64_microsoft.windows.common-controls_6595b64144ccf1df_6.0.22621.436_none_a94247dbc10d8414;C:\Program Files\Java\jdk-17.0.5\bin\server

VM Arguments:
jvm_args: --add-modules=ALL-SYSTEM --add-opens=java.base/java.util=ALL-UNNAMED --add-opens=java.base/java.lang=ALL-UNNAMED --add-opens=java.base/sun.nio.fs=ALL-UNNAMED -Declipse.application=org.eclipse.jdt.ls.core.id1 -Dosgi.bundles.defaultStartLevel=4 -Declipse.product=org.eclipse.jdt.ls.core.product -Djava.import.generatesMetadataFilesAtProjectRoot=false -Dfile.encoding=utf8 -XX:+UseParallelGC -XX:GCTimeRatio=4 -XX:AdaptiveSizePolicyWeight=90 -Dsun.zip.disableMemoryMapping=true -Xmx1G -Xms100m -Xlog:disable -javaagent:c:\Users\tomok\.vscode\extensions\redhat.java-1.12.0-win32-x64\lombok\lombok-1.18.24.jar -XX:+HeapDumpOnOutOfMemoryError -XX:HeapDumpPath=c:\Users\tomok\AppData\Roaming\Code\User\workspaceStorage\4dffa79ef8fdc86acc30123db513b158\redhat.java 
java_command: c:\Users\tomok\.vscode\extensions\redhat.java-1.12.0-win32-x64\server\plugins\org.eclipse.equinox.launcher_1.6.400.v20210924-0641.jar -configuration c:\Users\tomok\AppData\Roaming\Code\User\globalStorage\redhat.java\1.12.0\config_win -data c:\Users\tomok\AppData\Roaming\Code\User\workspaceStorage\4dffa79ef8fdc86acc30123db513b158\redhat.java\jdt_ws
java_class_path (initial): c:\Users\tomok\.vscode\extensions\redhat.java-1.12.0-win32-x64\server\plugins\org.eclipse.equinox.launcher_1.6.400.v20210924-0641.jar
Launcher Type: SUN_STANDARD

[Global flags]
    uintx AdaptiveSizePolicyWeight                 = 90                                        {product} {command line}
     intx CICompilerCount                          = 4                                         {product} {ergonomic}
    uintx GCTimeRatio                              = 4                                         {product} {command line}
     bool HeapDumpOnOutOfMemoryError               = true                                   {manageable} {command line}
    ccstr HeapDumpPath                             = c:\Users\tomok\AppData\Roaming\Code\User\workspaceStorage\4dffa79ef8fdc86acc30123db513b158\redhat.java         {manageable} {command line}
   size_t InitialHeapSize                          = 104857600                                 {product} {command line}
   size_t MaxHeapSize                              = 1073741824                                {product} {command line}
   size_t MaxNewSize                               = 357564416                                 {product} {ergonomic}
   size_t MinHeapDeltaBytes                        = 524288                                    {product} {ergonomic}
   size_t MinHeapSize                              = 104857600                                 {product} {command line}
   size_t NewSize                                  = 34603008                                  {product} {ergonomic}
    uintx NonNMethodCodeHeapSize                   = 5839372                                {pd product} {ergonomic}
    uintx NonProfiledCodeHeapSize                  = 122909434                              {pd product} {ergonomic}
   size_t OldSize                                  = 70254592                                  {product} {ergonomic}
    uintx ProfiledCodeHeapSize                     = 122909434                              {pd product} {ergonomic}
    uintx ReservedCodeCacheSize                    = 251658240                              {pd product} {ergonomic}
     bool SegmentedCodeCache                       = true                                      {product} {ergonomic}
   size_t SoftMaxHeapSize                          = 1073741824                             {manageable} {ergonomic}
     bool UseCompressedClassPointers               = true                           {product lp64_product} {ergonomic}
     bool UseCompressedOops                        = true                           {product lp64_product} {ergonomic}
     bool UseLargePagesIndividualAllocation        = false                                  {pd product} {ergonomic}
     bool UseParallelGC                            = true                                      {product} {command line}

Logging:
Log output configuration:
 #0: stdout all=off uptime,level,tags
 #1: stderr all=off uptime,level,tags

Environment Variables:
JAVA_HOME=C:\Program Files\AdoptOpenJDK\jdk-11.0.10.9-hotspot
PATH=C:\Users\tomok\AppData\Local\cloud-code\installer\google-cloud-sdk\bin;C:\Program Files\Common Files\Oracle\Java\javapath;C:\Program Files\NVIDIA GPU Computing Toolkit\CUDA\v11.2\bin;C:\Program Files\NVIDIA GPU Computing Toolkit\CUDA\v11.2\libnvvp;C:\Program Files\AdoptOpenJDK\jdk-11.0.10.9-hotspot\bin;C:\Program Files (x86)\Common Files\Oracle\Java\javapath;C:\Windows\system32;C:\Windows;C:\Windows\System32\Wbem;C:\Users\tomok\AppData\Local\Programs\Python\Python310;C:\Windows\System32\WindowsPowerShell\v1.0\;C:\Windows\System32\OpenSSH\;C:\Program Files (x86)\Intel\Intel(R) Management Engine Components\DAL;C:\Program Files\Intel\Intel(R) Management Engine Components\DAL;C:\Program Files (x86)\NVIDIA Corporation\PhysX\Common;C:\Program Files\Microsoft SQL Server\130\Tools\Binn\;C:\xampp\mysql\bin;C:\Program Files (x86)\sbt\bin;C:\Program Files (x86)\scala\bin;C:\WINDOWS\system32;C:\WINDOWS;C:\WINDOWS\System32\Wbem;C:\WINDOWS\System32\WindowsPowerShell\v1.0\;C:\WINDOWS\System32\OpenSSH\;C:\Program Files\Calibre2\;C:\Program Files\MongoDB\Server\4.4\bin;C:\apache-maven-3.6.3-bin\apache-maven-3.6.3\bin;C:\xampp\php;C:\Program Files\Graphviz\bin;C:\Anaconda3;C:\Anaconda3\Library\bin;C:\Anaconda3\Scripts;C:\Program Files\NVIDIA Corporation\NVIDIA NvDLISR;C:\Program Files\NVIDIA Corporation\Nsight Compute 2020.3.0\;C:\Program Files\dotnet\;C:\Program Files\Microsoft SQL Server\Client SDK\ODBC\170\Tools\Binn\;C:\composer;C:\WINDOWS\system32;C:\WINDOWS;C:\WINDOWS\System32\Wbem;C:\WINDOWS\System32\WindowsPowerShell\v1.0\;C:\WINDOWS\System32\OpenSSH\;C:\ProgramData\ComposerSetup\bin;C:\Program Files\nodejs\;C:\ProgramData\chocolatey\bin;D:\Applications\chromedriver_win32;C:\Program Files\Docker\Docker\resources\bin;C:\ProgramData\DockerDesktop\version-bin;C:\Program Files\PowerShell\7\;C:\Users\tomok\AppData\Local\Microsoft\WindowsApps;C:\Program Files\JetBrains\IntelliJ IDEA Community Edition 2019.3\bin;C:\Users\tomok\.dotnet\tools;C:\Users\tomok\AppData\Local\Microsoft\W
USERNAME=tomok
OS=Windows_NT
PROCESSOR_IDENTIFIER=Intel64 Family 6 Model 158 Stepping 13, GenuineIntel



---------------  S Y S T E M  ---------------

OS:
 Windows 11 , 64 bit Build 22621 (10.0.22621.891)
OS uptime: 7 days 4:19 hours
Hyper-V role detected

CPU: total 8 (initial active 8) (8 cores per cpu, 1 threads per core) family 6 model 158 stepping 13 microcode 0xde, cx8, cmov, fxsr, mmx, 3dnowpref, sse, sse2, sse3, ssse3, sse4.1, sse4.2, popcnt, lzcnt, tsc, tscinvbit, avx, avx2, aes, erms, clmul, bmi1, bmi2, adx, fma, vzeroupper, clflush, clflushopt, hv

Memory: 4k page, system-wide physical 32709M (13070M free)
TotalPageFile size 131013M (AvailPageFile size 5M)
current process WorkingSet (physical memory assigned to process): 59M, peak: 61M
current process commit charge ("private bytes"): 203M, peak: 204M

vm_info: Java HotSpot(TM) 64-Bit Server VM (17.0.5+9-LTS-191) for windows-amd64 JRE (17.0.5+9-LTS-191), built on Sep 13 2022 17:31:43 by "mach5one" with MS VC++ 16.8 / 16.9 (VS2019)

END.
